2025-12-16 09:12:06,932 - INFO - Progress tracker initialized for job c9e84fd3
2025-12-16 09:12:06,933 - INFO - ================================================================================
2025-12-16 09:12:06,934 - INFO - MT-8: Reproducibility Test
2025-12-16 09:12:06,935 - INFO - Random Seed: 42
2025-12-16 09:12:06,935 - INFO - Particles: 5, Iterations: 3
2025-12-16 09:12:06,936 - INFO - Save Prefix: test_panel
2025-12-16 09:12:06,936 - INFO - ================================================================================
2025-12-16 09:12:06,988 - INFO - Configuration loaded from sources: ENV > .env > config.yaml
2025-12-16 09:12:06,988 - INFO - Configuration loaded (baseline gains from controller_defaults)
2025-12-16 09:12:06,989 - INFO - Dynamics model initialized
2025-12-16 09:12:06,989 - INFO - 
Optimizing 1 controller(s):
2025-12-16 09:12:06,989 - INFO -   - classical_smc
2025-12-16 09:12:06,991 - INFO - 
================================================================================
2025-12-16 09:12:06,991 - INFO - Optimizing: classical_smc (Robust PSO, Seed=42)
2025-12-16 09:12:06,991 - INFO - ================================================================================
2025-12-16 09:12:06,991 - INFO -   Particles: 5, Iterations: 3, Seed: 42
2025-12-16 09:12:06,991 - INFO -   [OK] Random seed set: 42
2025-12-16 09:12:06,992 - INFO -   Gain bounds: [2.0, 30.0] (×6)
2025-12-16 09:12:06,992 - INFO -   Evaluating baseline gains...
D:\Projects\main\src\plant\core\state_validation.py:171: UserWarning: State vector was modified during sanitization
  warnings.warn("State vector was modified during sanitization", UserWarning)
2025-12-16 09:12:08,964 - INFO -     Baseline robust fitness: 9.1450
2025-12-16 09:12:09,087 - __main__ - INFO -   Starting PSO optimization with seed 42...
2025-12-16 09:12:14,012 - __main__ - INFO -     Evaluated 5/5 particles...
2025-12-16 09:12:18,540 - __main__ - INFO -     Evaluated 5/5 particles...
2025-12-16 09:12:23,086 - __main__ - INFO -     Evaluated 5/5 particles...
2025-12-16 09:12:23,089 - __main__ - INFO -   [OK] PSO complete!
2025-12-16 09:12:23,089 - __main__ - INFO -     Best robust fitness: 9.0246
2025-12-16 09:12:23,089 - __main__ - INFO -     Improvement: 1.3%
2025-12-16 09:12:23,089 - __main__ - INFO -     Optimized gains: ['15.573', '10.170', '2.229', '1.754', '19.772', '2.028']
2025-12-16 09:12:24,437 - __main__ - INFO -   [OK] Saved gains: optimization_results\test_panel_classical_smc.json
2025-12-16 09:12:24,438 - __main__ - INFO - 
================================================================================
2025-12-16 09:12:24,438 - __main__ - INFO - Saving optimization summary...
2025-12-16 09:12:24,438 - __main__ - INFO - ================================================================================
2025-12-16 09:12:24,439 - __main__ - INFO - [OK] Saved summary: optimization_results\test_panel_summary.json
2025-12-16 09:12:24,490 - root - INFO - Job c9e84fd3 marked as complete
2025-12-16 09:12:24,491 - __main__ - INFO - 
================================================================================
2025-12-16 09:12:24,491 - __main__ - INFO - REPRODUCIBILITY TEST SUMMARY (Seed=42)
2025-12-16 09:12:24,491 - __main__ - INFO - ================================================================================
2025-12-16 09:12:24,491 - __main__ - INFO - 
Controller                     Baseline Cost   Optimized Cost  Improvement
2025-12-16 09:12:24,492 - __main__ - INFO - --------------------------------------------------------------------------------
2025-12-16 09:12:24,492 - __main__ - INFO - classical_smc                  9.1450          9.0246             1.3%
2025-12-16 09:12:24,492 - __main__ - INFO - 
Average Improvement: 1.32%
2025-12-16 09:12:24,498 - __main__ - INFO - ================================================================================
2025-12-16 09:12:24,499 - __main__ - INFO - [OK] Reproducibility test complete!
