\BOOKMARK [1][-]{section.0}{\376\377\000P\000r\000o\000j\000e\000c\000t\000\040\000O\000v\000e\000r\000v\000i\000e\000w}{}% 1
\BOOKMARK [2][-]{subsection.0.0}{\376\377\000C\000o\000n\000t\000e\000x\000t}{section.0}% 2
\BOOKMARK [3][-]{subsubsection.0.0.0}{\376\377\000I\000n\000i\000t\000i\000a\000l\000\040\000S\000t\000a\000t\000e\000\040\000\050\000P\000r\000e\000-\000r\000e\000o\000r\000g\000a\000n\000i\000z\000a\000t\000i\000o\000n\000\051}{subsection.0.0}% 3
\BOOKMARK [2][-]{subsection.0.0}{\376\377\000G\000o\000a\000l\000s}{section.0}% 4
\BOOKMARK [2][-]{subsection.0.0}{\376\377\000A\000p\000p\000r\000o\000a\000c\000h\000:\000\040\000M\000i\000n\000i\000m\000a\000l\000\040\000D\000i\000s\000r\000u\000p\000t\000i\000o\000n}{section.0}% 5
\BOOKMARK [3][-]{subsubsection.0.0.0}{\376\377\000K\000e\000y\000\040\000P\000r\000i\000n\000c\000i\000p\000l\000e\000s}{subsection.0.0}% 6
\BOOKMARK [3][-]{subsubsection.0.0.0}{\376\377\000R\000i\000s\000k\000\040\000M\000i\000t\000i\000g\000a\000t\000i\000o\000n}{subsection.0.0}% 7
\BOOKMARK [1][-]{section.0}{\376\377\000T\000i\000m\000e\000l\000i\000n\000e\000\040\000\046\000\040\000P\000h\000a\000s\000e\000s}{}% 8
\BOOKMARK [2][-]{subsection.0.0}{\376\377\000O\000v\000e\000r\000v\000i\000e\000w\000\040\000T\000i\000m\000e\000l\000i\000n\000e}{section.0}% 9
\BOOKMARK [2][-]{subsection.0.0}{\376\377\000P\000r\000e\000-\000W\000o\000r\000k\000:\000\040\000A\000n\000a\000l\000y\000s\000i\000s\000\040\000\046\000\040\000P\000l\000a\000n\000n\000i\000n\000g\000\040\000\050\0003\0000\000\040\000m\000i\000n\000u\000t\000e\000s\000\051}{section.0}% 10
\BOOKMARK [3][-]{subsubsection.0.0.0}{\376\377\000A\000c\000t\000i\000o\000n\000s}{subsection.0.0}% 11
\BOOKMARK [2][-]{subsection.0.0}{\376\377\000P\000h\000a\000s\000e\000\040\0001\000:\000\040\000S\000a\000f\000e\000t\000y\000\040\000\046\000\040\000D\000u\000p\000l\000i\000c\000a\000t\000e\000\040\000M\000e\000r\000g\000e\000s\000\040\000\050\0001\0005\000\040\000m\000i\000n\000u\000t\000e\000s\000\051}{section.0}% 12
\BOOKMARK [3][-]{subsubsection.0.0.0}{\376\377\000O\000b\000j\000e\000c\000t\000i\000v\000e}{subsection.0.0}% 13
\BOOKMARK [3][-]{subsubsection.0.0.0}{\376\377\000A\000c\000t\000i\000o\000n\000s}{subsection.0.0}% 14
\BOOKMARK [3][-]{subsubsection.0.0.0}{\376\377\000F\000i\000l\000e\000\040\000M\000o\000v\000e\000m\000e\000n\000t\000s\000\040\000\050\0005\000\040\000f\000i\000l\000e\000s\000\040\000v\000i\000a\000\040\000g\000i\000t\000\040\000m\000v\000\051}{subsection.0.0}% 15
\BOOKMARK [3][-]{subsubsection.0.0.0}{\376\377\000R\000e\000s\000u\000l\000t\000s}{subsection.0.0}% 16
\BOOKMARK [3][-]{subsubsection.0.0.0}{\376\377\000G\000i\000t\000\040\000I\000n\000f\000r\000a\000s\000t\000r\000u\000c\000t\000u\000r\000e}{subsection.0.0}% 17
\BOOKMARK [2][-]{subsection.0.0}{\376\377\000P\000h\000a\000s\000e\000\040\0002\000:\000\040\000R\000e\000f\000e\000r\000e\000n\000c\000e\000\040\000D\000i\000r\000e\000c\000t\000o\000r\000y\000\040\000O\000r\000g\000a\000n\000i\000z\000a\000t\000i\000o\000n\000\040\000\050\0002\0000\000\040\000m\000i\000n\000u\000t\000e\000s\000\051}{section.0}% 18
\BOOKMARK [3][-]{subsubsection.0.0.0}{\376\377\000O\000b\000j\000e\000c\000t\000i\000v\000e}{subsection.0.0}% 19
\BOOKMARK [3][-]{subsubsection.0.0.0}{\376\377\000D\000i\000s\000c\000o\000v\000e\000r\000y}{subsection.0.0}% 20
\BOOKMARK [3][-]{subsubsection.0.0.0}{\376\377\000A\000c\000t\000i\000o\000n\000s}{subsection.0.0}% 21
\BOOKMARK [3][-]{subsubsection.0.0.0}{\376\377\000F\000i\000l\000e\000\040\000M\000o\000v\000e\000m\000e\000n\000t\000s\000\040\000\050\0006\000\040\000f\000i\000l\000e\000s\000\040\000v\000i\000a\000\040\000g\000i\000t\000\040\000m\000v\000\051}{subsection.0.0}% 22
\BOOKMARK [3][-]{subsubsection.0.0.0}{\376\377\000R\000e\000s\000u\000l\000t\000s}{subsection.0.0}% 23
\BOOKMARK [3][-]{subsubsection.0.0.0}{\376\377\000G\000i\000t\000\040\000I\000n\000f\000r\000a\000s\000t\000r\000u\000c\000t\000u\000r\000e}{subsection.0.0}% 24
\BOOKMARK [2][-]{subsection.0.0}{\376\377\000P\000h\000a\000s\000e\000\040\0001\000-\0002\000\040\000S\000u\000m\000m\000a\000r\000y\000:\000\040\000D\000o\000c\000u\000m\000e\000n\000t\000a\000t\000i\000o\000n\000\040\000\050\0001\0005\000\040\000m\000i\000n\000u\000t\000e\000s\000\051}{section.0}% 25
\BOOKMARK [3][-]{subsubsection.0.0.0}{\376\377\000A\000c\000t\000i\000o\000n\000s}{subsection.0.0}% 26
\BOOKMARK [3][-]{subsubsection.0.0.0}{\376\377\000G\000i\000t\000\040\000A\000c\000t\000i\000v\000i\000t\000y}{subsection.0.0}% 27
\BOOKMARK [2][-]{subsection.0.0}{\376\377\000P\000h\000a\000s\000e\000\040\0003\000:\000\040\000F\000i\000x\000\040\000B\000i\000b\000l\000i\000o\000g\000r\000a\000p\000h\000y\000\040\000W\000a\000r\000n\000i\000n\000g\000\040\000\050\0001\0000\000\040\000m\000i\000n\000u\000t\000e\000s\000\051}{section.0}% 28
\BOOKMARK [3][-]{subsubsection.0.0.0}{\376\377\000O\000b\000j\000e\000c\000t\000i\000v\000e}{subsection.0.0}% 29
\BOOKMARK [3][-]{subsubsection.0.0.0}{\376\377\000P\000r\000o\000b\000l\000e\000m}{subsection.0.0}% 30
\BOOKMARK [3][-]{subsubsection.0.0.0}{\376\377\000S\000o\000l\000u\000t\000i\000o\000n}{subsection.0.0}% 31
\BOOKMARK [3][-]{subsubsection.0.0.0}{\376\377\000A\000c\000t\000i\000o\000n\000s}{subsection.0.0}% 32
\BOOKMARK [3][-]{subsubsection.0.0.0}{\376\377\000R\000e\000s\000u\000l\000t\000s}{subsection.0.0}% 33
\BOOKMARK [3][-]{subsubsection.0.0.0}{\376\377\000G\000i\000t\000\040\000I\000n\000f\000r\000a\000s\000t\000r\000u\000c\000t\000u\000r\000e}{subsection.0.0}% 34
\BOOKMARK [3][-]{subsubsection.0.0.0}{\376\377\000V\000a\000l\000i\000d\000a\000t\000i\000o\000n}{subsection.0.0}% 35
\BOOKMARK [2][-]{subsection.0.0}{\376\377\000P\000h\000a\000s\000e\000\040\0004\000:\000\040\000U\000p\000d\000a\000t\000e\000\040\000N\000a\000v\000i\000g\000a\000t\000i\000o\000n\000\040\000R\000e\000f\000e\000r\000e\000n\000c\000e\000s\000\040\000\050\0003\0000\000\040\000m\000i\000n\000u\000t\000e\000s\000\051}{section.0}% 36
\BOOKMARK [3][-]{subsubsection.0.0.0}{\376\377\000O\000b\000j\000e\000c\000t\000i\000v\000e}{subsection.0.0}% 37
\BOOKMARK [3][-]{subsubsection.0.0.0}{\376\377\000P\000r\000o\000b\000l\000e\000m}{subsection.0.0}% 38
\BOOKMARK [3][-]{subsubsection.0.0.0}{\376\377\000S\000e\000a\000r\000c\000h\000\040\000P\000a\000t\000t\000e\000r\000n\000s\000\040\000U\000s\000e\000d}{subsection.0.0}% 39
\BOOKMARK [3][-]{subsubsection.0.0.0}{\376\377\000F\000i\000l\000e\000s\000\040\000U\000p\000d\000a\000t\000e\000d\000\040\000\050\0003\000\040\000t\000o\000t\000a\000l\000,\000\040\000a\000l\000l\000\040\000i\000n\000\040\000d\000o\000c\000s\000/\000f\000o\000r\000\137\000r\000e\000v\000i\000e\000w\000e\000r\000s\000/\000\051}{subsection.0.0}% 40
\BOOKMARK [3][-]{subsubsection.0.0.0}{\376\377\000P\000a\000t\000h\000\040\000C\000o\000r\000r\000e\000c\000t\000i\000o\000n\000s\000\040\000\050\0005\000\040\000t\000o\000t\000a\000l\000\051}{subsection.0.0}% 41
\BOOKMARK [3][-]{subsubsection.0.0.0}{\376\377\000A\000c\000t\000i\000o\000n\000s}{subsection.0.0}% 42
\BOOKMARK [3][-]{subsubsection.0.0.0}{\376\377\000R\000e\000s\000u\000l\000t\000s}{subsection.0.0}% 43
\BOOKMARK [3][-]{subsubsection.0.0.0}{\376\377\000G\000i\000t\000\040\000I\000n\000f\000r\000a\000s\000t\000r\000u\000c\000t\000u\000r\000e}{subsection.0.0}% 44
\BOOKMARK [3][-]{subsubsection.0.0.0}{\376\377\000V\000a\000l\000i\000d\000a\000t\000i\000o\000n}{subsection.0.0}% 45
\BOOKMARK [2][-]{subsection.0.0}{\376\377\000P\000h\000a\000s\000e\000\040\0005\000:\000\040\000S\000e\000l\000e\000c\000t\000i\000v\000e\000\040\000C\000o\000n\000s\000o\000l\000i\000d\000a\000t\000i\000o\000n\000\040\000\050\0004\0005\000\040\000m\000i\000n\000u\000t\000e\000s\000\051}{section.0}% 46
\BOOKMARK [3][-]{subsubsection.0.0.0}{\376\377\000O\000b\000j\000e\000c\000t\000i\000v\000e}{subsection.0.0}% 47
\BOOKMARK [3][-]{subsubsection.0.0.0}{\376\377\000D\000e\000c\000i\000s\000i\000o\000n\000\040\000C\000r\000i\000t\000e\000r\000i\000a\000\040\000\050\0005\000-\000p\000o\000i\000n\000t\000\040\000s\000c\000a\000l\000e\000\051}{subsection.0.0}% 48
\BOOKMARK [3][-]{subsubsection.0.0.0}{\376\377\000C\000o\000n\000s\000o\000l\000i\000d\000a\000t\000i\000o\000n\000s\000\040\000E\000x\000e\000c\000u\000t\000e\000d\000\040\000\050\0005\000\040\000t\000o\000t\000a\000l\000\051}{subsection.0.0}% 49
\BOOKMARK [3][-]{subsubsection.0.0.0}{\376\377\000D\000i\000r\000e\000c\000t\000o\000r\000i\000e\000s\000\040\000K\000e\000p\000t\000\040\000\050\000s\000p\000e\000c\000i\000a\000l\000\040\000p\000u\000r\000p\000o\000s\000e\000s\000\051}{subsection.0.0}% 50
\BOOKMARK [3][-]{subsubsection.0.0.0}{\376\377\000F\000i\000l\000e\000\040\000M\000o\000v\000e\000m\000e\000n\000t\000s\000\040\000\050\0006\000\040\000f\000i\000l\000e\000s\000\051}{subsection.0.0}% 51
\BOOKMARK [3][-]{subsubsection.0.0.0}{\376\377\000R\000e\000s\000u\000l\000t\000s}{subsection.0.0}% 52
\BOOKMARK [3][-]{subsubsection.0.0.0}{\376\377\000G\000i\000t\000\040\000A\000c\000t\000i\000v\000i\000t\000y}{subsection.0.0}% 53
\BOOKMARK [3][-]{subsubsection.0.0.0}{\376\377\000V\000a\000l\000i\000d\000a\000t\000i\000o\000n}{subsection.0.0}% 54
\BOOKMARK [2][-]{subsection.0.0}{\376\377\000P\000h\000a\000s\000e\000\040\0003\000-\0005\000\040\000S\000u\000m\000m\000a\000r\000y\000:\000\040\000D\000o\000c\000u\000m\000e\000n\000t\000a\000t\000i\000o\000n\000\040\000\050\0002\0005\000\040\000m\000i\000n\000u\000t\000e\000s\000\051}{section.0}% 55
\BOOKMARK [3][-]{subsubsection.0.0.0}{\376\377\000A\000c\000t\000i\000o\000n\000s}{subsection.0.0}% 56
\BOOKMARK [3][-]{subsubsection.0.0.0}{\376\377\000G\000i\000t\000\040\000A\000c\000t\000i\000v\000i\000t\000y}{subsection.0.0}% 57
\BOOKMARK [2][-]{subsection.0.0}{\376\377\000F\000i\000n\000a\000l\000\040\000D\000o\000c\000u\000m\000e\000n\000t\000a\000t\000i\000o\000n\000:\000\040\000C\000o\000m\000p\000l\000e\000t\000e\000\040\000R\000e\000p\000o\000r\000t\000\040\000\050\0004\0000\000\040\000m\000i\000n\000u\000t\000e\000s\000\051}{section.0}% 58
\BOOKMARK [3][-]{subsubsection.0.0.0}{\376\377\000A\000c\000t\000i\000o\000n\000s}{subsection.0.0}% 59
\BOOKMARK [3][-]{subsubsection.0.0.0}{\376\377\000G\000i\000t\000\040\000A\000c\000t\000i\000v\000i\000t\000y}{subsection.0.0}% 60
\BOOKMARK [2][-]{subsection.0.0}{\376\377\000T\000i\000m\000e\000l\000i\000n\000e\000\040\000S\000u\000m\000m\000a\000r\000y}{section.0}% 61
\BOOKMARK [1][-]{section.0}{\376\377\000Q\000u\000a\000n\000t\000i\000t\000a\000t\000i\000v\000e\000\040\000R\000e\000s\000u\000l\000t\000s}{}% 62
\BOOKMARK [2][-]{subsection.0.0}{\376\377\000M\000a\000s\000t\000e\000r\000\040\000S\000c\000o\000r\000e\000c\000a\000r\000d\000:\000\040\000B\000e\000f\000o\000r\000e\000\040\000v\000s\000\040\000A\000f\000t\000e\000r}{section.0}% 63
\BOOKMARK [2][-]{subsection.0.0}{\376\377\000P\000h\000a\000s\000e\000-\000b\000y\000-\000P\000h\000a\000s\000e\000\040\000E\000v\000o\000l\000u\000t\000i\000o\000n}{section.0}% 64
\BOOKMARK [3][-]{subsubsection.0.0.0}{\376\377\000D\000i\000r\000e\000c\000t\000o\000r\000y\000\040\000C\000o\000u\000n\000t\000\040\000E\000v\000o\000l\000u\000t\000i\000o\000n}{subsection.0.0}% 65
\BOOKMARK [3][-]{subsubsection.0.0.0}{\376\377\000S\000p\000h\000i\000n\000x\000\040\000W\000a\000r\000n\000i\000n\000g\000\040\000E\000v\000o\000l\000u\000t\000i\000o\000n}{subsection.0.0}% 66
\BOOKMARK [3][-]{subsubsection.0.0.0}{\376\377\000F\000i\000l\000e\000\040\000O\000r\000g\000a\000n\000i\000z\000a\000t\000i\000o\000n\000\040\000M\000e\000t\000r\000i\000c\000s}{subsection.0.0}% 67
\BOOKMARK [2][-]{subsection.0.0}{\376\377\000I\000m\000p\000a\000c\000t\000\040\000S\000u\000m\000m\000a\000r\000y}{section.0}% 68
\BOOKMARK [3][-]{subsubsection.0.0.0}{\376\377\000H\000i\000g\000h\000-\000I\000m\000p\000a\000c\000t\000\040\000C\000h\000a\000n\000g\000e\000s}{subsection.0.0}% 69
\BOOKMARK [3][-]{subsubsection.0.0.0}{\376\377\000M\000o\000d\000e\000r\000a\000t\000e\000-\000I\000m\000p\000a\000c\000t\000\040\000C\000h\000a\000n\000g\000e\000s}{subsection.0.0}% 70
\BOOKMARK [3][-]{subsubsection.0.0.0}{\376\377\000L\000o\000w\000-\000I\000m\000p\000a\000c\000t\000\040\000C\000h\000a\000n\000g\000e\000s}{subsection.0.0}% 71
\BOOKMARK [2][-]{subsection.0.0}{\376\377\000S\000u\000c\000c\000e\000s\000s\000\040\000C\000r\000i\000t\000e\000r\000i\000a\000\040\000A\000s\000s\000e\000s\000s\000m\000e\000n\000t}{section.0}% 72
\BOOKMARK [1][-]{section.0}{\376\377\000R\000e\000c\000o\000m\000m\000e\000n\000d\000a\000t\000i\000o\000n\000s}{}% 73
\BOOKMARK [2][-]{subsection.0.0}{\376\377\000Q\000u\000i\000c\000k\000\040\000W\000i\000n\000s\000:\000\040\000H\000i\000g\000h\000\040\000I\000m\000p\000a\000c\000t\000,\000\040\000L\000o\000w\000\040\000E\000f\000f\000o\000r\000t}{section.0}% 74
\BOOKMARK [3][-]{subsubsection.0.0.0}{\376\377\0001\000.\000\040\000C\000l\000e\000a\000n\000\040\000E\000m\000p\000t\000y\000\040\000D\000i\000r\000e\000c\000t\000o\000r\000y\000\040\000S\000t\000u\000b\000s\000\040\000\050\0005\000\040\000m\000i\000n\000u\000t\000e\000s\000\051}{subsection.0.0}% 75
\BOOKMARK [3][-]{subsubsection.0.0.0}{\376\377\0002\000.\000\040\000U\000p\000d\000a\000t\000e\000\040\000C\000L\000A\000U\000D\000E\000.\000m\000d\000\040\000S\000e\000c\000t\000i\000o\000n\000\040\0001\0004\000\040\000\050\0001\0000\000\040\000m\000i\000n\000u\000t\000e\000s\000\051}{subsection.0.0}% 76
\BOOKMARK [3][-]{subsubsection.0.0.0}{\376\377\0003\000.\000\040\000C\000r\000e\000a\000t\000e\000\040\000A\000u\000t\000o\000m\000a\000t\000e\000d\000\040\000L\000i\000n\000k\000\040\000C\000h\000e\000c\000k\000e\000r\000\040\000S\000c\000r\000i\000p\000t\000\040\000\050\0003\0000\000\040\000m\000i\000n\000u\000t\000e\000s\000\051}{subsection.0.0}% 77
\BOOKMARK [3][-]{subsubsection.0.0.0}{\376\377\000S\000u\000m\000m\000a\000r\000y\000:\000\040\000Q\000u\000i\000c\000k\000\040\000W\000i\000n\000s\000\040\000I\000m\000p\000a\000c\000t}{subsection.0.0}% 78
\BOOKMARK [1][-]{section.0}{\376\377\000L\000e\000s\000s\000o\000n\000s\000\040\000L\000e\000a\000r\000n\000e\000d}{}% 79
\BOOKMARK [2][-]{subsection.0.0}{\376\377\000W\000h\000a\000t\000\040\000W\000o\000r\000k\000e\000d\000\040\000W\000e\000l\000l\000\040\000\050\000C\000r\000o\000s\000s\000-\000P\000h\000a\000s\000e\000\040\000P\000a\000t\000t\000e\000r\000n\000s\000\051}{section.0}% 80
\BOOKMARK [3][-]{subsubsection.0.0.0}{\376\377\0001\000.\000\040\000C\000h\000e\000c\000k\000p\000o\000i\000n\000t\000-\000D\000r\000i\000v\000e\000n\000\040\000A\000p\000p\000r\000o\000a\000c\000h}{subsection.0.0}% 81
\BOOKMARK [3][-]{subsubsection.0.0.0}{\376\377\0002\000.\000\040\000M\000i\000n\000i\000m\000a\000l\000\040\000D\000i\000s\000r\000u\000p\000t\000i\000o\000n\000\040\000P\000h\000i\000l\000o\000s\000o\000p\000h\000y}{subsection.0.0}% 82
\BOOKMARK [3][-]{subsubsection.0.0.0}{\376\377\0003\000.\000\040\000S\000e\000q\000u\000e\000n\000t\000i\000a\000l\000\040\000V\000a\000l\000i\000d\000a\000t\000i\000o\000n}{subsection.0.0}% 83
\BOOKMARK [2][-]{subsection.0.0}{\376\377\000W\000h\000a\000t\000\040\000C\000o\000u\000l\000d\000\040\000B\000e\000\040\000I\000m\000p\000r\000o\000v\000e\000d}{section.0}% 84
\BOOKMARK [3][-]{subsubsection.0.0.0}{\376\377\0001\000.\000\040\000I\000n\000i\000t\000i\000a\000l\000\040\000A\000n\000a\000l\000y\000s\000i\000s\000\040\000S\000c\000o\000p\000e}{subsection.0.0}% 85
\BOOKMARK [3][-]{subsubsection.0.0.0}{\376\377\0002\000.\000\040\000N\000a\000v\000i\000g\000a\000t\000i\000o\000n\000\040\000U\000p\000d\000a\000t\000e\000\040\000T\000i\000m\000i\000n\000g}{subsection.0.0}% 86
\BOOKMARK [2][-]{subsection.0.0}{\376\377\000K\000e\000y\000\040\000T\000a\000k\000e\000a\000w\000a\000y\000s}{section.0}% 87
\BOOKMARK [3][-]{subsubsection.0.0.0}{\376\377\0001\000.\000\040\000I\000n\000c\000r\000e\000m\000e\000n\000t\000a\000l\000\040\000V\000a\000l\000i\000d\000a\000t\000i\000o\000n\000\040\000>\000\040\000B\000i\000g\000-\000B\000a\000n\000g\000\040\000A\000p\000p\000r\000o\000a\000c\000h}{subsection.0.0}% 88
\BOOKMARK [3][-]{subsubsection.0.0.0}{\376\377\0002\000.\000\040\000A\000u\000t\000o\000m\000a\000t\000e\000d\000\040\000C\000h\000e\000c\000k\000s\000\040\000>\000\040\000M\000a\000n\000u\000a\000l\000\040\000V\000e\000r\000i\000f\000i\000c\000a\000t\000i\000o\000n}{subsection.0.0}% 89
\BOOKMARK [3][-]{subsubsection.0.0.0}{\376\377\0003\000.\000\040\000D\000o\000c\000u\000m\000e\000n\000t\000a\000t\000i\000o\000n\000-\000a\000s\000-\000Y\000o\000u\000-\000G\000o\000\040\000>\000\040\000P\000o\000s\000t\000-\000H\000o\000c\000\040\000D\000o\000c\000u\000m\000e\000n\000t\000a\000t\000i\000o\000n}{subsection.0.0}% 90
\BOOKMARK [1][-]{section.0}{\376\377\000C\000o\000n\000c\000l\000u\000s\000i\000o\000n}{}% 91
