\BOOKMARK [0][-]{chapter*.1}{\376\377\000P\000r\000e\000f\000a\000c\000e}{}% 1
\BOOKMARK [0][-]{chapter*.2}{\376\377\000A\000c\000k\000n\000o\000w\000l\000e\000d\000g\000m\000e\000n\000t\000s}{}% 2
\BOOKMARK [0][-]{chapter*.3}{\376\377\000A\000b\000s\000t\000r\000a\000c\000t}{}% 3
\BOOKMARK [0][-]{chapter.0}{\376\377\0000\000\040\000I\000n\000t\000r\000o\000d\000u\000c\000t\000i\000o\000n}{}% 4
\BOOKMARK [1][-]{section.0.0}{\376\377\0000\000.\0000\000\040\000T\000h\000e\000\040\000C\000h\000a\000l\000l\000e\000n\000g\000e\000\040\000o\000f\000\040\000U\000n\000d\000e\000r\000a\000c\000t\000u\000a\000t\000e\000d\000\040\000C\000o\000n\000t\000r\000o\000l}{chapter.0}% 5
\BOOKMARK [2][-]{subsection.0.0.0}{\376\377\0000\000.\0000\000.\0000\000\040\000D\000e\000f\000i\000n\000i\000t\000i\000o\000n\000\040\000a\000n\000d\000\040\000C\000h\000a\000r\000a\000c\000t\000e\000r\000i\000s\000t\000i\000c\000s}{section.0.0}% 6
\BOOKMARK [2][-]{subsection.0.0.0}{\376\377\0000\000.\0000\000.\0000\000\040\000P\000h\000y\000s\000i\000c\000a\000l\000\040\000E\000x\000a\000m\000p\000l\000e\000s}{section.0.0}% 7
\BOOKMARK [2][-]{subsection.0.0.0}{\376\377\0000\000.\0000\000.\0000\000\040\000C\000o\000n\000t\000r\000o\000l\000\040\000C\000h\000a\000l\000l\000e\000n\000g\000e\000s}{section.0.0}% 8
\BOOKMARK [1][-]{section.0.0}{\376\377\0000\000.\0000\000\040\000T\000h\000e\000\040\000D\000o\000u\000b\000l\000e\000-\000I\000n\000v\000e\000r\000t\000e\000d\000\040\000P\000e\000n\000d\000u\000l\000u\000m\000\040\000a\000s\000\040\000a\000\040\000B\000e\000n\000c\000h\000m\000a\000r\000k\000\040\000S\000y\000s\000t\000e\000m}{chapter.0}% 9
\BOOKMARK [2][-]{subsection.0.0.0}{\376\377\0000\000.\0000\000.\0000\000\040\000S\000y\000s\000t\000e\000m\000\040\000D\000e\000s\000c\000r\000i\000p\000t\000i\000o\000n}{section.0.0}% 10
\BOOKMARK [2][-]{subsection.0.0.0}{\376\377\0000\000.\0000\000.\0000\000\040\000E\000q\000u\000a\000t\000i\000o\000n\000s\000\040\000o\000f\000\040\000M\000o\000t\000i\000o\000n}{section.0.0}% 11
\BOOKMARK [2][-]{subsection.0.0.0}{\376\377\0000\000.\0000\000.\0000\000\040\000W\000h\000y\000\040\000t\000h\000e\000\040\000D\000I\000P\000\040\000i\000s\000\040\000a\000n\000\040\000I\000d\000e\000a\000l\000\040\000B\000e\000n\000c\000h\000m\000a\000r\000k}{section.0.0}% 12
\BOOKMARK [1][-]{section.0.0}{\376\377\0000\000.\0000\000\040\000H\000i\000s\000t\000o\000r\000i\000c\000a\000l\000\040\000D\000e\000v\000e\000l\000o\000p\000m\000e\000n\000t\000\040\000o\000f\000\040\000S\000l\000i\000d\000i\000n\000g\000\040\000M\000o\000d\000e\000\040\000C\000o\000n\000t\000r\000o\000l\000\040\000\050\0001\0009\0005\0000\000s\040\023\0002\0000\0002\0005\000\051}{chapter.0}% 13
\BOOKMARK [2][-]{subsection.0.0.0}{\376\377\0000\000.\0000\000.\0000\000\040\000O\000r\000i\000g\000i\000n\000s\000:\000\040\000V\000a\000r\000i\000a\000b\000l\000e\000\040\000S\000t\000r\000u\000c\000t\000u\000r\000e\000\040\000S\000y\000s\000t\000e\000m\000s\000\040\000\050\0001\0009\0005\0000\000s\040\023\0001\0009\0006\0000\000s\000\051}{section.0.0}% 14
\BOOKMARK [2][-]{subsection.0.0.0}{\376\377\0000\000.\0000\000.\0000\000\040\000T\000h\000e\000o\000r\000e\000t\000i\000c\000a\000l\000\040\000F\000o\000u\000n\000d\000a\000t\000i\000o\000n\000s\000\040\000\050\0001\0009\0007\0000\000s\040\023\0001\0009\0008\0000\000s\000\051}{section.0.0}% 15
\BOOKMARK [2][-]{subsection.0.0.0}{\376\377\0000\000.\0000\000.\0000\000\040\000C\000h\000a\000t\000t\000e\000r\000i\000n\000g\000\040\000P\000r\000o\000b\000l\000e\000m\000\040\000a\000n\000d\000\040\000B\000o\000u\000n\000d\000a\000r\000y\000\040\000L\000a\000y\000e\000r\000\040\000M\000e\000t\000h\000o\000d\000\040\000\050\0001\0009\0008\0000\000s\000\051}{section.0.0}% 16
\BOOKMARK [2][-]{subsection.0.0.0}{\376\377\0000\000.\0000\000.\0000\000\040\000H\000i\000g\000h\000e\000r\000-\000O\000r\000d\000e\000r\000\040\000S\000l\000i\000d\000i\000n\000g\000\040\000M\000o\000d\000e\000s\000\040\000\050\0001\0009\0009\0000\000s\040\023\0002\0000\0000\0000\000s\000\051}{section.0.0}% 17
\BOOKMARK [2][-]{subsection.0.0.0}{\376\377\0000\000.\0000\000.\0000\000\040\000A\000d\000a\000p\000t\000i\000v\000e\000\040\000a\000n\000d\000\040\000I\000n\000t\000e\000l\000l\000i\000g\000e\000n\000t\000\040\000S\000M\000C\000\040\000\050\0002\0000\0000\0000\000s\040\023\0002\0000\0001\0000\000s\000\051}{section.0.0}% 18
\BOOKMARK [2][-]{subsection.0.0.0}{\376\377\0000\000.\0000\000.\0000\000\040\000R\000e\000c\000e\000n\000t\000\040\000A\000d\000v\000a\000n\000c\000e\000s\000\040\000\050\0002\0000\0001\0000\000s\040\023\000P\000r\000e\000s\000e\000n\000t\000\051}{section.0.0}% 19
\BOOKMARK [1][-]{section.0.0}{\376\377\0000\000.\0000\000\040\000T\000h\000e\000\040\000C\000h\000a\000t\000t\000e\000r\000i\000n\000g\000\040\000P\000r\000o\000b\000l\000e\000m\000\040\000a\000n\000d\000\040\000M\000o\000d\000e\000r\000n\000\040\000S\000o\000l\000u\000t\000i\000o\000n\000s}{chapter.0}% 20
\BOOKMARK [2][-]{subsection.0.0.0}{\376\377\0000\000.\0000\000.\0000\000\040\000P\000h\000y\000s\000i\000c\000a\000l\000\040\000M\000a\000n\000i\000f\000e\000s\000t\000a\000t\000i\000o\000n}{section.0.0}% 21
\BOOKMARK [2][-]{subsection.0.0.0}{\376\377\0000\000.\0000\000.\0000\000\040\000R\000o\000o\000t\000\040\000C\000a\000u\000s\000e\000s}{section.0.0}% 22
\BOOKMARK [2][-]{subsection.0.0.0}{\376\377\0000\000.\0000\000.\0000\000\040\000M\000i\000t\000i\000g\000a\000t\000i\000o\000n\000\040\000S\000t\000r\000a\000t\000e\000g\000i\000e\000s}{section.0.0}% 23
\BOOKMARK [1][-]{section.0.0}{\376\377\0000\000.\0000\000\040\000O\000v\000e\000r\000v\000i\000e\000w\000\040\000o\000f\000\040\000C\000o\000n\000t\000r\000o\000l\000l\000e\000r\000s\000\040\000C\000o\000v\000e\000r\000e\000d\000\040\000i\000n\000\040\000T\000h\000i\000s\000\040\000B\000o\000o\000k}{chapter.0}% 24
\BOOKMARK [2][-]{subsection.0.0.0}{\376\377\0000\000.\0000\000.\0000\000\040\000C\000l\000a\000s\000s\000i\000c\000a\000l\000\040\000S\000l\000i\000d\000i\000n\000g\000\040\000M\000o\000d\000e\000\040\000C\000o\000n\000t\000r\000o\000l\000\040\000\050\000C\000h\000a\000p\000t\000e\000r\000\040\0007\000\051}{section.0.0}% 25
\BOOKMARK [2][-]{subsection.0.0.0}{\376\377\0000\000.\0000\000.\0000\000\040\000S\000u\000p\000e\000r\000-\000T\000w\000i\000s\000t\000i\000n\000g\000\040\000A\000l\000g\000o\000r\000i\000t\000h\000m\000\040\000\050\000C\000h\000a\000p\000t\000e\000r\000\040\0002\0004\000\051}{section.0.0}% 26
\BOOKMARK [2][-]{subsection.0.0.0}{\376\377\0000\000.\0000\000.\0000\000\040\000A\000d\000a\000p\000t\000i\000v\000e\000\040\000S\000l\000i\000d\000i\000n\000g\000\040\000M\000o\000d\000e\000\040\000C\000o\000n\000t\000r\000o\000l\000\040\000\050\000C\000h\000a\000p\000t\000e\000r\000\040\0005\000\051}{section.0.0}% 27
\BOOKMARK [2][-]{subsection.0.0.0}{\376\377\0000\000.\0000\000.\0000\000\040\000H\000y\000b\000r\000i\000d\000\040\000A\000d\000a\000p\000t\000i\000v\000e\000\040\000S\000T\000A\000-\000S\000M\000C\000\040\000\050\000C\000h\000a\000p\000t\000e\000r\000\040\0006\000\051}{section.0.0}% 28
\BOOKMARK [2][-]{subsection.0.0.0}{\376\377\0000\000.\0000\000.\0000\000\040\000S\000w\000i\000n\000g\000-\000U\000p\000\040\000C\000o\000n\000t\000r\000o\000l\000l\000e\000r\000\040\000\050\000C\000h\000a\000p\000t\000e\000r\000\040\0007\000\051}{section.0.0}% 29
\BOOKMARK [2][-]{subsection.0.0.0}{\376\377\0000\000.\0000\000.\0000\000\040\000C\000o\000m\000p\000a\000r\000i\000s\000o\000n\000\040\000a\000n\000d\000\040\000S\000e\000l\000e\000c\000t\000i\000o\000n\000\040\000G\000u\000i\000d\000e\000l\000i\000n\000e\000s}{section.0.0}% 30
\BOOKMARK [1][-]{section.0.0}{\376\377\0000\000.\0000\000\040\000S\000o\000f\000t\000w\000a\000r\000e\000\040\000F\000r\000a\000m\000e\000w\000o\000r\000k\000\040\000a\000n\000d\000\040\000T\000o\000o\000l\000s}{chapter.0}% 31
\BOOKMARK [2][-]{subsection.0.0.0}{\376\377\0000\000.\0000\000.\0000\000\040\000A\000r\000c\000h\000i\000t\000e\000c\000t\000u\000r\000e\000\040\000O\000v\000e\000r\000v\000i\000e\000w}{section.0.0}% 32
\BOOKMARK [2][-]{subsection.0.0.0}{\376\377\0000\000.\0000\000.\0000\000\040\000K\000e\000y\000\040\000C\000o\000m\000p\000o\000n\000e\000n\000t\000s}{section.0.0}% 33
\BOOKMARK [2][-]{subsection.0.0.0}{\376\377\0000\000.\0000\000.\0000\000\040\000S\000i\000m\000u\000l\000a\000t\000i\000o\000n\000\040\000a\000n\000d\000\040\000V\000i\000s\000u\000a\000l\000i\000z\000a\000t\000i\000o\000n}{section.0.0}% 34
\BOOKMARK [2][-]{subsection.0.0.0}{\376\377\0000\000.\0000\000.\0000\000\040\000G\000e\000t\000t\000i\000n\000g\000\040\000S\000t\000a\000r\000t\000e\000d}{section.0.0}% 35
\BOOKMARK [1][-]{section.0.0}{\376\377\0000\000.\0000\000\040\000B\000o\000o\000k\000\040\000S\000t\000r\000u\000c\000t\000u\000r\000e\000\040\000a\000n\000d\000\040\000L\000e\000a\000r\000n\000i\000n\000g\000\040\000P\000a\000t\000h}{chapter.0}% 36
\BOOKMARK [2][-]{subsection.0.0.0}{\376\377\0000\000.\0000\000.\0000\000\040\000P\000a\000r\000t\000\040\000I\000:\000\040\000F\000o\000u\000n\000d\000a\000t\000i\000o\000n\000s\000\040\000\050\000C\000h\000a\000p\000t\000e\000r\000s\000\040\0001\040\023\0002\000\051}{section.0.0}% 37
\BOOKMARK [2][-]{subsection.0.0.0}{\376\377\0000\000.\0000\000.\0000\000\040\000P\000a\000r\000t\000\040\000I\000I\000:\000\040\000C\000o\000n\000t\000r\000o\000l\000l\000e\000r\000\040\000D\000e\000s\000i\000g\000n\000\040\000\050\000C\000h\000a\000p\000t\000e\000r\000s\000\040\0003\040\023\0007\000\051}{section.0.0}% 38
\BOOKMARK [2][-]{subsection.0.0.0}{\376\377\0000\000.\0000\000.\0000\000\040\000P\000a\000r\000t\000\040\000I\000I\000I\000:\000\040\000O\000p\000t\000i\000m\000i\000z\000a\000t\000i\000o\000n\000\040\000a\000n\000d\000\040\000A\000n\000a\000l\000y\000s\000i\000s\000\040\000\050\000C\000h\000a\000p\000t\000e\000r\000s\000\040\0008\040\023\0001\0000\000\051}{section.0.0}% 39
\BOOKMARK [2][-]{subsection.0.0.0}{\376\377\0000\000.\0000\000.\0000\000\040\000P\000a\000r\000t\000\040\000I\000V\000:\000\040\000I\000m\000p\000l\000e\000m\000e\000n\000t\000a\000t\000i\000o\000n\000\040\000a\000n\000d\000\040\000A\000d\000v\000a\000n\000c\000e\000d\000\040\000T\000o\000p\000i\000c\000s\000\040\000\050\000C\000h\000a\000p\000t\000e\000r\000s\000\040\0001\0001\040\023\0001\0002\000\051}{section.0.0}% 40
\BOOKMARK [2][-]{subsection.0.0.0}{\376\377\0000\000.\0000\000.\0000\000\040\000A\000p\000p\000e\000n\000d\000i\000c\000e\000s}{section.0.0}% 41
\BOOKMARK [2][-]{subsection.0.0.0}{\376\377\0000\000.\0000\000.\0000\000\040\000L\000e\000a\000r\000n\000i\000n\000g\000\040\000P\000a\000t\000h\000s}{section.0.0}% 42
\BOOKMARK [1][-]{section.0.0}{\376\377\0000\000.\0000\000\040\000P\000r\000e\000r\000e\000q\000u\000i\000s\000i\000t\000e\000s\000\040\000a\000n\000d\000\040\000N\000o\000t\000a\000t\000i\000o\000n}{chapter.0}% 43
\BOOKMARK [2][-]{subsection.0.0.0}{\376\377\0000\000.\0000\000.\0000\000\040\000M\000a\000t\000h\000e\000m\000a\000t\000i\000c\000a\000l\000\040\000P\000r\000e\000r\000e\000q\000u\000i\000s\000i\000t\000e\000s}{section.0.0}% 44
\BOOKMARK [2][-]{subsection.0.0.0}{\376\377\0000\000.\0000\000.\0000\000\040\000P\000r\000o\000g\000r\000a\000m\000m\000i\000n\000g\000\040\000P\000r\000e\000r\000e\000q\000u\000i\000s\000i\000t\000e\000s}{section.0.0}% 45
\BOOKMARK [2][-]{subsection.0.0.0}{\376\377\0000\000.\0000\000.\0000\000\040\000N\000o\000t\000a\000t\000i\000o\000n\000\040\000C\000o\000n\000v\000e\000n\000t\000i\000o\000n\000s}{section.0.0}% 46
\BOOKMARK [1][-]{section.0.0}{\376\377\0000\000.\0000\000\040\000E\000x\000e\000r\000c\000i\000s\000e\000s}{chapter.0}% 47
\BOOKMARK [1][-]{section.0.0}{\376\377\0000\000.\0000\000\040\000C\000h\000a\000p\000t\000e\000r\000\040\000S\000u\000m\000m\000a\000r\000y}{chapter.0}% 48
\BOOKMARK [0][-]{chapter.0}{\376\377\0000\000\040\000M\000a\000t\000h\000e\000m\000a\000t\000i\000c\000a\000l\000\040\000F\000o\000u\000n\000d\000a\000t\000i\000o\000n\000s}{}% 49
\BOOKMARK [1][-]{section.0.0}{\376\377\0000\000.\0000\000\040\000L\000a\000g\000r\000a\000n\000g\000i\000a\000n\000\040\000M\000e\000c\000h\000a\000n\000i\000c\000s}{chapter.0}% 50
\BOOKMARK [2][-]{subsection.0.0.0}{\376\377\0000\000.\0000\000.\0000\000\040\000P\000r\000i\000n\000c\000i\000p\000l\000e\000\040\000o\000f\000\040\000L\000e\000a\000s\000t\000\040\000A\000c\000t\000i\000o\000n}{section.0.0}% 51
\BOOKMARK [2][-]{subsection.0.0.0}{\376\377\0000\000.\0000\000.\0000\000\040\000E\000u\000l\000e\000r\000-\000L\000a\000g\000r\000a\000n\000g\000e\000\040\000E\000q\000u\000a\000t\000i\000o\000n\000s}{section.0.0}% 52
\BOOKMARK [1][-]{section.0.0}{\376\377\0000\000.\0000\000\040\000D\000o\000u\000b\000l\000e\000-\000I\000n\000v\000e\000r\000t\000e\000d\000\040\000P\000e\000n\000d\000u\000l\000u\000m\000\040\000D\000y\000n\000a\000m\000i\000c\000s\000\040\000D\000e\000r\000i\000v\000a\000t\000i\000o\000n}{chapter.0}% 53
\BOOKMARK [2][-]{subsection.0.0.0}{\376\377\0000\000.\0000\000.\0000\000\040\000S\000y\000s\000t\000e\000m\000\040\000C\000o\000n\000f\000i\000g\000u\000r\000a\000t\000i\000o\000n}{section.0.0}% 54
\BOOKMARK [2][-]{subsection.0.0.0}{\376\377\0000\000.\0000\000.\0000\000\040\000G\000e\000n\000e\000r\000a\000l\000i\000z\000e\000d\000\040\000C\000o\000o\000r\000d\000i\000n\000a\000t\000e\000s}{section.0.0}% 55
\BOOKMARK [2][-]{subsection.0.0.0}{\376\377\0000\000.\0000\000.\0000\000\040\000P\000o\000s\000i\000t\000i\000o\000n\000\040\000V\000e\000c\000t\000o\000r\000s}{section.0.0}% 56
\BOOKMARK [2][-]{subsection.0.0.0}{\376\377\0000\000.\0000\000.\0000\000\040\000K\000i\000n\000e\000t\000i\000c\000\040\000E\000n\000e\000r\000g\000y}{section.0.0}% 57
\BOOKMARK [2][-]{subsection.0.0.0}{\376\377\0000\000.\0000\000.\0000\000\040\000P\000o\000t\000e\000n\000t\000i\000a\000l\000\040\000E\000n\000e\000r\000g\000y}{section.0.0}% 58
\BOOKMARK [2][-]{subsection.0.0.0}{\376\377\0000\000.\0000\000.\0000\000\040\000L\000a\000g\000r\000a\000n\000g\000i\000a\000n}{section.0.0}% 59
\BOOKMARK [2][-]{subsection.0.0.0}{\376\377\0000\000.\0000\000.\0000\000\040\000E\000q\000u\000a\000t\000i\000o\000n\000s\000\040\000o\000f\000\040\000M\000o\000t\000i\000o\000n}{section.0.0}% 60
\BOOKMARK [1][-]{section.0.0}{\376\377\0000\000.\0000\000\040\000M\000a\000s\000s\000\040\000M\000a\000t\000r\000i\000x}{chapter.0}% 61
\BOOKMARK [2][-]{subsection.0.0.0}{\376\377\0000\000.\0000\000.\0000\000\040\000N\000u\000m\000e\000r\000i\000c\000a\000l\000\040\000E\000x\000a\000m\000p\000l\000e}{section.0.0}% 62
\BOOKMARK [1][-]{section.0.0}{\376\377\0000\000.\0000\000\040\000C\000o\000r\000i\000o\000l\000i\000s\000\040\000a\000n\000d\000\040\000C\000e\000n\000t\000r\000i\000f\000u\000g\000a\000l\000\040\000T\000e\000r\000m\000s}{chapter.0}% 63
\BOOKMARK [1][-]{section.0.0}{\376\377\0000\000.\0000\000\040\000G\000r\000a\000v\000i\000t\000y\000\040\000V\000e\000c\000t\000o\000r}{chapter.0}% 64
\BOOKMARK [1][-]{section.0.0}{\376\377\0000\000.\0000\000\040\000S\000t\000a\000t\000e\000-\000S\000p\000a\000c\000e\000\040\000R\000e\000p\000r\000e\000s\000e\000n\000t\000a\000t\000i\000o\000n}{chapter.0}% 65
\BOOKMARK [1][-]{section.0.0}{\376\377\0000\000.\0000\000\040\000L\000y\000a\000p\000u\000n\000o\000v\000\040\000S\000t\000a\000b\000i\000l\000i\000t\000y\000\040\000T\000h\000e\000o\000r\000y}{chapter.0}% 66
\BOOKMARK [2][-]{subsection.0.0.0}{\376\377\0000\000.\0000\000.\0000\000\040\000S\000t\000a\000b\000i\000l\000i\000t\000y\000\040\000D\000e\000f\000i\000n\000i\000t\000i\000o\000n\000s}{section.0.0}% 67
\BOOKMARK [2][-]{subsection.0.0.0}{\376\377\0000\000.\0000\000.\0000\000\040\000L\000y\000a\000p\000u\000n\000o\000v\000'\000s\000\040\000D\000i\000r\000e\000c\000t\000\040\000M\000e\000t\000h\000o\000d}{section.0.0}% 68
\BOOKMARK [2][-]{subsection.0.0.0}{\376\377\0000\000.\0000\000.\0000\000\040\000L\000y\000a\000p\000u\000n\000o\000v\000\040\000F\000u\000n\000c\000t\000i\000o\000n\000s\000\040\000f\000o\000r\000\040\000S\000M\000C}{section.0.0}% 69
\BOOKMARK [1][-]{section.0.0}{\376\377\0000\000.\0000\000\040\000C\000o\000n\000t\000r\000o\000l\000l\000a\000b\000i\000l\000i\000t\000y\000\040\000a\000n\000d\000\040\000O\000b\000s\000e\000r\000v\000a\000b\000i\000l\000i\000t\000y}{chapter.0}% 70
\BOOKMARK [2][-]{subsection.0.0.0}{\376\377\0000\000.\0000\000.\0000\000\040\000C\000o\000n\000t\000r\000o\000l\000l\000a\000b\000i\000l\000i\000t\000y}{section.0.0}% 71
\BOOKMARK [2][-]{subsection.0.0.0}{\376\377\0000\000.\0000\000.\0000\000\040\000M\000a\000t\000c\000h\000e\000d\000\040\000v\000s\000.\000\040\000U\000n\000m\000a\000t\000c\000h\000e\000d\000\040\000D\000i\000s\000t\000u\000r\000b\000a\000n\000c\000e\000s}{section.0.0}% 72
\BOOKMARK [2][-]{subsection.0.0.0}{\376\377\0000\000.\0000\000.\0000\000\040\000C\000o\000n\000t\000r\000o\000l\000l\000a\000b\000i\000l\000i\000t\000y\000\040\000M\000e\000a\000s\000u\000r\000e\000\040\000f\000o\000r\000\040\000D\000I\000P}{section.0.0}% 73
\BOOKMARK [1][-]{section.0.0}{\376\377\0000\000.\0000\000\040\000N\000u\000m\000e\000r\000i\000c\000a\000l\000\040\000I\000n\000t\000e\000g\000r\000a\000t\000i\000o\000n\000\040\000M\000e\000t\000h\000o\000d\000s}{chapter.0}% 74
\BOOKMARK [2][-]{subsection.0.0.0}{\376\377\0000\000.\0000\000.\0000\000\040\000E\000u\000l\000e\000r\000\040\000M\000e\000t\000h\000o\000d}{section.0.0}% 75
\BOOKMARK [2][-]{subsection.0.0.0}{\376\377\0000\000.\0000\000.\0000\000\040\000R\000u\000n\000g\000e\000-\000K\000u\000t\000t\000a\000\040\0004\000t\000h\000\040\000O\000r\000d\000e\000r\000\040\000\050\000R\000K\0004\000\051}{section.0.0}% 76
\BOOKMARK [2][-]{subsection.0.0.0}{\376\377\0000\000.\0000\000.\0000\000\040\000A\000d\000a\000p\000t\000i\000v\000e\000\040\000R\000u\000n\000g\000e\000-\000K\000u\000t\000t\000a\000\040\0004\0005\000\040\000\050\000R\000K\0004\0005\000\051}{section.0.0}% 77
\BOOKMARK [2][-]{subsection.0.0.0}{\376\377\0000\000.\0000\000.\0000\000\040\000M\000e\000t\000h\000o\000d\000\040\000C\000o\000m\000p\000a\000r\000i\000s\000o\000n\000\040\000f\000o\000r\000\040\000D\000I\000P\000\040\000S\000i\000m\000u\000l\000a\000t\000i\000o\000n}{section.0.0}% 78
\BOOKMARK [1][-]{section.0.0}{\376\377\0000\000.\0000\000\040\000E\000x\000e\000r\000c\000i\000s\000e\000s}{chapter.0}% 79
\BOOKMARK [1][-]{section.0.0}{\376\377\0000\000.\0000\000\040\000C\000h\000a\000p\000t\000e\000r\000\040\000S\000u\000m\000m\000a\000r\000y}{chapter.0}% 80
\BOOKMARK [0][-]{chapter.0}{\376\377\0000\000\040\000C\000l\000a\000s\000s\000i\000c\000a\000l\000\040\000S\000l\000i\000d\000i\000n\000g\000\040\000M\000o\000d\000e\000\040\000C\000o\000n\000t\000r\000o\000l}{}% 81
\BOOKMARK [1][-]{section.0.0}{\376\377\0000\000.\0000\000\040\000I\000n\000t\000r\000o\000d\000u\000c\000t\000i\000o\000n\000\040\000t\000o\000\040\000S\000l\000i\000d\000i\000n\000g\000\040\000M\000o\000d\000e\000\040\000C\000o\000n\000t\000r\000o\000l}{chapter.0}% 82
\BOOKMARK [1][-]{section.0.0}{\376\377\0000\000.\0000\000\040\000S\000l\000i\000d\000i\000n\000g\000\040\000S\000u\000r\000f\000a\000c\000e\000\040\000D\000e\000s\000i\000g\000n}{chapter.0}% 83
\BOOKMARK [2][-]{subsection.0.0.0}{\376\377\0000\000.\0000\000.\0000\000\040\000D\000e\000s\000i\000g\000n\000\040\000P\000r\000i\000n\000c\000i\000p\000l\000e\000s}{section.0.0}% 84
\BOOKMARK [2][-]{subsection.0.0.0}{\376\377\0000\000.\0000\000.\0000\000\040\000S\000t\000a\000b\000i\000l\000i\000t\000y\000\040\000o\000n\000\040\000t\000h\000e\000\040\000S\000l\000i\000d\000i\000n\000g\000\040\000S\000u\000r\000f\000a\000c\000e}{section.0.0}% 85
\BOOKMARK [2][-]{subsection.0.0.0}{\376\377\0000\000.\0000\000.\0000\000\040\000G\000a\000i\000n\000\040\000S\000e\000l\000e\000c\000t\000i\000o\000n\000\040\000G\000u\000i\000d\000e\000l\000i\000n\000e\000s}{section.0.0}% 86
\BOOKMARK [1][-]{section.0.0}{\376\377\0000\000.\0000\000\040\000E\000q\000u\000i\000v\000a\000l\000e\000n\000t\000\040\000C\000o\000n\000t\000r\000o\000l\000\040\000D\000e\000r\000i\000v\000a\000t\000i\000o\000n}{chapter.0}% 87
\BOOKMARK [2][-]{subsection.0.0.0}{\376\377\0000\000.\0000\000.\0000\000\040\000P\000h\000y\000s\000i\000c\000a\000l\000\040\000I\000n\000t\000e\000r\000p\000r\000e\000t\000a\000t\000i\000o\000n}{section.0.0}% 88
\BOOKMARK [2][-]{subsection.0.0.0}{\376\377\0000\000.\0000\000.\0000\000\040\000M\000a\000t\000h\000e\000m\000a\000t\000i\000c\000a\000l\000\040\000D\000e\000r\000i\000v\000a\000t\000i\000o\000n}{section.0.0}% 89
\BOOKMARK [2][-]{subsection.0.0.0}{\376\377\0000\000.\0000\000.\0000\000\040\000N\000u\000m\000e\000r\000i\000c\000a\000l\000\040\000S\000t\000a\000b\000i\000l\000i\000t\000y\000:\000\040\000T\000i\000k\000h\000o\000n\000o\000v\000\040\000R\000e\000g\000u\000l\000a\000r\000i\000z\000a\000t\000i\000o\000n}{section.0.0}% 90
\BOOKMARK [2][-]{subsection.0.0.0}{\376\377\0000\000.\0000\000.\0000\000\040\000C\000o\000n\000t\000r\000o\000l\000l\000a\000b\000i\000l\000i\000t\000y\000\040\000T\000h\000r\000e\000s\000h\000o\000l\000d}{section.0.0}% 91
\BOOKMARK [1][-]{section.0.0}{\376\377\0000\000.\0000\000\040\000S\000w\000i\000t\000c\000h\000i\000n\000g\000\040\000C\000o\000n\000t\000r\000o\000l\000\040\000a\000n\000d\000\040\000C\000h\000a\000t\000t\000e\000r\000i\000n\000g\000\040\000M\000i\000t\000i\000g\000a\000t\000i\000o\000n}{chapter.0}% 92
\BOOKMARK [2][-]{subsection.0.0.0}{\376\377\0000\000.\0000\000.\0000\000\040\000D\000i\000s\000c\000o\000n\000t\000i\000n\000u\000o\000u\000s\000\040\000S\000w\000i\000t\000c\000h\000i\000n\000g\000\040\000C\000o\000n\000t\000r\000o\000l}{section.0.0}% 93
\BOOKMARK [2][-]{subsection.0.0.0}{\376\377\0000\000.\0000\000.\0000\000\040\000T\000h\000e\000\040\000C\000h\000a\000t\000t\000e\000r\000i\000n\000g\000\040\000P\000r\000o\000b\000l\000e\000m}{section.0.0}% 94
\BOOKMARK [2][-]{subsection.0.0.0}{\376\377\0000\000.\0000\000.\0000\000\040\000B\000o\000u\000n\000d\000a\000r\000y\000\040\000L\000a\000y\000e\000r\000\040\000T\000e\000c\000h\000n\000i\000q\000u\000e}{section.0.0}% 95
\BOOKMARK [2][-]{subsection.0.0.0}{\376\377\0000\000.\0000\000.\0000\000\040\000T\000r\000a\000d\000e\000-\000O\000f\000f\000:\000\040\000C\000h\000a\000t\000t\000e\000r\000i\000n\000g\000\040\000v\000s\000.\000\040\000S\000t\000e\000a\000d\000y\000-\000S\000t\000a\000t\000e\000\040\000E\000r\000r\000o\000r}{section.0.0}% 96
\BOOKMARK [1][-]{section.0.0}{\376\377\0000\000.\0000\000\040\000C\000o\000m\000p\000l\000e\000t\000e\000\040\000C\000o\000n\000t\000r\000o\000l\000\040\000L\000a\000w\000\040\000a\000n\000d\000\040\000S\000a\000t\000u\000r\000a\000t\000i\000o\000n}{chapter.0}% 97
\BOOKMARK [2][-]{subsection.0.0.0}{\376\377\0000\000.\0000\000.\0000\000\040\000G\000a\000i\000n\000\040\000P\000o\000s\000i\000t\000i\000v\000i\000t\000y\000\040\000C\000o\000n\000s\000t\000r\000a\000i\000n\000t\000s}{section.0.0}% 98
\BOOKMARK [1][-]{section.0.0}{\376\377\0000\000.\0000\000\040\000W\000o\000r\000k\000e\000d\000\040\000N\000u\000m\000e\000r\000i\000c\000a\000l\000\040\000E\000x\000a\000m\000p\000l\000e}{chapter.0}% 99
\BOOKMARK [2][-]{subsection.0.0.0}{\376\377\0000\000.\0000\000.\0000\000\040\000P\000r\000o\000b\000l\000e\000m\000\040\000S\000e\000t\000u\000p}{section.0.0}% 100
\BOOKMARK [2][-]{subsection.0.0.0}{\376\377\0000\000.\0000\000.\0000\000\040\000S\000t\000e\000p\000-\000b\000y\000-\000S\000t\000e\000p\000\040\000C\000o\000m\000p\000u\000t\000a\000t\000i\000o\000n}{section.0.0}% 101
\BOOKMARK [2][-]{subsection.0.0.0}{\376\377\0000\000.\0000\000.\0000\000\040\000R\000e\000s\000u\000l\000t\000\040\000I\000n\000t\000e\000r\000p\000r\000e\000t\000a\000t\000i\000o\000n}{section.0.0}% 102
\BOOKMARK [2][-]{subsection.0.0.0}{\376\377\0000\000.\0000\000.\0000\000\040\000C\000o\000m\000p\000a\000r\000i\000s\000o\000n\000:\000\040\000W\000i\000t\000h\000\040\000v\000s\000.\000\040\000W\000i\000t\000h\000o\000u\000t\000\040\000B\000o\000u\000n\000d\000a\000r\000y\000\040\000L\000a\000y\000e\000r}{section.0.0}% 103
\BOOKMARK [2][-]{subsection.0.0.0}{\376\377\0000\000.\0000\000.\0000\000\040\000V\000e\000r\000i\000f\000i\000c\000a\000t\000i\000o\000n\000\040\000v\000i\000a\000\040\000P\000y\000t\000h\000o\000n\000\040\000I\000m\000p\000l\000e\000m\000e\000n\000t\000a\000t\000i\000o\000n}{section.0.0}% 104
\BOOKMARK [1][-]{section.0.0}{\376\377\0000\000.\0000\000\040\000L\000y\000a\000p\000u\000n\000o\000v\000\040\000S\000t\000a\000b\000i\000l\000i\000t\000y\000\040\000A\000n\000a\000l\000y\000s\000i\000s}{chapter.0}% 105
\BOOKMARK [2][-]{subsection.0.0.0}{\376\377\0000\000.\0000\000.\0000\000\040\000L\000y\000a\000p\000u\000n\000o\000v\000\040\000F\000u\000n\000c\000t\000i\000o\000n\000\040\000f\000o\000r\000\040\000R\000e\000a\000c\000h\000i\000n\000g\000\040\000P\000h\000a\000s\000e}{section.0.0}% 106
\BOOKMARK [2][-]{subsection.0.0.0}{\376\377\0000\000.\0000\000.\0000\000\040\000F\000i\000n\000i\000t\000e\000-\000T\000i\000m\000e\000\040\000C\000o\000n\000v\000e\000r\000g\000e\000n\000c\000e}{section.0.0}% 107
\BOOKMARK [1][-]{section.0.0}{\376\377\0000\000.\0000\000\040\000R\000o\000b\000u\000s\000t\000n\000e\000s\000s\000\040\000t\000o\000\040\000M\000a\000t\000c\000h\000e\000d\000\040\000D\000i\000s\000t\000u\000r\000b\000a\000n\000c\000e\000s}{chapter.0}% 108
\BOOKMARK [2][-]{subsection.0.0.0}{\376\377\0000\000.\0000\000.\0000\000\040\000D\000i\000s\000t\000u\000r\000b\000a\000n\000c\000e\000\040\000R\000e\000j\000e\000c\000t\000i\000o\000n\000\040\000C\000o\000n\000d\000i\000t\000i\000o\000n}{section.0.0}% 109
\BOOKMARK [1][-]{section.0.0}{\376\377\0000\000.\0000\000\040\000I\000m\000p\000l\000e\000m\000e\000n\000t\000a\000t\000i\000o\000n\000\040\000D\000e\000t\000a\000i\000l\000s}{chapter.0}% 110
\BOOKMARK [2][-]{subsection.0.0.0}{\376\377\0000\000.\0000\000.\0000\000\040\000A\000l\000g\000o\000r\000i\000t\000h\000m\000\040\000S\000t\000r\000u\000c\000t\000u\000r\000e}{section.0.0}% 111
\BOOKMARK [2][-]{subsection.0.0.0}{\376\377\0000\000.\0000\000.\0000\000\040\000C\000o\000m\000p\000u\000t\000a\000t\000i\000o\000n\000a\000l\000\040\000C\000o\000m\000p\000l\000e\000x\000i\000t\000y}{section.0.0}% 112
\BOOKMARK [1][-]{section.0.0}{\376\377\0000\000.\0000\000\040\000E\000x\000p\000e\000r\000i\000m\000e\000n\000t\000a\000l\000\040\000V\000a\000l\000i\000d\000a\000t\000i\000o\000n}{chapter.0}% 113
\BOOKMARK [2][-]{subsection.0.0.0}{\376\377\0000\000.\0000\000.\0000\000\040\000T\000e\000s\000t\000\040\000C\000o\000n\000f\000i\000g\000u\000r\000a\000t\000i\000o\000n}{section.0.0}% 114
\BOOKMARK [2][-]{subsection.0.0.0}{\376\377\0000\000.\0000\000.\0000\000\040\000P\000e\000r\000f\000o\000r\000m\000a\000n\000c\000e\000\040\000M\000e\000t\000r\000i\000c\000s}{section.0.0}% 115
\BOOKMARK [1][-]{section.0.0}{\376\377\0000\000.\0000\000\040\000C\000o\000m\000p\000a\000r\000i\000s\000o\000n\000\040\000w\000i\000t\000h\000\040\000A\000d\000v\000a\000n\000c\000e\000d\000\040\000S\000M\000C\000\040\000V\000a\000r\000i\000a\000n\000t\000s}{chapter.0}% 116
\BOOKMARK [1][-]{section.0.0}{\376\377\0000\000.\0000\000\040\000S\000u\000m\000m\000a\000r\000y\000\040\000a\000n\000d\000\040\000K\000e\000y\000\040\000T\000a\000k\000e\000a\000w\000a\000y\000s}{chapter.0}% 117
\BOOKMARK [0][-]{chapter.0}{\376\377\0000\000\040\000S\000u\000p\000e\000r\000-\000T\000w\000i\000s\000t\000i\000n\000g\000\040\000A\000l\000g\000o\000r\000i\000t\000h\000m}{}% 118
\BOOKMARK [1][-]{section.0.0}{\376\377\0000\000.\0000\000\040\000I\000n\000t\000r\000o\000d\000u\000c\000t\000i\000o\000n\000\040\000t\000o\000\040\000S\000e\000c\000o\000n\000d\000-\000O\000r\000d\000e\000r\000\040\000S\000l\000i\000d\000i\000n\000g\000\040\000M\000o\000d\000e\000s}{chapter.0}% 119
\BOOKMARK [2][-]{subsection.0.0.0}{\376\377\0000\000.\0000\000.\0000\000\040\000M\000o\000t\000i\000v\000a\000t\000i\000o\000n}{section.0.0}% 120
\BOOKMARK [1][-]{section.0.0}{\376\377\0000\000.\0000\000\040\000S\000u\000p\000e\000r\000-\000T\000w\000i\000s\000t\000i\000n\000g\000\040\000C\000o\000n\000t\000r\000o\000l\000\040\000L\000a\000w}{chapter.0}% 121
\BOOKMARK [2][-]{subsection.0.0.0}{\376\377\0000\000.\0000\000.\0000\000\040\000C\000o\000n\000t\000i\000n\000u\000o\000u\000s\000-\000T\000i\000m\000e\000\040\000F\000o\000r\000m\000u\000l\000a\000t\000i\000o\000n}{section.0.0}% 122
\BOOKMARK [2][-]{subsection.0.0.0}{\376\377\0000\000.\0000\000.\0000\000\040\000D\000i\000s\000c\000r\000e\000t\000e\000-\000T\000i\000m\000e\000\040\000I\000m\000p\000l\000e\000m\000e\000n\000t\000a\000t\000i\000o\000n}{section.0.0}% 123
\BOOKMARK [2][-]{subsection.0.0.0}{\376\377\0000\000.\0000\000.\0000\000\040\000C\000o\000m\000p\000a\000r\000i\000s\000o\000n\000\040\000w\000i\000t\000h\000\040\000C\000l\000a\000s\000s\000i\000c\000a\000l\000\040\000S\000M\000C}{section.0.0}% 124
\BOOKMARK [1][-]{section.0.0}{\376\377\0000\000.\0000\000\040\000W\000o\000r\000k\000e\000d\000\040\000N\000u\000m\000e\000r\000i\000c\000a\000l\000\040\000E\000x\000a\000m\000p\000l\000e\000:\000\040\000S\000T\000A\000\040\000C\000o\000n\000t\000r\000o\000l\000\040\000C\000o\000m\000p\000u\000t\000a\000t\000i\000o\000n}{chapter.0}% 125
\BOOKMARK [2][-]{subsection.0.0.0}{\376\377\0000\000.\0000\000.\0000\000\040\000P\000r\000o\000b\000l\000e\000m\000\040\000S\000e\000t\000u\000p}{section.0.0}% 126
\BOOKMARK [2][-]{subsection.0.0.0}{\376\377\0000\000.\0000\000.\0000\000\040\000S\000t\000e\000p\000-\000b\000y\000-\000S\000t\000e\000p\000\040\000C\000o\000m\000p\000u\000t\000a\000t\000i\000o\000n}{section.0.0}% 127
\BOOKMARK [2][-]{subsection.0.0.0}{\376\377\0000\000.\0000\000.\0000\000\040\000R\000e\000s\000u\000l\000t\000\040\000I\000n\000t\000e\000r\000p\000r\000e\000t\000a\000t\000i\000o\000n}{section.0.0}% 128
\BOOKMARK [2][-]{subsection.0.0.0}{\376\377\0000\000.\0000\000.\0000\000\040\000C\000o\000m\000p\000a\000r\000i\000s\000o\000n\000\040\000w\000i\000t\000h\000\040\000C\000l\000a\000s\000s\000i\000c\000a\000l\000\040\000S\000M\000C}{section.0.0}% 129
\BOOKMARK [2][-]{subsection.0.0.0}{\376\377\0000\000.\0000\000.\0000\000\040\000P\000y\000t\000h\000o\000n\000\040\000V\000e\000r\000i\000f\000i\000c\000a\000t\000i\000o\000n\000\040\000C\000o\000d\000e}{section.0.0}% 130
\BOOKMARK [1][-]{section.0.0}{\376\377\0000\000.\0000\000\040\000F\000i\000n\000i\000t\000e\000-\000T\000i\000m\000e\000\040\000C\000o\000n\000v\000e\000r\000g\000e\000n\000c\000e\000:\000\040\000L\000y\000a\000p\000u\000n\000o\000v\000\040\000P\000r\000o\000o\000f}{chapter.0}% 131
\BOOKMARK [2][-]{subsection.0.0.0}{\376\377\0000\000.\0000\000.\0000\000\040\000M\000o\000r\000e\000n\000o\000-\000O\000s\000o\000r\000i\000o\000\040\000L\000y\000a\000p\000u\000n\000o\000v\000\040\000F\000u\000n\000c\000t\000i\000o\000n}{section.0.0}% 132
\BOOKMARK [2][-]{subsection.0.0.0}{\376\377\0000\000.\0000\000.\0000\000\040\000S\000t\000a\000b\000i\000l\000i\000t\000y\000\040\000C\000o\000n\000d\000i\000t\000i\000o\000n\000s}{section.0.0}% 133
\BOOKMARK [2][-]{subsection.0.0.0}{\376\377\0000\000.\0000\000.\0000\000\040\000G\000a\000i\000n\000\040\000T\000u\000n\000i\000n\000g\000\040\000G\000u\000i\000d\000e\000l\000i\000n\000e\000s}{section.0.0}% 134
\BOOKMARK [1][-]{section.0.0}{\376\377\0000\000.\0000\000\040\000C\000h\000a\000t\000t\000e\000r\000i\000n\000g\000\040\000R\000e\000d\000u\000c\000t\000i\000o\000n\000\040\000M\000e\000c\000h\000a\000n\000i\000s\000m\000s}{chapter.0}% 135
\BOOKMARK [2][-]{subsection.0.0.0}{\376\377\0000\000.\0000\000.\0000\000\040\000W\000h\000y\000\040\000S\000T\000A\000\040\000R\000e\000d\000u\000c\000e\000s\000\040\000C\000h\000a\000t\000t\000e\000r\000i\000n\000g}{section.0.0}% 136
\BOOKMARK [2][-]{subsection.0.0.0}{\376\377\0000\000.\0000\000.\0000\000\040\000B\000o\000u\000n\000d\000a\000r\000y\000\040\000L\000a\000y\000e\000r\000\040\000A\000p\000p\000r\000o\000x\000i\000m\000a\000t\000i\000o\000n}{section.0.0}% 137
\BOOKMARK [1][-]{section.0.0}{\376\377\0000\000.\0000\000\040\000A\000n\000t\000i\000-\000W\000i\000n\000d\000u\000p\000\040\000a\000n\000d\000\040\000I\000n\000t\000e\000g\000r\000a\000l\000\040\000S\000t\000a\000t\000e\000\040\000M\000a\000n\000a\000g\000e\000m\000e\000n\000t}{chapter.0}% 138
\BOOKMARK [2][-]{subsection.0.0.0}{\376\377\0000\000.\0000\000.\0000\000\040\000I\000n\000t\000e\000g\000r\000a\000t\000o\000r\000\040\000W\000i\000n\000d\000u\000p\000\040\000P\000r\000o\000b\000l\000e\000m}{section.0.0}% 139
\BOOKMARK [2][-]{subsection.0.0.0}{\376\377\0000\000.\0000\000.\0000\000\040\000B\000a\000c\000k\000-\000C\000a\000l\000c\000u\000l\000a\000t\000i\000o\000n\000\040\000A\000n\000t\000i\000-\000W\000i\000n\000d\000u\000p}{section.0.0}% 140
\BOOKMARK [2][-]{subsection.0.0.0}{\376\377\0000\000.\0000\000.\0000\000\040\000I\000n\000t\000e\000g\000r\000a\000t\000o\000r\000\040\000S\000a\000t\000u\000r\000a\000t\000i\000o\000n}{section.0.0}% 141
\BOOKMARK [1][-]{section.0.0}{\376\377\0000\000.\0000\000\040\000I\000m\000p\000l\000e\000m\000e\000n\000t\000a\000t\000i\000o\000n\000\040\000w\000i\000t\000h\000\040\000N\000u\000m\000b\000a\000\040\000A\000c\000c\000e\000l\000e\000r\000a\000t\000i\000o\000n}{chapter.0}% 142
\BOOKMARK [2][-]{subsection.0.0.0}{\376\377\0000\000.\0000\000.\0000\000\040\000C\000o\000m\000p\000u\000t\000a\000t\000i\000o\000n\000a\000l\000\040\000B\000o\000t\000t\000l\000e\000n\000e\000c\000k}{section.0.0}% 143
\BOOKMARK [2][-]{subsection.0.0.0}{\376\377\0000\000.\0000\000.\0000\000\040\000N\000u\000m\000b\000a\000\040\000J\000I\000T\000\040\000C\000o\000m\000p\000i\000l\000a\000t\000i\000o\000n}{section.0.0}% 144
\BOOKMARK [1][-]{section.0.0}{\376\377\0000\000.\0000\000\040\000E\000x\000p\000e\000r\000i\000m\000e\000n\000t\000a\000l\000\040\000V\000a\000l\000i\000d\000a\000t\000i\000o\000n}{chapter.0}% 145
\BOOKMARK [2][-]{subsection.0.0.0}{\376\377\0000\000.\0000\000.\0000\000\040\000T\000e\000s\000t\000\040\000C\000o\000n\000f\000i\000g\000u\000r\000a\000t\000i\000o\000n}{section.0.0}% 146
\BOOKMARK [2][-]{subsection.0.0.0}{\376\377\0000\000.\0000\000.\0000\000\040\000P\000e\000r\000f\000o\000r\000m\000a\000n\000c\000e\000\040\000M\000e\000t\000r\000i\000c\000s}{section.0.0}% 147
\BOOKMARK [2][-]{subsection.0.0.0}{\376\377\0000\000.\0000\000.\0000\000\040\000B\000o\000u\000n\000d\000a\000r\000y\000\040\000L\000a\000y\000e\000r\000\040\000O\000p\000t\000i\000m\000i\000z\000a\000t\000i\000o\000n\000\040\000R\000e\000s\000u\000l\000t\000s\000\040\000\050\000M\000T\000-\0006\000\051}{section.0.0}% 148
\BOOKMARK [1][-]{section.0.0}{\376\377\0000\000.\0000\000\040\000G\000a\000i\000n\000\040\000V\000a\000l\000i\000d\000a\000t\000i\000o\000n\000\040\000a\000n\000d\000\040\000C\000o\000n\000s\000t\000r\000a\000i\000n\000t\000s}{chapter.0}% 149
\BOOKMARK [2][-]{subsection.0.0.0}{\376\377\0000\000.\0000\000.\0000\000\040\000P\000o\000s\000i\000t\000i\000v\000i\000t\000y\000\040\000R\000e\000q\000u\000i\000r\000e\000m\000e\000n\000t\000s}{section.0.0}% 150
\BOOKMARK [1][-]{section.0.0}{\376\377\0000\000.\0000\000\040\000S\000u\000m\000m\000a\000r\000y\000\040\000a\000n\000d\000\040\000K\000e\000y\000\040\000T\000a\000k\000e\000a\000w\000a\000y\000s}{chapter.0}% 151
\BOOKMARK [0][-]{chapter.0}{\376\377\0000\000\040\000A\000d\000a\000p\000t\000i\000v\000e\000\040\000S\000l\000i\000d\000i\000n\000g\000\040\000M\000o\000d\000e\000\040\000C\000o\000n\000t\000r\000o\000l}{}% 152
\BOOKMARK [1][-]{section.0.0}{\376\377\0000\000.\0000\000\040\000M\000o\000t\000i\000v\000a\000t\000i\000o\000n\000\040\000f\000o\000r\000\040\000A\000d\000a\000p\000t\000i\000v\000e\000\040\000C\000o\000n\000t\000r\000o\000l}{chapter.0}% 153
\BOOKMARK [2][-]{subsection.0.0.0}{\376\377\0000\000.\0000\000.\0000\000\040\000L\000i\000m\000i\000t\000a\000t\000i\000o\000n\000s\000\040\000o\000f\000\040\000F\000i\000x\000e\000d\000-\000G\000a\000i\000n\000\040\000C\000o\000n\000t\000r\000o\000l\000l\000e\000r\000s}{section.0.0}% 154
\BOOKMARK [2][-]{subsection.0.0.0}{\376\377\0000\000.\0000\000.\0000\000\040\000S\000o\000u\000r\000c\000e\000s\000\040\000o\000f\000\040\000U\000n\000c\000e\000r\000t\000a\000i\000n\000t\000y\000\040\000i\000n\000\040\000D\000I\000P\000\040\000S\000y\000s\000t\000e\000m\000s}{section.0.0}% 155
\BOOKMARK [2][-]{subsection.0.0.0}{\376\377\0000\000.\0000\000.\0000\000\040\000W\000h\000y\000\040\000A\000d\000a\000p\000t\000a\000t\000i\000o\000n\000\040\000I\000n\000s\000t\000e\000a\000d\000\040\000o\000f\000\040\000R\000o\000b\000u\000s\000t\000\040\000F\000i\000x\000e\000d\000\040\000G\000a\000i\000n\000s\000?}{section.0.0}% 156
\BOOKMARK [1][-]{section.0.0}{\376\377\0000\000.\0000\000\040\000A\000d\000a\000p\000t\000i\000v\000e\000\040\000G\000a\000i\000n\000\040\000S\000c\000h\000e\000d\000u\000l\000i\000n\000g}{chapter.0}% 157
\BOOKMARK [2][-]{subsection.0.0.0}{\376\377\0000\000.\0000\000.\0000\000\040\000E\000x\000t\000e\000n\000d\000e\000d\000\040\000L\000y\000a\000p\000u\000n\000o\000v\000\040\000F\000u\000n\000c\000t\000i\000o\000n}{section.0.0}% 158
\BOOKMARK [2][-]{subsection.0.0.0}{\376\377\0000\000.\0000\000.\0000\000\040\000A\000d\000a\000p\000t\000a\000t\000i\000o\000n\000\040\000L\000a\000w\000\040\000D\000e\000r\000i\000v\000a\000t\000i\000o\000n}{section.0.0}% 159
\BOOKMARK [2][-]{subsection.0.0.0}{\376\377\0000\000.\0000\000.\0000\000\040\000D\000e\000a\000d\000-\000Z\000o\000n\000e\000\040\000M\000e\000c\000h\000a\000n\000i\000s\000m}{section.0.0}% 160
\BOOKMARK [2][-]{subsection.0.0.0}{\376\377\0000\000.\0000\000.\0000\000\040\000L\000e\000a\000k\000-\000R\000a\000t\000e\000\040\000f\000o\000r\000\040\000B\000o\000u\000n\000d\000e\000d\000\040\000A\000d\000a\000p\000t\000a\000t\000i\000o\000n}{section.0.0}% 161
\BOOKMARK [1][-]{section.0.0}{\376\377\0000\000.\0000\000\040\000W\000o\000r\000k\000e\000d\000\040\000N\000u\000m\000e\000r\000i\000c\000a\000l\000\040\000E\000x\000a\000m\000p\000l\000e}{chapter.0}% 162
\BOOKMARK [2][-]{subsection.0.0.0}{\376\377\0000\000.\0000\000.\0000\000\040\000P\000r\000o\000b\000l\000e\000m\000\040\000S\000e\000t\000u\000p}{section.0.0}% 163
\BOOKMARK [2][-]{subsection.0.0.0}{\376\377\0000\000.\0000\000.\0000\000\040\000S\000t\000e\000p\000-\000b\000y\000-\000S\000t\000e\000p\000\040\000C\000o\000m\000p\000u\000t\000a\000t\000i\000o\000n}{section.0.0}% 164
\BOOKMARK [2][-]{subsection.0.0.0}{\376\377\0000\000.\0000\000.\0000\000\040\000K\000e\000y\000\040\000O\000b\000s\000e\000r\000v\000a\000t\000i\000o\000n\000s}{section.0.0}% 165
\BOOKMARK [2][-]{subsection.0.0.0}{\376\377\0000\000.\0000\000.\0000\000\040\000C\000o\000m\000p\000a\000r\000i\000s\000o\000n\000:\000\040\000F\000i\000x\000e\000d\000\040\000v\000s\000.\000\040\000A\000d\000a\000p\000t\000i\000v\000e\000\040\000G\000a\000i\000n}{section.0.0}% 166
\BOOKMARK [1][-]{section.0.0}{\376\377\0000\000.\0000\000\040\000C\000o\000m\000p\000l\000e\000t\000e\000\040\000A\000d\000a\000p\000t\000i\000v\000e\000\040\000S\000M\000C\000\040\000C\000o\000n\000t\000r\000o\000l\000\040\000L\000a\000w}{chapter.0}% 167
\BOOKMARK [2][-]{subsection.0.0.0}{\376\377\0000\000.\0000\000.\0000\000\040\000C\000o\000n\000t\000r\000o\000l\000\040\000S\000t\000r\000u\000c\000t\000u\000r\000e}{section.0.0}% 168
\BOOKMARK [2][-]{subsection.0.0.0}{\376\377\0000\000.\0000\000.\0000\000\040\000D\000i\000s\000c\000r\000e\000t\000e\000-\000T\000i\000m\000e\000\040\000I\000m\000p\000l\000e\000m\000e\000n\000t\000a\000t\000i\000o\000n}{section.0.0}% 169
\BOOKMARK [2][-]{subsection.0.0.0}{\376\377\0000\000.\0000\000.\0000\000\040\000R\000a\000t\000e\000\040\000L\000i\000m\000i\000t\000i\000n\000g}{section.0.0}% 170
\BOOKMARK [1][-]{section.0.0}{\376\377\0000\000.\0000\000\040\000S\000t\000a\000b\000i\000l\000i\000t\000y\000\040\000A\000n\000a\000l\000y\000s\000i\000s}{chapter.0}% 171
\BOOKMARK [1][-]{section.0.0}{\376\377\0000\000.\0000\000\040\000M\000o\000d\000e\000l\000\040\000U\000n\000c\000e\000r\000t\000a\000i\000n\000t\000y\000\040\000R\000o\000b\000u\000s\000t\000n\000e\000s\000s}{chapter.0}% 172
\BOOKMARK [2][-]{subsection.0.0.0}{\376\377\0000\000.\0000\000.\0000\000\040\000P\000a\000r\000a\000m\000e\000t\000e\000r\000\040\000V\000a\000r\000i\000a\000t\000i\000o\000n\000s}{section.0.0}% 173
\BOOKMARK [2][-]{subsection.0.0.0}{\376\377\0000\000.\0000\000.\0000\000\040\000S\000u\000c\000c\000e\000s\000s\000\040\000R\000a\000t\000e\000\040\000C\000o\000m\000p\000a\000r\000i\000s\000o\000n}{section.0.0}% 174
\BOOKMARK [2][-]{subsection.0.0.0}{\376\377\0000\000.\0000\000.\0000\000\040\000D\000i\000s\000t\000u\000r\000b\000a\000n\000c\000e\000\040\000R\000e\000j\000e\000c\000t\000i\000o\000n\000\040\000P\000e\000r\000f\000o\000r\000m\000a\000n\000c\000e}{section.0.0}% 175
\BOOKMARK [1][-]{section.0.0}{\376\377\0000\000.\0000\000\040\000I\000m\000p\000l\000e\000m\000e\000n\000t\000a\000t\000i\000o\000n\000\040\000D\000e\000t\000a\000i\000l\000s}{chapter.0}% 176
\BOOKMARK [2][-]{subsection.0.0.0}{\376\377\0000\000.\0000\000.\0000\000\040\000A\000l\000g\000o\000r\000i\000t\000h\000m\000\040\000S\000t\000r\000u\000c\000t\000u\000r\000e}{section.0.0}% 177
\BOOKMARK [2][-]{subsection.0.0.0}{\376\377\0000\000.\0000\000.\0000\000\040\000T\000u\000n\000i\000n\000g\000\040\000G\000u\000i\000d\000e\000l\000i\000n\000e\000s}{section.0.0}% 178
\BOOKMARK [1][-]{section.0.0}{\376\377\0000\000.\0000\000\040\000E\000x\000p\000e\000r\000i\000m\000e\000n\000t\000a\000l\000\040\000V\000a\000l\000i\000d\000a\000t\000i\000o\000n}{chapter.0}% 179
\BOOKMARK [2][-]{subsection.0.0.0}{\376\377\0000\000.\0000\000.\0000\000\040\000T\000e\000s\000t\000\040\000C\000o\000n\000f\000i\000g\000u\000r\000a\000t\000i\000o\000n}{section.0.0}% 180
\BOOKMARK [2][-]{subsection.0.0.0}{\376\377\0000\000.\0000\000.\0000\000\040\000P\000e\000r\000f\000o\000r\000m\000a\000n\000c\000e\000\040\000M\000e\000t\000r\000i\000c\000s}{section.0.0}% 181
\BOOKMARK [1][-]{section.0.0}{\376\377\0000\000.\0000\000\040\000P\000a\000r\000a\000m\000e\000t\000e\000r\000\040\000S\000e\000l\000e\000c\000t\000i\000o\000n\000\040\000a\000n\000d\000\040\000D\000e\000s\000i\000g\000n\000\040\000G\000u\000i\000d\000e\000l\000i\000n\000e\000s}{chapter.0}% 182
\BOOKMARK [2][-]{subsection.0.0.0}{\376\377\0000\000.\0000\000.\0000\000\040\000S\000t\000e\000p\000-\000b\000y\000-\000S\000t\000e\000p\000\040\000D\000e\000s\000i\000g\000n\000\040\000P\000r\000o\000c\000e\000d\000u\000r\000e}{section.0.0}% 183
\BOOKMARK [2][-]{subsection.0.0.0}{\376\377\0000\000.\0000\000.\0000\000\040\000C\000o\000m\000m\000o\000n\000\040\000P\000i\000t\000f\000a\000l\000l\000s\000\040\000a\000n\000d\000\040\000S\000o\000l\000u\000t\000i\000o\000n\000s}{section.0.0}% 184
\BOOKMARK [2][-]{subsection.0.0.0}{\376\377\0000\000.\0000\000.\0000\000\040\000C\000o\000m\000p\000a\000r\000i\000s\000o\000n\000\040\000w\000i\000t\000h\000\040\000O\000t\000h\000e\000r\000\040\000A\000d\000a\000p\000t\000i\000v\000e\000\040\000T\000e\000c\000h\000n\000i\000q\000u\000e\000s}{section.0.0}% 185
\BOOKMARK [1][-]{section.0.0}{\376\377\0000\000.\0000\000\040\000S\000u\000m\000m\000a\000r\000y\000\040\000a\000n\000d\000\040\000K\000e\000y\000\040\000T\000a\000k\000e\000a\000w\000a\000y\000s}{chapter.0}% 186
\BOOKMARK [0][-]{chapter.0}{\376\377\0000\000\040\000H\000y\000b\000r\000i\000d\000\040\000A\000d\000a\000p\000t\000i\000v\000e\000\040\000S\000T\000A\000-\000S\000M\000C}{}% 187
\BOOKMARK [1][-]{section.0.0}{\376\377\0000\000.\0000\000\040\000M\000o\000t\000i\000v\000a\000t\000i\000o\000n\000\040\000f\000o\000r\000\040\000H\000y\000b\000r\000i\000d\000\040\000C\000o\000n\000t\000r\000o\000l}{chapter.0}% 188
\BOOKMARK [2][-]{subsection.0.0.0}{\376\377\0000\000.\0000\000.\0000\000\040\000L\000i\000m\000i\000t\000a\000t\000i\000o\000n\000s\000\040\000o\000f\000\040\000I\000n\000d\000i\000v\000i\000d\000u\000a\000l\000\040\000C\000o\000n\000t\000r\000o\000l\000l\000e\000r\000s}{section.0.0}% 189
\BOOKMARK [2][-]{subsection.0.0.0}{\376\377\0000\000.\0000\000.\0000\000\040\000H\000y\000b\000r\000i\000d\000\040\000D\000e\000s\000i\000g\000n\000\040\000P\000h\000i\000l\000o\000s\000o\000p\000h\000y}{section.0.0}% 190
\BOOKMARK [2][-]{subsection.0.0.0}{\376\377\0000\000.\0000\000.\0000\000\040\000D\000e\000s\000i\000g\000n\000\040\000G\000o\000a\000l\000s}{section.0.0}% 191
\BOOKMARK [1][-]{section.0.0}{\376\377\0000\000.\0000\000\040\000H\000y\000b\000r\000i\000d\000\040\000C\000o\000n\000t\000r\000o\000l\000\040\000A\000r\000c\000h\000i\000t\000e\000c\000t\000u\000r\000e}{chapter.0}% 192
\BOOKMARK [2][-]{subsection.0.0.0}{\376\377\0000\000.\0000\000.\0000\000\040\000C\000o\000n\000t\000r\000o\000l\000\040\000L\000a\000w\000\040\000S\000t\000r\000u\000c\000t\000u\000r\000e}{section.0.0}% 193
\BOOKMARK [2][-]{subsection.0.0.0}{\376\377\0000\000.\0000\000.\0000\000\040\000D\000u\000a\000l\000-\000G\000a\000i\000n\000\040\000A\000d\000a\000p\000t\000a\000t\000i\000o\000n\000\040\000L\000a\000w\000s}{section.0.0}% 194
\BOOKMARK [2][-]{subsection.0.0.0}{\376\377\0000\000.\0000\000.\0000\000\040\000G\000a\000i\000n\000\040\000C\000o\000u\000p\000l\000i\000n\000g\000\040\000C\000o\000n\000s\000t\000r\000a\000i\000n\000t\000s}{section.0.0}% 195
\BOOKMARK [1][-]{section.0.0}{\376\377\0000\000.\0000\000\040\000S\000t\000a\000b\000i\000l\000i\000t\000y\000\040\000A\000n\000a\000l\000y\000s\000i\000s}{chapter.0}% 196
\BOOKMARK [2][-]{subsection.0.0.0}{\376\377\0000\000.\0000\000.\0000\000\040\000L\000y\000a\000p\000u\000n\000o\000v\000\040\000F\000u\000n\000c\000t\000i\000o\000n\000\040\000f\000o\000r\000\040\000H\000y\000b\000r\000i\000d\000\040\000S\000y\000s\000t\000e\000m}{section.0.0}% 197
\BOOKMARK [2][-]{subsection.0.0.0}{\376\377\0000\000.\0000\000.\0000\000\040\000F\000i\000n\000i\000t\000e\000-\000T\000i\000m\000e\000\040\000C\000o\000n\000v\000e\000r\000g\000e\000n\000c\000e\000\040\000w\000i\000t\000h\000\040\000A\000d\000a\000p\000t\000a\000t\000i\000o\000n}{section.0.0}% 198
\BOOKMARK [2][-]{subsection.0.0.0}{\376\377\0000\000.\0000\000.\0000\000\040\000R\000o\000b\000u\000s\000t\000n\000e\000s\000s\000\040\000t\000o\000\040\000M\000o\000d\000e\000l\000\040\000U\000n\000c\000e\000r\000t\000a\000i\000n\000t\000y}{section.0.0}% 199
\BOOKMARK [1][-]{section.0.0}{\376\377\0000\000.\0000\000\040\000L\000a\000m\000b\000d\000a\000\040\000S\000c\000h\000e\000d\000u\000l\000i\000n\000g\000\040\000f\000o\000r\000\040\000A\000d\000a\000p\000t\000i\000v\000e\000\040\000S\000l\000i\000d\000i\000n\000g\000\040\000S\000u\000r\000f\000a\000c\000e}{chapter.0}% 200
\BOOKMARK [2][-]{subsection.0.0.0}{\376\377\0000\000.\0000\000.\0000\000\040\000S\000t\000a\000t\000e\000-\000D\000e\000p\000e\000n\000d\000e\000n\000t\000\040\000S\000u\000r\000f\000a\000c\000e\000\040\000D\000e\000s\000i\000g\000n}{section.0.0}% 201
\BOOKMARK [2][-]{subsection.0.0.0}{\376\377\0000\000.\0000\000.\0000\000\040\000G\000a\000u\000s\000s\000i\000a\000n\000\040\000S\000c\000h\000e\000d\000u\000l\000i\000n\000g\000\040\000F\000u\000n\000c\000t\000i\000o\000n}{section.0.0}% 202
\BOOKMARK [2][-]{subsection.0.0.0}{\376\377\0000\000.\0000\000.\0000\000\040\000A\000l\000t\000e\000r\000n\000a\000t\000i\000v\000e\000\040\000S\000c\000h\000e\000d\000u\000l\000i\000n\000g\000\040\000F\000u\000n\000c\000t\000i\000o\000n\000s}{section.0.0}% 203
\BOOKMARK [2][-]{subsection.0.0.0}{\376\377\0000\000.\0000\000.\0000\000\040\000D\000e\000s\000i\000g\000n\000\040\000T\000r\000a\000d\000e\000-\000o\000f\000f\000s}{section.0.0}% 204
\BOOKMARK [2][-]{subsection.0.0.0}{\376\377\0000\000.\0000\000.\0000\000\040\000I\000m\000p\000l\000e\000m\000e\000n\000t\000a\000t\000i\000o\000n}{section.0.0}% 205
\BOOKMARK [1][-]{section.0.0}{\376\377\0000\000.\0000\000\040\000I\000m\000p\000l\000e\000m\000e\000n\000t\000a\000t\000i\000o\000n\000\040\000A\000l\000g\000o\000r\000i\000t\000h\000m}{chapter.0}% 206
\BOOKMARK [2][-]{subsection.0.0.0}{\376\377\0000\000.\0000\000.\0000\000\040\000C\000o\000m\000p\000l\000e\000t\000e\000\040\000C\000o\000n\000t\000r\000o\000l\000\040\000C\000o\000m\000p\000u\000t\000a\000t\000i\000o\000n}{section.0.0}% 207
\BOOKMARK [2][-]{subsection.0.0.0}{\376\377\0000\000.\0000\000.\0000\000\040\000P\000a\000r\000a\000m\000e\000t\000e\000r\000\040\000T\000u\000n\000i\000n\000g\000\040\000G\000u\000i\000d\000e\000l\000i\000n\000e\000s}{section.0.0}% 208
\BOOKMARK [2][-]{subsection.0.0.0}{\376\377\0000\000.\0000\000.\0000\000\040\000C\000o\000m\000m\000o\000n\000\040\000P\000i\000t\000f\000a\000l\000l\000s\000\040\000a\000n\000d\000\040\000S\000o\000l\000u\000t\000i\000o\000n\000s}{section.0.0}% 209
\BOOKMARK [1][-]{section.0.0}{\376\377\0000\000.\0000\000\040\000E\000x\000p\000e\000r\000i\000m\000e\000n\000t\000a\000l\000\040\000V\000a\000l\000i\000d\000a\000t\000i\000o\000n}{chapter.0}% 210
\BOOKMARK [2][-]{subsection.0.0.0}{\376\377\0000\000.\0000\000.\0000\000\040\000P\000e\000r\000f\000o\000r\000m\000a\000n\000c\000e\000\040\000C\000o\000m\000p\000a\000r\000i\000s\000o\000n}{section.0.0}% 211
\BOOKMARK [2][-]{subsection.0.0.0}{\376\377\0000\000.\0000\000.\0000\000\040\000E\000n\000e\000r\000g\000y\000\040\000E\000f\000f\000i\000c\000i\000e\000n\000c\000y\000\040\000A\000n\000a\000l\000y\000s\000i\000s}{section.0.0}% 212
\BOOKMARK [2][-]{subsection.0.0.0}{\376\377\0000\000.\0000\000.\0000\000\040\000T\000h\000r\000e\000e\000-\000P\000h\000a\000s\000e\000\040\000P\000e\000r\000f\000o\000r\000m\000a\000n\000c\000e\000\040\000C\000o\000m\000p\000a\000r\000i\000s\000o\000n}{section.0.0}% 213
\BOOKMARK [1][-]{section.0.0}{\376\377\0000\000.\0000\000\040\000S\000u\000m\000m\000a\000r\000y\000\040\000a\000n\000d\000\040\000D\000e\000s\000i\000g\000n\000\040\000G\000u\000i\000d\000e\000l\000i\000n\000e\000s}{chapter.0}% 214
\BOOKMARK [2][-]{subsection.0.0.0}{\376\377\0000\000.\0000\000.\0000\000\040\000K\000e\000y\000\040\000A\000c\000h\000i\000e\000v\000e\000m\000e\000n\000t\000s}{section.0.0}% 215
\BOOKMARK [2][-]{subsection.0.0.0}{\376\377\0000\000.\0000\000.\0000\000\040\000D\000e\000s\000i\000g\000n\000\040\000T\000r\000a\000d\000e\000-\000o\000f\000f\000s}{section.0.0}% 216
\BOOKMARK [2][-]{subsection.0.0.0}{\376\377\0000\000.\0000\000.\0000\000\040\000W\000h\000e\000n\000\040\000t\000o\000\040\000U\000s\000e\000\040\000H\000y\000b\000r\000i\000d\000\040\000S\000T\000A\000-\000S\000M\000C}{section.0.0}% 217
\BOOKMARK [2][-]{subsection.0.0.0}{\376\377\0000\000.\0000\000.\0000\000\040\000S\000t\000e\000p\000-\000b\000y\000-\000S\000t\000e\000p\000\040\000D\000e\000s\000i\000g\000n\000\040\000P\000r\000o\000c\000e\000d\000u\000r\000e}{section.0.0}% 218
\BOOKMARK [2][-]{subsection.0.0.0}{\376\377\0000\000.\0000\000.\0000\000\040\000I\000m\000p\000l\000e\000m\000e\000n\000t\000a\000t\000i\000o\000n\000\040\000C\000h\000e\000c\000k\000l\000i\000s\000t}{section.0.0}% 219
\BOOKMARK [2][-]{subsection.0.0.0}{\376\377\0000\000.\0000\000.\0000\000\040\000F\000u\000t\000u\000r\000e\000\040\000E\000x\000t\000e\000n\000s\000i\000o\000n\000s}{section.0.0}% 220
\BOOKMARK [0][-]{chapter.0}{\376\377\0000\000\040\000P\000a\000r\000t\000i\000c\000l\000e\000\040\000S\000w\000a\000r\000m\000\040\000O\000p\000t\000i\000m\000i\000z\000a\000t\000i\000o\000n\000\040\000T\000h\000e\000o\000r\000y}{}% 221
\BOOKMARK [1][-]{section.0.0}{\376\377\0000\000.\0000\000\040\000P\000a\000r\000t\000i\000c\000l\000e\000\040\000S\000w\000a\000r\000m\000\040\000O\000p\000t\000i\000m\000i\000z\000a\000t\000i\000o\000n\000\040\000F\000u\000n\000d\000a\000m\000e\000n\000t\000a\000l\000s}{chapter.0}% 222
\BOOKMARK [2][-]{subsection.0.0.0}{\376\377\0000\000.\0000\000.\0000\000\040\000B\000a\000s\000i\000c\000\040\000C\000o\000n\000c\000e\000p\000t\000s}{section.0.0}% 223
\BOOKMARK [2][-]{subsection.0.0.0}{\376\377\0000\000.\0000\000.\0000\000\040\000V\000e\000l\000o\000c\000i\000t\000y\000\040\000U\000p\000d\000a\000t\000e\000\040\000E\000q\000u\000a\000t\000i\000o\000n}{section.0.0}% 224
\BOOKMARK [2][-]{subsection.0.0.0}{\376\377\0000\000.\0000\000.\0000\000\040\000P\000o\000s\000i\000t\000i\000o\000n\000\040\000U\000p\000d\000a\000t\000e}{section.0.0}% 225
\BOOKMARK [1][-]{section.0.0}{\376\377\0000\000.\0000\000\040\000W\000o\000r\000k\000e\000d\000\040\000N\000u\000m\000e\000r\000i\000c\000a\000l\000\040\000E\000x\000a\000m\000p\000l\000e\000:\000\040\000P\000S\000O\000\040\000O\000p\000t\000i\000m\000i\000z\000a\000t\000i\000o\000n}{chapter.0}% 226
\BOOKMARK [2][-]{subsection.0.0.0}{\376\377\0000\000.\0000\000.\0000\000\040\000P\000r\000o\000b\000l\000e\000m\000\040\000S\000e\000t\000u\000p}{section.0.0}% 227
\BOOKMARK [2][-]{subsection.0.0.0}{\376\377\0000\000.\0000\000.\0000\000\040\000I\000t\000e\000r\000a\000t\000i\000o\000n\000\040\0000\000:\000\040\000I\000n\000i\000t\000i\000a\000l\000i\000z\000a\000t\000i\000o\000n}{section.0.0}% 228
\BOOKMARK [2][-]{subsection.0.0.0}{\376\377\0000\000.\0000\000.\0000\000\040\000I\000t\000e\000r\000a\000t\000i\000o\000n\000\040\0001\000:\000\040\000F\000i\000r\000s\000t\000\040\000U\000p\000d\000a\000t\000e}{section.0.0}% 229
\BOOKMARK [2][-]{subsection.0.0.0}{\376\377\0000\000.\0000\000.\0000\000\040\000I\000t\000e\000r\000a\000t\000i\000o\000n\000\040\000S\000u\000m\000m\000a\000r\000y}{section.0.0}% 230
\BOOKMARK [2][-]{subsection.0.0.0}{\376\377\0000\000.\0000\000.\0000\000\040\000C\000o\000n\000v\000e\000r\000g\000e\000n\000c\000e\000\040\000A\000n\000a\000l\000y\000s\000i\000s}{section.0.0}% 231
\BOOKMARK [2][-]{subsection.0.0.0}{\376\377\0000\000.\0000\000.\0000\000\040\000P\000y\000t\000h\000o\000n\000\040\000V\000e\000r\000i\000f\000i\000c\000a\000t\000i\000o\000n\000\040\000C\000o\000d\000e}{section.0.0}% 232
\BOOKMARK [1][-]{section.0.0}{\376\377\0000\000.\0000\000\040\000I\000n\000e\000r\000t\000i\000a\000\040\000W\000e\000i\000g\000h\000t\000\040\000S\000t\000r\000a\000t\000e\000g\000i\000e\000s}{chapter.0}% 233
\BOOKMARK [2][-]{subsection.0.0.0}{\376\377\0000\000.\0000\000.\0000\000\040\000L\000i\000n\000e\000a\000r\000l\000y\000\040\000D\000e\000c\000r\000e\000a\000s\000i\000n\000g\000\040\000I\000n\000e\000r\000t\000i\000a\000\040\000W\000e\000i\000g\000h\000t}{section.0.0}% 234
\BOOKMARK [1][-]{section.0.0}{\376\377\0000\000.\0000\000\040\000M\000u\000l\000t\000i\000-\000O\000b\000j\000e\000c\000t\000i\000v\000e\000\040\000P\000S\000O\000\040\000\050\000M\000O\000P\000S\000O\000\051}{chapter.0}% 235
\BOOKMARK [2][-]{subsection.0.0.0}{\376\377\0000\000.\0000\000.\0000\000\040\000W\000e\000i\000g\000h\000t\000e\000d\000\040\000A\000g\000g\000r\000e\000g\000a\000t\000i\000o\000n}{section.0.0}% 236
\BOOKMARK [1][-]{section.0.0}{\376\377\0000\000.\0000\000\040\000A\000p\000p\000l\000i\000c\000a\000t\000i\000o\000n\000\040\000t\000o\000\040\000S\000M\000C\000\040\000G\000a\000i\000n\000\040\000T\000u\000n\000i\000n\000g}{chapter.0}% 237
\BOOKMARK [2][-]{subsection.0.0.0}{\376\377\0000\000.\0000\000.\0000\000\040\000S\000e\000a\000r\000c\000h\000\040\000S\000p\000a\000c\000e}{section.0.0}% 238
\BOOKMARK [2][-]{subsection.0.0.0}{\376\377\0000\000.\0000\000.\0000\000\040\000F\000i\000t\000n\000e\000s\000s\000\040\000E\000v\000a\000l\000u\000a\000t\000i\000o\000n}{section.0.0}% 239
\BOOKMARK [2][-]{subsection.0.0.0}{\376\377\0000\000.\0000\000.\0000\000\040\000P\000S\000O\000\040\000R\000e\000s\000u\000l\000t\000s}{section.0.0}% 240
\BOOKMARK [1][-]{section.0.0}{\376\377\0000\000.\0000\000\040\000S\000u\000m\000m\000a\000r\000y}{chapter.0}% 241
\BOOKMARK [0][-]{chapter.0}{\376\377\0000\000\040\000P\000e\000r\000f\000o\000r\000m\000a\000n\000c\000e\000\040\000B\000e\000n\000c\000h\000m\000a\000r\000k\000i\000n\000g\000\040\000a\000n\000d\000\040\000C\000o\000m\000p\000a\000r\000a\000t\000i\000v\000e\000\040\000A\000n\000a\000l\000y\000s\000i\000s}{}% 242
\BOOKMARK [1][-]{section.0.0}{\376\377\0000\000.\0000\000\040\000I\000n\000t\000r\000o\000d\000u\000c\000t\000i\000o\000n}{chapter.0}% 243
\BOOKMARK [2][-]{subsection.0.0.0}{\376\377\0000\000.\0000\000.\0000\000\040\000M\000o\000t\000i\000v\000a\000t\000i\000o\000n\000\040\000f\000o\000r\000\040\000C\000o\000m\000p\000a\000r\000a\000t\000i\000v\000e\000\040\000B\000e\000n\000c\000h\000m\000a\000r\000k\000i\000n\000g}{section.0.0}% 244
\BOOKMARK [2][-]{subsection.0.0.0}{\376\377\0000\000.\0000\000.\0000\000\040\000R\000e\000s\000e\000a\000r\000c\000h\000\040\000Q\000u\000e\000s\000t\000i\000o\000n\000s}{section.0.0}% 245
\BOOKMARK [1][-]{section.0.0}{\376\377\0000\000.\0000\000\040\000B\000e\000n\000c\000h\000m\000a\000r\000k\000\040\000M\000e\000t\000h\000o\000d\000o\000l\000o\000g\000y}{chapter.0}% 246
\BOOKMARK [2][-]{subsection.0.0.0}{\376\377\0000\000.\0000\000.\0000\000\040\000T\000e\000s\000t\000\040\000C\000o\000n\000f\000i\000g\000u\000r\000a\000t\000i\000o\000n}{section.0.0}% 247
\BOOKMARK [2][-]{subsection.0.0.0}{\376\377\0000\000.\0000\000.\0000\000\040\000P\000e\000r\000f\000o\000r\000m\000a\000n\000c\000e\000\040\000M\000e\000t\000r\000i\000c\000s}{section.0.0}% 248
\BOOKMARK [1][-]{section.0.0}{\376\377\0000\000.\0000\000\040\000C\000o\000m\000p\000u\000t\000a\000t\000i\000o\000n\000a\000l\000\040\000E\000f\000f\000i\000c\000i\000e\000n\000c\000y\000\040\000R\000e\000s\000u\000l\000t\000s}{chapter.0}% 249
\BOOKMARK [2][-]{subsection.0.0.0}{\376\377\0000\000.\0000\000.\0000\000\040\000C\000o\000m\000p\000u\000t\000e\000\040\000T\000i\000m\000e\000\040\000C\000o\000m\000p\000a\000r\000i\000s\000o\000n}{section.0.0}% 250
\BOOKMARK [2][-]{subsection.0.0.0}{\376\377\0000\000.\0000\000.\0000\000\040\000S\000t\000a\000t\000i\000s\000t\000i\000c\000a\000l\000\040\000S\000i\000g\000n\000i\000f\000i\000c\000a\000n\000c\000e\000\040\000o\000f\000\040\000C\000o\000m\000p\000u\000t\000e\000\040\000T\000i\000m\000e\000\040\000D\000i\000f\000f\000e\000r\000e\000n\000c\000e\000s}{section.0.0}% 251
\BOOKMARK [2][-]{subsection.0.0.0}{\376\377\0000\000.\0000\000.\0000\000\040\000I\000m\000p\000l\000i\000c\000a\000t\000i\000o\000n\000s\000\040\000f\000o\000r\000\040\000E\000m\000b\000e\000d\000d\000e\000d\000\040\000D\000e\000p\000l\000o\000y\000m\000e\000n\000t}{section.0.0}% 252
\BOOKMARK [1][-]{section.0.0}{\376\377\0000\000.\0000\000\040\000T\000r\000a\000n\000s\000i\000e\000n\000t\000\040\000R\000e\000s\000p\000o\000n\000s\000e\000\040\000P\000e\000r\000f\000o\000r\000m\000a\000n\000c\000e}{chapter.0}% 253
\BOOKMARK [2][-]{subsection.0.0.0}{\376\377\0000\000.\0000\000.\0000\000\040\000S\000e\000t\000t\000l\000i\000n\000g\000\040\000T\000i\000m\000e\000\040\000A\000n\000a\000l\000y\000s\000i\000s}{section.0.0}% 254
\BOOKMARK [2][-]{subsection.0.0.0}{\376\377\0000\000.\0000\000.\0000\000\040\000O\000v\000e\000r\000s\000h\000o\000o\000t\000\040\000C\000o\000m\000p\000a\000r\000i\000s\000o\000n}{section.0.0}% 255
\BOOKMARK [2][-]{subsection.0.0.0}{\376\377\0000\000.\0000\000.\0000\000\040\000P\000h\000a\000s\000e\000\040\000P\000l\000a\000n\000e\000\040\000T\000r\000a\000j\000e\000c\000t\000o\000r\000y\000\040\000A\000n\000a\000l\000y\000s\000i\000s}{section.0.0}% 256
\BOOKMARK [1][-]{section.0.0}{\376\377\0000\000.\0000\000\040\000C\000h\000a\000t\000t\000e\000r\000i\000n\000g\000\040\000R\000e\000d\000u\000c\000t\000i\000o\000n\000\040\000A\000n\000a\000l\000y\000s\000i\000s}{chapter.0}% 257
\BOOKMARK [2][-]{subsection.0.0.0}{\376\377\0000\000.\0000\000.\0000\000\040\000F\000r\000e\000q\000u\000e\000n\000c\000y\000-\000D\000o\000m\000a\000i\000n\000\040\000C\000h\000a\000t\000t\000e\000r\000i\000n\000g\000\040\000M\000e\000t\000r\000i\000c\000s}{section.0.0}% 258
\BOOKMARK [2][-]{subsection.0.0.0}{\376\377\0000\000.\0000\000.\0000\000\040\000T\000i\000m\000e\000-\000D\000o\000m\000a\000i\000n\000\040\000C\000h\000a\000t\000t\000e\000r\000i\000n\000g\000\040\000A\000n\000a\000l\000y\000s\000i\000s}{section.0.0}% 259
\BOOKMARK [1][-]{section.0.0}{\376\377\0000\000.\0000\000\040\000E\000n\000e\000r\000g\000y\000\040\000E\000f\000f\000i\000c\000i\000e\000n\000c\000y\000\040\000C\000o\000m\000p\000a\000r\000i\000s\000o\000n}{chapter.0}% 260
\BOOKMARK [2][-]{subsection.0.0.0}{\376\377\0000\000.\0000\000.\0000\000\040\000C\000o\000n\000t\000r\000o\000l\000\040\000E\000n\000e\000r\000g\000y\000\040\000S\000t\000a\000t\000i\000s\000t\000i\000c\000s}{section.0.0}% 261
\BOOKMARK [2][-]{subsection.0.0.0}{\376\377\0000\000.\0000\000.\0000\000\040\000E\000n\000e\000r\000g\000y\000\040\000C\000o\000n\000s\000u\000m\000p\000t\000i\000o\000n\000\040\000A\000n\000a\000l\000y\000s\000i\000s}{section.0.0}% 262
\BOOKMARK [2][-]{subsection.0.0.0}{\376\377\0000\000.\0000\000.\0000\000\040\000E\000n\000e\000r\000g\000y\000-\000T\000r\000a\000n\000s\000i\000e\000n\000t\000\040\000T\000r\000a\000d\000e\000-\000o\000f\000f\000\040\000A\000n\000a\000l\000y\000s\000i\000s}{section.0.0}% 263
\BOOKMARK [1][-]{section.0.0}{\376\377\0000\000.\0000\000\040\000H\000y\000b\000r\000i\000d\000\040\000C\000o\000n\000t\000r\000o\000l\000l\000e\000r\000\040\000F\000a\000i\000l\000u\000r\000e\000\040\000A\000n\000a\000l\000y\000s\000i\000s}{chapter.0}% 264
\BOOKMARK [2][-]{subsection.0.0.0}{\376\377\0000\000.\0000\000.\0000\000\040\000F\000a\000i\000l\000u\000r\000e\000\040\000S\000y\000m\000p\000t\000o\000m\000s}{section.0.0}% 265
\BOOKMARK [2][-]{subsection.0.0.0}{\376\377\0000\000.\0000\000.\0000\000\040\000R\000o\000o\000t\000\040\000C\000a\000u\000s\000e\000\040\000H\000y\000p\000o\000t\000h\000e\000s\000e\000s}{section.0.0}% 266
\BOOKMARK [2][-]{subsection.0.0.0}{\376\377\0000\000.\0000\000.\0000\000\040\000D\000e\000b\000u\000g\000g\000i\000n\000g\000\040\000R\000e\000c\000o\000m\000m\000e\000n\000d\000a\000t\000i\000o\000n\000s}{section.0.0}% 267
\BOOKMARK [1][-]{section.0.0}{\376\377\0000\000.\0000\000\040\000P\000e\000r\000f\000o\000r\000m\000a\000n\000c\000e\000\040\000R\000a\000n\000k\000i\000n\000g\000\040\000a\000n\000d\000\040\000C\000o\000n\000t\000r\000o\000l\000l\000e\000r\000\040\000S\000e\000l\000e\000c\000t\000i\000o\000n\000\040\000G\000u\000i\000d\000e}{chapter.0}% 268
\BOOKMARK [2][-]{subsection.0.0.0}{\376\377\0000\000.\0000\000.\0000\000\040\000M\000u\000l\000t\000i\000-\000O\000b\000j\000e\000c\000t\000i\000v\000e\000\040\000P\000e\000r\000f\000o\000r\000m\000a\000n\000c\000e\000\040\000R\000a\000n\000k\000i\000n\000g}{section.0.0}% 269
\BOOKMARK [2][-]{subsection.0.0.0}{\376\377\0000\000.\0000\000.\0000\000\040\000C\000o\000n\000t\000r\000o\000l\000l\000e\000r\000\040\000S\000e\000l\000e\000c\000t\000i\000o\000n\000\040\000D\000e\000c\000i\000s\000i\000o\000n\000\040\000T\000r\000e\000e}{section.0.0}% 270
\BOOKMARK [1][-]{section.0.0}{\376\377\0000\000.\0000\000\040\000L\000i\000m\000i\000t\000a\000t\000i\000o\000n\000s\000\040\000a\000n\000d\000\040\000F\000u\000t\000u\000r\000e\000\040\000W\000o\000r\000k}{chapter.0}% 271
\BOOKMARK [2][-]{subsection.0.0.0}{\376\377\0000\000.\0000\000.\0000\000\040\000L\000i\000m\000i\000t\000a\000t\000i\000o\000n\000s\000\040\000o\000f\000\040\000C\000u\000r\000r\000e\000n\000t\000\040\000S\000t\000u\000d\000y}{section.0.0}% 272
\BOOKMARK [2][-]{subsection.0.0.0}{\376\377\0000\000.\0000\000.\0000\000\040\000F\000u\000t\000u\000r\000e\000\040\000R\000e\000s\000e\000a\000r\000c\000h\000\040\000D\000i\000r\000e\000c\000t\000i\000o\000n\000s}{section.0.0}% 273
\BOOKMARK [1][-]{section.0.0}{\376\377\0000\000.\0000\000\040\000S\000u\000m\000m\000a\000r\000y}{chapter.0}% 274
\BOOKMARK [0][-]{chapter.0}{\376\377\0000\000\040\000P\000S\000O\000\040\000O\000p\000t\000i\000m\000i\000z\000a\000t\000i\000o\000n\000\040\000R\000e\000s\000u\000l\000t\000s\000\040\000f\000o\000r\000\040\000G\000a\000i\000n\000\040\000T\000u\000n\000i\000n\000g}{}% 275
\BOOKMARK [1][-]{section.0.0}{\376\377\0000\000.\0000\000\040\000I\000n\000t\000r\000o\000d\000u\000c\000t\000i\000o\000n}{chapter.0}% 276
\BOOKMARK [2][-]{subsection.0.0.0}{\376\377\0000\000.\0000\000.\0000\000\040\000R\000e\000s\000e\000a\000r\000c\000h\000\040\000Q\000u\000e\000s\000t\000i\000o\000n\000s}{section.0.0}% 277
\BOOKMARK [1][-]{section.0.0}{\376\377\0000\000.\0000\000\040\000P\000S\000O\000\040\000O\000p\000t\000i\000m\000i\000z\000a\000t\000i\000o\000n\000\040\000F\000r\000a\000m\000e\000w\000o\000r\000k}{chapter.0}% 278
\BOOKMARK [2][-]{subsection.0.0.0}{\376\377\0000\000.\0000\000.\0000\000\040\000S\000e\000a\000r\000c\000h\000\040\000S\000p\000a\000c\000e\000\040\000D\000e\000f\000i\000n\000i\000t\000i\000o\000n}{section.0.0}% 279
\BOOKMARK [2][-]{subsection.0.0.0}{\376\377\0000\000.\0000\000.\0000\000\040\000M\000u\000l\000t\000i\000-\000O\000b\000j\000e\000c\000t\000i\000v\000e\000\040\000C\000o\000s\000t\000\040\000F\000u\000n\000c\000t\000i\000o\000n}{section.0.0}% 280
\BOOKMARK [2][-]{subsection.0.0.0}{\376\377\0000\000.\0000\000.\0000\000\040\000R\000o\000b\000u\000s\000t\000\040\000P\000S\000O\000\040\000F\000i\000t\000n\000e\000s\000s\000\040\000E\000v\000a\000l\000u\000a\000t\000i\000o\000n}{section.0.0}% 281
\BOOKMARK [2][-]{subsection.0.0.0}{\376\377\0000\000.\0000\000.\0000\000\040\000P\000S\000O\000\040\000A\000l\000g\000o\000r\000i\000t\000h\000m\000\040\000C\000o\000n\000f\000i\000g\000u\000r\000a\000t\000i\000o\000n}{section.0.0}% 282
\BOOKMARK [1][-]{section.0.0}{\376\377\0000\000.\0000\000\040\000R\000o\000b\000u\000s\000t\000\040\000P\000S\000O\000\040\000R\000e\000s\000u\000l\000t\000s\000\040\000\050\000M\000T\000-\0008\000\051}{chapter.0}% 283
\BOOKMARK [2][-]{subsection.0.0.0}{\376\377\0000\000.\0000\000.\0000\000\040\000P\000e\000r\000f\000o\000r\000m\000a\000n\000c\000e\000\040\000I\000m\000p\000r\000o\000v\000e\000m\000e\000n\000t\000s}{section.0.0}% 284
\BOOKMARK [2][-]{subsection.0.0.0}{\376\377\0000\000.\0000\000.\0000\000\040\000O\000p\000t\000i\000m\000i\000z\000e\000d\000\040\000G\000a\000i\000n\000\040\000V\000a\000l\000u\000e\000s}{section.0.0}% 285
\BOOKMARK [2][-]{subsection.0.0.0}{\376\377\0000\000.\0000\000.\0000\000\040\000E\000n\000e\000r\000g\000y\000\040\000a\000n\000d\000\040\000C\000h\000a\000t\000t\000e\000r\000i\000n\000g\000\040\000I\000m\000p\000r\000o\000v\000e\000m\000e\000n\000t\000s}{section.0.0}% 286
\BOOKMARK [2][-]{subsection.0.0.0}{\376\377\0000\000.\0000\000.\0000\000\040\000C\000o\000n\000v\000e\000r\000g\000e\000n\000c\000e\000\040\000A\000n\000a\000l\000y\000s\000i\000s}{section.0.0}% 287
\BOOKMARK [2][-]{subsection.0.0.0}{\376\377\0000\000.\0000\000.\0000\000\040\000C\000o\000m\000p\000u\000t\000a\000t\000i\000o\000n\000a\000l\000\040\000C\000o\000s\000t}{section.0.0}% 288
\BOOKMARK [1][-]{section.0.0}{\376\377\0000\000.\0000\000\040\000N\000e\000c\000e\000s\000s\000i\000t\000y\000\040\000o\000f\000\040\000R\000o\000b\000u\000s\000t\000\040\000P\000S\000O\000\040\000\050\000M\000T\000-\0008\000\040\000B\000a\000s\000e\000l\000i\000n\000e\000\040\000F\000a\000i\000l\000u\000r\000e\000\051}{chapter.0}% 289
\BOOKMARK [2][-]{subsection.0.0.0}{\376\377\0000\000.\0000\000.\0000\000\040\000B\000a\000s\000e\000l\000i\000n\000e\000\040\000D\000i\000s\000t\000u\000r\000b\000a\000n\000c\000e\000\040\000R\000e\000j\000e\000c\000t\000i\000o\000n\000\040\000F\000a\000i\000l\000u\000r\000e}{section.0.0}% 290
\BOOKMARK [2][-]{subsection.0.0.0}{\376\377\0000\000.\0000\000.\0000\000\040\000P\000o\000s\000t\000-\000O\000p\000t\000i\000m\000i\000z\000a\000t\000i\000o\000n\000\040\000D\000i\000s\000t\000u\000r\000b\000a\000n\000c\000e\000\040\000R\000e\000j\000e\000c\000t\000i\000o\000n}{section.0.0}% 291
\BOOKMARK [1][-]{section.0.0}{\376\377\0000\000.\0000\000\040\000G\000e\000n\000e\000r\000a\000l\000i\000z\000a\000t\000i\000o\000n\000\040\000t\000o\000\040\000C\000h\000a\000l\000l\000e\000n\000g\000i\000n\000g\000\040\000C\000o\000n\000d\000i\000t\000i\000o\000n\000s\000\040\000\050\000M\000T\000-\0007\000\051}{chapter.0}% 292
\BOOKMARK [2][-]{subsection.0.0.0}{\376\377\0000\000.\0000\000.\0000\000\040\000M\000T\000-\0007\000\040\000R\000o\000b\000u\000s\000t\000n\000e\000s\000s\000\040\000V\000a\000l\000i\000d\000a\000t\000i\000o\000n\000\040\000M\000e\000t\000h\000o\000d\000o\000l\000o\000g\000y}{section.0.0}% 293
\BOOKMARK [2][-]{subsection.0.0.0}{\376\377\0000\000.\0000\000.\0000\000\040\000S\000e\000v\000e\000r\000e\000\040\000G\000e\000n\000e\000r\000a\000l\000i\000z\000a\000t\000i\000o\000n\000\040\000F\000a\000i\000l\000u\000r\000e}{section.0.0}% 294
\BOOKMARK [2][-]{subsection.0.0.0}{\376\377\0000\000.\0000\000.\0000\000\040\000R\000o\000o\000t\000\040\000C\000a\000u\000s\000e\000\040\000A\000n\000a\000l\000y\000s\000i\000s}{section.0.0}% 295
\BOOKMARK [2][-]{subsection.0.0.0}{\376\377\0000\000.\0000\000.\0000\000\040\000M\000T\000-\0007\000\040\000S\000t\000a\000t\000i\000s\000t\000i\000c\000a\000l\000\040\000V\000a\000l\000i\000d\000a\000t\000i\000o\000n}{section.0.0}% 296
\BOOKMARK [1][-]{section.0.0}{\376\377\0000\000.\0000\000\040\000R\000e\000c\000o\000m\000m\000e\000n\000d\000a\000t\000i\000o\000n\000s\000\040\000f\000o\000r\000\040\000R\000o\000b\000u\000s\000t\000\040\000P\000S\000O\000\040\000D\000e\000s\000i\000g\000n}{chapter.0}% 297
\BOOKMARK [2][-]{subsection.0.0.0}{\376\377\0000\000.\0000\000.\0000\000\040\000M\000u\000l\000t\000i\000-\000S\000c\000e\000n\000a\000r\000i\000o\000\040\000P\000S\000O\000\040\000O\000p\000t\000i\000m\000i\000z\000a\000t\000i\000o\000n}{section.0.0}% 298
\BOOKMARK [2][-]{subsection.0.0.0}{\376\377\0000\000.\0000\000.\0000\000\040\000A\000d\000a\000p\000t\000i\000v\000e\000\040\000B\000o\000u\000n\000d\000a\000r\000y\000\040\000L\000a\000y\000e\000r\000\040\000S\000c\000h\000e\000d\000u\000l\000i\000n\000g}{section.0.0}% 299
\BOOKMARK [2][-]{subsection.0.0.0}{\376\377\0000\000.\0000\000.\0000\000\040\000W\000a\000r\000m\000-\000S\000t\000a\000r\000t\000\040\000P\000S\000O\000\040\000f\000o\000r\000\040\000F\000a\000s\000t\000e\000r\000\040\000C\000o\000n\000v\000e\000r\000g\000e\000n\000c\000e}{section.0.0}% 300
\BOOKMARK [1][-]{section.0.0}{\376\377\0000\000.\0000\000\040\000P\000S\000O\000\040\000G\000a\000i\000n\000\040\000T\000u\000n\000i\000n\000g\000\040\000f\000o\000r\000\040\000B\000o\000u\000n\000d\000a\000r\000y\000\040\000L\000a\000y\000e\000r\000\040\000\050\000M\000T\000-\0006\000\051}{chapter.0}% 301
\BOOKMARK [2][-]{subsection.0.0.0}{\376\377\0000\000.\0000\000.\0000\000\040\000A\000d\000a\000p\000t\000i\000v\000e\000\040\000B\000o\000u\000n\000d\000a\000r\000y\000\040\000L\000a\000y\000e\000r\000\040\000H\000y\000p\000o\000t\000h\000e\000s\000i\000s}{section.0.0}% 302
\BOOKMARK [2][-]{subsection.0.0.0}{\376\377\0000\000.\0000\000.\0000\000\040\000M\000T\000-\0006\000\040\000R\000e\000s\000u\000l\000t\000s\000:\000\040\000M\000a\000r\000g\000i\000n\000a\000l\000\040\000B\000e\000n\000e\000f\000i\000t}{section.0.0}% 303
\BOOKMARK [2][-]{subsection.0.0.0}{\376\377\0000\000.\0000\000.\0000\000\040\000M\000T\000-\0006\000\040\000C\000o\000n\000c\000l\000u\000s\000i\000o\000n\000:\000\040\000F\000i\000x\000e\000d\000\040\000B\000o\000u\000n\000d\000a\000r\000y\000\040\000L\000a\000y\000e\000r\000\040\000S\000u\000f\000f\000i\000c\000i\000e\000n\000t}{section.0.0}% 304
\BOOKMARK [1][-]{section.0.0}{\376\377\0000\000.\0000\000\040\000S\000u\000m\000m\000a\000r\000y\000\040\000a\000n\000d\000\040\000D\000e\000s\000i\000g\000n\000\040\000G\000u\000i\000d\000e\000l\000i\000n\000e\000s}{chapter.0}% 305
\BOOKMARK [2][-]{subsection.0.0.0}{\376\377\0000\000.\0000\000.\0000\000\040\000K\000e\000y\000\040\000F\000i\000n\000d\000i\000n\000g\000s}{section.0.0}% 306
\BOOKMARK [2][-]{subsection.0.0.0}{\376\377\0000\000.\0000\000.\0000\000\040\000P\000S\000O\000\040\000D\000e\000s\000i\000g\000n\000\040\000G\000u\000i\000d\000e\000l\000i\000n\000e\000s\000\040\000f\000o\000r\000\040\000P\000r\000o\000d\000u\000c\000t\000i\000o\000n}{section.0.0}% 307
\BOOKMARK [2][-]{subsection.0.0.0}{\376\377\0000\000.\0000\000.\0000\000\040\000O\000p\000e\000n\000\040\000Q\000u\000e\000s\000t\000i\000o\000n\000s\000\040\000f\000o\000r\000\040\000F\000u\000t\000u\000r\000e\000\040\000R\000e\000s\000e\000a\000r\000c\000h}{section.0.0}% 308
\BOOKMARK [1][-]{section.0.0}{\376\377\0000\000.\0000\000\040\000C\000o\000n\000c\000l\000u\000s\000i\000o\000n}{chapter.0}% 309
\BOOKMARK [0][-]{chapter.0}{\376\377\0000\000\040\000A\000d\000v\000a\000n\000c\000e\000d\000\040\000T\000o\000p\000i\000c\000s\000:\000\040\000R\000o\000b\000u\000s\000t\000n\000e\000s\000s\000\040\000a\000n\000d\000\040\000M\000o\000d\000e\000l\000\040\000U\000n\000c\000e\000r\000t\000a\000i\000n\000t\000y}{}% 310
\BOOKMARK [1][-]{section.0.0}{\376\377\0000\000.\0000\000\040\000I\000n\000t\000r\000o\000d\000u\000c\000t\000i\000o\000n}{chapter.0}% 311
\BOOKMARK [2][-]{subsection.0.0.0}{\376\377\0000\000.\0000\000.\0000\000\040\000R\000e\000s\000e\000a\000r\000c\000h\000\040\000Q\000u\000e\000s\000t\000i\000o\000n\000s}{section.0.0}% 312
\BOOKMARK [1][-]{section.0.0}{\376\377\0000\000.\0000\000\040\000D\000i\000s\000t\000u\000r\000b\000a\000n\000c\000e\000\040\000R\000e\000j\000e\000c\000t\000i\000o\000n\000\040\000A\000n\000a\000l\000y\000s\000i\000s\000\040\000\050\000M\000T\000-\0008\000\051}{chapter.0}% 313
\BOOKMARK [2][-]{subsection.0.0.0}{\376\377\0000\000.\0000\000.\0000\000\040\000D\000i\000s\000t\000u\000r\000b\000a\000n\000c\000e\000\040\000S\000c\000e\000n\000a\000r\000i\000o\000s}{section.0.0}% 314
\BOOKMARK [2][-]{subsection.0.0.0}{\376\377\0000\000.\0000\000.\0000\000\040\000D\000i\000s\000t\000u\000r\000b\000a\000n\000c\000e\000\040\000R\000e\000j\000e\000c\000t\000i\000o\000n\000\040\000R\000e\000s\000u\000l\000t\000s}{section.0.0}% 315
\BOOKMARK [2][-]{subsection.0.0.0}{\376\377\0000\000.\0000\000.\0000\000\040\000C\000o\000m\000p\000a\000r\000i\000s\000o\000n\000\040\000t\000o\000\040\000B\000a\000s\000e\000l\000i\000n\000e\000\040\000\050\000P\000r\000e\000-\000P\000S\000O\000\051\000\040\000P\000e\000r\000f\000o\000r\000m\000a\000n\000c\000e}{section.0.0}% 316
\BOOKMARK [2][-]{subsection.0.0.0}{\376\377\0000\000.\0000\000.\0000\000\040\000D\000i\000s\000t\000u\000r\000b\000a\000n\000c\000e\000\040\000M\000a\000g\000n\000i\000t\000u\000d\000e\000\040\000S\000e\000n\000s\000i\000t\000i\000v\000i\000t\000y}{section.0.0}% 317
\BOOKMARK [2][-]{subsection.0.0.0}{\376\377\0000\000.\0000\000.\0000\000\040\000L\000T\000-\0007\000\040\000D\000i\000s\000t\000u\000r\000b\000a\000n\000c\000e\000\040\000R\000e\000j\000e\000c\000t\000i\000o\000n\000\040\000V\000a\000l\000i\000d\000a\000t\000i\000o\000n}{section.0.0}% 318
\BOOKMARK [1][-]{section.0.0}{\376\377\0000\000.\0000\000\040\000A\000d\000a\000p\000t\000i\000v\000e\000\040\000G\000a\000i\000n\000\040\000S\000c\000h\000e\000d\000u\000l\000i\000n\000g\000\040\000f\000o\000r\000\040\000D\000i\000s\000t\000u\000r\000b\000a\000n\000c\000e\000\040\000R\000e\000j\000e\000c\000t\000i\000o\000n\000\040\000\050\000M\000T\000-\0008\000\040\000E\000n\000h\000a\000n\000c\000e\000m\000e\000n\000t\000\051}{chapter.0}% 319
\BOOKMARK [2][-]{subsection.0.0.0}{\376\377\0000\000.\0000\000.\0000\000\040\000M\000o\000t\000i\000v\000a\000t\000i\000o\000n\000:\000\040\000D\000i\000s\000t\000u\000r\000b\000a\000n\000c\000e\000-\000D\000e\000p\000e\000n\000d\000e\000n\000t\000\040\000C\000h\000a\000t\000t\000e\000r\000i\000n\000g}{section.0.0}% 320
\BOOKMARK [2][-]{subsection.0.0.0}{\376\377\0000\000.\0000\000.\0000\000\040\000A\000d\000a\000p\000t\000i\000v\000e\000\040\000S\000c\000h\000e\000d\000u\000l\000e\000r\000\040\000D\000e\000s\000i\000g\000n}{section.0.0}% 321
\BOOKMARK [2][-]{subsection.0.0.0}{\376\377\0000\000.\0000\000.\0000\000\040\000A\000d\000a\000p\000t\000i\000v\000e\000\040\000S\000c\000h\000e\000d\000u\000l\000i\000n\000g\000\040\000R\000e\000s\000u\000l\000t\000s}{section.0.0}% 322
\BOOKMARK [2][-]{subsection.0.0.0}{\376\377\0000\000.\0000\000.\0000\000\040\000C\000r\000i\000t\000i\000c\000a\000l\000\040\000L\000i\000m\000i\000t\000a\000t\000i\000o\000n\000:\000\040\000O\000v\000e\000r\000s\000h\000o\000o\000t\000\040\000P\000e\000n\000a\000l\000t\000y}{section.0.0}% 323
\BOOKMARK [2][-]{subsection.0.0.0}{\376\377\0000\000.\0000\000.\0000\000\040\000H\000a\000r\000d\000w\000a\000r\000e\000-\000i\000n\000-\000t\000h\000e\000-\000L\000o\000o\000p\000\040\000\050\000H\000I\000L\000\051\000\040\000V\000a\000l\000i\000d\000a\000t\000i\000o\000n}{section.0.0}% 324
\BOOKMARK [2][-]{subsection.0.0.0}{\376\377\0000\000.\0000\000.\0000\000\040\000C\000o\000m\000p\000u\000t\000a\000t\000i\000o\000n\000a\000l\000\040\000E\000f\000f\000i\000c\000i\000e\000n\000c\000y\000\040\000A\000n\000a\000l\000y\000s\000i\000s\000\040\000\050\000L\000T\000-\0007\000\051}{section.0.0}% 325
\BOOKMARK [2][-]{subsection.0.0.0}{\376\377\0000\000.\0000\000.\0000\000\040\000C\000o\000m\000p\000a\000r\000a\000t\000i\000v\000e\000\040\000B\000e\000n\000c\000h\000m\000a\000r\000k\000i\000n\000g\000\040\000\050\000M\000T\000-\0006\000\051}{section.0.0}% 326
\BOOKMARK [2][-]{subsection.0.0.0}{\376\377\0000\000.\0000\000.\0000\000\040\000D\000e\000p\000l\000o\000y\000m\000e\000n\000t\000\040\000R\000e\000c\000o\000m\000m\000e\000n\000d\000a\000t\000i\000o\000n}{section.0.0}% 327
\BOOKMARK [0][-]{chapter.0}{\376\377\0000\000\040\000S\000o\000f\000t\000w\000a\000r\000e\000\040\000I\000m\000p\000l\000e\000m\000e\000n\000t\000a\000t\000i\000o\000n}{}% 328
\BOOKMARK [1][-]{section.0.0}{\376\377\0000\000.\0000\000\040\000I\000n\000t\000r\000o\000d\000u\000c\000t\000i\000o\000n}{chapter.0}% 329
\BOOKMARK [1][-]{section.0.0}{\376\377\0000\000.\0000\000\040\000S\000o\000f\000t\000w\000a\000r\000e\000\040\000A\000r\000c\000h\000i\000t\000e\000c\000t\000u\000r\000e}{chapter.0}% 330
\BOOKMARK [2][-]{subsection.0.0.0}{\376\377\0000\000.\0000\000.\0000\000\040\000M\000o\000d\000u\000l\000e\000\040\000O\000r\000g\000a\000n\000i\000z\000a\000t\000i\000o\000n}{section.0.0}% 331
\BOOKMARK [2][-]{subsection.0.0.0}{\376\377\0000\000.\0000\000.\0000\000\040\000D\000e\000s\000i\000g\000n\000\040\000P\000r\000i\000n\000c\000i\000p\000l\000e\000s}{section.0.0}% 332
\BOOKMARK [1][-]{section.0.0}{\376\377\0000\000.\0000\000\040\000C\000o\000n\000t\000r\000o\000l\000l\000e\000r\000\040\000I\000m\000p\000l\000e\000m\000e\000n\000t\000a\000t\000i\000o\000n}{chapter.0}% 333
\BOOKMARK [2][-]{subsection.0.0.0}{\376\377\0000\000.\0000\000.\0000\000\040\000B\000a\000s\000e\000\040\000C\000o\000n\000t\000r\000o\000l\000l\000e\000r\000\040\000I\000n\000t\000e\000r\000f\000a\000c\000e}{section.0.0}% 334
\BOOKMARK [2][-]{subsection.0.0.0}{\376\377\0000\000.\0000\000.\0000\000\040\000C\000l\000a\000s\000s\000i\000c\000a\000l\000\040\000S\000M\000C\000\040\000I\000m\000p\000l\000e\000m\000e\000n\000t\000a\000t\000i\000o\000n}{section.0.0}% 335
\BOOKMARK [2][-]{subsection.0.0.0}{\376\377\0000\000.\0000\000.\0000\000\040\000S\000u\000p\000e\000r\000-\000T\000w\000i\000s\000t\000i\000n\000g\000\040\000A\000l\000g\000o\000r\000i\000t\000h\000m\000\040\000I\000m\000p\000l\000e\000m\000e\000n\000t\000a\000t\000i\000o\000n}{section.0.0}% 336
\BOOKMARK [1][-]{section.0.0}{\376\377\0000\000.\0000\000\040\000C\000o\000n\000t\000r\000o\000l\000l\000e\000r\000\040\000F\000a\000c\000t\000o\000r\000y\000\040\000P\000a\000t\000t\000e\000r\000n}{chapter.0}% 337
\BOOKMARK [1][-]{section.0.0}{\376\377\0000\000.\0000\000\040\000P\000S\000O\000\040\000O\000p\000t\000i\000m\000i\000z\000a\000t\000i\000o\000n\000\040\000F\000r\000a\000m\000e\000w\000o\000r\000k}{chapter.0}% 338
\BOOKMARK [1][-]{section.0.0}{\376\377\0000\000.\0000\000\040\000S\000i\000m\000u\000l\000a\000t\000i\000o\000n\000\040\000F\000r\000a\000m\000e\000w\000o\000r\000k}{chapter.0}% 339
\BOOKMARK [1][-]{section.0.0}{\376\377\0000\000.\0000\000\040\000C\000o\000n\000f\000i\000g\000u\000r\000a\000t\000i\000o\000n\000\040\000M\000a\000n\000a\000g\000e\000m\000e\000n\000t}{chapter.0}% 340
\BOOKMARK [1][-]{section.0.0}{\376\377\0000\000.\0000\000\040\000T\000e\000s\000t\000i\000n\000g\000\040\000a\000n\000d\000\040\000V\000a\000l\000i\000d\000a\000t\000i\000o\000n}{chapter.0}% 341
\BOOKMARK [2][-]{subsection.0.0.0}{\376\377\0000\000.\0000\000.\0000\000\040\000U\000n\000i\000t\000\040\000T\000e\000s\000t\000i\000n\000g}{section.0.0}% 342
\BOOKMARK [2][-]{subsection.0.0.0}{\376\377\0000\000.\0000\000.\0000\000\040\000I\000n\000t\000e\000g\000r\000a\000t\000i\000o\000n\000\040\000T\000e\000s\000t\000i\000n\000g}{section.0.0}% 343
\BOOKMARK [2][-]{subsection.0.0.0}{\376\377\0000\000.\0000\000.\0000\000\040\000P\000r\000o\000p\000e\000r\000t\000y\000-\000B\000a\000s\000e\000d\000\040\000T\000e\000s\000t\000i\000n\000g}{section.0.0}% 344
\BOOKMARK [1][-]{section.0.0}{\376\377\0000\000.\0000\000\040\000C\000o\000m\000m\000a\000n\000d\000-\000L\000i\000n\000e\000\040\000I\000n\000t\000e\000r\000f\000a\000c\000e}{chapter.0}% 345
\BOOKMARK [2][-]{subsection.0.0.0}{\376\377\0000\000.\0000\000.\0000\000\040\000E\000x\000a\000m\000p\000l\000e\000\040\000U\000s\000a\000g\000e}{section.0.0}% 346
\BOOKMARK [1][-]{section.0.0}{\376\377\0000\000.\0000\000\040\000W\000e\000b\000\040\000I\000n\000t\000e\000r\000f\000a\000c\000e}{chapter.0}% 347
\BOOKMARK [1][-]{section.0.0}{\376\377\0000\000.\0000\000\040\000H\000a\000r\000d\000w\000a\000r\000e\000-\000i\000n\000-\000t\000h\000e\000-\000L\000o\000o\000p\000\040\000\050\000H\000I\000L\000\051\000\040\000F\000r\000a\000m\000e\000w\000o\000r\000k}{chapter.0}% 348
\BOOKMARK [2][-]{subsection.0.0.0}{\376\377\0000\000.\0000\000.\0000\000\040\000H\000I\000L\000\040\000A\000r\000c\000h\000i\000t\000e\000c\000t\000u\000r\000e}{section.0.0}% 349
\BOOKMARK [2][-]{subsection.0.0.0}{\376\377\0000\000.\0000\000.\0000\000\040\000R\000u\000n\000n\000i\000n\000g\000\040\000H\000I\000L\000\040\000S\000i\000m\000u\000l\000a\000t\000i\000o\000n}{section.0.0}% 350
\BOOKMARK [1][-]{section.0.0}{\376\377\0000\000.\0000\000\040\000P\000e\000r\000f\000o\000r\000m\000a\000n\000c\000e\000\040\000O\000p\000t\000i\000m\000i\000z\000a\000t\000i\000o\000n}{chapter.0}% 351
\BOOKMARK [2][-]{subsection.0.0.0}{\376\377\0000\000.\0000\000.\0000\000\040\000N\000u\000m\000b\000a\000\040\000J\000I\000T\000\040\000C\000o\000m\000p\000i\000l\000a\000t\000i\000o\000n}{section.0.0}% 352
\BOOKMARK [2][-]{subsection.0.0.0}{\376\377\0000\000.\0000\000.\0000\000\040\000M\000e\000m\000o\000r\000y\000\040\000P\000r\000o\000f\000i\000l\000i\000n\000g}{section.0.0}% 353
\BOOKMARK [1][-]{section.0.0}{\376\377\0000\000.\0000\000\040\000D\000e\000p\000l\000o\000y\000m\000e\000n\000t\000\040\000G\000u\000i\000d\000e\000l\000i\000n\000e\000s}{chapter.0}% 354
\BOOKMARK [2][-]{subsection.0.0.0}{\376\377\0000\000.\0000\000.\0000\000\040\000I\000n\000s\000t\000a\000l\000l\000a\000t\000i\000o\000n}{section.0.0}% 355
\BOOKMARK [2][-]{subsection.0.0.0}{\376\377\0000\000.\0000\000.\0000\000\040\000P\000r\000o\000d\000u\000c\000t\000i\000o\000n\000\040\000C\000h\000e\000c\000k\000l\000i\000s\000t}{section.0.0}% 356
\BOOKMARK [2][-]{subsection.0.0.0}{\376\377\0000\000.\0000\000.\0000\000\040\000D\000o\000c\000k\000e\000r\000\040\000D\000e\000p\000l\000o\000y\000m\000e\000n\000t}{section.0.0}% 357
\BOOKMARK [1][-]{section.0.0}{\376\377\0000\000.\0000\000\040\000S\000u\000m\000m\000a\000r\000y}{chapter.0}% 358
\BOOKMARK [0][-]{chapter.0}{\376\377\0000\000\040\000C\000a\000s\000e\000\040\000S\000t\000u\000d\000i\000e\000s\000\040\000a\000n\000d\000\040\000A\000p\000p\000l\000i\000c\000a\000t\000i\000o\000n\000s}{}% 359
\BOOKMARK [1][-]{section.0.0}{\376\377\0000\000.\0000\000\040\000C\000a\000s\000e\000\040\000S\000t\000u\000d\000y\000\040\0001\000:\000\040\000B\000a\000s\000e\000l\000i\000n\000e\000\040\000C\000o\000n\000t\000r\000o\000l\000l\000e\000r\000\040\000C\000o\000m\000p\000a\000r\000i\000s\000o\000n\000\040\000\050\000M\000T\000-\0005\000\051}{chapter.0}% 360
\BOOKMARK [2][-]{subsection.0.0.0}{\376\377\0000\000.\0000\000.\0000\000\040\000P\000r\000o\000b\000l\000e\000m\000\040\000S\000t\000a\000t\000e\000m\000e\000n\000t}{section.0.0}% 361
\BOOKMARK [2][-]{subsection.0.0.0}{\376\377\0000\000.\0000\000.\0000\000\040\000E\000x\000p\000e\000r\000i\000m\000e\000n\000t\000a\000l\000\040\000S\000e\000t\000u\000p}{section.0.0}% 362
\BOOKMARK [2][-]{subsection.0.0.0}{\376\377\0000\000.\0000\000.\0000\000\040\000R\000e\000s\000u\000l\000t\000s}{section.0.0}% 363
\BOOKMARK [2][-]{subsection.0.0.0}{\376\377\0000\000.\0000\000.\0000\000\040\000D\000i\000s\000c\000u\000s\000s\000i\000o\000n}{section.0.0}% 364
\BOOKMARK [1][-]{section.0.0}{\376\377\0000\000.\0000\000\040\000C\000a\000s\000e\000\040\000S\000t\000u\000d\000y\000\040\0002\000:\000\040\000R\000o\000b\000u\000s\000t\000\040\000P\000S\000O\000\040\000O\000p\000t\000i\000m\000i\000z\000a\000t\000i\000o\000n\000\040\000\050\000M\000T\000-\0008\000\051}{chapter.0}% 365
\BOOKMARK [2][-]{subsection.0.0.0}{\376\377\0000\000.\0000\000.\0000\000\040\000P\000r\000o\000b\000l\000e\000m\000\040\000S\000t\000a\000t\000e\000m\000e\000n\000t}{section.0.0}% 366
\BOOKMARK [2][-]{subsection.0.0.0}{\376\377\0000\000.\0000\000.\0000\000\040\000M\000e\000t\000h\000o\000d\000o\000l\000o\000g\000y}{section.0.0}% 367
\BOOKMARK [2][-]{subsection.0.0.0}{\376\377\0000\000.\0000\000.\0000\000\040\000R\000e\000s\000u\000l\000t\000s}{section.0.0}% 368
\BOOKMARK [2][-]{subsection.0.0.0}{\376\377\0000\000.\0000\000.\0000\000\040\000D\000i\000s\000c\000u\000s\000s\000i\000o\000n}{section.0.0}% 369
\BOOKMARK [1][-]{section.0.0}{\376\377\0000\000.\0000\000\040\000C\000a\000s\000e\000\040\000S\000t\000u\000d\000y\000\040\0003\000:\000\040\000M\000o\000d\000e\000l\000\040\000U\000n\000c\000e\000r\000t\000a\000i\000n\000t\000y\000\040\000A\000n\000a\000l\000y\000s\000i\000s\000\040\000\050\000L\000T\000-\0006\000\051}{chapter.0}% 370
\BOOKMARK [2][-]{subsection.0.0.0}{\376\377\0000\000.\0000\000.\0000\000\040\000P\000r\000o\000b\000l\000e\000m\000\040\000S\000t\000a\000t\000e\000m\000e\000n\000t}{section.0.0}% 371
\BOOKMARK [2][-]{subsection.0.0.0}{\376\377\0000\000.\0000\000.\0000\000\040\000M\000e\000t\000h\000o\000d\000o\000l\000o\000g\000y}{section.0.0}% 372
\BOOKMARK [2][-]{subsection.0.0.0}{\376\377\0000\000.\0000\000.\0000\000\040\000R\000e\000s\000u\000l\000t\000s}{section.0.0}% 373
\BOOKMARK [2][-]{subsection.0.0.0}{\376\377\0000\000.\0000\000.\0000\000\040\000D\000i\000s\000c\000u\000s\000s\000i\000o\000n}{section.0.0}% 374
\BOOKMARK [2][-]{subsection.0.0.0}{\376\377\0000\000.\0000\000.\0000\000\040\000L\000e\000s\000s\000o\000n\000s\000\040\000L\000e\000a\000r\000n\000e\000d}{section.0.0}% 375
\BOOKMARK [1][-]{section.0.0}{\376\377\0000\000.\0000\000\040\000C\000a\000s\000e\000\040\000S\000t\000u\000d\000y\000\040\0004\000:\000\040\000H\000a\000r\000d\000w\000a\000r\000e\000-\000i\000n\000-\000t\000h\000e\000-\000L\000o\000o\000p\000\040\000V\000a\000l\000i\000d\000a\000t\000i\000o\000n}{chapter.0}% 376
\BOOKMARK [2][-]{subsection.0.0.0}{\376\377\0000\000.\0000\000.\0000\000\040\000P\000r\000o\000b\000l\000e\000m\000\040\000S\000t\000a\000t\000e\000m\000e\000n\000t}{section.0.0}% 377
\BOOKMARK [2][-]{subsection.0.0.0}{\376\377\0000\000.\0000\000.\0000\000\040\000M\000e\000t\000h\000o\000d\000o\000l\000o\000g\000y}{section.0.0}% 378
\BOOKMARK [2][-]{subsection.0.0.0}{\376\377\0000\000.\0000\000.\0000\000\040\000R\000e\000s\000u\000l\000t\000s}{section.0.0}% 379
\BOOKMARK [2][-]{subsection.0.0.0}{\376\377\0000\000.\0000\000.\0000\000\040\000D\000i\000s\000c\000u\000s\000s\000i\000o\000n}{section.0.0}% 380
\BOOKMARK [2][-]{subsection.0.0.0}{\376\377\0000\000.\0000\000.\0000\000\040\000L\000e\000s\000s\000o\000n\000s\000\040\000L\000e\000a\000r\000n\000e\000d}{section.0.0}% 381
\BOOKMARK [1][-]{section.0.0}{\376\377\0000\000.\0000\000\040\000L\000e\000s\000s\000o\000n\000s\000\040\000L\000e\000a\000r\000n\000e\000d\000\040\000a\000n\000d\000\040\000B\000e\000s\000t\000\040\000P\000r\000a\000c\000t\000i\000c\000e\000s}{chapter.0}% 382
\BOOKMARK [2][-]{subsection.0.0.0}{\376\377\0000\000.\0000\000.\0000\000\040\000C\000o\000n\000t\000r\000o\000l\000l\000e\000r\000\040\000S\000e\000l\000e\000c\000t\000i\000o\000n\000\040\000G\000u\000i\000d\000e\000l\000i\000n\000e\000s}{section.0.0}% 383
\BOOKMARK [2][-]{subsection.0.0.0}{\376\377\0000\000.\0000\000.\0000\000\040\000O\000p\000t\000i\000m\000i\000z\000a\000t\000i\000o\000n\000\040\000B\000e\000s\000t\000\040\000P\000r\000a\000c\000t\000i\000c\000e\000s}{section.0.0}% 384
\BOOKMARK [2][-]{subsection.0.0.0}{\376\377\0000\000.\0000\000.\0000\000\040\000I\000m\000p\000l\000e\000m\000e\000n\000t\000a\000t\000i\000o\000n\000\040\000C\000h\000e\000c\000k\000l\000i\000s\000t}{section.0.0}% 385
\BOOKMARK [2][-]{subsection.0.0.0}{\376\377\0000\000.\0000\000.\0000\000\040\000R\000e\000s\000e\000a\000r\000c\000h\000\040\000C\000o\000n\000t\000r\000i\000b\000u\000t\000i\000o\000n\000s\000\040\000S\000u\000m\000m\000a\000r\000y}{section.0.0}% 386
\BOOKMARK [2][-]{subsection.0.0.0}{\376\377\0000\000.\0000\000.\0000\000\040\000F\000u\000t\000u\000r\000e\000\040\000R\000e\000s\000e\000a\000r\000c\000h\000\040\000D\000i\000r\000e\000c\000t\000i\000o\000n\000s}{section.0.0}% 387
\BOOKMARK [0][-]{appendix*.169}{\376\377\000M\000a\000t\000h\000e\000m\000a\000t\000i\000c\000a\000l\000\040\000P\000r\000e\000r\000e\000q\000u\000i\000s\000i\000t\000e\000s}{}% 388
\BOOKMARK [1][-]{section.Alph0.0}{\376\377\000.\0000\000\040\000L\000i\000n\000e\000a\000r\000\040\000A\000l\000g\000e\000b\000r\000a}{appendix*.169}% 389
\BOOKMARK [2][-]{subsection.Alph0.0.0}{\376\377\000.\0000\000.\0000\000\040\000M\000a\000t\000r\000i\000c\000e\000s\000\040\000a\000n\000d\000\040\000V\000e\000c\000t\000o\000r\000s}{section.Alph0.0}% 390
\BOOKMARK [2][-]{subsection.Alph0.0.0}{\376\377\000.\0000\000.\0000\000\040\000E\000i\000g\000e\000n\000v\000a\000l\000u\000e\000s\000\040\000a\000n\000d\000\040\000E\000i\000g\000e\000n\000v\000e\000c\000t\000o\000r\000s}{section.Alph0.0}% 391
\BOOKMARK [1][-]{section.Alph0.0}{\376\377\000.\0000\000\040\000D\000i\000f\000f\000e\000r\000e\000n\000t\000i\000a\000l\000\040\000E\000q\000u\000a\000t\000i\000o\000n\000s}{appendix*.169}% 392
\BOOKMARK [2][-]{subsection.Alph0.0.0}{\376\377\000.\0000\000.\0000\000\040\000O\000r\000d\000i\000n\000a\000r\000y\000\040\000D\000i\000f\000f\000e\000r\000e\000n\000t\000i\000a\000l\000\040\000E\000q\000u\000a\000t\000i\000o\000n\000s\000\040\000\050\000O\000D\000E\000s\000\051}{section.Alph0.0}% 393
\BOOKMARK [1][-]{section.Alph0.0}{\376\377\000.\0000\000\040\000L\000y\000a\000p\000u\000n\000o\000v\000\040\000S\000t\000a\000b\000i\000l\000i\000t\000y\000\040\000T\000h\000e\000o\000r\000y}{appendix*.169}% 394
\BOOKMARK [2][-]{subsection.Alph0.0.0}{\376\377\000.\0000\000.\0000\000\040\000D\000e\000f\000i\000n\000i\000t\000i\000o\000n\000s}{section.Alph0.0}% 395
\BOOKMARK [2][-]{subsection.Alph0.0.0}{\376\377\000.\0000\000.\0000\000\040\000F\000i\000n\000i\000t\000e\000-\000T\000i\000m\000e\000\040\000C\000o\000n\000v\000e\000r\000g\000e\000n\000c\000e}{section.Alph0.0}% 396
\BOOKMARK [1][-]{section.Alph0.0}{\376\377\000.\0000\000\040\000V\000e\000c\000t\000o\000r\000\040\000C\000a\000l\000c\000u\000l\000u\000s}{appendix*.169}% 397
\BOOKMARK [2][-]{subsection.Alph0.0.0}{\376\377\000.\0000\000.\0000\000\040\000G\000r\000a\000d\000i\000e\000n\000t}{section.Alph0.0}% 398
\BOOKMARK [2][-]{subsection.Alph0.0.0}{\376\377\000.\0000\000.\0000\000\040\000J\000a\000c\000o\000b\000i\000a\000n\000\040\000M\000a\000t\000r\000i\000x}{section.Alph0.0}% 399
\BOOKMARK [0][-]{appendix*.170}{\376\377\000C\000o\000m\000p\000l\000e\000t\000e\000\040\000L\000y\000a\000p\000u\000n\000o\000v\000\040\000S\000t\000a\000b\000i\000l\000i\000t\000y\000\040\000P\000r\000o\000o\000f\000s}{}% 400
\BOOKMARK [1][-]{section.Alph0.0}{\376\377\000.\0000\000\040\000C\000l\000a\000s\000s\000i\000c\000a\000l\000\040\000S\000M\000C\000\040\000E\000x\000p\000o\000n\000e\000n\000t\000i\000a\000l\000\040\000C\000o\000n\000v\000e\000r\000g\000e\000n\000c\000e\000\040\000P\000r\000o\000o\000f}{appendix*.170}% 401
\BOOKMARK [2][-]{subsection.Alph0.0.0}{\376\377\000.\0000\000.\0000\000\040\000T\000h\000e\000o\000r\000e\000m\000\040\000S\000t\000a\000t\000e\000m\000e\000n\000t}{section.Alph0.0}% 402
\BOOKMARK [2][-]{subsection.Alph0.0.0}{\376\377\000.\0000\000.\0000\000\040\000P\000r\000o\000o\000f}{section.Alph0.0}% 403
\BOOKMARK [1][-]{section.Alph0.0}{\376\377\000.\0000\000\040\000S\000T\000A\000-\000S\000M\000C\000\040\000F\000i\000n\000i\000t\000e\000-\000T\000i\000m\000e\000\040\000C\000o\000n\000v\000e\000r\000g\000e\000n\000c\000e\000\040\000P\000r\000o\000o\000f}{appendix*.170}% 404
\BOOKMARK [2][-]{subsection.Alph0.0.0}{\376\377\000.\0000\000.\0000\000\040\000M\000o\000r\000e\000n\000o\000-\000O\000s\000o\000r\000i\000o\000\040\000L\000y\000a\000p\000u\000n\000o\000v\000\040\000F\000u\000n\000c\000t\000i\000o\000n}{section.Alph0.0}% 405
\BOOKMARK [2][-]{subsection.Alph0.0.0}{\376\377\000.\0000\000.\0000\000\040\000P\000r\000o\000o\000f\000\040\000S\000k\000e\000t\000c\000h}{section.Alph0.0}% 406
\BOOKMARK [1][-]{section.Alph0.0}{\376\377\000.\0000\000\040\000A\000d\000a\000p\000t\000i\000v\000e\000\040\000S\000M\000C\000\040\000B\000o\000u\000n\000d\000e\000d\000\040\000A\000d\000a\000p\000t\000a\000t\000i\000o\000n\000\040\000P\000r\000o\000o\000f}{appendix*.170}% 407
\BOOKMARK [2][-]{subsection.Alph0.0.0}{\376\377\000.\0000\000.\0000\000\040\000E\000x\000t\000e\000n\000d\000e\000d\000\040\000L\000y\000a\000p\000u\000n\000o\000v\000\040\000F\000u\000n\000c\000t\000i\000o\000n}{section.Alph0.0}% 408
\BOOKMARK [2][-]{subsection.Alph0.0.0}{\376\377\000.\0000\000.\0000\000\040\000P\000r\000o\000o\000f}{section.Alph0.0}% 409
\BOOKMARK [1][-]{section.Alph0.0}{\376\377\000.\0000\000\040\000H\000y\000b\000r\000i\000d\000\040\000S\000T\000A\000\040\000S\000t\000a\000b\000i\000l\000i\000t\000y\000\040\000w\000i\000t\000h\000\040\000D\000u\000a\000l\000-\000G\000a\000i\000n\000\040\000A\000d\000a\000p\000t\000a\000t\000i\000o\000n}{appendix*.170}% 410
\BOOKMARK [0][-]{appendix*.171}{\376\377\000P\000y\000t\000h\000o\000n\000\040\000A\000P\000I\000\040\000R\000e\000f\000e\000r\000e\000n\000c\000e}{}% 411
\BOOKMARK [1][-]{section.Alph0.0}{\376\377\000.\0000\000\040\000C\000o\000n\000t\000r\000o\000l\000l\000e\000r\000\040\000F\000a\000c\000t\000o\000r\000y}{appendix*.171}% 412
\BOOKMARK [2][-]{subsection.Alph0.0.0}{\376\377\000.\0000\000.\0000\000\040\000c\000r\000e\000a\000t\000e\000\137\000c\000o\000n\000t\000r\000o\000l\000l\000e\000r\000\040\000F\000u\000n\000c\000t\000i\000o\000n}{section.Alph0.0}% 413
\BOOKMARK [1][-]{section.Alph0.0}{\376\377\000.\0000\000\040\000P\000S\000O\000\040\000O\000p\000t\000i\000m\000i\000z\000e\000r}{appendix*.171}% 414
\BOOKMARK [2][-]{subsection.Alph0.0.0}{\376\377\000.\0000\000.\0000\000\040\000P\000S\000O\000T\000u\000n\000e\000r\000\040\000C\000l\000a\000s\000s}{section.Alph0.0}% 415
\BOOKMARK [1][-]{section.Alph0.0}{\376\377\000.\0000\000\040\000S\000i\000m\000u\000l\000a\000t\000i\000o\000n\000\040\000R\000u\000n\000n\000e\000r}{appendix*.171}% 416
\BOOKMARK [2][-]{subsection.Alph0.0.0}{\376\377\000.\0000\000.\0000\000\040\000r\000u\000n\000\137\000s\000i\000m\000u\000l\000a\000t\000i\000o\000n\000\040\000F\000u\000n\000c\000t\000i\000o\000n}{section.Alph0.0}% 417
\BOOKMARK [1][-]{section.Alph0.0}{\376\377\000.\0000\000\040\000D\000y\000n\000a\000m\000i\000c\000s\000\040\000M\000o\000d\000e\000l\000s}{appendix*.171}% 418
\BOOKMARK [2][-]{subsection.Alph0.0.0}{\376\377\000.\0000\000.\0000\000\040\000F\000u\000l\000l\000D\000I\000P\000D\000y\000n\000a\000m\000i\000c\000s\000\040\000C\000l\000a\000s\000s}{section.Alph0.0}% 419
\BOOKMARK [1][-]{section.Alph0.0}{\376\377\000.\0000\000\040\000C\000o\000n\000f\000i\000g\000u\000r\000a\000t\000i\000o\000n\000\040\000M\000a\000n\000a\000g\000e\000m\000e\000n\000t}{appendix*.171}% 420
\BOOKMARK [2][-]{subsection.Alph0.0.0}{\376\377\000.\0000\000.\0000\000\040\000l\000o\000a\000d\000\137\000c\000o\000n\000f\000i\000g\000\040\000F\000u\000n\000c\000t\000i\000o\000n}{section.Alph0.0}% 421
\BOOKMARK [0][-]{appendix*.172}{\376\377\000S\000e\000l\000e\000c\000t\000e\000d\000\040\000E\000x\000e\000r\000c\000i\000s\000e\000\040\000S\000o\000l\000u\000t\000i\000o\000n\000s}{}% 422
\BOOKMARK [1][-]{section.Alph0.0}{\376\377\000.\0000\000\040\000C\000h\000a\000p\000t\000e\000r\000\040\0001\000\040\000S\000o\000l\000u\000t\000i\000o\000n\000s}{appendix*.172}% 423
\BOOKMARK [1][-]{section.Alph0.0}{\376\377\000.\0000\000\040\000C\000h\000a\000p\000t\000e\000r\000\040\0002\000\040\000S\000o\000l\000u\000t\000i\000o\000n\000s}{appendix*.172}% 424
\BOOKMARK [1][-]{section.Alph0.0}{\376\377\000.\0000\000\040\000C\000h\000a\000p\000t\000e\000r\000\040\0003\000\040\000S\000o\000l\000u\000t\000i\000o\000n\000s}{appendix*.172}% 425
\BOOKMARK [1][-]{section.Alph0.0}{\376\377\000.\0000\000\040\000C\000h\000a\000p\000t\000e\000r\000\040\0004\000\040\000S\000o\000l\000u\000t\000i\000o\000n\000s}{appendix*.172}% 426
\BOOKMARK [1][-]{section.Alph0.0}{\376\377\000.\0000\000\040\000C\000h\000a\000p\000t\000e\000r\000\040\0005\000\040\000S\000o\000l\000u\000t\000i\000o\000n\000s}{appendix*.172}% 427
\BOOKMARK [1][-]{section.Alph0.0}{\376\377\000.\0000\000\040\000C\000h\000a\000p\000t\000e\000r\000\040\0006\000\040\000S\000o\000l\000u\000t\000i\000o\000n\000s}{appendix*.172}% 428
\BOOKMARK [1][-]{section.Alph0.0}{\376\377\000.\0000\000\040\000C\000h\000a\000p\000t\000e\000r\000\040\0007\000\040\000S\000o\000l\000u\000t\000i\000o\000n\000s}{appendix*.172}% 429
\BOOKMARK [1][-]{section.Alph0.0}{\376\377\000.\0000\000\040\000C\000h\000a\000p\000t\000e\000r\000\040\0008\000\040\000S\000o\000l\000u\000t\000i\000o\000n\000s}{appendix*.172}% 430
\BOOKMARK [1][-]{section.Alph0.0}{\376\377\000.\0000\000\040\000C\000h\000a\000p\000t\000e\000r\000\040\0009\000\040\000S\000o\000l\000u\000t\000i\000o\000n\000s}{appendix*.172}% 431
\BOOKMARK [1][-]{section.Alph0.0}{\376\377\000.\0000\000\040\000C\000h\000a\000p\000t\000e\000r\000\040\0001\0000\000\040\000S\000o\000l\000u\000t\000i\000o\000n\000s}{appendix*.172}% 432
\BOOKMARK [1][-]{section.Alph0.0}{\376\377\000.\0000\000\040\000C\000h\000a\000p\000t\000e\000r\000\040\0001\0001\000\040\000S\000o\000l\000u\000t\000i\000o\000n\000s}{appendix*.172}% 433
\BOOKMARK [1][-]{section.Alph0.0}{\376\377\000.\0000\000\040\000C\000h\000a\000p\000t\000e\000r\000\040\0001\0002\000\040\000S\000o\000l\000u\000t\000i\000o\000n\000s}{appendix*.172}% 434
