2025-10-20 08:08:06,622 - __main__ - INFO - ================================================================================
2025-10-20 08:08:06,623 - __main__ - INFO - Grid Search: 30×30 = 900 evaluations
2025-10-20 08:08:06,649 - __main__ - INFO - ================================================================================
2025-10-20 08:08:06,659 - __main__ - INFO - Total evaluations: 900
2025-10-20 08:08:06,660 - __main__ - INFO - Parallel processes: 12
2025-10-20 08:08:06,662 - __main__ - INFO - Initial conditions: 10 samples
2025-10-20 08:08:06,662 - __main__ - INFO - 
Starting parallel grid search...
Traceback (most recent call last):
  File "D:\Projects\main\.artifacts\LT7_research_paper\experiments\run_grid_search.py", line 174, in <module>
    main()
  File "D:\Projects\main\.artifacts\LT7_research_paper\experiments\run_grid_search.py", line 155, in main
    results = run_grid_search(
              ^^^^^^^^^^^^^^^^
  File "D:\Projects\main\.artifacts\LT7_research_paper\experiments\run_grid_search.py", line 108, in run_grid_search
    fitness_values = pool.map(eval_func, param_grid)
                     ^^^^^^^^^^^^^^^^^^^^^^^^^^^^^^^
  File "C:\Program Files\Python312\Lib\multiprocessing\pool.py", line 367, in map
    return self._map_async(func, iterable, mapstar, chunksize).get()
           ^^^^^^^^^^^^^^^^^^^^^^^^^^^^^^^^^^^^^^^^^^^^^^^^^^^^^^^^^
  File "C:\Program Files\Python312\Lib\multiprocessing\pool.py", line 774, in get
    raise self._value
  File "C:\Program Files\Python312\Lib\multiprocessing\pool.py", line 540, in _handle_tasks
    put(task)
  File "C:\Program Files\Python312\Lib\multiprocessing\connection.py", line 206, in send
    self._send_bytes(_ForkingPickler.dumps(obj))
                     ^^^^^^^^^^^^^^^^^^^^^^^^^^
  File "C:\Program Files\Python312\Lib\multiprocessing\reduction.py", line 51, in dumps
    cls(buf, protocol).dump(obj)
_pickle.PicklingError: Can't pickle <class 'src.core.dynamics.masses'>: attribute lookup masses on src.core.dynamics failed
