2025-10-20 08:08:08,138 - __main__ - INFO - ================================================================================
2025-10-20 08:08:08,140 - __main__ - INFO - Random Search: 600 random samples
2025-10-20 08:08:08,140 - __main__ - INFO - ================================================================================
2025-10-20 08:08:08,141 - __main__ - INFO - Parameter bounds:
2025-10-20 08:08:08,141 - __main__ - INFO -   epsilon_min: [0.001, 0.05]
2025-10-20 08:08:08,159 - __main__ - INFO -   alpha: [0.1, 2.0]
2025-10-20 08:08:08,160 - __main__ - INFO - Initial conditions: 10 samples
2025-10-20 08:08:08,161 - __main__ - INFO - 
Evaluating random samples...
D:\Projects\main\src\plant\core\state_validation.py:171: UserWarning: State vector was modified during sanitization
  warnings.warn("State vector was modified during sanitization", UserWarning)
2025-10-20 08:12:36,332 - __main__ - INFO -   Progress: 100/600 samples
2025-10-20 08:15:47,478 - __main__ - INFO -   Progress: 200/600 samples
2025-10-20 08:21:20,745 - __main__ - INFO -   Progress: 300/600 samples
2025-10-20 08:29:47,956 - __main__ - INFO -   Progress: 400/600 samples
2025-10-20 08:44:27,587 - __main__ - INFO -   Progress: 500/600 samples
2025-10-20 08:54:56,629 - __main__ - INFO -   Progress: 600/600 samples
2025-10-20 08:55:00,474 - __main__ - INFO - Random search complete!
2025-10-20 08:55:00,475 - __main__ - INFO - 
Best Parameters:
2025-10-20 08:55:00,475 - __main__ - INFO -   epsilon_min = 0.039517
2025-10-20 08:55:00,475 - __main__ - INFO -   alpha = 0.3168
2025-10-20 08:55:00,475 - __main__ - INFO -   fitness = 0.9995
2025-10-20 08:55:00,509 - __main__ - INFO - 
Results saved to: .artifacts\LT7_research_paper\experiments\results\random_search.json
2025-10-20 08:55:00,509 - __main__ - INFO - ================================================================================
