2025-10-08 10:48:45,334 [INFO] __main__: Loaded 26 claims for research
2025-10-08 10:48:45,334 [INFO] research.checkpoint_manager: Created research session: session_20251008_071845
2025-10-08 10:48:45,335 [INFO] research.checkpoint_manager: Queued 26 claims for processing
2025-10-08 10:48:45,335 [INFO] __main__: Processing CODE-IMPL-487: ...
2025-10-08 10:48:45,339 [DEBUG] __main__: Generated 1 queries for CODE-IMPL-487
2025-10-08 10:48:46,118 [INFO] research.api_clients: ArXiv: Found 0 papers for ''
2025-10-08 10:48:46,217 [ERROR] research.api_clients: Semantic Scholar API error: 400, message='Bad Request', url='https://api.semanticscholar.org/graph/v1/paper/search?query=&limit=5&fields=title,authors,year,abstract,citationCount,venue,externalIds,url'
2025-10-08 10:48:46,791 [INFO] research.api_clients: CrossRef: Found 5 papers for ''
2025-10-08 10:48:46,795 [INFO] research.api_clients: Unified search: 5 total \u2192 5 unique
2025-10-08 10:48:46,799 [INFO] research.bibtex_generator: Generated 2 BibTeX entries
2025-10-08 10:48:46,799 [INFO] research.checkpoint_manager: Recorded result for CODE-IMPL-487: success (2 citations in 1.46s)
2025-10-08 10:48:46,800 [INFO] __main__: Completed CODE-IMPL-487: 2 citations in 1.46s
2025-10-08 10:48:46,800 [INFO] __main__: Processing CODE-IMPL-488: ...
2025-10-08 10:48:46,800 [DEBUG] __main__: Generated 1 queries for CODE-IMPL-488
2025-10-08 10:48:47,237 [INFO] research.api_clients: ArXiv: Found 0 papers for ''
2025-10-08 10:48:47,317 [INFO] research.api_clients: CrossRef: Found 5 papers for ''
2025-10-08 10:48:47,382 [ERROR] research.api_clients: Semantic Scholar API error: 400, message='Bad Request', url='https://api.semanticscholar.org/graph/v1/paper/search?query=&limit=5&fields=title,authors,year,abstract,citationCount,venue,externalIds,url'
2025-10-08 10:48:47,384 [INFO] research.api_clients: Unified search: 5 total \u2192 5 unique
2025-10-08 10:48:47,385 [INFO] research.bibtex_generator: Generated 2 BibTeX entries
2025-10-08 10:48:47,386 [INFO] research.checkpoint_manager: Recorded result for CODE-IMPL-488: success (2 citations in 0.59s)
2025-10-08 10:48:47,386 [INFO] __main__: Completed CODE-IMPL-488: 2 citations in 0.59s
2025-10-08 10:48:47,386 [INFO] __main__: Processing CODE-IMPL-490: ...
2025-10-08 10:48:47,386 [DEBUG] __main__: Generated 1 queries for CODE-IMPL-490
2025-10-08 10:48:47,816 [INFO] research.api_clients: ArXiv: Found 0 papers for ''
2025-10-08 10:48:47,853 [INFO] research.api_clients: CrossRef: Found 5 papers for ''
2025-10-08 10:48:47,950 [WARNING] research.api_clients: Rate limit exceeded, backing off...
2025-10-08 10:49:48,856 [WARNING] research.api_clients: Rate limit exceeded, backing off...
2025-10-08 10:50:49,744 [WARNING] research.api_clients: Rate limit exceeded, backing off...
2025-10-08 10:51:50,630 [ERROR] research.api_clients: Semantic Scholar API error: 400, message='Bad Request', url='https://api.semanticscholar.org/graph/v1/paper/search?query=&limit=5&fields=title,authors,year,abstract,citationCount,venue,externalIds,url'
2025-10-08 10:51:50,634 [INFO] research.api_clients: Unified search: 5 total \u2192 5 unique
2025-10-08 10:51:50,636 [INFO] research.bibtex_generator: Generated 2 BibTeX entries
2025-10-08 10:51:50,636 [INFO] research.checkpoint_manager: Recorded result for CODE-IMPL-490: success (2 citations in 183.25s)
2025-10-08 10:51:50,637 [INFO] __main__: Completed CODE-IMPL-490: 2 citations in 183.25s
2025-10-08 10:51:50,637 [INFO] __main__: Processing CODE-IMPL-491: ...
2025-10-08 10:51:50,637 [DEBUG] __main__: Generated 1 queries for CODE-IMPL-491
2025-10-08 10:51:51,194 [ERROR] research.api_clients: Semantic Scholar API error: 400, message='Bad Request', url='https://api.semanticscholar.org/graph/v1/paper/search?query=&limit=5&fields=title,authors,year,abstract,citationCount,venue,externalIds,url'
2025-10-08 10:51:51,365 [INFO] research.api_clients: ArXiv: Found 0 papers for ''
2025-10-08 10:51:51,748 [INFO] research.api_clients: CrossRef: Found 5 papers for ''
2025-10-08 10:51:51,752 [INFO] research.api_clients: Unified search: 5 total \u2192 5 unique
2025-10-08 10:51:51,757 [INFO] research.bibtex_generator: Generated 2 BibTeX entries
2025-10-08 10:51:51,757 [INFO] research.checkpoint_manager: Recorded result for CODE-IMPL-491: success (2 citations in 1.12s)
2025-10-08 10:51:51,757 [INFO] __main__: Completed CODE-IMPL-491: 2 citations in 1.12s
2025-10-08 10:51:51,757 [INFO] __main__: Processing CODE-IMPL-492: ...
2025-10-08 10:51:51,757 [DEBUG] __main__: Generated 1 queries for CODE-IMPL-492
2025-10-08 10:51:52,062 [WARNING] research.api_clients: Rate limit exceeded, backing off...
2025-10-08 10:51:52,206 [INFO] research.api_clients: ArXiv: Found 0 papers for ''
2025-10-08 10:51:52,304 [INFO] research.api_clients: CrossRef: Found 5 papers for ''
2025-10-08 10:52:52,998 [ERROR] research.api_clients: Semantic Scholar API error: 400, message='Bad Request', url='https://api.semanticscholar.org/graph/v1/paper/search?query=&limit=5&fields=title,authors,year,abstract,citationCount,venue,externalIds,url'
2025-10-08 10:52:53,000 [INFO] research.api_clients: Unified search: 5 total \u2192 5 unique
2025-10-08 10:52:53,002 [INFO] research.bibtex_generator: Generated 2 BibTeX entries
2025-10-08 10:52:53,002 [INFO] research.checkpoint_manager: Recorded result for CODE-IMPL-492: success (2 citations in 61.25s)
2025-10-08 10:52:53,002 [INFO] __main__: Completed CODE-IMPL-492: 2 citations in 61.25s
2025-10-08 10:52:53,002 [INFO] __main__: Processing CODE-IMPL-493: ...
2025-10-08 10:52:53,002 [DEBUG] __main__: Generated 1 queries for CODE-IMPL-493
2025-10-08 10:52:53,565 [WARNING] research.api_clients: Rate limit exceeded, backing off...
2025-10-08 10:52:53,745 [INFO] research.api_clients: ArXiv: Found 0 papers for ''
2025-10-08 10:52:55,081 [INFO] research.api_clients: CrossRef: Found 5 papers for ''
2025-10-08 10:53:54,434 [WARNING] research.api_clients: Rate limit exceeded, backing off...
2025-10-08 10:54:55,305 [WARNING] research.api_clients: Rate limit exceeded, backing off...
2025-10-08 10:55:58,425 [WARNING] research.api_clients: Rate limit exceeded, backing off...
2025-10-08 10:56:59,023 [WARNING] research.api_clients: Rate limit exceeded, backing off...
2025-10-08 10:57:59,672 [WARNING] research.api_clients: Rate limit exceeded, backing off...
2025-10-08 10:59:00,535 [WARNING] research.api_clients: Rate limit exceeded, backing off...
2025-10-08 11:00:01,452 [WARNING] research.api_clients: Rate limit exceeded, backing off...
2025-10-08 11:01:02,336 [ERROR] research.api_clients: Semantic Scholar API error: 400, message='Bad Request', url='https://api.semanticscholar.org/graph/v1/paper/search?query=&limit=5&fields=title,authors,year,abstract,citationCount,venue,externalIds,url'
2025-10-08 11:01:02,338 [INFO] research.api_clients: Unified search: 5 total \u2192 5 unique
2025-10-08 11:01:02,339 [INFO] research.bibtex_generator: Generated 2 BibTeX entries
2025-10-08 11:01:02,339 [INFO] research.checkpoint_manager: Recorded result for CODE-IMPL-493: success (2 citations in 489.34s)
2025-10-08 11:01:02,340 [INFO] __main__: Completed CODE-IMPL-493: 2 citations in 489.34s
2025-10-08 11:01:02,340 [INFO] __main__: Processing CODE-IMPL-494: ...
2025-10-08 11:01:02,340 [DEBUG] __main__: Generated 1 queries for CODE-IMPL-494
2025-10-08 11:01:02,632 [WARNING] research.api_clients: Rate limit exceeded, backing off...
2025-10-08 11:01:03,073 [INFO] research.api_clients: ArXiv: Found 0 papers for ''
2025-10-08 11:01:03,816 [INFO] research.api_clients: CrossRef: Found 5 papers for ''
2025-10-08 11:02:03,535 [WARNING] research.api_clients: Rate limit exceeded, backing off...
2025-10-08 11:03:04,408 [ERROR] research.api_clients: Semantic Scholar API error: 400, message='Bad Request', url='https://api.semanticscholar.org/graph/v1/paper/search?query=&limit=5&fields=title,authors,year,abstract,citationCount,venue,externalIds,url'
2025-10-08 11:03:04,410 [INFO] research.api_clients: Unified search: 5 total \u2192 5 unique
2025-10-08 11:03:04,412 [INFO] research.bibtex_generator: Generated 2 BibTeX entries
2025-10-08 11:03:04,412 [INFO] research.checkpoint_manager: Recorded result for CODE-IMPL-494: success (2 citations in 122.07s)
2025-10-08 11:03:04,412 [INFO] __main__: Completed CODE-IMPL-494: 2 citations in 122.07s
2025-10-08 11:03:04,412 [INFO] __main__: Processing CODE-IMPL-495: ...
2025-10-08 11:03:04,412 [DEBUG] __main__: Generated 1 queries for CODE-IMPL-495
2025-10-08 11:03:04,992 [WARNING] research.api_clients: Rate limit exceeded, backing off...
2025-10-08 11:03:05,141 [INFO] research.api_clients: ArXiv: Found 0 papers for ''
2025-10-08 11:03:17,297 [INFO] research.api_clients: CrossRef: Found 5 papers for ''
2025-10-08 11:04:05,641 [ERROR] research.api_clients: Semantic Scholar API error: 400, message='Bad Request', url='https://api.semanticscholar.org/graph/v1/paper/search?query=&limit=5&fields=title,authors,year,abstract,citationCount,venue,externalIds,url'
2025-10-08 11:04:05,643 [INFO] research.api_clients: Unified search: 5 total \u2192 5 unique
2025-10-08 11:04:05,645 [INFO] research.bibtex_generator: Generated 2 BibTeX entries
2025-10-08 11:04:05,645 [INFO] research.checkpoint_manager: Recorded result for CODE-IMPL-495: success (2 citations in 61.23s)
2025-10-08 11:04:05,645 [INFO] __main__: Completed CODE-IMPL-495: 2 citations in 61.23s
2025-10-08 11:04:05,645 [INFO] __main__: Processing CODE-IMPL-496: ...
2025-10-08 11:04:05,645 [DEBUG] __main__: Generated 1 queries for CODE-IMPL-496
2025-10-08 11:04:06,223 [WARNING] research.api_clients: Rate limit exceeded, backing off...
2025-10-08 11:04:06,333 [INFO] research.api_clients: ArXiv: Found 0 papers for ''
2025-10-08 11:04:06,838 [INFO] research.api_clients: CrossRef: Found 5 papers for ''
2025-10-08 11:05:07,162 [ERROR] research.api_clients: Semantic Scholar API error: 400, message='Bad Request', url='https://api.semanticscholar.org/graph/v1/paper/search?query=&limit=5&fields=title,authors,year,abstract,citationCount,venue,externalIds,url'
2025-10-08 11:05:07,166 [INFO] research.api_clients: Unified search: 5 total \u2192 5 unique
2025-10-08 11:05:07,169 [INFO] research.bibtex_generator: Generated 2 BibTeX entries
2025-10-08 11:05:07,169 [INFO] research.checkpoint_manager: Recorded result for CODE-IMPL-496: success (2 citations in 61.52s)
2025-10-08 11:05:07,169 [INFO] __main__: Completed CODE-IMPL-496: 2 citations in 61.52s
2025-10-08 11:05:07,170 [INFO] __main__: Processing CODE-IMPL-497: ...
2025-10-08 11:05:07,170 [DEBUG] __main__: Generated 1 queries for CODE-IMPL-497
2025-10-08 11:05:07,751 [WARNING] research.api_clients: Rate limit exceeded, backing off...
2025-10-08 11:05:07,882 [INFO] research.api_clients: ArXiv: Found 0 papers for ''
2025-10-08 11:05:08,391 [INFO] research.api_clients: CrossRef: Found 5 papers for ''
2025-10-08 11:06:08,653 [WARNING] research.api_clients: Rate limit exceeded, backing off...
2025-10-08 11:07:09,564 [WARNING] research.api_clients: Rate limit exceeded, backing off...
2025-10-08 11:08:10,430 [WARNING] research.api_clients: Rate limit exceeded, backing off...
2025-10-08 11:09:11,323 [WARNING] research.api_clients: Rate limit exceeded, backing off...
2025-10-08 11:10:12,270 [WARNING] research.api_clients: Rate limit exceeded, backing off...
2025-10-08 11:11:13,144 [WARNING] research.api_clients: Rate limit exceeded, backing off...
2025-10-08 11:12:14,063 [ERROR] research.api_clients: Semantic Scholar API error: 400, message='Bad Request', url='https://api.semanticscholar.org/graph/v1/paper/search?query=&limit=5&fields=title,authors,year,abstract,citationCount,venue,externalIds,url'
2025-10-08 11:12:14,065 [INFO] research.api_clients: Unified search: 5 total \u2192 5 unique
2025-10-08 11:12:14,067 [INFO] research.bibtex_generator: Generated 2 BibTeX entries
2025-10-08 11:12:14,067 [INFO] research.checkpoint_manager: Recorded result for CODE-IMPL-497: success (2 citations in 426.90s)
2025-10-08 11:12:14,067 [INFO] __main__: Completed CODE-IMPL-497: 2 citations in 426.90s
2025-10-08 11:12:14,067 [INFO] __main__: Processing CODE-IMPL-498: ...
2025-10-08 11:12:14,067 [DEBUG] __main__: Generated 1 queries for CODE-IMPL-498
2025-10-08 11:12:14,643 [WARNING] research.api_clients: Rate limit exceeded, backing off...
2025-10-08 11:12:14,774 [INFO] research.api_clients: ArXiv: Found 0 papers for ''
2025-10-08 11:12:16,023 [INFO] research.api_clients: CrossRef: Found 5 papers for ''
2025-10-08 11:13:15,582 [WARNING] research.api_clients: Rate limit exceeded, backing off...
2025-10-08 11:14:16,449 [WARNING] research.api_clients: Rate limit exceeded, backing off...
2025-10-08 11:15:17,069 [WARNING] research.api_clients: Rate limit exceeded, backing off...
2025-10-08 11:16:17,935 [ERROR] research.api_clients: Semantic Scholar API error: 400, message='Bad Request', url='https://api.semanticscholar.org/graph/v1/paper/search?query=&limit=5&fields=title,authors,year,abstract,citationCount,venue,externalIds,url'
2025-10-08 11:16:17,938 [INFO] research.api_clients: Unified search: 5 total \u2192 5 unique
2025-10-08 11:16:17,940 [INFO] research.bibtex_generator: Generated 2 BibTeX entries
2025-10-08 11:16:17,940 [INFO] research.checkpoint_manager: Recorded result for CODE-IMPL-498: success (2 citations in 243.87s)
2025-10-08 11:16:17,940 [INFO] __main__: Completed CODE-IMPL-498: 2 citations in 243.87s
2025-10-08 11:16:17,940 [INFO] __main__: Processing CODE-IMPL-499: ...
2025-10-08 11:16:17,940 [DEBUG] __main__: Generated 1 queries for CODE-IMPL-499
2025-10-08 11:16:18,518 [WARNING] research.api_clients: Rate limit exceeded, backing off...
2025-10-08 11:16:18,669 [INFO] research.api_clients: ArXiv: Found 0 papers for ''
2025-10-08 11:16:19,138 [INFO] research.api_clients: CrossRef: Found 5 papers for ''
2025-10-08 11:17:19,394 [WARNING] research.api_clients: Rate limit exceeded, backing off...
2025-10-08 11:18:20,323 [WARNING] research.api_clients: Rate limit exceeded, backing off...
2025-10-08 11:19:21,288 [ERROR] research.api_clients: Semantic Scholar API error: 400, message='Bad Request', url='https://api.semanticscholar.org/graph/v1/paper/search?query=&limit=5&fields=title,authors,year,abstract,citationCount,venue,externalIds,url'
2025-10-08 11:19:21,289 [INFO] research.api_clients: Unified search: 5 total \u2192 5 unique
2025-10-08 11:19:21,292 [INFO] research.bibtex_generator: Generated 2 BibTeX entries
2025-10-08 11:19:21,292 [INFO] research.checkpoint_manager: Recorded result for CODE-IMPL-499: success (2 citations in 183.35s)
2025-10-08 11:19:21,292 [INFO] __main__: Completed CODE-IMPL-499: 2 citations in 183.35s
2025-10-08 11:19:21,292 [INFO] __main__: Processing CODE-IMPL-500: ...
2025-10-08 11:19:21,292 [DEBUG] __main__: Generated 1 queries for CODE-IMPL-500
2025-10-08 11:19:21,844 [ERROR] research.api_clients: Semantic Scholar API error: 400, message='Bad Request', url='https://api.semanticscholar.org/graph/v1/paper/search?query=&limit=5&fields=title,authors,year,abstract,citationCount,venue,externalIds,url'
2025-10-08 11:19:22,038 [INFO] research.api_clients: ArXiv: Found 0 papers for ''
2025-10-08 11:19:22,575 [INFO] research.api_clients: CrossRef: Found 5 papers for ''
2025-10-08 11:19:22,578 [INFO] research.api_clients: Unified search: 5 total \u2192 5 unique
2025-10-08 11:19:22,579 [INFO] research.bibtex_generator: Generated 2 BibTeX entries
2025-10-08 11:19:22,579 [INFO] research.checkpoint_manager: Recorded result for CODE-IMPL-500: success (2 citations in 1.29s)
2025-10-08 11:19:22,579 [INFO] __main__: Completed CODE-IMPL-500: 2 citations in 1.29s
2025-10-08 11:19:22,579 [INFO] __main__: Processing CODE-IMPL-501: ...
2025-10-08 11:19:22,579 [DEBUG] __main__: Generated 1 queries for CODE-IMPL-501
2025-10-08 11:19:22,872 [WARNING] research.api_clients: Rate limit exceeded, backing off...
2025-10-08 11:19:23,000 [INFO] research.api_clients: ArXiv: Found 0 papers for ''
2025-10-08 11:19:23,541 [INFO] research.api_clients: CrossRef: Found 5 papers for ''
2025-10-08 11:20:23,788 [WARNING] research.api_clients: Rate limit exceeded, backing off...
2025-10-08 11:21:24,667 [ERROR] research.api_clients: Semantic Scholar API error: 400, message='Bad Request', url='https://api.semanticscholar.org/graph/v1/paper/search?query=&limit=5&fields=title,authors,year,abstract,citationCount,venue,externalIds,url'
2025-10-08 11:21:24,670 [INFO] research.api_clients: Unified search: 5 total \u2192 5 unique
2025-10-08 11:21:24,672 [INFO] research.bibtex_generator: Generated 2 BibTeX entries
2025-10-08 11:21:24,672 [INFO] research.checkpoint_manager: Recorded result for CODE-IMPL-501: success (2 citations in 122.09s)
2025-10-08 11:21:24,672 [INFO] __main__: Completed CODE-IMPL-501: 2 citations in 122.09s
2025-10-08 11:21:24,672 [INFO] __main__: Processing CODE-IMPL-502: ...
2025-10-08 11:21:24,672 [DEBUG] __main__: Generated 1 queries for CODE-IMPL-502
2025-10-08 11:21:25,243 [WARNING] research.api_clients: Rate limit exceeded, backing off...
2025-10-08 11:21:25,398 [INFO] research.api_clients: ArXiv: Found 0 papers for ''
2025-10-08 11:21:25,875 [INFO] research.api_clients: CrossRef: Found 5 papers for ''
2025-10-08 11:22:26,163 [WARNING] research.api_clients: Rate limit exceeded, backing off...
2025-10-08 11:23:27,057 [ERROR] research.api_clients: Semantic Scholar API error: 400, message='Bad Request', url='https://api.semanticscholar.org/graph/v1/paper/search?query=&limit=5&fields=title,authors,year,abstract,citationCount,venue,externalIds,url'
2025-10-08 11:23:27,059 [INFO] research.api_clients: Unified search: 5 total \u2192 5 unique
2025-10-08 11:23:27,060 [INFO] research.bibtex_generator: Generated 2 BibTeX entries
2025-10-08 11:23:27,060 [INFO] research.checkpoint_manager: Recorded result for CODE-IMPL-502: success (2 citations in 122.39s)
2025-10-08 11:23:27,062 [INFO] __main__: Completed CODE-IMPL-502: 2 citations in 122.39s
2025-10-08 11:23:27,062 [INFO] __main__: Processing CODE-IMPL-503: ...
2025-10-08 11:23:27,062 [DEBUG] __main__: Generated 1 queries for CODE-IMPL-503
2025-10-08 11:23:27,652 [WARNING] research.api_clients: Rate limit exceeded, backing off...
2025-10-08 11:23:27,879 [INFO] research.api_clients: ArXiv: Found 0 papers for ''
2025-10-08 11:23:28,276 [INFO] research.api_clients: CrossRef: Found 5 papers for ''
2025-10-08 11:24:28,512 [WARNING] research.api_clients: Rate limit exceeded, backing off...
2025-10-08 11:25:29,522 [ERROR] research.api_clients: Semantic Scholar API error: 400, message='Bad Request', url='https://api.semanticscholar.org/graph/v1/paper/search?query=&limit=5&fields=title,authors,year,abstract,citationCount,venue,externalIds,url'
2025-10-08 11:25:29,524 [INFO] research.api_clients: Unified search: 5 total \u2192 5 unique
2025-10-08 11:25:29,526 [INFO] research.bibtex_generator: Generated 2 BibTeX entries
2025-10-08 11:25:29,527 [INFO] research.checkpoint_manager: Recorded result for CODE-IMPL-503: success (2 citations in 122.47s)
2025-10-08 11:25:29,527 [INFO] __main__: Completed CODE-IMPL-503: 2 citations in 122.47s
2025-10-08 11:25:29,527 [INFO] __main__: Processing CODE-IMPL-504: ...
2025-10-08 11:25:29,527 [DEBUG] __main__: Generated 1 queries for CODE-IMPL-504
2025-10-08 11:25:29,812 [WARNING] research.api_clients: Rate limit exceeded, backing off...
2025-10-08 11:25:30,287 [INFO] research.api_clients: ArXiv: Found 0 papers for ''
2025-10-08 11:25:31,266 [INFO] research.api_clients: CrossRef: Found 5 papers for ''
2025-10-08 11:26:30,710 [WARNING] research.api_clients: Rate limit exceeded, backing off...
2025-10-08 11:27:31,636 [WARNING] research.api_clients: Rate limit exceeded, backing off...
2025-10-08 11:28:32,541 [ERROR] research.api_clients: Semantic Scholar API error: 400, message='Bad Request', url='https://api.semanticscholar.org/graph/v1/paper/search?query=&limit=5&fields=title,authors,year,abstract,citationCount,venue,externalIds,url'
2025-10-08 11:28:32,544 [INFO] research.api_clients: Unified search: 5 total \u2192 5 unique
2025-10-08 11:28:32,546 [INFO] research.bibtex_generator: Generated 2 BibTeX entries
2025-10-08 11:28:32,546 [INFO] research.checkpoint_manager: Recorded result for CODE-IMPL-504: success (2 citations in 183.02s)
2025-10-08 11:28:32,546 [INFO] __main__: Completed CODE-IMPL-504: 2 citations in 183.02s
2025-10-08 11:28:32,547 [INFO] __main__: Processing CODE-IMPL-507: ...
2025-10-08 11:28:32,547 [DEBUG] __main__: Generated 1 queries for CODE-IMPL-507
2025-10-08 11:28:33,098 [WARNING] research.api_clients: Rate limit exceeded, backing off...
2025-10-08 11:28:33,361 [INFO] research.api_clients: ArXiv: Found 0 papers for ''
2025-10-08 11:28:33,809 [INFO] research.api_clients: CrossRef: Found 5 papers for ''
2025-10-08 11:29:34,009 [ERROR] research.api_clients: Semantic Scholar API error: 400, message='Bad Request', url='https://api.semanticscholar.org/graph/v1/paper/search?query=&limit=5&fields=title,authors,year,abstract,citationCount,venue,externalIds,url'
2025-10-08 11:29:34,011 [INFO] research.api_clients: Unified search: 5 total \u2192 5 unique
2025-10-08 11:29:34,013 [INFO] research.bibtex_generator: Generated 2 BibTeX entries
2025-10-08 11:29:34,013 [INFO] research.checkpoint_manager: Recorded result for CODE-IMPL-507: success (2 citations in 61.47s)
2025-10-08 11:29:34,013 [INFO] __main__: Completed CODE-IMPL-507: 2 citations in 61.47s
2025-10-08 11:29:34,013 [INFO] __main__: Processing CODE-IMPL-508: ...
2025-10-08 11:29:34,013 [DEBUG] __main__: Generated 1 queries for CODE-IMPL-508
2025-10-08 11:29:34,575 [WARNING] research.api_clients: Rate limit exceeded, backing off...
2025-10-08 11:29:34,744 [INFO] research.api_clients: ArXiv: Found 0 papers for ''
2025-10-08 11:29:35,260 [INFO] research.api_clients: CrossRef: Found 5 papers for ''
2025-10-08 11:30:35,463 [WARNING] research.api_clients: Rate limit exceeded, backing off...
2025-10-08 11:31:36,361 [WARNING] research.api_clients: Rate limit exceeded, backing off...
2025-10-08 11:32:37,262 [ERROR] research.api_clients: Semantic Scholar API error: 400, message='Bad Request', url='https://api.semanticscholar.org/graph/v1/paper/search?query=&limit=5&fields=title,authors,year,abstract,citationCount,venue,externalIds,url'
2025-10-08 11:32:37,262 [INFO] research.api_clients: Unified search: 5 total \u2192 5 unique
2025-10-08 11:32:37,262 [INFO] research.bibtex_generator: Generated 2 BibTeX entries
2025-10-08 11:32:37,262 [INFO] research.checkpoint_manager: Recorded result for CODE-IMPL-508: success (2 citations in 183.25s)
2025-10-08 11:32:37,262 [INFO] __main__: Completed CODE-IMPL-508: 2 citations in 183.25s
2025-10-08 11:32:37,262 [INFO] __main__: Processing CODE-IMPL-509: ...
2025-10-08 11:32:37,262 [DEBUG] __main__: Generated 1 queries for CODE-IMPL-509
2025-10-08 11:32:37,826 [ERROR] research.api_clients: Semantic Scholar API error: 400, message='Bad Request', url='https://api.semanticscholar.org/graph/v1/paper/search?query=&limit=5&fields=title,authors,year,abstract,citationCount,venue,externalIds,url'
2025-10-08 11:32:37,972 [INFO] research.api_clients: ArXiv: Found 0 papers for ''
2025-10-08 11:32:47,689 [INFO] research.api_clients: CrossRef: Found 5 papers for ''
2025-10-08 11:32:47,690 [INFO] research.api_clients: Unified search: 5 total \u2192 5 unique
2025-10-08 11:32:47,692 [INFO] research.bibtex_generator: Generated 2 BibTeX entries
2025-10-08 11:32:47,692 [INFO] research.checkpoint_manager: Recorded result for CODE-IMPL-509: success (2 citations in 10.43s)
2025-10-08 11:32:47,692 [INFO] __main__: Completed CODE-IMPL-509: 2 citations in 10.43s
2025-10-08 11:32:47,692 [INFO] __main__: Processing CODE-IMPL-510: ...
2025-10-08 11:32:47,692 [DEBUG] __main__: Generated 1 queries for CODE-IMPL-510
2025-10-08 11:32:48,174 [INFO] research.api_clients: ArXiv: Found 0 papers for ''
2025-10-08 11:32:48,301 [WARNING] research.api_clients: Rate limit exceeded, backing off...
2025-10-08 11:32:48,842 [INFO] research.api_clients: CrossRef: Found 5 papers for ''
2025-10-08 11:33:49,165 [WARNING] research.api_clients: Rate limit exceeded, backing off...
2025-10-08 11:34:50,045 [WARNING] research.api_clients: Rate limit exceeded, backing off...
2025-10-08 11:35:50,998 [ERROR] research.api_clients: Semantic Scholar API error: 400, message='Bad Request', url='https://api.semanticscholar.org/graph/v1/paper/search?query=&limit=5&fields=title,authors,year,abstract,citationCount,venue,externalIds,url'
2025-10-08 11:35:51,002 [INFO] research.api_clients: Unified search: 5 total \u2192 5 unique
2025-10-08 11:35:51,004 [INFO] research.bibtex_generator: Generated 2 BibTeX entries
2025-10-08 11:35:51,004 [INFO] research.checkpoint_manager: Recorded result for CODE-IMPL-510: success (2 citations in 183.31s)
2025-10-08 11:35:51,005 [INFO] __main__: Completed CODE-IMPL-510: 2 citations in 183.31s
2025-10-08 11:35:51,005 [INFO] __main__: Processing CODE-IMPL-512: ...
2025-10-08 11:35:51,005 [DEBUG] __main__: Generated 1 queries for CODE-IMPL-512
2025-10-08 11:35:51,298 [WARNING] research.api_clients: Rate limit exceeded, backing off...
2025-10-08 11:35:51,755 [INFO] research.api_clients: ArXiv: Found 0 papers for ''
2025-10-08 11:35:52,355 [INFO] research.api_clients: CrossRef: Found 5 papers for ''
2025-10-08 11:36:52,166 [WARNING] research.api_clients: Rate limit exceeded, backing off...
2025-10-08 11:37:53,058 [ERROR] research.api_clients: Semantic Scholar API error: 400, message='Bad Request', url='https://api.semanticscholar.org/graph/v1/paper/search?query=&limit=5&fields=title,authors,year,abstract,citationCount,venue,externalIds,url'
2025-10-08 11:37:53,060 [INFO] research.api_clients: Unified search: 5 total \u2192 5 unique
2025-10-08 11:37:53,064 [INFO] research.bibtex_generator: Generated 2 BibTeX entries
2025-10-08 11:37:53,065 [INFO] research.checkpoint_manager: Recorded result for CODE-IMPL-512: success (2 citations in 122.06s)
2025-10-08 11:37:53,065 [INFO] __main__: Completed CODE-IMPL-512: 2 citations in 122.06s
2025-10-08 11:37:53,065 [INFO] __main__: Processing CODE-IMPL-516: ...
2025-10-08 11:37:53,065 [DEBUG] __main__: Generated 1 queries for CODE-IMPL-516
2025-10-08 11:37:53,622 [WARNING] research.api_clients: Rate limit exceeded, backing off...
2025-10-08 11:37:53,758 [INFO] research.api_clients: ArXiv: Found 0 papers for ''
2025-10-08 11:37:54,187 [INFO] research.api_clients: CrossRef: Found 5 papers for ''
2025-10-08 11:38:54,530 [WARNING] research.api_clients: Rate limit exceeded, backing off...
2025-10-08 11:39:55,394 [WARNING] research.api_clients: Rate limit exceeded, backing off...
2025-10-08 11:40:56,462 [WARNING] research.api_clients: Rate limit exceeded, backing off...
2025-10-08 11:41:57,339 [WARNING] research.api_clients: Rate limit exceeded, backing off...
2025-10-08 11:42:58,221 [WARNING] research.api_clients: Rate limit exceeded, backing off...
2025-10-08 11:43:59,140 [WARNING] research.api_clients: Rate limit exceeded, backing off...
2025-10-08 11:45:00,029 [WARNING] research.api_clients: Rate limit exceeded, backing off...
2025-10-08 11:46:00,926 [ERROR] research.api_clients: Semantic Scholar API error: 400, message='Bad Request', url='https://api.semanticscholar.org/graph/v1/paper/search?query=&limit=5&fields=title,authors,year,abstract,citationCount,venue,externalIds,url'
2025-10-08 11:46:00,930 [INFO] research.api_clients: Unified search: 5 total \u2192 5 unique
2025-10-08 11:46:00,942 [INFO] research.bibtex_generator: Generated 2 BibTeX entries
2025-10-08 11:46:00,942 [INFO] research.checkpoint_manager: Recorded result for CODE-IMPL-516: success (2 citations in 487.88s)
2025-10-08 11:46:00,942 [INFO] __main__: Completed CODE-IMPL-516: 2 citations in 487.88s
2025-10-08 11:46:00,942 [INFO] __main__: Processing CODE-IMPL-517: ...
2025-10-08 11:46:00,942 [DEBUG] __main__: Generated 1 queries for CODE-IMPL-517
2025-10-08 11:46:01,490 [ERROR] research.api_clients: Semantic Scholar API error: 400, message='Bad Request', url='https://api.semanticscholar.org/graph/v1/paper/search?query=&limit=5&fields=title,authors,year,abstract,citationCount,venue,externalIds,url'
2025-10-08 11:46:01,520 [INFO] research.api_clients: ArXiv: Found 0 papers for ''
2025-10-08 11:46:02,546 [INFO] research.api_clients: CrossRef: Found 5 papers for ''
2025-10-08 11:46:02,548 [INFO] research.api_clients: Unified search: 5 total \u2192 5 unique
2025-10-08 11:46:02,552 [INFO] research.bibtex_generator: Generated 2 BibTeX entries
2025-10-08 11:46:02,552 [INFO] research.checkpoint_manager: Recorded result for CODE-IMPL-517: success (2 citations in 1.61s)
2025-10-08 11:46:02,552 [INFO] __main__: Completed CODE-IMPL-517: 2 citations in 1.61s
2025-10-08 11:46:02,552 [INFO] __main__: Processing CODE-IMPL-518: ...
2025-10-08 11:46:02,552 [DEBUG] __main__: Generated 1 queries for CODE-IMPL-518
2025-10-08 11:46:02,883 [INFO] research.api_clients: ArXiv: Found 0 papers for ''
2025-10-08 11:46:03,069 [INFO] research.api_clients: CrossRef: Found 5 papers for ''
2025-10-08 11:46:03,081 [WARNING] research.api_clients: Rate limit exceeded, backing off...
2025-10-08 11:47:03,838 [WARNING] research.api_clients: Rate limit exceeded, backing off...
2025-10-08 11:48:04,597 [WARNING] research.api_clients: Rate limit exceeded, backing off...
2025-10-08 11:49:05,390 [ERROR] research.api_clients: Semantic Scholar API error: 400, message='Bad Request', url='https://api.semanticscholar.org/graph/v1/paper/search?query=&limit=5&fields=title,authors,year,abstract,citationCount,venue,externalIds,url'
2025-10-08 11:49:05,391 [INFO] research.api_clients: Unified search: 5 total \u2192 5 unique
2025-10-08 11:49:05,392 [INFO] research.bibtex_generator: Generated 2 BibTeX entries
2025-10-08 11:49:05,393 [INFO] research.checkpoint_manager: Recorded result for CODE-IMPL-518: success (2 citations in 182.84s)
2025-10-08 11:49:05,393 [INFO] __main__: Completed CODE-IMPL-518: 2 citations in 182.84s
2025-10-08 11:49:05,393 [INFO] __main__: Processing CODE-IMPL-519: ...
2025-10-08 11:49:05,393 [DEBUG] __main__: Generated 1 queries for CODE-IMPL-519
2025-10-08 11:49:05,662 [WARNING] research.api_clients: Rate limit exceeded, backing off...
2025-10-08 11:49:05,927 [INFO] research.api_clients: ArXiv: Found 0 papers for ''
2025-10-08 11:49:06,406 [INFO] research.api_clients: CrossRef: Found 5 papers for ''
2025-10-08 11:50:06,431 [WARNING] research.api_clients: Rate limit exceeded, backing off...
2025-10-08 11:51:07,224 [WARNING] research.api_clients: Rate limit exceeded, backing off...
2025-10-08 11:52:07,984 [ERROR] research.api_clients: Semantic Scholar API error: 400, message='Bad Request', url='https://api.semanticscholar.org/graph/v1/paper/search?query=&limit=5&fields=title,authors,year,abstract,citationCount,venue,externalIds,url'
2025-10-08 11:52:07,987 [INFO] research.api_clients: Unified search: 5 total \u2192 5 unique
2025-10-08 11:52:07,990 [INFO] research.bibtex_generator: Generated 2 BibTeX entries
2025-10-08 11:52:07,990 [INFO] research.checkpoint_manager: Recorded result for CODE-IMPL-519: success (2 citations in 182.60s)
2025-10-08 11:52:07,990 [INFO] __main__: Completed CODE-IMPL-519: 2 citations in 182.60s
2025-10-08 11:52:08,054 [INFO] research.checkpoint_manager: Checkpoint saved: session_20251008_071845_checkpoint_0026.json (100.0% complete)
2025-10-08 11:52:08,076 [INFO] research.bibtex_generator: Saved 52 entries to artifacts\research\enhanced_bibliography.bib
2025-10-08 11:52:08,093 [INFO] __main__: Research complete: 52 citations generated

======================================================================
RESEARCH PIPELINE COMPLETE
======================================================================
Session ID:          session_20251008_071845
Claims Processed:    26 / 26
Successful:          26
Citations Generated: 52

Outputs:
  BibTeX:  artifacts\research\enhanced_bibliography.bib
  Results: artifacts\research\research_results.json
======================================================================
