2025-10-08 10:48:24,517 [INFO] __main__: Loaded 68 claims for research
2025-10-08 10:48:24,518 [INFO] research.checkpoint_manager: Created research session: session_20251008_071824
2025-10-08 10:48:24,518 [INFO] research.checkpoint_manager: Queued 68 claims for processing
2025-10-08 10:48:24,519 [INFO] __main__: Processing CODE-IMPL-405: ...
2025-10-08 10:48:24,523 [DEBUG] __main__: Generated 1 queries for CODE-IMPL-405
2025-10-08 10:48:24,542 [ERROR] research.api_clients: ArXiv API error: Cannot connect to host export.arxiv.org:80 ssl:default [Access is denied]
2025-10-08 10:48:24,555 [ERROR] research.api_clients: CrossRef API error: Cannot connect to host api.crossref.org:443 ssl:default [Access is denied]
2025-10-08 10:48:24,556 [ERROR] research.api_clients: Semantic Scholar API error: Cannot connect to host api.semanticscholar.org:443 ssl:default [Access is denied]
2025-10-08 10:48:24,561 [INFO] research.api_clients: Unified search: 0 total \u2192 0 unique
2025-10-08 10:48:24,561 [INFO] research.bibtex_generator: Generated 0 BibTeX entries
2025-10-08 10:48:24,561 [INFO] research.checkpoint_manager: Recorded result for CODE-IMPL-405: partial (0 citations in 0.04s)
2025-10-08 10:48:24,561 [INFO] __main__: Completed CODE-IMPL-405: 0 citations in 0.04s
2025-10-08 10:48:24,561 [INFO] __main__: Processing CODE-IMPL-406: ...
2025-10-08 10:48:24,561 [DEBUG] __main__: Generated 1 queries for CODE-IMPL-406
2025-10-08 10:48:24,563 [ERROR] research.api_clients: ArXiv API error: Cannot connect to host export.arxiv.org:80 ssl:default [Access is denied]
2025-10-08 10:48:24,569 [ERROR] research.api_clients: Semantic Scholar API error: Cannot connect to host api.semanticscholar.org:443 ssl:default [Access is denied]
2025-10-08 10:48:24,569 [ERROR] research.api_clients: CrossRef API error: Cannot connect to host api.crossref.org:443 ssl:default [Access is denied]
2025-10-08 10:48:24,569 [INFO] research.api_clients: Unified search: 0 total \u2192 0 unique
2025-10-08 10:48:24,569 [INFO] research.bibtex_generator: Generated 0 BibTeX entries
2025-10-08 10:48:24,569 [INFO] research.checkpoint_manager: Recorded result for CODE-IMPL-406: partial (0 citations in 0.01s)
2025-10-08 10:48:24,570 [INFO] __main__: Completed CODE-IMPL-406: 0 citations in 0.01s
2025-10-08 10:48:24,570 [INFO] __main__: Processing CODE-IMPL-407: ...
2025-10-08 10:48:24,570 [DEBUG] __main__: Generated 1 queries for CODE-IMPL-407
2025-10-08 10:48:24,571 [ERROR] research.api_clients: ArXiv API error: Cannot connect to host export.arxiv.org:80 ssl:default [Access is denied]
2025-10-08 10:48:24,582 [ERROR] research.api_clients: Semantic Scholar API error: Cannot connect to host api.semanticscholar.org:443 ssl:default [Access is denied]
2025-10-08 10:48:24,583 [ERROR] research.api_clients: CrossRef API error: Cannot connect to host api.crossref.org:443 ssl:default [Access is denied]
2025-10-08 10:48:24,584 [INFO] research.api_clients: Unified search: 0 total \u2192 0 unique
2025-10-08 10:48:24,584 [INFO] research.bibtex_generator: Generated 0 BibTeX entries
2025-10-08 10:48:24,584 [INFO] research.checkpoint_manager: Recorded result for CODE-IMPL-407: partial (0 citations in 0.01s)
2025-10-08 10:48:24,584 [INFO] __main__: Completed CODE-IMPL-407: 0 citations in 0.01s
2025-10-08 10:48:24,585 [INFO] __main__: Processing CODE-IMPL-408: ...
2025-10-08 10:48:24,585 [DEBUG] __main__: Generated 1 queries for CODE-IMPL-408
2025-10-08 10:48:24,585 [DEBUG] research.api_clients: Rate limit: waiting 0.28s
2025-10-08 10:48:24,593 [ERROR] research.api_clients: Semantic Scholar API error: Cannot connect to host api.semanticscholar.org:443 ssl:default [Access is denied]
2025-10-08 10:48:24,594 [ERROR] research.api_clients: CrossRef API error: Cannot connect to host api.crossref.org:443 ssl:default [Access is denied]
2025-10-08 10:48:24,875 [ERROR] research.api_clients: ArXiv API error: Cannot connect to host export.arxiv.org:80 ssl:default [Access is denied]
2025-10-08 10:48:24,875 [INFO] research.api_clients: Unified search: 0 total \u2192 0 unique
2025-10-08 10:48:24,875 [INFO] research.bibtex_generator: Generated 0 BibTeX entries
2025-10-08 10:48:24,876 [INFO] research.checkpoint_manager: Recorded result for CODE-IMPL-408: partial (0 citations in 0.29s)
2025-10-08 10:48:24,876 [INFO] __main__: Completed CODE-IMPL-408: 0 citations in 0.29s
2025-10-08 10:48:24,876 [INFO] __main__: Processing CODE-IMPL-409: ...
2025-10-08 10:48:24,876 [DEBUG] __main__: Generated 1 queries for CODE-IMPL-409
2025-10-08 10:48:24,876 [DEBUG] research.api_clients: Rate limit: waiting 0.32s
2025-10-08 10:48:24,888 [ERROR] research.api_clients: Semantic Scholar API error: Cannot connect to host api.semanticscholar.org:443 ssl:default [Access is denied]
2025-10-08 10:48:24,888 [ERROR] research.api_clients: CrossRef API error: Cannot connect to host api.crossref.org:443 ssl:default [Access is denied]
2025-10-08 10:48:25,204 [ERROR] research.api_clients: ArXiv API error: Cannot connect to host export.arxiv.org:80 ssl:default [Access is denied]
2025-10-08 10:48:25,204 [INFO] research.api_clients: Unified search: 0 total \u2192 0 unique
2025-10-08 10:48:25,204 [INFO] research.bibtex_generator: Generated 0 BibTeX entries
2025-10-08 10:48:25,204 [INFO] research.checkpoint_manager: Recorded result for CODE-IMPL-409: partial (0 citations in 0.33s)
2025-10-08 10:48:25,205 [INFO] __main__: Completed CODE-IMPL-409: 0 citations in 0.33s
2025-10-08 10:48:25,205 [INFO] __main__: Processing CODE-IMPL-410: ...
2025-10-08 10:48:25,205 [DEBUG] __main__: Generated 1 queries for CODE-IMPL-410
2025-10-08 10:48:25,205 [DEBUG] research.api_clients: Rate limit: waiting 0.32s
2025-10-08 10:48:25,212 [ERROR] research.api_clients: Semantic Scholar API error: Cannot connect to host api.semanticscholar.org:443 ssl:default [Access is denied]
2025-10-08 10:48:25,212 [ERROR] research.api_clients: CrossRef API error: Cannot connect to host api.crossref.org:443 ssl:default [Access is denied]
2025-10-08 10:48:25,533 [ERROR] research.api_clients: ArXiv API error: Cannot connect to host export.arxiv.org:80 ssl:default [Access is denied]
2025-10-08 10:48:25,533 [INFO] research.api_clients: Unified search: 0 total \u2192 0 unique
2025-10-08 10:48:25,533 [INFO] research.bibtex_generator: Generated 0 BibTeX entries
2025-10-08 10:48:25,533 [INFO] research.checkpoint_manager: Recorded result for CODE-IMPL-410: partial (0 citations in 0.33s)
2025-10-08 10:48:25,534 [INFO] __main__: Completed CODE-IMPL-410: 0 citations in 0.33s
2025-10-08 10:48:25,534 [INFO] __main__: Processing CODE-IMPL-411: ...
2025-10-08 10:48:25,534 [DEBUG] __main__: Generated 1 queries for CODE-IMPL-411
2025-10-08 10:48:25,534 [DEBUG] research.api_clients: Rate limit: waiting 0.33s
2025-10-08 10:48:25,549 [ERROR] research.api_clients: Semantic Scholar API error: Cannot connect to host api.semanticscholar.org:443 ssl:default [Access is denied]
2025-10-08 10:48:25,550 [ERROR] research.api_clients: CrossRef API error: Cannot connect to host api.crossref.org:443 ssl:default [Access is denied]
2025-10-08 10:48:25,877 [ERROR] research.api_clients: ArXiv API error: Cannot connect to host export.arxiv.org:80 ssl:default [Access is denied]
2025-10-08 10:48:25,877 [INFO] research.api_clients: Unified search: 0 total \u2192 0 unique
2025-10-08 10:48:25,877 [INFO] research.bibtex_generator: Generated 0 BibTeX entries
2025-10-08 10:48:25,877 [INFO] research.checkpoint_manager: Recorded result for CODE-IMPL-411: partial (0 citations in 0.34s)
2025-10-08 10:48:25,877 [INFO] __main__: Completed CODE-IMPL-411: 0 citations in 0.34s
2025-10-08 10:48:25,878 [INFO] __main__: Processing CODE-IMPL-412: ...
2025-10-08 10:48:25,878 [DEBUG] __main__: Generated 1 queries for CODE-IMPL-412
2025-10-08 10:48:25,878 [DEBUG] research.api_clients: Rate limit: waiting 0.32s
2025-10-08 10:48:25,890 [ERROR] research.api_clients: Semantic Scholar API error: Cannot connect to host api.semanticscholar.org:443 ssl:default [Access is denied]
2025-10-08 10:48:25,891 [ERROR] research.api_clients: CrossRef API error: Cannot connect to host api.crossref.org:443 ssl:default [Access is denied]
2025-10-08 10:48:26,201 [ERROR] research.api_clients: ArXiv API error: Cannot connect to host export.arxiv.org:80 ssl:default [Access is denied]
2025-10-08 10:48:26,202 [INFO] research.api_clients: Unified search: 0 total \u2192 0 unique
2025-10-08 10:48:26,202 [INFO] research.bibtex_generator: Generated 0 BibTeX entries
2025-10-08 10:48:26,202 [INFO] research.checkpoint_manager: Recorded result for CODE-IMPL-412: partial (0 citations in 0.32s)
2025-10-08 10:48:26,202 [INFO] __main__: Completed CODE-IMPL-412: 0 citations in 0.32s
2025-10-08 10:48:26,202 [INFO] __main__: Processing CODE-IMPL-414: ...
2025-10-08 10:48:26,202 [DEBUG] __main__: Generated 1 queries for CODE-IMPL-414
2025-10-08 10:48:26,203 [DEBUG] research.api_clients: Rate limit: waiting 0.33s
2025-10-08 10:48:26,212 [ERROR] research.api_clients: Semantic Scholar API error: Cannot connect to host api.semanticscholar.org:443 ssl:default [Access is denied]
2025-10-08 10:48:26,212 [ERROR] research.api_clients: CrossRef API error: Cannot connect to host api.crossref.org:443 ssl:default [Access is denied]
2025-10-08 10:48:26,524 [DEBUG] research.api_clients: Rate limit: waiting 0.00s
2025-10-08 10:48:26,541 [ERROR] research.api_clients: ArXiv API error: Cannot connect to host export.arxiv.org:80 ssl:default [Access is denied]
2025-10-08 10:48:26,542 [INFO] research.api_clients: Unified search: 0 total \u2192 0 unique
2025-10-08 10:48:26,542 [INFO] research.bibtex_generator: Generated 0 BibTeX entries
2025-10-08 10:48:26,542 [INFO] research.checkpoint_manager: Recorded result for CODE-IMPL-414: partial (0 citations in 0.34s)
2025-10-08 10:48:26,542 [INFO] __main__: Completed CODE-IMPL-414: 0 citations in 0.34s
2025-10-08 10:48:26,542 [INFO] __main__: Processing CODE-IMPL-415: ...
2025-10-08 10:48:26,542 [DEBUG] __main__: Generated 1 queries for CODE-IMPL-415
2025-10-08 10:48:26,543 [DEBUG] research.api_clients: Rate limit: waiting 0.32s
2025-10-08 10:48:26,558 [ERROR] research.api_clients: Semantic Scholar API error: Cannot connect to host api.semanticscholar.org:443 ssl:default [Access is denied]
2025-10-08 10:48:26,559 [ERROR] research.api_clients: CrossRef API error: Cannot connect to host api.crossref.org:443 ssl:default [Access is denied]
2025-10-08 10:48:26,865 [ERROR] research.api_clients: ArXiv API error: Cannot connect to host export.arxiv.org:80 ssl:default [Access is denied]
2025-10-08 10:48:26,866 [INFO] research.api_clients: Unified search: 0 total \u2192 0 unique
2025-10-08 10:48:26,866 [INFO] research.bibtex_generator: Generated 0 BibTeX entries
2025-10-08 10:48:26,866 [INFO] research.checkpoint_manager: Recorded result for CODE-IMPL-415: partial (0 citations in 0.32s)
2025-10-08 10:48:26,866 [INFO] __main__: Completed CODE-IMPL-415: 0 citations in 0.32s
2025-10-08 10:48:26,866 [INFO] __main__: Processing CODE-IMPL-416: ...
2025-10-08 10:48:26,866 [DEBUG] __main__: Generated 1 queries for CODE-IMPL-416
2025-10-08 10:48:26,866 [DEBUG] research.api_clients: Rate limit: waiting 0.33s
2025-10-08 10:48:26,871 [ERROR] research.api_clients: Semantic Scholar API error: Cannot connect to host api.semanticscholar.org:443 ssl:default [Access is denied]
2025-10-08 10:48:26,872 [ERROR] research.api_clients: CrossRef API error: Cannot connect to host api.crossref.org:443 ssl:default [Access is denied]
2025-10-08 10:48:27,209 [ERROR] research.api_clients: ArXiv API error: Cannot connect to host export.arxiv.org:80 ssl:default [Access is denied]
2025-10-08 10:48:27,209 [INFO] research.api_clients: Unified search: 0 total \u2192 0 unique
2025-10-08 10:48:27,210 [INFO] research.bibtex_generator: Generated 0 BibTeX entries
2025-10-08 10:48:27,210 [INFO] research.checkpoint_manager: Recorded result for CODE-IMPL-416: partial (0 citations in 0.34s)
2025-10-08 10:48:27,211 [INFO] __main__: Completed CODE-IMPL-416: 0 citations in 0.34s
2025-10-08 10:48:27,211 [INFO] __main__: Processing CODE-IMPL-417: ...
2025-10-08 10:48:27,211 [DEBUG] __main__: Generated 1 queries for CODE-IMPL-417
2025-10-08 10:48:27,212 [DEBUG] research.api_clients: Rate limit: waiting 0.32s
2025-10-08 10:48:27,223 [ERROR] research.api_clients: Semantic Scholar API error: Cannot connect to host api.semanticscholar.org:443 ssl:default [Access is denied]
2025-10-08 10:48:27,224 [ERROR] research.api_clients: CrossRef API error: Cannot connect to host api.crossref.org:443 ssl:default [Access is denied]
2025-10-08 10:48:27,536 [ERROR] research.api_clients: ArXiv API error: Cannot connect to host export.arxiv.org:80 ssl:default [Access is denied]
2025-10-08 10:48:27,536 [INFO] research.api_clients: Unified search: 0 total \u2192 0 unique
2025-10-08 10:48:27,536 [INFO] research.bibtex_generator: Generated 0 BibTeX entries
2025-10-08 10:48:27,536 [INFO] research.checkpoint_manager: Recorded result for CODE-IMPL-417: partial (0 citations in 0.32s)
2025-10-08 10:48:27,536 [INFO] __main__: Completed CODE-IMPL-417: 0 citations in 0.32s
2025-10-08 10:48:27,536 [INFO] __main__: Processing CODE-IMPL-420: ...
2025-10-08 10:48:27,536 [DEBUG] __main__: Generated 1 queries for CODE-IMPL-420
2025-10-08 10:48:27,537 [DEBUG] research.api_clients: Rate limit: waiting 0.32s
2025-10-08 10:48:27,550 [ERROR] research.api_clients: Semantic Scholar API error: Cannot connect to host api.semanticscholar.org:443 ssl:default [Access is denied]
2025-10-08 10:48:27,550 [ERROR] research.api_clients: CrossRef API error: Cannot connect to host api.crossref.org:443 ssl:default [Access is denied]
2025-10-08 10:48:27,892 [ERROR] research.api_clients: ArXiv API error: Cannot connect to host export.arxiv.org:80 ssl:default [Access is denied]
2025-10-08 10:48:27,893 [INFO] research.api_clients: Unified search: 0 total \u2192 0 unique
2025-10-08 10:48:27,893 [INFO] research.bibtex_generator: Generated 0 BibTeX entries
2025-10-08 10:48:27,893 [INFO] research.checkpoint_manager: Recorded result for CODE-IMPL-420: partial (0 citations in 0.36s)
2025-10-08 10:48:27,893 [INFO] __main__: Completed CODE-IMPL-420: 0 citations in 0.36s
2025-10-08 10:48:27,894 [INFO] __main__: Processing CODE-IMPL-421: ...
2025-10-08 10:48:27,894 [DEBUG] __main__: Generated 1 queries for CODE-IMPL-421
2025-10-08 10:48:27,895 [DEBUG] research.api_clients: Rate limit: waiting 0.30s
2025-10-08 10:48:27,904 [ERROR] research.api_clients: Semantic Scholar API error: Cannot connect to host api.semanticscholar.org:443 ssl:default [Access is denied]
2025-10-08 10:48:27,905 [ERROR] research.api_clients: CrossRef API error: Cannot connect to host api.crossref.org:443 ssl:default [Access is denied]
2025-10-08 10:48:28,200 [ERROR] research.api_clients: ArXiv API error: Cannot connect to host export.arxiv.org:80 ssl:default [Access is denied]
2025-10-08 10:48:28,200 [INFO] research.api_clients: Unified search: 0 total \u2192 0 unique
2025-10-08 10:48:28,200 [INFO] research.bibtex_generator: Generated 0 BibTeX entries
2025-10-08 10:48:28,201 [INFO] research.checkpoint_manager: Recorded result for CODE-IMPL-421: partial (0 citations in 0.31s)
2025-10-08 10:48:28,201 [INFO] __main__: Completed CODE-IMPL-421: 0 citations in 0.31s
2025-10-08 10:48:28,201 [INFO] __main__: Processing CODE-IMPL-422: ...
2025-10-08 10:48:28,201 [DEBUG] __main__: Generated 1 queries for CODE-IMPL-422
2025-10-08 10:48:28,201 [DEBUG] research.api_clients: Rate limit: waiting 0.33s
2025-10-08 10:48:28,212 [ERROR] research.api_clients: Semantic Scholar API error: Cannot connect to host api.semanticscholar.org:443 ssl:default [Access is denied]
2025-10-08 10:48:28,213 [ERROR] research.api_clients: CrossRef API error: Cannot connect to host api.crossref.org:443 ssl:default [Access is denied]
2025-10-08 10:48:28,531 [ERROR] research.api_clients: ArXiv API error: Cannot connect to host export.arxiv.org:80 ssl:default [Access is denied]
2025-10-08 10:48:28,531 [INFO] research.api_clients: Unified search: 0 total \u2192 0 unique
2025-10-08 10:48:28,531 [INFO] research.bibtex_generator: Generated 0 BibTeX entries
2025-10-08 10:48:28,532 [INFO] research.checkpoint_manager: Recorded result for CODE-IMPL-422: partial (0 citations in 0.33s)
2025-10-08 10:48:28,532 [INFO] __main__: Completed CODE-IMPL-422: 0 citations in 0.33s
2025-10-08 10:48:28,532 [INFO] __main__: Processing CODE-IMPL-423: ...
2025-10-08 10:48:28,532 [DEBUG] __main__: Generated 1 queries for CODE-IMPL-423
2025-10-08 10:48:28,533 [DEBUG] research.api_clients: Rate limit: waiting 0.33s
2025-10-08 10:48:28,540 [ERROR] research.api_clients: Semantic Scholar API error: Cannot connect to host api.semanticscholar.org:443 ssl:default [Access is denied]
2025-10-08 10:48:28,540 [ERROR] research.api_clients: CrossRef API error: Cannot connect to host api.crossref.org:443 ssl:default [Access is denied]
2025-10-08 10:48:28,859 [DEBUG] research.api_clients: Rate limit: waiting 0.00s
2025-10-08 10:48:28,875 [ERROR] research.api_clients: ArXiv API error: Cannot connect to host export.arxiv.org:80 ssl:default [Access is denied]
2025-10-08 10:48:28,875 [INFO] research.api_clients: Unified search: 0 total \u2192 0 unique
2025-10-08 10:48:28,875 [INFO] research.bibtex_generator: Generated 0 BibTeX entries
2025-10-08 10:48:28,876 [INFO] research.checkpoint_manager: Recorded result for CODE-IMPL-423: partial (0 citations in 0.34s)
2025-10-08 10:48:28,876 [INFO] __main__: Completed CODE-IMPL-423: 0 citations in 0.34s
2025-10-08 10:48:28,876 [INFO] __main__: Processing CODE-IMPL-424: ...
2025-10-08 10:48:28,876 [DEBUG] __main__: Generated 1 queries for CODE-IMPL-424
2025-10-08 10:48:28,877 [DEBUG] research.api_clients: Rate limit: waiting 0.32s
2025-10-08 10:48:28,892 [ERROR] research.api_clients: Semantic Scholar API error: Cannot connect to host api.semanticscholar.org:443 ssl:default [Access is denied]
2025-10-08 10:48:28,893 [ERROR] research.api_clients: CrossRef API error: Cannot connect to host api.crossref.org:443 ssl:default [Access is denied]
2025-10-08 10:48:29,199 [ERROR] research.api_clients: ArXiv API error: Cannot connect to host export.arxiv.org:80 ssl:default [Access is denied]
2025-10-08 10:48:29,199 [INFO] research.api_clients: Unified search: 0 total \u2192 0 unique
2025-10-08 10:48:29,199 [INFO] research.bibtex_generator: Generated 0 BibTeX entries
2025-10-08 10:48:29,199 [INFO] research.checkpoint_manager: Recorded result for CODE-IMPL-424: partial (0 citations in 0.32s)
2025-10-08 10:48:29,199 [INFO] __main__: Completed CODE-IMPL-424: 0 citations in 0.32s
2025-10-08 10:48:29,199 [INFO] __main__: Processing CODE-IMPL-426: ...
2025-10-08 10:48:29,199 [DEBUG] __main__: Generated 1 queries for CODE-IMPL-426
2025-10-08 10:48:29,200 [DEBUG] research.api_clients: Rate limit: waiting 0.33s
2025-10-08 10:48:29,206 [ERROR] research.api_clients: Semantic Scholar API error: Cannot connect to host api.semanticscholar.org:443 ssl:default [Access is denied]
2025-10-08 10:48:29,206 [ERROR] research.api_clients: CrossRef API error: Cannot connect to host api.crossref.org:443 ssl:default [Access is denied]
2025-10-08 10:48:29,539 [ERROR] research.api_clients: ArXiv API error: Cannot connect to host export.arxiv.org:80 ssl:default [Access is denied]
2025-10-08 10:48:29,540 [INFO] research.api_clients: Unified search: 0 total \u2192 0 unique
2025-10-08 10:48:29,540 [INFO] research.bibtex_generator: Generated 0 BibTeX entries
2025-10-08 10:48:29,540 [INFO] research.checkpoint_manager: Recorded result for CODE-IMPL-426: partial (0 citations in 0.34s)
2025-10-08 10:48:29,540 [INFO] __main__: Completed CODE-IMPL-426: 0 citations in 0.34s
2025-10-08 10:48:29,540 [INFO] __main__: Processing CODE-IMPL-427: ...
2025-10-08 10:48:29,541 [DEBUG] __main__: Generated 1 queries for CODE-IMPL-427
2025-10-08 10:48:29,541 [DEBUG] research.api_clients: Rate limit: waiting 0.32s
2025-10-08 10:48:29,550 [ERROR] research.api_clients: Semantic Scholar API error: Cannot connect to host api.semanticscholar.org:443 ssl:default [Access is denied]
2025-10-08 10:48:29,551 [ERROR] research.api_clients: CrossRef API error: Cannot connect to host api.crossref.org:443 ssl:default [Access is denied]
2025-10-08 10:48:29,885 [ERROR] research.api_clients: ArXiv API error: Cannot connect to host export.arxiv.org:80 ssl:default [Access is denied]
2025-10-08 10:48:29,885 [INFO] research.api_clients: Unified search: 0 total \u2192 0 unique
2025-10-08 10:48:29,885 [INFO] research.bibtex_generator: Generated 0 BibTeX entries
2025-10-08 10:48:29,885 [INFO] research.checkpoint_manager: Recorded result for CODE-IMPL-427: partial (0 citations in 0.34s)
2025-10-08 10:48:29,885 [INFO] __main__: Completed CODE-IMPL-427: 0 citations in 0.34s
2025-10-08 10:48:29,885 [INFO] __main__: Processing CODE-IMPL-428: ...
2025-10-08 10:48:29,885 [DEBUG] __main__: Generated 1 queries for CODE-IMPL-428
2025-10-08 10:48:29,886 [DEBUG] research.api_clients: Rate limit: waiting 0.31s
2025-10-08 10:48:29,892 [ERROR] research.api_clients: Semantic Scholar API error: Cannot connect to host api.semanticscholar.org:443 ssl:default [Access is denied]
2025-10-08 10:48:29,893 [ERROR] research.api_clients: CrossRef API error: Cannot connect to host api.crossref.org:443 ssl:default [Access is denied]
2025-10-08 10:48:30,214 [ERROR] research.api_clients: ArXiv API error: Cannot connect to host export.arxiv.org:80 ssl:default [Access is denied]
2025-10-08 10:48:30,214 [INFO] research.api_clients: Unified search: 0 total \u2192 0 unique
2025-10-08 10:48:30,215 [INFO] research.bibtex_generator: Generated 0 BibTeX entries
2025-10-08 10:48:30,216 [INFO] research.checkpoint_manager: Recorded result for CODE-IMPL-428: partial (0 citations in 0.33s)
2025-10-08 10:48:30,216 [INFO] __main__: Completed CODE-IMPL-428: 0 citations in 0.33s
2025-10-08 10:48:30,216 [INFO] __main__: Processing CODE-IMPL-429: ...
2025-10-08 10:48:30,216 [DEBUG] __main__: Generated 1 queries for CODE-IMPL-429
2025-10-08 10:48:30,217 [DEBUG] research.api_clients: Rate limit: waiting 0.31s
2025-10-08 10:48:30,232 [ERROR] research.api_clients: Semantic Scholar API error: Cannot connect to host api.semanticscholar.org:443 ssl:default [Access is denied]
2025-10-08 10:48:30,232 [ERROR] research.api_clients: CrossRef API error: Cannot connect to host api.crossref.org:443 ssl:default [Access is denied]
2025-10-08 10:48:30,537 [ERROR] research.api_clients: ArXiv API error: Cannot connect to host export.arxiv.org:80 ssl:default [Access is denied]
2025-10-08 10:48:30,537 [INFO] research.api_clients: Unified search: 0 total \u2192 0 unique
2025-10-08 10:48:30,537 [INFO] research.bibtex_generator: Generated 0 BibTeX entries
2025-10-08 10:48:30,537 [INFO] research.checkpoint_manager: Recorded result for CODE-IMPL-429: partial (0 citations in 0.32s)
2025-10-08 10:48:30,537 [INFO] __main__: Completed CODE-IMPL-429: 0 citations in 0.32s
2025-10-08 10:48:30,537 [INFO] __main__: Processing CODE-IMPL-430: ...
2025-10-08 10:48:30,537 [DEBUG] __main__: Generated 1 queries for CODE-IMPL-430
2025-10-08 10:48:30,538 [DEBUG] research.api_clients: Rate limit: waiting 0.32s
2025-10-08 10:48:30,553 [ERROR] research.api_clients: Semantic Scholar API error: Cannot connect to host api.semanticscholar.org:443 ssl:default [Access is denied]
2025-10-08 10:48:30,553 [ERROR] research.api_clients: CrossRef API error: Cannot connect to host api.crossref.org:443 ssl:default [Access is denied]
2025-10-08 10:48:30,863 [ERROR] research.api_clients: ArXiv API error: Cannot connect to host export.arxiv.org:80 ssl:default [Access is denied]
2025-10-08 10:48:30,863 [INFO] research.api_clients: Unified search: 0 total \u2192 0 unique
2025-10-08 10:48:30,863 [INFO] research.bibtex_generator: Generated 0 BibTeX entries
2025-10-08 10:48:30,863 [INFO] research.checkpoint_manager: Recorded result for CODE-IMPL-430: partial (0 citations in 0.33s)
2025-10-08 10:48:30,863 [INFO] __main__: Completed CODE-IMPL-430: 0 citations in 0.33s
2025-10-08 10:48:30,864 [INFO] __main__: Processing CODE-IMPL-431: ...
2025-10-08 10:48:30,864 [DEBUG] __main__: Generated 1 queries for CODE-IMPL-431
2025-10-08 10:48:30,864 [DEBUG] research.api_clients: Rate limit: waiting 0.33s
2025-10-08 10:48:30,874 [ERROR] research.api_clients: Semantic Scholar API error: Cannot connect to host api.semanticscholar.org:443 ssl:default [Access is denied]
2025-10-08 10:48:30,874 [ERROR] research.api_clients: CrossRef API error: Cannot connect to host api.crossref.org:443 ssl:default [Access is denied]
2025-10-08 10:48:31,217 [ERROR] research.api_clients: ArXiv API error: Cannot connect to host export.arxiv.org:80 ssl:default [Access is denied]
2025-10-08 10:48:31,217 [INFO] research.api_clients: Unified search: 0 total \u2192 0 unique
2025-10-08 10:48:31,217 [INFO] research.bibtex_generator: Generated 0 BibTeX entries
2025-10-08 10:48:31,217 [INFO] research.checkpoint_manager: Recorded result for CODE-IMPL-431: partial (0 citations in 0.35s)
2025-10-08 10:48:31,217 [INFO] __main__: Completed CODE-IMPL-431: 0 citations in 0.35s
2025-10-08 10:48:31,217 [INFO] __main__: Processing CODE-IMPL-432: ...
2025-10-08 10:48:31,217 [DEBUG] __main__: Generated 1 queries for CODE-IMPL-432
2025-10-08 10:48:31,218 [DEBUG] research.api_clients: Rate limit: waiting 0.31s
2025-10-08 10:48:31,227 [ERROR] research.api_clients: Semantic Scholar API error: Cannot connect to host api.semanticscholar.org:443 ssl:default [Access is denied]
2025-10-08 10:48:31,228 [ERROR] research.api_clients: CrossRef API error: Cannot connect to host api.crossref.org:443 ssl:default [Access is denied]
2025-10-08 10:48:31,526 [DEBUG] research.api_clients: Rate limit: waiting 0.00s
2025-10-08 10:48:31,541 [ERROR] research.api_clients: ArXiv API error: Cannot connect to host export.arxiv.org:80 ssl:default [Access is denied]
2025-10-08 10:48:31,541 [INFO] research.api_clients: Unified search: 0 total \u2192 0 unique
2025-10-08 10:48:31,541 [INFO] research.bibtex_generator: Generated 0 BibTeX entries
2025-10-08 10:48:31,541 [INFO] research.checkpoint_manager: Recorded result for CODE-IMPL-432: partial (0 citations in 0.32s)
2025-10-08 10:48:31,541 [INFO] __main__: Completed CODE-IMPL-432: 0 citations in 0.32s
2025-10-08 10:48:31,541 [INFO] __main__: Processing CODE-IMPL-433: ...
2025-10-08 10:48:31,541 [DEBUG] __main__: Generated 1 queries for CODE-IMPL-433
2025-10-08 10:48:31,542 [DEBUG] research.api_clients: Rate limit: waiting 0.32s
2025-10-08 10:48:31,556 [ERROR] research.api_clients: Semantic Scholar API error: Cannot connect to host api.semanticscholar.org:443 ssl:default [Access is denied]
2025-10-08 10:48:31,557 [ERROR] research.api_clients: CrossRef API error: Cannot connect to host api.crossref.org:443 ssl:default [Access is denied]
2025-10-08 10:48:31,863 [ERROR] research.api_clients: ArXiv API error: Cannot connect to host export.arxiv.org:80 ssl:default [Access is denied]
2025-10-08 10:48:31,863 [INFO] research.api_clients: Unified search: 0 total \u2192 0 unique
2025-10-08 10:48:31,864 [INFO] research.bibtex_generator: Generated 0 BibTeX entries
2025-10-08 10:48:31,864 [INFO] research.checkpoint_manager: Recorded result for CODE-IMPL-433: partial (0 citations in 0.32s)
2025-10-08 10:48:31,864 [INFO] __main__: Completed CODE-IMPL-433: 0 citations in 0.32s
2025-10-08 10:48:31,864 [INFO] __main__: Processing CODE-IMPL-434: ...
2025-10-08 10:48:31,865 [DEBUG] __main__: Generated 1 queries for CODE-IMPL-434
2025-10-08 10:48:31,865 [DEBUG] research.api_clients: Rate limit: waiting 0.33s
2025-10-08 10:48:31,879 [ERROR] research.api_clients: Semantic Scholar API error: Cannot connect to host api.semanticscholar.org:443 ssl:default [Access is denied]
2025-10-08 10:48:31,879 [ERROR] research.api_clients: CrossRef API error: Cannot connect to host api.crossref.org:443 ssl:default [Access is denied]
2025-10-08 10:48:32,219 [ERROR] research.api_clients: ArXiv API error: Cannot connect to host export.arxiv.org:80 ssl:default [Access is denied]
2025-10-08 10:48:32,221 [INFO] research.api_clients: Unified search: 0 total \u2192 0 unique
2025-10-08 10:48:32,221 [INFO] research.bibtex_generator: Generated 0 BibTeX entries
2025-10-08 10:48:32,221 [INFO] research.checkpoint_manager: Recorded result for CODE-IMPL-434: partial (0 citations in 0.36s)
2025-10-08 10:48:32,222 [INFO] __main__: Completed CODE-IMPL-434: 0 citations in 0.36s
2025-10-08 10:48:32,222 [INFO] __main__: Processing CODE-IMPL-435: ...
2025-10-08 10:48:32,222 [DEBUG] __main__: Generated 1 queries for CODE-IMPL-435
2025-10-08 10:48:32,223 [DEBUG] research.api_clients: Rate limit: waiting 0.31s
2025-10-08 10:48:32,249 [ERROR] research.api_clients: Semantic Scholar API error: Cannot connect to host api.semanticscholar.org:443 ssl:default [Access is denied]
2025-10-08 10:48:32,249 [ERROR] research.api_clients: CrossRef API error: Cannot connect to host api.crossref.org:443 ssl:default [Access is denied]
2025-10-08 10:48:32,531 [ERROR] research.api_clients: ArXiv API error: Cannot connect to host export.arxiv.org:80 ssl:default [Access is denied]
2025-10-08 10:48:32,531 [INFO] research.api_clients: Unified search: 0 total \u2192 0 unique
2025-10-08 10:48:32,531 [INFO] research.bibtex_generator: Generated 0 BibTeX entries
2025-10-08 10:48:32,531 [INFO] research.checkpoint_manager: Recorded result for CODE-IMPL-435: partial (0 citations in 0.31s)
2025-10-08 10:48:32,531 [INFO] __main__: Completed CODE-IMPL-435: 0 citations in 0.31s
2025-10-08 10:48:32,532 [INFO] __main__: Processing CODE-IMPL-437: ...
2025-10-08 10:48:32,532 [DEBUG] __main__: Generated 1 queries for CODE-IMPL-437
2025-10-08 10:48:32,532 [DEBUG] research.api_clients: Rate limit: waiting 0.33s
2025-10-08 10:48:32,550 [ERROR] research.api_clients: Semantic Scholar API error: Cannot connect to host api.semanticscholar.org:443 ssl:default [Access is denied]
2025-10-08 10:48:32,551 [ERROR] research.api_clients: CrossRef API error: Cannot connect to host api.crossref.org:443 ssl:default [Access is denied]
2025-10-08 10:48:32,871 [ERROR] research.api_clients: ArXiv API error: Cannot connect to host export.arxiv.org:80 ssl:default [Access is denied]
2025-10-08 10:48:32,872 [INFO] research.api_clients: Unified search: 0 total \u2192 0 unique
2025-10-08 10:48:32,872 [INFO] research.bibtex_generator: Generated 0 BibTeX entries
2025-10-08 10:48:32,873 [INFO] research.checkpoint_manager: Recorded result for CODE-IMPL-437: partial (0 citations in 0.34s)
2025-10-08 10:48:32,873 [INFO] __main__: Completed CODE-IMPL-437: 0 citations in 0.34s
2025-10-08 10:48:32,873 [INFO] __main__: Processing CODE-IMPL-438: ...
2025-10-08 10:48:32,873 [DEBUG] __main__: Generated 1 queries for CODE-IMPL-438
2025-10-08 10:48:32,873 [DEBUG] research.api_clients: Rate limit: waiting 0.32s
2025-10-08 10:48:32,889 [ERROR] research.api_clients: Semantic Scholar API error: Cannot connect to host api.semanticscholar.org:443 ssl:default [Access is denied]
2025-10-08 10:48:32,889 [ERROR] research.api_clients: CrossRef API error: Cannot connect to host api.crossref.org:443 ssl:default [Access is denied]
2025-10-08 10:48:33,213 [ERROR] research.api_clients: ArXiv API error: Cannot connect to host export.arxiv.org:80 ssl:default [Access is denied]
2025-10-08 10:48:33,213 [INFO] research.api_clients: Unified search: 0 total \u2192 0 unique
2025-10-08 10:48:33,214 [INFO] research.bibtex_generator: Generated 0 BibTeX entries
2025-10-08 10:48:33,214 [INFO] research.checkpoint_manager: Recorded result for CODE-IMPL-438: partial (0 citations in 0.34s)
2025-10-08 10:48:33,214 [INFO] __main__: Completed CODE-IMPL-438: 0 citations in 0.34s
2025-10-08 10:48:33,214 [INFO] __main__: Processing CODE-IMPL-439: ...
2025-10-08 10:48:33,214 [DEBUG] __main__: Generated 1 queries for CODE-IMPL-439
2025-10-08 10:48:33,214 [DEBUG] research.api_clients: Rate limit: waiting 0.31s
2025-10-08 10:48:33,221 [ERROR] research.api_clients: Semantic Scholar API error: Cannot connect to host api.semanticscholar.org:443 ssl:default [Access is denied]
2025-10-08 10:48:33,221 [ERROR] research.api_clients: CrossRef API error: Cannot connect to host api.crossref.org:443 ssl:default [Access is denied]
2025-10-08 10:48:33,541 [ERROR] research.api_clients: ArXiv API error: Cannot connect to host export.arxiv.org:80 ssl:default [Access is denied]
2025-10-08 10:48:33,541 [INFO] research.api_clients: Unified search: 0 total \u2192 0 unique
2025-10-08 10:48:33,541 [INFO] research.bibtex_generator: Generated 0 BibTeX entries
2025-10-08 10:48:33,541 [INFO] research.checkpoint_manager: Recorded result for CODE-IMPL-439: partial (0 citations in 0.33s)
2025-10-08 10:48:33,541 [INFO] __main__: Completed CODE-IMPL-439: 0 citations in 0.33s
2025-10-08 10:48:33,542 [INFO] __main__: Processing CODE-IMPL-440: ...
2025-10-08 10:48:33,542 [DEBUG] __main__: Generated 1 queries for CODE-IMPL-440
2025-10-08 10:48:33,543 [DEBUG] research.api_clients: Rate limit: waiting 0.32s
2025-10-08 10:48:33,557 [ERROR] research.api_clients: Semantic Scholar API error: Cannot connect to host api.semanticscholar.org:443 ssl:default [Access is denied]
2025-10-08 10:48:33,557 [ERROR] research.api_clients: CrossRef API error: Cannot connect to host api.crossref.org:443 ssl:default [Access is denied]
2025-10-08 10:48:33,870 [ERROR] research.api_clients: ArXiv API error: Cannot connect to host export.arxiv.org:80 ssl:default [Access is denied]
2025-10-08 10:48:33,870 [INFO] research.api_clients: Unified search: 0 total \u2192 0 unique
2025-10-08 10:48:33,870 [INFO] research.bibtex_generator: Generated 0 BibTeX entries
2025-10-08 10:48:33,870 [INFO] research.checkpoint_manager: Recorded result for CODE-IMPL-440: partial (0 citations in 0.33s)
2025-10-08 10:48:33,870 [INFO] __main__: Completed CODE-IMPL-440: 0 citations in 0.33s
2025-10-08 10:48:33,870 [INFO] __main__: Processing CODE-IMPL-442: ...
2025-10-08 10:48:33,870 [DEBUG] __main__: Generated 1 queries for CODE-IMPL-442
2025-10-08 10:48:33,871 [DEBUG] research.api_clients: Rate limit: waiting 0.32s
2025-10-08 10:48:33,880 [ERROR] research.api_clients: Semantic Scholar API error: Cannot connect to host api.semanticscholar.org:443 ssl:default [Access is denied]
2025-10-08 10:48:33,880 [ERROR] research.api_clients: CrossRef API error: Cannot connect to host api.crossref.org:443 ssl:default [Access is denied]
2025-10-08 10:48:34,195 [DEBUG] research.api_clients: Rate limit: waiting 0.00s
2025-10-08 10:48:34,211 [ERROR] research.api_clients: ArXiv API error: Cannot connect to host export.arxiv.org:80 ssl:default [Access is denied]
2025-10-08 10:48:34,211 [INFO] research.api_clients: Unified search: 0 total \u2192 0 unique
2025-10-08 10:48:34,211 [INFO] research.bibtex_generator: Generated 0 BibTeX entries
2025-10-08 10:48:34,211 [INFO] research.checkpoint_manager: Recorded result for CODE-IMPL-442: partial (0 citations in 0.34s)
2025-10-08 10:48:34,211 [INFO] __main__: Completed CODE-IMPL-442: 0 citations in 0.34s
2025-10-08 10:48:34,211 [INFO] __main__: Processing CODE-IMPL-443: ...
2025-10-08 10:48:34,211 [DEBUG] __main__: Generated 1 queries for CODE-IMPL-443
2025-10-08 10:48:34,212 [DEBUG] research.api_clients: Rate limit: waiting 0.32s
2025-10-08 10:48:34,221 [ERROR] research.api_clients: Semantic Scholar API error: Cannot connect to host api.semanticscholar.org:443 ssl:default [Access is denied]
2025-10-08 10:48:34,222 [ERROR] research.api_clients: CrossRef API error: Cannot connect to host api.crossref.org:443 ssl:default [Access is denied]
2025-10-08 10:48:34,557 [ERROR] research.api_clients: ArXiv API error: Cannot connect to host export.arxiv.org:80 ssl:default [Access is denied]
2025-10-08 10:48:34,557 [INFO] research.api_clients: Unified search: 0 total \u2192 0 unique
2025-10-08 10:48:34,557 [INFO] research.bibtex_generator: Generated 0 BibTeX entries
2025-10-08 10:48:34,559 [INFO] research.checkpoint_manager: Recorded result for CODE-IMPL-443: partial (0 citations in 0.35s)
2025-10-08 10:48:34,559 [INFO] __main__: Completed CODE-IMPL-443: 0 citations in 0.35s
2025-10-08 10:48:34,559 [INFO] __main__: Processing CODE-IMPL-444: ...
2025-10-08 10:48:34,559 [DEBUG] __main__: Generated 1 queries for CODE-IMPL-444
2025-10-08 10:48:34,559 [DEBUG] research.api_clients: Rate limit: waiting 0.30s
2025-10-08 10:48:34,573 [ERROR] research.api_clients: Semantic Scholar API error: Cannot connect to host api.semanticscholar.org:443 ssl:default [Access is denied]
2025-10-08 10:48:34,573 [ERROR] research.api_clients: CrossRef API error: Cannot connect to host api.crossref.org:443 ssl:default [Access is denied]
2025-10-08 10:48:34,866 [ERROR] research.api_clients: ArXiv API error: Cannot connect to host export.arxiv.org:80 ssl:default [Access is denied]
2025-10-08 10:48:34,866 [INFO] research.api_clients: Unified search: 0 total \u2192 0 unique
2025-10-08 10:48:34,866 [INFO] research.bibtex_generator: Generated 0 BibTeX entries
2025-10-08 10:48:34,866 [INFO] research.checkpoint_manager: Recorded result for CODE-IMPL-444: partial (0 citations in 0.31s)
2025-10-08 10:48:34,866 [INFO] __main__: Completed CODE-IMPL-444: 0 citations in 0.31s
2025-10-08 10:48:34,866 [INFO] __main__: Processing CODE-IMPL-446: ...
2025-10-08 10:48:34,866 [DEBUG] __main__: Generated 1 queries for CODE-IMPL-446
2025-10-08 10:48:34,867 [DEBUG] research.api_clients: Rate limit: waiting 0.33s
2025-10-08 10:48:34,878 [ERROR] research.api_clients: Semantic Scholar API error: Cannot connect to host api.semanticscholar.org:443 ssl:default [Access is denied]
2025-10-08 10:48:34,879 [ERROR] research.api_clients: CrossRef API error: Cannot connect to host api.crossref.org:443 ssl:default [Access is denied]
2025-10-08 10:48:35,219 [ERROR] research.api_clients: ArXiv API error: Cannot connect to host export.arxiv.org:80 ssl:default [Access is denied]
2025-10-08 10:48:35,219 [INFO] research.api_clients: Unified search: 0 total \u2192 0 unique
2025-10-08 10:48:35,219 [INFO] research.bibtex_generator: Generated 0 BibTeX entries
2025-10-08 10:48:35,219 [INFO] research.checkpoint_manager: Recorded result for CODE-IMPL-446: partial (0 citations in 0.35s)
2025-10-08 10:48:35,220 [INFO] __main__: Completed CODE-IMPL-446: 0 citations in 0.35s
2025-10-08 10:48:35,220 [INFO] __main__: Processing CODE-IMPL-447: ...
2025-10-08 10:48:35,220 [DEBUG] __main__: Generated 1 queries for CODE-IMPL-447
2025-10-08 10:48:35,220 [DEBUG] research.api_clients: Rate limit: waiting 0.31s
2025-10-08 10:48:35,229 [ERROR] research.api_clients: Semantic Scholar API error: Cannot connect to host api.semanticscholar.org:443 ssl:default [Access is denied]
2025-10-08 10:48:35,229 [ERROR] research.api_clients: CrossRef API error: Cannot connect to host api.crossref.org:443 ssl:default [Access is denied]
2025-10-08 10:48:35,528 [DEBUG] research.api_clients: Rate limit: waiting 0.00s
2025-10-08 10:48:35,545 [ERROR] research.api_clients: ArXiv API error: Cannot connect to host export.arxiv.org:80 ssl:default [Access is denied]
2025-10-08 10:48:35,545 [INFO] research.api_clients: Unified search: 0 total \u2192 0 unique
2025-10-08 10:48:35,546 [INFO] research.bibtex_generator: Generated 0 BibTeX entries
2025-10-08 10:48:35,546 [INFO] research.checkpoint_manager: Recorded result for CODE-IMPL-447: partial (0 citations in 0.33s)
2025-10-08 10:48:35,546 [INFO] __main__: Completed CODE-IMPL-447: 0 citations in 0.33s
2025-10-08 10:48:35,546 [INFO] __main__: Processing CODE-IMPL-448: ...
2025-10-08 10:48:35,546 [DEBUG] __main__: Generated 1 queries for CODE-IMPL-448
2025-10-08 10:48:35,547 [DEBUG] research.api_clients: Rate limit: waiting 0.31s
2025-10-08 10:48:35,555 [ERROR] research.api_clients: Semantic Scholar API error: Cannot connect to host api.semanticscholar.org:443 ssl:default [Access is denied]
2025-10-08 10:48:35,555 [ERROR] research.api_clients: CrossRef API error: Cannot connect to host api.crossref.org:443 ssl:default [Access is denied]
2025-10-08 10:48:35,855 [DEBUG] research.api_clients: Rate limit: waiting 0.01s
2025-10-08 10:48:35,873 [ERROR] research.api_clients: ArXiv API error: Cannot connect to host export.arxiv.org:80 ssl:default [Access is denied]
2025-10-08 10:48:35,874 [INFO] research.api_clients: Unified search: 0 total \u2192 0 unique
2025-10-08 10:48:35,874 [INFO] research.bibtex_generator: Generated 0 BibTeX entries
2025-10-08 10:48:35,874 [INFO] research.checkpoint_manager: Recorded result for CODE-IMPL-448: partial (0 citations in 0.33s)
2025-10-08 10:48:35,874 [INFO] __main__: Completed CODE-IMPL-448: 0 citations in 0.33s
2025-10-08 10:48:35,874 [INFO] __main__: Processing CODE-IMPL-449: ...
2025-10-08 10:48:35,874 [DEBUG] __main__: Generated 1 queries for CODE-IMPL-449
2025-10-08 10:48:35,875 [DEBUG] research.api_clients: Rate limit: waiting 0.32s
2025-10-08 10:48:35,884 [ERROR] research.api_clients: Semantic Scholar API error: Cannot connect to host api.semanticscholar.org:443 ssl:default [Access is denied]
2025-10-08 10:48:35,884 [ERROR] research.api_clients: CrossRef API error: Cannot connect to host api.crossref.org:443 ssl:default [Access is denied]
2025-10-08 10:48:36,200 [ERROR] research.api_clients: ArXiv API error: Cannot connect to host export.arxiv.org:80 ssl:default [Access is denied]
2025-10-08 10:48:36,200 [INFO] research.api_clients: Unified search: 0 total \u2192 0 unique
2025-10-08 10:48:36,200 [INFO] research.bibtex_generator: Generated 0 BibTeX entries
2025-10-08 10:48:36,200 [INFO] research.checkpoint_manager: Recorded result for CODE-IMPL-449: partial (0 citations in 0.33s)
2025-10-08 10:48:36,200 [INFO] __main__: Completed CODE-IMPL-449: 0 citations in 0.33s
2025-10-08 10:48:36,200 [INFO] __main__: Processing CODE-IMPL-450: ...
2025-10-08 10:48:36,200 [DEBUG] __main__: Generated 1 queries for CODE-IMPL-450
2025-10-08 10:48:36,201 [DEBUG] research.api_clients: Rate limit: waiting 0.33s
2025-10-08 10:48:36,207 [ERROR] research.api_clients: Semantic Scholar API error: Cannot connect to host api.semanticscholar.org:443 ssl:default [Access is denied]
2025-10-08 10:48:36,207 [ERROR] research.api_clients: CrossRef API error: Cannot connect to host api.crossref.org:443 ssl:default [Access is denied]
2025-10-08 10:48:36,539 [ERROR] research.api_clients: ArXiv API error: Cannot connect to host export.arxiv.org:80 ssl:default [Access is denied]
2025-10-08 10:48:36,539 [INFO] research.api_clients: Unified search: 0 total \u2192 0 unique
2025-10-08 10:48:36,539 [INFO] research.bibtex_generator: Generated 0 BibTeX entries
2025-10-08 10:48:36,539 [INFO] research.checkpoint_manager: Recorded result for CODE-IMPL-450: partial (0 citations in 0.34s)
2025-10-08 10:48:36,539 [INFO] __main__: Completed CODE-IMPL-450: 0 citations in 0.34s
2025-10-08 10:48:36,539 [INFO] __main__: Processing CODE-IMPL-451: ...
2025-10-08 10:48:36,541 [DEBUG] __main__: Generated 1 queries for CODE-IMPL-451
2025-10-08 10:48:36,541 [DEBUG] research.api_clients: Rate limit: waiting 0.32s
2025-10-08 10:48:36,554 [ERROR] research.api_clients: Semantic Scholar API error: Cannot connect to host api.semanticscholar.org:443 ssl:default [Access is denied]
2025-10-08 10:48:36,555 [ERROR] research.api_clients: CrossRef API error: Cannot connect to host api.crossref.org:443 ssl:default [Access is denied]
2025-10-08 10:48:36,866 [ERROR] research.api_clients: ArXiv API error: Cannot connect to host export.arxiv.org:80 ssl:default [Access is denied]
2025-10-08 10:48:36,866 [INFO] research.api_clients: Unified search: 0 total \u2192 0 unique
2025-10-08 10:48:36,866 [INFO] research.bibtex_generator: Generated 0 BibTeX entries
2025-10-08 10:48:36,866 [INFO] research.checkpoint_manager: Recorded result for CODE-IMPL-451: partial (0 citations in 0.33s)
2025-10-08 10:48:36,866 [INFO] __main__: Completed CODE-IMPL-451: 0 citations in 0.33s
2025-10-08 10:48:36,866 [INFO] __main__: Processing CODE-IMPL-452: ...
2025-10-08 10:48:36,866 [DEBUG] __main__: Generated 1 queries for CODE-IMPL-452
2025-10-08 10:48:36,866 [DEBUG] research.api_clients: Rate limit: waiting 0.33s
2025-10-08 10:48:36,876 [ERROR] research.api_clients: Semantic Scholar API error: Cannot connect to host api.semanticscholar.org:443 ssl:default [Access is denied]
2025-10-08 10:48:36,876 [ERROR] research.api_clients: CrossRef API error: Cannot connect to host api.crossref.org:443 ssl:default [Access is denied]
2025-10-08 10:48:37,209 [ERROR] research.api_clients: ArXiv API error: Cannot connect to host export.arxiv.org:80 ssl:default [Access is denied]
2025-10-08 10:48:37,210 [INFO] research.api_clients: Unified search: 0 total \u2192 0 unique
2025-10-08 10:48:37,210 [INFO] research.bibtex_generator: Generated 0 BibTeX entries
2025-10-08 10:48:37,210 [INFO] research.checkpoint_manager: Recorded result for CODE-IMPL-452: partial (0 citations in 0.34s)
2025-10-08 10:48:37,210 [INFO] __main__: Completed CODE-IMPL-452: 0 citations in 0.34s
2025-10-08 10:48:37,210 [INFO] __main__: Processing CODE-IMPL-454: ...
2025-10-08 10:48:37,210 [DEBUG] __main__: Generated 1 queries for CODE-IMPL-454
2025-10-08 10:48:37,211 [DEBUG] research.api_clients: Rate limit: waiting 0.32s
2025-10-08 10:48:37,221 [ERROR] research.api_clients: Semantic Scholar API error: Cannot connect to host api.semanticscholar.org:443 ssl:default [Access is denied]
2025-10-08 10:48:37,221 [ERROR] research.api_clients: CrossRef API error: Cannot connect to host api.crossref.org:443 ssl:default [Access is denied]
2025-10-08 10:48:37,559 [ERROR] research.api_clients: ArXiv API error: Cannot connect to host export.arxiv.org:80 ssl:default [Access is denied]
2025-10-08 10:48:37,559 [INFO] research.api_clients: Unified search: 0 total \u2192 0 unique
2025-10-08 10:48:37,559 [INFO] research.bibtex_generator: Generated 0 BibTeX entries
2025-10-08 10:48:37,559 [INFO] research.checkpoint_manager: Recorded result for CODE-IMPL-454: partial (0 citations in 0.35s)
2025-10-08 10:48:37,560 [INFO] __main__: Completed CODE-IMPL-454: 0 citations in 0.35s
2025-10-08 10:48:37,560 [INFO] __main__: Processing CODE-IMPL-455: ...
2025-10-08 10:48:37,560 [DEBUG] __main__: Generated 1 queries for CODE-IMPL-455
2025-10-08 10:48:37,562 [DEBUG] research.api_clients: Rate limit: waiting 0.30s
2025-10-08 10:48:37,591 [ERROR] research.api_clients: Semantic Scholar API error: Cannot connect to host api.semanticscholar.org:443 ssl:default [Access is denied]
2025-10-08 10:48:37,591 [ERROR] research.api_clients: CrossRef API error: Cannot connect to host api.crossref.org:443 ssl:default [Access is denied]
2025-10-08 10:48:37,877 [ERROR] research.api_clients: ArXiv API error: Cannot connect to host export.arxiv.org:80 ssl:default [Access is denied]
2025-10-08 10:48:37,877 [INFO] research.api_clients: Unified search: 0 total \u2192 0 unique
2025-10-08 10:48:37,877 [INFO] research.bibtex_generator: Generated 0 BibTeX entries
2025-10-08 10:48:37,878 [INFO] research.checkpoint_manager: Recorded result for CODE-IMPL-455: partial (0 citations in 0.32s)
2025-10-08 10:48:37,878 [INFO] __main__: Completed CODE-IMPL-455: 0 citations in 0.32s
2025-10-08 10:48:37,878 [INFO] __main__: Processing CODE-IMPL-457: ...
2025-10-08 10:48:37,878 [DEBUG] __main__: Generated 1 queries for CODE-IMPL-457
2025-10-08 10:48:37,878 [DEBUG] research.api_clients: Rate limit: waiting 0.32s
2025-10-08 10:48:37,891 [ERROR] research.api_clients: Semantic Scholar API error: Cannot connect to host api.semanticscholar.org:443 ssl:default [Access is denied]
2025-10-08 10:48:37,891 [ERROR] research.api_clients: CrossRef API error: Cannot connect to host api.crossref.org:443 ssl:default [Access is denied]
2025-10-08 10:48:38,199 [ERROR] research.api_clients: ArXiv API error: Cannot connect to host export.arxiv.org:80 ssl:default [Access is denied]
2025-10-08 10:48:38,199 [INFO] research.api_clients: Unified search: 0 total \u2192 0 unique
2025-10-08 10:48:38,199 [INFO] research.bibtex_generator: Generated 0 BibTeX entries
2025-10-08 10:48:38,199 [INFO] research.checkpoint_manager: Recorded result for CODE-IMPL-457: partial (0 citations in 0.32s)
2025-10-08 10:48:38,199 [INFO] __main__: Completed CODE-IMPL-457: 0 citations in 0.32s
2025-10-08 10:48:38,199 [INFO] __main__: Processing CODE-IMPL-458: ...
2025-10-08 10:48:38,199 [DEBUG] __main__: Generated 1 queries for CODE-IMPL-458
2025-10-08 10:48:38,201 [DEBUG] research.api_clients: Rate limit: waiting 0.33s
2025-10-08 10:48:38,222 [ERROR] research.api_clients: Semantic Scholar API error: Cannot connect to host api.semanticscholar.org:443 ssl:default [Access is denied]
2025-10-08 10:48:38,222 [ERROR] research.api_clients: CrossRef API error: Cannot connect to host api.crossref.org:443 ssl:default [Access is denied]
2025-10-08 10:48:38,539 [ERROR] research.api_clients: ArXiv API error: Cannot connect to host export.arxiv.org:80 ssl:default [Access is denied]
2025-10-08 10:48:38,539 [INFO] research.api_clients: Unified search: 0 total \u2192 0 unique
2025-10-08 10:48:38,539 [INFO] research.bibtex_generator: Generated 0 BibTeX entries
2025-10-08 10:48:38,540 [INFO] research.checkpoint_manager: Recorded result for CODE-IMPL-458: partial (0 citations in 0.34s)
2025-10-08 10:48:38,540 [INFO] __main__: Completed CODE-IMPL-458: 0 citations in 0.34s
2025-10-08 10:48:38,540 [INFO] __main__: Processing CODE-IMPL-460: ...
2025-10-08 10:48:38,540 [DEBUG] __main__: Generated 1 queries for CODE-IMPL-460
2025-10-08 10:48:38,540 [DEBUG] research.api_clients: Rate limit: waiting 0.32s
2025-10-08 10:48:38,549 [ERROR] research.api_clients: Semantic Scholar API error: Cannot connect to host api.semanticscholar.org:443 ssl:default [Access is denied]
2025-10-08 10:48:38,549 [ERROR] research.api_clients: CrossRef API error: Cannot connect to host api.crossref.org:443 ssl:default [Access is denied]
2025-10-08 10:48:38,881 [ERROR] research.api_clients: ArXiv API error: Cannot connect to host export.arxiv.org:80 ssl:default [Access is denied]
2025-10-08 10:48:38,881 [INFO] research.api_clients: Unified search: 0 total \u2192 0 unique
2025-10-08 10:48:38,882 [INFO] research.bibtex_generator: Generated 0 BibTeX entries
2025-10-08 10:48:38,882 [INFO] research.checkpoint_manager: Recorded result for CODE-IMPL-460: partial (0 citations in 0.34s)
2025-10-08 10:48:38,882 [INFO] __main__: Completed CODE-IMPL-460: 0 citations in 0.34s
2025-10-08 10:48:38,882 [INFO] __main__: Processing CODE-IMPL-461: ...
2025-10-08 10:48:38,882 [DEBUG] __main__: Generated 1 queries for CODE-IMPL-461
2025-10-08 10:48:38,883 [DEBUG] research.api_clients: Rate limit: waiting 0.31s
2025-10-08 10:48:38,893 [ERROR] research.api_clients: Semantic Scholar API error: Cannot connect to host api.semanticscholar.org:443 ssl:default [Access is denied]
2025-10-08 10:48:38,894 [ERROR] research.api_clients: CrossRef API error: Cannot connect to host api.crossref.org:443 ssl:default [Access is denied]
2025-10-08 10:48:39,209 [ERROR] research.api_clients: ArXiv API error: Cannot connect to host export.arxiv.org:80 ssl:default [Access is denied]
2025-10-08 10:48:39,210 [INFO] research.api_clients: Unified search: 0 total \u2192 0 unique
2025-10-08 10:48:39,210 [INFO] research.bibtex_generator: Generated 0 BibTeX entries
2025-10-08 10:48:39,210 [INFO] research.checkpoint_manager: Recorded result for CODE-IMPL-461: partial (0 citations in 0.33s)
2025-10-08 10:48:39,210 [INFO] __main__: Completed CODE-IMPL-461: 0 citations in 0.33s
2025-10-08 10:48:39,210 [INFO] __main__: Processing CODE-IMPL-462: ...
2025-10-08 10:48:39,210 [DEBUG] __main__: Generated 1 queries for CODE-IMPL-462
2025-10-08 10:48:39,211 [DEBUG] research.api_clients: Rate limit: waiting 0.32s
2025-10-08 10:48:39,227 [ERROR] research.api_clients: Semantic Scholar API error: Cannot connect to host api.semanticscholar.org:443 ssl:default [Access is denied]
2025-10-08 10:48:39,227 [ERROR] research.api_clients: CrossRef API error: Cannot connect to host api.crossref.org:443 ssl:default [Access is denied]
2025-10-08 10:48:39,536 [ERROR] research.api_clients: ArXiv API error: Cannot connect to host export.arxiv.org:80 ssl:default [Access is denied]
2025-10-08 10:48:39,538 [INFO] research.api_clients: Unified search: 0 total \u2192 0 unique
2025-10-08 10:48:39,538 [INFO] research.bibtex_generator: Generated 0 BibTeX entries
2025-10-08 10:48:39,538 [INFO] research.checkpoint_manager: Recorded result for CODE-IMPL-462: partial (0 citations in 0.33s)
2025-10-08 10:48:39,538 [INFO] __main__: Completed CODE-IMPL-462: 0 citations in 0.33s
2025-10-08 10:48:39,538 [INFO] __main__: Processing CODE-IMPL-464: ...
2025-10-08 10:48:39,538 [DEBUG] __main__: Generated 1 queries for CODE-IMPL-464
2025-10-08 10:48:39,539 [DEBUG] research.api_clients: Rate limit: waiting 0.32s
2025-10-08 10:48:39,549 [ERROR] research.api_clients: Semantic Scholar API error: Cannot connect to host api.semanticscholar.org:443 ssl:default [Access is denied]
2025-10-08 10:48:39,550 [ERROR] research.api_clients: CrossRef API error: Cannot connect to host api.crossref.org:443 ssl:default [Access is denied]
2025-10-08 10:48:39,878 [ERROR] research.api_clients: ArXiv API error: Cannot connect to host export.arxiv.org:80 ssl:default [Access is denied]
2025-10-08 10:48:39,878 [INFO] research.api_clients: Unified search: 0 total \u2192 0 unique
2025-10-08 10:48:39,878 [INFO] research.bibtex_generator: Generated 0 BibTeX entries
2025-10-08 10:48:39,879 [INFO] research.checkpoint_manager: Recorded result for CODE-IMPL-464: partial (0 citations in 0.34s)
2025-10-08 10:48:39,879 [INFO] __main__: Completed CODE-IMPL-464: 0 citations in 0.34s
2025-10-08 10:48:39,879 [INFO] __main__: Processing CODE-IMPL-465: ...
2025-10-08 10:48:39,879 [DEBUG] __main__: Generated 1 queries for CODE-IMPL-465
2025-10-08 10:48:39,880 [DEBUG] research.api_clients: Rate limit: waiting 0.32s
2025-10-08 10:48:39,919 [ERROR] research.api_clients: Semantic Scholar API error: Cannot connect to host api.semanticscholar.org:443 ssl:default [Access is denied]
2025-10-08 10:48:39,920 [ERROR] research.api_clients: CrossRef API error: Cannot connect to host api.crossref.org:443 ssl:default [Access is denied]
2025-10-08 10:48:40,222 [ERROR] research.api_clients: ArXiv API error: Cannot connect to host export.arxiv.org:80 ssl:default [Access is denied]
2025-10-08 10:48:40,223 [INFO] research.api_clients: Unified search: 0 total \u2192 0 unique
2025-10-08 10:48:40,223 [INFO] research.bibtex_generator: Generated 0 BibTeX entries
2025-10-08 10:48:40,223 [INFO] research.checkpoint_manager: Recorded result for CODE-IMPL-465: partial (0 citations in 0.34s)
2025-10-08 10:48:40,223 [INFO] __main__: Completed CODE-IMPL-465: 0 citations in 0.34s
2025-10-08 10:48:40,228 [INFO] research.checkpoint_manager: Checkpoint saved: session_20251008_071824_checkpoint_0050.json (73.5% complete)
2025-10-08 10:48:40,228 [INFO] __main__: Processing CODE-IMPL-467: ...
2025-10-08 10:48:40,228 [DEBUG] __main__: Generated 1 queries for CODE-IMPL-467
2025-10-08 10:48:40,229 [DEBUG] research.api_clients: Rate limit: waiting 0.30s
2025-10-08 10:48:40,249 [ERROR] research.api_clients: Semantic Scholar API error: Cannot connect to host api.semanticscholar.org:443 ssl:default [Access is denied]
2025-10-08 10:48:40,250 [ERROR] research.api_clients: CrossRef API error: Cannot connect to host api.crossref.org:443 ssl:default [Access is denied]
2025-10-08 10:48:40,554 [ERROR] research.api_clients: ArXiv API error: Cannot connect to host export.arxiv.org:80 ssl:default [Access is denied]
2025-10-08 10:48:40,554 [INFO] research.api_clients: Unified search: 0 total \u2192 0 unique
2025-10-08 10:48:40,555 [INFO] research.bibtex_generator: Generated 0 BibTeX entries
2025-10-08 10:48:40,555 [INFO] research.checkpoint_manager: Recorded result for CODE-IMPL-467: partial (0 citations in 0.33s)
2025-10-08 10:48:40,555 [INFO] __main__: Completed CODE-IMPL-467: 0 citations in 0.33s
2025-10-08 10:48:40,555 [INFO] __main__: Processing CODE-IMPL-468: ...
2025-10-08 10:48:40,555 [DEBUG] __main__: Generated 1 queries for CODE-IMPL-468
2025-10-08 10:48:40,556 [DEBUG] research.api_clients: Rate limit: waiting 0.31s
2025-10-08 10:48:40,568 [ERROR] research.api_clients: Semantic Scholar API error: Cannot connect to host api.semanticscholar.org:443 ssl:default [Access is denied]
2025-10-08 10:48:40,568 [ERROR] research.api_clients: CrossRef API error: Cannot connect to host api.crossref.org:443 ssl:default [Access is denied]
2025-10-08 10:48:40,866 [ERROR] research.api_clients: ArXiv API error: Cannot connect to host export.arxiv.org:80 ssl:default [Access is denied]
2025-10-08 10:48:40,866 [INFO] research.api_clients: Unified search: 0 total \u2192 0 unique
2025-10-08 10:48:40,866 [INFO] research.bibtex_generator: Generated 0 BibTeX entries
2025-10-08 10:48:40,866 [INFO] research.checkpoint_manager: Recorded result for CODE-IMPL-468: partial (0 citations in 0.31s)
2025-10-08 10:48:40,866 [INFO] __main__: Completed CODE-IMPL-468: 0 citations in 0.31s
2025-10-08 10:48:40,867 [INFO] __main__: Processing CODE-IMPL-470: ...
2025-10-08 10:48:40,867 [DEBUG] __main__: Generated 1 queries for CODE-IMPL-470
2025-10-08 10:48:40,867 [DEBUG] research.api_clients: Rate limit: waiting 0.33s
2025-10-08 10:48:40,877 [ERROR] research.api_clients: Semantic Scholar API error: Cannot connect to host api.semanticscholar.org:443 ssl:default [Access is denied]
2025-10-08 10:48:40,877 [ERROR] research.api_clients: CrossRef API error: Cannot connect to host api.crossref.org:443 ssl:default [Access is denied]
2025-10-08 10:48:41,211 [ERROR] research.api_clients: ArXiv API error: Cannot connect to host export.arxiv.org:80 ssl:default [Access is denied]
2025-10-08 10:48:41,211 [INFO] research.api_clients: Unified search: 0 total \u2192 0 unique
2025-10-08 10:48:41,211 [INFO] research.bibtex_generator: Generated 0 BibTeX entries
2025-10-08 10:48:41,211 [INFO] research.checkpoint_manager: Recorded result for CODE-IMPL-470: partial (0 citations in 0.34s)
2025-10-08 10:48:41,211 [INFO] __main__: Completed CODE-IMPL-470: 0 citations in 0.34s
2025-10-08 10:48:41,212 [INFO] __main__: Processing CODE-IMPL-471: ...
2025-10-08 10:48:41,212 [DEBUG] __main__: Generated 1 queries for CODE-IMPL-471
2025-10-08 10:48:41,215 [DEBUG] research.api_clients: Rate limit: waiting 0.31s
2025-10-08 10:48:41,235 [ERROR] research.api_clients: Semantic Scholar API error: Cannot connect to host api.semanticscholar.org:443 ssl:default [Access is denied]
2025-10-08 10:48:41,236 [ERROR] research.api_clients: CrossRef API error: Cannot connect to host api.crossref.org:443 ssl:default [Access is denied]
2025-10-08 10:48:41,540 [ERROR] research.api_clients: ArXiv API error: Cannot connect to host export.arxiv.org:80 ssl:default [Access is denied]
2025-10-08 10:48:41,540 [INFO] research.api_clients: Unified search: 0 total \u2192 0 unique
2025-10-08 10:48:41,540 [INFO] research.bibtex_generator: Generated 0 BibTeX entries
2025-10-08 10:48:41,541 [INFO] research.checkpoint_manager: Recorded result for CODE-IMPL-471: partial (0 citations in 0.33s)
2025-10-08 10:48:41,541 [INFO] __main__: Completed CODE-IMPL-471: 0 citations in 0.33s
2025-10-08 10:48:41,541 [INFO] __main__: Processing CODE-IMPL-472: ...
2025-10-08 10:48:41,541 [DEBUG] __main__: Generated 1 queries for CODE-IMPL-472
2025-10-08 10:48:41,542 [DEBUG] research.api_clients: Rate limit: waiting 0.32s
2025-10-08 10:48:41,555 [ERROR] research.api_clients: Semantic Scholar API error: Cannot connect to host api.semanticscholar.org:443 ssl:default [Access is denied]
2025-10-08 10:48:41,555 [ERROR] research.api_clients: CrossRef API error: Cannot connect to host api.crossref.org:443 ssl:default [Access is denied]
2025-10-08 10:48:41,866 [ERROR] research.api_clients: ArXiv API error: Cannot connect to host export.arxiv.org:80 ssl:default [Access is denied]
2025-10-08 10:48:41,867 [INFO] research.api_clients: Unified search: 0 total \u2192 0 unique
2025-10-08 10:48:41,867 [INFO] research.bibtex_generator: Generated 0 BibTeX entries
2025-10-08 10:48:41,867 [INFO] research.checkpoint_manager: Recorded result for CODE-IMPL-472: partial (0 citations in 0.33s)
2025-10-08 10:48:41,867 [INFO] __main__: Completed CODE-IMPL-472: 0 citations in 0.33s
2025-10-08 10:48:41,867 [INFO] __main__: Processing CODE-IMPL-473: ...
2025-10-08 10:48:41,867 [DEBUG] __main__: Generated 1 queries for CODE-IMPL-473
2025-10-08 10:48:41,868 [DEBUG] research.api_clients: Rate limit: waiting 0.33s
2025-10-08 10:48:41,879 [ERROR] research.api_clients: Semantic Scholar API error: Cannot connect to host api.semanticscholar.org:443 ssl:default [Access is denied]
2025-10-08 10:48:41,879 [ERROR] research.api_clients: CrossRef API error: Cannot connect to host api.crossref.org:443 ssl:default [Access is denied]
2025-10-08 10:48:42,222 [ERROR] research.api_clients: ArXiv API error: Cannot connect to host export.arxiv.org:80 ssl:default [Access is denied]
2025-10-08 10:48:42,223 [INFO] research.api_clients: Unified search: 0 total \u2192 0 unique
2025-10-08 10:48:42,223 [INFO] research.bibtex_generator: Generated 0 BibTeX entries
2025-10-08 10:48:42,223 [INFO] research.checkpoint_manager: Recorded result for CODE-IMPL-473: partial (0 citations in 0.36s)
2025-10-08 10:48:42,223 [INFO] __main__: Completed CODE-IMPL-473: 0 citations in 0.36s
2025-10-08 10:48:42,223 [INFO] __main__: Processing CODE-IMPL-474: ...
2025-10-08 10:48:42,224 [DEBUG] __main__: Generated 1 queries for CODE-IMPL-474
2025-10-08 10:48:42,224 [DEBUG] research.api_clients: Rate limit: waiting 0.30s
2025-10-08 10:48:42,239 [ERROR] research.api_clients: Semantic Scholar API error: Cannot connect to host api.semanticscholar.org:443 ssl:default [Access is denied]
2025-10-08 10:48:42,239 [ERROR] research.api_clients: CrossRef API error: Cannot connect to host api.crossref.org:443 ssl:default [Access is denied]
2025-10-08 10:48:42,533 [ERROR] research.api_clients: ArXiv API error: Cannot connect to host export.arxiv.org:80 ssl:default [Access is denied]
2025-10-08 10:48:42,533 [INFO] research.api_clients: Unified search: 0 total \u2192 0 unique
2025-10-08 10:48:42,533 [INFO] research.bibtex_generator: Generated 0 BibTeX entries
2025-10-08 10:48:42,533 [INFO] research.checkpoint_manager: Recorded result for CODE-IMPL-474: partial (0 citations in 0.31s)
2025-10-08 10:48:42,533 [INFO] __main__: Completed CODE-IMPL-474: 0 citations in 0.31s
2025-10-08 10:48:42,534 [INFO] __main__: Processing CODE-IMPL-475: ...
2025-10-08 10:48:42,534 [DEBUG] __main__: Generated 1 queries for CODE-IMPL-475
2025-10-08 10:48:42,534 [DEBUG] research.api_clients: Rate limit: waiting 0.33s
2025-10-08 10:48:42,551 [ERROR] research.api_clients: Semantic Scholar API error: Cannot connect to host api.semanticscholar.org:443 ssl:default [Access is denied]
2025-10-08 10:48:42,552 [ERROR] research.api_clients: CrossRef API error: Cannot connect to host api.crossref.org:443 ssl:default [Access is denied]
2025-10-08 10:48:42,860 [DEBUG] research.api_clients: Rate limit: waiting 0.00s
2025-10-08 10:48:42,878 [ERROR] research.api_clients: ArXiv API error: Cannot connect to host export.arxiv.org:80 ssl:default [Access is denied]
2025-10-08 10:48:42,878 [INFO] research.api_clients: Unified search: 0 total \u2192 0 unique
2025-10-08 10:48:42,879 [INFO] research.bibtex_generator: Generated 0 BibTeX entries
2025-10-08 10:48:42,879 [INFO] research.checkpoint_manager: Recorded result for CODE-IMPL-475: partial (0 citations in 0.35s)
2025-10-08 10:48:42,879 [INFO] __main__: Completed CODE-IMPL-475: 0 citations in 0.35s
2025-10-08 10:48:42,879 [INFO] __main__: Processing CODE-IMPL-476: ...
2025-10-08 10:48:42,879 [DEBUG] __main__: Generated 1 queries for CODE-IMPL-476
2025-10-08 10:48:42,883 [DEBUG] research.api_clients: Rate limit: waiting 0.31s
2025-10-08 10:48:42,901 [ERROR] research.api_clients: Semantic Scholar API error: Cannot connect to host api.semanticscholar.org:443 ssl:default [Access is denied]
2025-10-08 10:48:42,901 [ERROR] research.api_clients: CrossRef API error: Cannot connect to host api.crossref.org:443 ssl:default [Access is denied]
2025-10-08 10:48:43,205 [ERROR] research.api_clients: ArXiv API error: Cannot connect to host export.arxiv.org:80 ssl:default [Access is denied]
2025-10-08 10:48:43,205 [INFO] research.api_clients: Unified search: 0 total \u2192 0 unique
2025-10-08 10:48:43,205 [INFO] research.bibtex_generator: Generated 0 BibTeX entries
2025-10-08 10:48:43,205 [INFO] research.checkpoint_manager: Recorded result for CODE-IMPL-476: partial (0 citations in 0.33s)
2025-10-08 10:48:43,205 [INFO] __main__: Completed CODE-IMPL-476: 0 citations in 0.33s
2025-10-08 10:48:43,206 [INFO] __main__: Processing CODE-IMPL-477: ...
2025-10-08 10:48:43,206 [DEBUG] __main__: Generated 1 queries for CODE-IMPL-477
2025-10-08 10:48:43,206 [DEBUG] research.api_clients: Rate limit: waiting 0.32s
2025-10-08 10:48:43,214 [ERROR] research.api_clients: Semantic Scholar API error: Cannot connect to host api.semanticscholar.org:443 ssl:default [Access is denied]
2025-10-08 10:48:43,214 [ERROR] research.api_clients: CrossRef API error: Cannot connect to host api.crossref.org:443 ssl:default [Access is denied]
2025-10-08 10:48:43,532 [ERROR] research.api_clients: ArXiv API error: Cannot connect to host export.arxiv.org:80 ssl:default [Access is denied]
2025-10-08 10:48:43,532 [INFO] research.api_clients: Unified search: 0 total \u2192 0 unique
2025-10-08 10:48:43,532 [INFO] research.bibtex_generator: Generated 0 BibTeX entries
2025-10-08 10:48:43,532 [INFO] research.checkpoint_manager: Recorded result for CODE-IMPL-477: partial (0 citations in 0.33s)
2025-10-08 10:48:43,532 [INFO] __main__: Completed CODE-IMPL-477: 0 citations in 0.33s
2025-10-08 10:48:43,532 [INFO] __main__: Processing CODE-IMPL-478: ...
2025-10-08 10:48:43,532 [DEBUG] __main__: Generated 1 queries for CODE-IMPL-478
2025-10-08 10:48:43,533 [DEBUG] research.api_clients: Rate limit: waiting 0.33s
2025-10-08 10:48:43,542 [ERROR] research.api_clients: Semantic Scholar API error: Cannot connect to host api.semanticscholar.org:443 ssl:default [Access is denied]
2025-10-08 10:48:43,542 [ERROR] research.api_clients: CrossRef API error: Cannot connect to host api.crossref.org:443 ssl:default [Access is denied]
2025-10-08 10:48:43,861 [DEBUG] research.api_clients: Rate limit: waiting 0.00s
2025-10-08 10:48:43,877 [ERROR] research.api_clients: ArXiv API error: Cannot connect to host export.arxiv.org:80 ssl:default [Access is denied]
2025-10-08 10:48:43,877 [INFO] research.api_clients: Unified search: 0 total \u2192 0 unique
2025-10-08 10:48:43,878 [INFO] research.bibtex_generator: Generated 0 BibTeX entries
2025-10-08 10:48:43,878 [INFO] research.checkpoint_manager: Recorded result for CODE-IMPL-478: partial (0 citations in 0.35s)
2025-10-08 10:48:43,878 [INFO] __main__: Completed CODE-IMPL-478: 0 citations in 0.35s
2025-10-08 10:48:43,878 [INFO] __main__: Processing CODE-IMPL-479: ...
2025-10-08 10:48:43,878 [DEBUG] __main__: Generated 1 queries for CODE-IMPL-479
2025-10-08 10:48:43,879 [DEBUG] research.api_clients: Rate limit: waiting 0.32s
2025-10-08 10:48:43,896 [ERROR] research.api_clients: Semantic Scholar API error: Cannot connect to host api.semanticscholar.org:443 ssl:default [Access is denied]
2025-10-08 10:48:43,896 [ERROR] research.api_clients: CrossRef API error: Cannot connect to host api.crossref.org:443 ssl:default [Access is denied]
2025-10-08 10:48:44,187 [DEBUG] research.api_clients: Rate limit: waiting 0.01s
2025-10-08 10:48:44,205 [ERROR] research.api_clients: ArXiv API error: Cannot connect to host export.arxiv.org:80 ssl:default [Access is denied]
2025-10-08 10:48:44,205 [INFO] research.api_clients: Unified search: 0 total \u2192 0 unique
2025-10-08 10:48:44,205 [INFO] research.bibtex_generator: Generated 0 BibTeX entries
2025-10-08 10:48:44,205 [INFO] research.checkpoint_manager: Recorded result for CODE-IMPL-479: partial (0 citations in 0.33s)
2025-10-08 10:48:44,205 [INFO] __main__: Completed CODE-IMPL-479: 0 citations in 0.33s
2025-10-08 10:48:44,205 [INFO] __main__: Processing CODE-IMPL-480: ...
2025-10-08 10:48:44,205 [DEBUG] __main__: Generated 1 queries for CODE-IMPL-480
2025-10-08 10:48:44,206 [DEBUG] research.api_clients: Rate limit: waiting 0.32s
2025-10-08 10:48:44,214 [ERROR] research.api_clients: Semantic Scholar API error: Cannot connect to host api.semanticscholar.org:443 ssl:default [Access is denied]
2025-10-08 10:48:44,215 [ERROR] research.api_clients: CrossRef API error: Cannot connect to host api.crossref.org:443 ssl:default [Access is denied]
2025-10-08 10:48:44,531 [ERROR] research.api_clients: ArXiv API error: Cannot connect to host export.arxiv.org:80 ssl:default [Access is denied]
2025-10-08 10:48:44,531 [INFO] research.api_clients: Unified search: 0 total \u2192 0 unique
2025-10-08 10:48:44,531 [INFO] research.bibtex_generator: Generated 0 BibTeX entries
2025-10-08 10:48:44,531 [INFO] research.checkpoint_manager: Recorded result for CODE-IMPL-480: partial (0 citations in 0.33s)
2025-10-08 10:48:44,531 [INFO] __main__: Completed CODE-IMPL-480: 0 citations in 0.33s
2025-10-08 10:48:44,531 [INFO] __main__: Processing CODE-IMPL-481: ...
2025-10-08 10:48:44,532 [DEBUG] __main__: Generated 1 queries for CODE-IMPL-481
2025-10-08 10:48:44,533 [DEBUG] research.api_clients: Rate limit: waiting 0.33s
2025-10-08 10:48:44,540 [ERROR] research.api_clients: Semantic Scholar API error: Cannot connect to host api.semanticscholar.org:443 ssl:default [Access is denied]
2025-10-08 10:48:44,540 [ERROR] research.api_clients: CrossRef API error: Cannot connect to host api.crossref.org:443 ssl:default [Access is denied]
2025-10-08 10:48:44,856 [DEBUG] research.api_clients: Rate limit: waiting 0.01s
2025-10-08 10:48:44,874 [ERROR] research.api_clients: ArXiv API error: Cannot connect to host export.arxiv.org:80 ssl:default [Access is denied]
2025-10-08 10:48:44,874 [INFO] research.api_clients: Unified search: 0 total \u2192 0 unique
2025-10-08 10:48:44,874 [INFO] research.bibtex_generator: Generated 0 BibTeX entries
2025-10-08 10:48:44,874 [INFO] research.checkpoint_manager: Recorded result for CODE-IMPL-481: partial (0 citations in 0.34s)
2025-10-08 10:48:44,874 [INFO] __main__: Completed CODE-IMPL-481: 0 citations in 0.34s
2025-10-08 10:48:44,874 [INFO] __main__: Processing CODE-IMPL-482: ...
2025-10-08 10:48:44,874 [DEBUG] __main__: Generated 1 queries for CODE-IMPL-482
2025-10-08 10:48:44,876 [DEBUG] research.api_clients: Rate limit: waiting 0.32s
2025-10-08 10:48:44,888 [ERROR] research.api_clients: Semantic Scholar API error: Cannot connect to host api.semanticscholar.org:443 ssl:default [Access is denied]
2025-10-08 10:48:44,889 [ERROR] research.api_clients: CrossRef API error: Cannot connect to host api.crossref.org:443 ssl:default [Access is denied]
2025-10-08 10:48:45,198 [ERROR] research.api_clients: ArXiv API error: Cannot connect to host export.arxiv.org:80 ssl:default [Access is denied]
2025-10-08 10:48:45,198 [INFO] research.api_clients: Unified search: 0 total \u2192 0 unique
2025-10-08 10:48:45,198 [INFO] research.bibtex_generator: Generated 0 BibTeX entries
2025-10-08 10:48:45,199 [INFO] research.checkpoint_manager: Recorded result for CODE-IMPL-482: partial (0 citations in 0.32s)
2025-10-08 10:48:45,199 [INFO] __main__: Completed CODE-IMPL-482: 0 citations in 0.32s
2025-10-08 10:48:45,199 [INFO] __main__: Processing CODE-IMPL-483: ...
2025-10-08 10:48:45,199 [DEBUG] __main__: Generated 1 queries for CODE-IMPL-483
2025-10-08 10:48:45,199 [DEBUG] research.api_clients: Rate limit: waiting 0.33s
2025-10-08 10:48:45,212 [ERROR] research.api_clients: Semantic Scholar API error: Cannot connect to host api.semanticscholar.org:443 ssl:default [Access is denied]
2025-10-08 10:48:45,213 [ERROR] research.api_clients: CrossRef API error: Cannot connect to host api.crossref.org:443 ssl:default [Access is denied]
2025-10-08 10:48:45,539 [ERROR] research.api_clients: ArXiv API error: Cannot connect to host export.arxiv.org:80 ssl:default [Access is denied]
2025-10-08 10:48:45,539 [INFO] research.api_clients: Unified search: 0 total \u2192 0 unique
2025-10-08 10:48:45,540 [INFO] research.bibtex_generator: Generated 0 BibTeX entries
2025-10-08 10:48:45,540 [INFO] research.checkpoint_manager: Recorded result for CODE-IMPL-483: partial (0 citations in 0.34s)
2025-10-08 10:48:45,540 [INFO] __main__: Completed CODE-IMPL-483: 0 citations in 0.34s
2025-10-08 10:48:45,540 [INFO] __main__: Processing CODE-IMPL-484: ...
2025-10-08 10:48:45,541 [DEBUG] __main__: Generated 1 queries for CODE-IMPL-484
2025-10-08 10:48:45,541 [DEBUG] research.api_clients: Rate limit: waiting 0.32s
2025-10-08 10:48:45,551 [ERROR] research.api_clients: Semantic Scholar API error: Cannot connect to host api.semanticscholar.org:443 ssl:default [Access is denied]
2025-10-08 10:48:45,552 [ERROR] research.api_clients: CrossRef API error: Cannot connect to host api.crossref.org:443 ssl:default [Access is denied]
2025-10-08 10:48:45,866 [ERROR] research.api_clients: ArXiv API error: Cannot connect to host export.arxiv.org:80 ssl:default [Access is denied]
2025-10-08 10:48:45,867 [INFO] research.api_clients: Unified search: 0 total \u2192 0 unique
2025-10-08 10:48:45,867 [INFO] research.bibtex_generator: Generated 0 BibTeX entries
2025-10-08 10:48:45,868 [INFO] research.checkpoint_manager: Recorded result for CODE-IMPL-484: partial (0 citations in 0.33s)
2025-10-08 10:48:45,868 [INFO] __main__: Completed CODE-IMPL-484: 0 citations in 0.33s
2025-10-08 10:48:45,868 [INFO] __main__: Processing CODE-IMPL-486: ...
2025-10-08 10:48:45,868 [DEBUG] __main__: Generated 1 queries for CODE-IMPL-486
2025-10-08 10:48:45,868 [DEBUG] research.api_clients: Rate limit: waiting 0.33s
2025-10-08 10:48:45,878 [ERROR] research.api_clients: Semantic Scholar API error: Cannot connect to host api.semanticscholar.org:443 ssl:default [Access is denied]
2025-10-08 10:48:45,878 [ERROR] research.api_clients: CrossRef API error: Cannot connect to host api.crossref.org:443 ssl:default [Access is denied]
2025-10-08 10:48:46,214 [ERROR] research.api_clients: ArXiv API error: Cannot connect to host export.arxiv.org:80 ssl:default [Access is denied]
2025-10-08 10:48:46,214 [INFO] research.api_clients: Unified search: 0 total \u2192 0 unique
2025-10-08 10:48:46,214 [INFO] research.bibtex_generator: Generated 0 BibTeX entries
2025-10-08 10:48:46,214 [INFO] research.checkpoint_manager: Recorded result for CODE-IMPL-486: partial (0 citations in 0.35s)
2025-10-08 10:48:46,214 [INFO] __main__: Completed CODE-IMPL-486: 0 citations in 0.35s
2025-10-08 10:48:46,235 [INFO] research.checkpoint_manager: Checkpoint saved: session_20251008_071824_checkpoint_0068.json (100.0% complete)
2025-10-08 10:48:46,238 [INFO] research.bibtex_generator: Saved 0 entries to artifacts\research\enhanced_bibliography.bib
2025-10-08 10:48:46,246 [INFO] __main__: Research complete: 0 citations generated

======================================================================
RESEARCH PIPELINE COMPLETE
======================================================================
Session ID:          session_20251008_071824
Claims Processed:    68 / 68
Successful:          0
Citations Generated: 0

Outputs:
  BibTeX:  artifacts\research\enhanced_bibliography.bib
  Results: artifacts\research\research_results.json
======================================================================
