2025-10-08 10:49:02,148 [INFO] __main__: Loaded 38 claims for research
2025-10-08 10:49:02,148 [INFO] research.checkpoint_manager: Created research session: session_20251008_071902
2025-10-08 10:49:02,149 [INFO] research.checkpoint_manager: Queued 38 claims for processing
2025-10-08 10:49:02,149 [INFO] __main__: Processing FORMAL-DEFINITION-002: The sliding surface is defined as:...
2025-10-08 10:49:02,151 [DEBUG] __main__: Generated 2 queries for FORMAL-DEFINITION-002
2025-10-08 10:49:02,936 [INFO] research.api_clients: ArXiv: Found 5 papers for 'sliding mode control sliding surface'
2025-10-08 10:49:03,058 [WARNING] research.api_clients: Rate limit exceeded, backing off...
2025-10-08 10:49:03,190 [INFO] research.api_clients: CrossRef: Found 5 papers for 'sliding mode control sliding surface'
2025-10-08 10:50:03,963 [WARNING] research.api_clients: Rate limit exceeded, backing off...
2025-10-08 10:51:05,038 [WARNING] research.api_clients: Rate limit exceeded, backing off...
2025-10-08 10:52:05,936 [WARNING] research.api_clients: Rate limit exceeded, backing off...
2025-10-08 10:53:06,842 [WARNING] research.api_clients: Rate limit exceeded, backing off...
2025-10-08 10:54:07,742 [WARNING] research.api_clients: Rate limit exceeded, backing off...
2025-10-08 10:55:09,350 [INFO] research.api_clients: Semantic Scholar: Found 5 papers for 'sliding mode control sliding surface'
2025-10-08 10:55:09,393 [INFO] research.api_clients: Unified search: 15 total \u2192 13 unique
2025-10-08 10:55:10,372 [INFO] research.api_clients: ArXiv: Found 5 papers for 'sliding surface'
2025-10-08 10:55:10,373 [INFO] research.api_clients: CrossRef: Found 5 papers for 'sliding surface'
2025-10-08 10:55:10,696 [INFO] research.api_clients: Semantic Scholar: Found 5 papers for 'sliding surface'
2025-10-08 10:55:10,732 [INFO] research.api_clients: Unified search: 15 total \u2192 14 unique
2025-10-08 10:55:10,752 [INFO] research.bibtex_generator: Generated 2 BibTeX entries
2025-10-08 10:55:10,752 [INFO] research.checkpoint_manager: Recorded result for FORMAL-DEFINITION-002: success (2 citations in 368.60s)
2025-10-08 10:55:10,752 [INFO] __main__: Completed FORMAL-DEFINITION-002: 2 citations in 368.60s
2025-10-08 10:55:10,752 [INFO] __main__: Processing FORMAL-DEFINITION-003: Parameter sensitivity matrix:...
2025-10-08 10:55:10,752 [DEBUG] __main__: Generated 1 queries for FORMAL-DEFINITION-003
2025-10-08 10:55:11,436 [INFO] research.api_clients: ArXiv: Found 5 papers for 'matrix'
2025-10-08 10:55:11,518 [INFO] research.api_clients: CrossRef: Found 5 papers for 'matrix'
2025-10-08 10:55:11,772 [INFO] research.api_clients: Semantic Scholar: Found 5 papers for 'matrix'
2025-10-08 10:55:11,793 [INFO] research.api_clients: Unified search: 15 total \u2192 12 unique
2025-10-08 10:55:11,797 [INFO] research.bibtex_generator: Generated 2 BibTeX entries
2025-10-08 10:55:11,798 [INFO] research.checkpoint_manager: Recorded result for FORMAL-DEFINITION-003: success (2 citations in 1.04s)
2025-10-08 10:55:11,798 [INFO] __main__: Completed FORMAL-DEFINITION-003: 2 citations in 1.04s
2025-10-08 10:55:11,798 [INFO] __main__: Processing FORMAL-DEFINITION-006: The optimization problem is defined over a D-dimensional sea...
2025-10-08 10:55:11,799 [DEBUG] __main__: Generated 1 queries for FORMAL-DEFINITION-006
2025-10-08 10:55:12,239 [INFO] research.api_clients: CrossRef: Found 5 papers for 'optimization problem defined over D-dimensional search space:'
2025-10-08 10:55:12,366 [WARNING] research.api_clients: Rate limit exceeded, backing off...
2025-10-08 10:55:12,412 [INFO] research.api_clients: ArXiv: Found 0 papers for 'optimization problem defined over D-dimensional search space:'
2025-10-08 10:56:14,514 [INFO] research.api_clients: Semantic Scholar: Found 5 papers for 'optimization problem defined over D-dimensional search space:'
2025-10-08 10:56:14,531 [INFO] research.api_clients: Unified search: 10 total \u2192 10 unique
2025-10-08 10:56:14,536 [INFO] research.bibtex_generator: Generated 2 BibTeX entries
2025-10-08 10:56:14,536 [INFO] research.checkpoint_manager: Recorded result for FORMAL-DEFINITION-006: success (2 citations in 62.74s)
2025-10-08 10:56:14,536 [INFO] __main__: Completed FORMAL-DEFINITION-006: 2 citations in 62.74s
2025-10-08 10:56:14,536 [INFO] __main__: Processing FORMAL-DEFINITION-007: The fitness landscape is defined by:...
2025-10-08 10:56:14,537 [DEBUG] __main__: Generated 1 queries for FORMAL-DEFINITION-007
2025-10-08 10:56:15,111 [WARNING] research.api_clients: Rate limit exceeded, backing off...
2025-10-08 10:56:15,496 [INFO] research.api_clients: ArXiv: Found 0 papers for 'fitness landscape defined by:'
2025-10-08 10:56:16,058 [INFO] research.api_clients: CrossRef: Found 5 papers for 'fitness landscape defined by:'
2025-10-08 10:57:15,989 [WARNING] research.api_clients: Rate limit exceeded, backing off...
2025-10-08 10:58:16,850 [WARNING] research.api_clients: Rate limit exceeded, backing off...
2025-10-08 10:59:18,330 [INFO] research.api_clients: Semantic Scholar: Found 5 papers for 'fitness landscape defined by:'
2025-10-08 10:59:18,338 [INFO] research.api_clients: Unified search: 10 total \u2192 9 unique
2025-10-08 10:59:18,344 [INFO] research.bibtex_generator: Generated 2 BibTeX entries
2025-10-08 10:59:18,344 [INFO] research.checkpoint_manager: Recorded result for FORMAL-DEFINITION-007: success (2 citations in 183.81s)
2025-10-08 10:59:18,345 [INFO] __main__: Completed FORMAL-DEFINITION-007: 2 citations in 183.81s
2025-10-08 10:59:18,345 [INFO] __main__: Processing FORMAL-DEFINITION-009: The swarm converges in mean square if:...
2025-10-08 10:59:18,345 [DEBUG] __main__: Generated 1 queries for FORMAL-DEFINITION-009
2025-10-08 10:59:18,641 [WARNING] research.api_clients: Rate limit exceeded, backing off...
2025-10-08 10:59:19,270 [INFO] research.api_clients: CrossRef: Found 5 papers for 'swarm converges mean square if:'
2025-10-08 10:59:19,418 [INFO] research.api_clients: ArXiv: Found 0 papers for 'swarm converges mean square if:'
2025-10-08 11:00:19,525 [WARNING] research.api_clients: Rate limit exceeded, backing off...
2025-10-08 11:01:20,390 [WARNING] research.api_clients: Rate limit exceeded, backing off...
2025-10-08 11:02:21,264 [WARNING] research.api_clients: Rate limit exceeded, backing off...
2025-10-08 11:03:22,156 [WARNING] research.api_clients: Rate limit exceeded, backing off...
2025-10-08 11:04:23,100 [WARNING] research.api_clients: Rate limit exceeded, backing off...
2025-10-08 11:05:24,924 [INFO] research.api_clients: Semantic Scholar: Found 5 papers for 'swarm converges mean square if:'
2025-10-08 11:05:24,939 [INFO] research.api_clients: Unified search: 10 total \u2192 10 unique
2025-10-08 11:05:24,948 [INFO] research.bibtex_generator: Generated 2 BibTeX entries
2025-10-08 11:05:24,948 [INFO] research.checkpoint_manager: Recorded result for FORMAL-DEFINITION-009: success (2 citations in 366.60s)
2025-10-08 11:05:24,948 [INFO] __main__: Completed FORMAL-DEFINITION-009: 2 citations in 366.60s
2025-10-08 11:05:24,948 [INFO] __main__: Processing FORMAL-THEOREM-011: Averaged over all possible optimization problems, no optimiz...
2025-10-08 11:05:24,948 [DEBUG] __main__: Generated 1 queries for FORMAL-THEOREM-011
2025-10-08 11:05:25,949 [INFO] research.api_clients: ArXiv: Found 0 papers for 'Averaged over all possible optimization problems, optimization algorithm performs better than random search {cite}`wolpert1997no`.'
2025-10-08 11:05:26,115 [INFO] research.api_clients: CrossRef: Found 5 papers for 'Averaged over all possible optimization problems, optimization algorithm performs better than random search {cite}`wolpert1997no`.'
2025-10-08 11:05:26,761 [INFO] research.api_clients: Semantic Scholar: Found 5 papers for 'Averaged over all possible optimization problems, optimization algorithm performs better than random search {cite}`wolpert1997no`.'
2025-10-08 11:05:26,807 [INFO] research.api_clients: Unified search: 10 total \u2192 8 unique
2025-10-08 11:05:26,817 [INFO] research.bibtex_generator: Generated 2 BibTeX entries
2025-10-08 11:05:26,817 [INFO] research.checkpoint_manager: Recorded result for FORMAL-THEOREM-011: success (2 citations in 1.87s)
2025-10-08 11:05:26,817 [INFO] __main__: Completed FORMAL-THEOREM-011: 2 citations in 1.87s
2025-10-08 11:05:26,818 [INFO] __main__: Processing FORMAL-DEFINITION-012: Solution $\vec{\theta}_1$ dominates $\vec{\theta}_2$ (denote...
2025-10-08 11:05:26,818 [DEBUG] __main__: Generated 1 queries for FORMAL-DEFINITION-012
2025-10-08 11:05:27,088 [INFO] research.api_clients: CrossRef: Found 5 papers for 'Solution dominates (denoted if:'
2025-10-08 11:05:27,388 [WARNING] research.api_clients: Rate limit exceeded, backing off...
2025-10-08 11:05:27,573 [INFO] research.api_clients: ArXiv: Found 0 papers for 'Solution dominates (denoted if:'
2025-10-08 11:06:28,261 [WARNING] research.api_clients: Rate limit exceeded, backing off...
2025-10-08 11:07:29,495 [INFO] research.api_clients: Semantic Scholar: Found 5 papers for 'Solution dominates (denoted if:'
2025-10-08 11:07:29,518 [INFO] research.api_clients: Unified search: 10 total \u2192 9 unique
2025-10-08 11:07:29,527 [INFO] research.bibtex_generator: Generated 2 BibTeX entries
2025-10-08 11:07:29,527 [INFO] research.checkpoint_manager: Recorded result for FORMAL-DEFINITION-012: success (2 citations in 122.71s)
2025-10-08 11:07:29,527 [INFO] __main__: Completed FORMAL-DEFINITION-012: 2 citations in 122.71s
2025-10-08 11:07:29,527 [INFO] __main__: Processing FORMAL-DEFINITION-013: The Pareto optimal set is:...
2025-10-08 11:07:29,528 [DEBUG] __main__: Generated 1 queries for FORMAL-DEFINITION-013
2025-10-08 11:07:30,567 [INFO] research.api_clients: ArXiv: Found 0 papers for 'Pareto optimal set is:'
2025-10-08 11:07:30,755 [INFO] research.api_clients: Semantic Scholar: Found 5 papers for 'Pareto optimal set is:'
2025-10-08 11:07:31,180 [INFO] research.api_clients: CrossRef: Found 5 papers for 'Pareto optimal set is:'
2025-10-08 11:07:31,197 [INFO] research.api_clients: Unified search: 10 total \u2192 9 unique
2025-10-08 11:07:31,202 [INFO] research.bibtex_generator: Generated 2 BibTeX entries
2025-10-08 11:07:31,202 [INFO] research.checkpoint_manager: Recorded result for FORMAL-DEFINITION-013: success (2 citations in 1.68s)
2025-10-08 11:07:31,202 [INFO] __main__: Completed FORMAL-DEFINITION-013: 2 citations in 1.68s
2025-10-08 11:07:31,203 [INFO] __main__: Processing FORMAL-DEFINITION-014: A sliding surface $\mathcal{S}$ is a subset of the state spa...
2025-10-08 11:07:31,203 [DEBUG] __main__: Generated 2 queries for FORMAL-DEFINITION-014
2025-10-08 11:07:31,604 [INFO] research.api_clients: ArXiv: Found 5 papers for 'sliding mode control sliding surface'
2025-10-08 11:07:31,777 [WARNING] research.api_clients: Rate limit exceeded, backing off...
2025-10-08 11:07:31,855 [INFO] research.api_clients: CrossRef: Found 5 papers for 'sliding mode control sliding surface'
2025-10-08 11:08:32,692 [WARNING] research.api_clients: Rate limit exceeded, backing off...
2025-10-08 11:09:33,565 [WARNING] research.api_clients: Rate limit exceeded, backing off...
2025-10-08 11:10:34,470 [WARNING] research.api_clients: Rate limit exceeded, backing off...
2025-10-08 11:11:35,343 [WARNING] research.api_clients: Rate limit exceeded, backing off...
2025-10-08 11:12:36,892 [INFO] research.api_clients: Semantic Scholar: Found 5 papers for 'sliding mode control sliding surface'
2025-10-08 11:12:36,927 [INFO] research.api_clients: Unified search: 15 total \u2192 13 unique
2025-10-08 11:12:37,604 [INFO] research.api_clients: ArXiv: Found 5 papers for 'sliding surface'
2025-10-08 11:12:37,837 [INFO] research.api_clients: CrossRef: Found 5 papers for 'sliding surface'
2025-10-08 11:12:38,074 [INFO] research.api_clients: Semantic Scholar: Found 5 papers for 'sliding surface'
2025-10-08 11:12:38,106 [INFO] research.api_clients: Unified search: 15 total \u2192 14 unique
2025-10-08 11:12:38,126 [INFO] research.bibtex_generator: Generated 2 BibTeX entries
2025-10-08 11:12:38,126 [INFO] research.checkpoint_manager: Recorded result for FORMAL-DEFINITION-014: success (2 citations in 306.92s)
2025-10-08 11:12:38,126 [INFO] __main__: Completed FORMAL-DEFINITION-014: 2 citations in 306.92s
2025-10-08 11:12:38,126 [INFO] __main__: Processing FORMAL-DEFINITION-015: The system is said to be in sliding mode when:...
2025-10-08 11:12:38,126 [DEBUG] __main__: Generated 1 queries for FORMAL-DEFINITION-015
2025-10-08 11:12:38,798 [INFO] research.api_clients: CrossRef: Found 5 papers for 'sliding mode control'
2025-10-08 11:12:40,068 [INFO] research.api_clients: Semantic Scholar: Found 5 papers for 'sliding mode control'
2025-10-08 11:12:40,186 [INFO] research.api_clients: ArXiv: Found 5 papers for 'sliding mode control'
2025-10-08 11:12:40,205 [INFO] research.api_clients: Unified search: 15 total \u2192 15 unique
2025-10-08 11:12:40,209 [INFO] research.bibtex_generator: Generated 2 BibTeX entries
2025-10-08 11:12:40,209 [INFO] research.checkpoint_manager: Recorded result for FORMAL-DEFINITION-015: success (2 citations in 2.08s)
2025-10-08 11:12:40,209 [INFO] __main__: Completed FORMAL-DEFINITION-015: 2 citations in 2.08s
2025-10-08 11:12:40,210 [INFO] __main__: Processing FORMAL-ASSUMPTION-017: The matrix $\mat{S}\vec{g}(\vec{x})$ is invertible for all $...
2025-10-08 11:12:40,210 [DEBUG] __main__: Generated 1 queries for FORMAL-ASSUMPTION-017
2025-10-08 11:12:40,473 [INFO] research.api_clients: CrossRef: Found 5 papers for 'matrix'
2025-10-08 11:12:41,344 [INFO] research.api_clients: Semantic Scholar: Found 5 papers for 'matrix'
2025-10-08 11:12:41,493 [INFO] research.api_clients: ArXiv: Found 5 papers for 'matrix'
2025-10-08 11:12:41,507 [INFO] research.api_clients: Unified search: 15 total \u2192 12 unique
2025-10-08 11:12:41,509 [INFO] research.bibtex_generator: Generated 2 BibTeX entries
2025-10-08 11:12:41,510 [INFO] research.checkpoint_manager: Recorded result for FORMAL-ASSUMPTION-017: success (2 citations in 1.30s)
2025-10-08 11:12:41,510 [INFO] __main__: Completed FORMAL-ASSUMPTION-017: 2 citations in 1.30s
2025-10-08 11:12:41,510 [INFO] __main__: Processing FORMAL-DEFINITION-018: The system trajectory reaches the sliding surface in finite ...
2025-10-08 11:12:41,510 [DEBUG] __main__: Generated 2 queries for FORMAL-DEFINITION-018
2025-10-08 11:12:41,791 [INFO] research.api_clients: CrossRef: Found 5 papers for 'sliding mode control sliding surface'
2025-10-08 11:12:42,074 [WARNING] research.api_clients: Rate limit exceeded, backing off...
2025-10-08 11:12:42,452 [INFO] research.api_clients: ArXiv: Found 5 papers for 'sliding mode control sliding surface'
2025-10-08 11:13:42,723 [WARNING] research.api_clients: Rate limit exceeded, backing off...
2025-10-08 11:14:43,619 [WARNING] research.api_clients: Rate limit exceeded, backing off...
2025-10-08 11:15:44,513 [WARNING] research.api_clients: Rate limit exceeded, backing off...
2025-10-08 11:16:46,623 [INFO] research.api_clients: Semantic Scholar: Found 5 papers for 'sliding mode control sliding surface'
2025-10-08 11:16:46,677 [INFO] research.api_clients: Unified search: 15 total \u2192 13 unique
2025-10-08 11:16:46,974 [WARNING] research.api_clients: Rate limit exceeded, backing off...
2025-10-08 11:16:47,394 [INFO] research.api_clients: ArXiv: Found 5 papers for 'sliding surface'
2025-10-08 11:16:47,655 [INFO] research.api_clients: CrossRef: Found 5 papers for 'sliding surface'
2025-10-08 11:17:50,058 [INFO] research.api_clients: Semantic Scholar: Found 5 papers for 'sliding surface'
2025-10-08 11:17:50,118 [INFO] research.api_clients: Unified search: 15 total \u2192 14 unique
2025-10-08 11:17:50,140 [INFO] research.bibtex_generator: Generated 2 BibTeX entries
2025-10-08 11:17:50,140 [INFO] research.checkpoint_manager: Recorded result for FORMAL-DEFINITION-018: success (2 citations in 308.63s)
2025-10-08 11:17:50,140 [INFO] __main__: Completed FORMAL-DEFINITION-018: 2 citations in 308.63s
2025-10-08 11:17:50,140 [INFO] __main__: Processing CODE-IMPL-006: ...
2025-10-08 11:17:50,140 [DEBUG] __main__: Generated 1 queries for CODE-IMPL-006
2025-10-08 11:17:50,698 [WARNING] research.api_clients: Rate limit exceeded, backing off...
2025-10-08 11:17:51,740 [INFO] research.api_clients: ArXiv: Found 0 papers for ''
2025-10-08 11:17:52,002 [INFO] research.api_clients: CrossRef: Found 5 papers for ''
2025-10-08 11:18:51,601 [WARNING] research.api_clients: Rate limit exceeded, backing off...
2025-10-08 11:19:52,463 [WARNING] research.api_clients: Rate limit exceeded, backing off...
2025-10-08 11:20:53,340 [WARNING] research.api_clients: Rate limit exceeded, backing off...
2025-10-08 11:21:54,200 [WARNING] research.api_clients: Rate limit exceeded, backing off...
2025-10-08 11:22:55,061 [WARNING] research.api_clients: Rate limit exceeded, backing off...
2025-10-08 11:23:55,962 [WARNING] research.api_clients: Rate limit exceeded, backing off...
2025-10-08 11:24:56,863 [WARNING] research.api_clients: Rate limit exceeded, backing off...
2025-10-08 11:25:57,718 [WARNING] research.api_clients: Rate limit exceeded, backing off...
2025-10-08 11:26:58,588 [WARNING] research.api_clients: Rate limit exceeded, backing off...
2025-10-08 11:27:59,473 [ERROR] research.api_clients: Semantic Scholar API error: 400, message='Bad Request', url='https://api.semanticscholar.org/graph/v1/paper/search?query=&limit=5&fields=title,authors,year,abstract,citationCount,venue,externalIds,url'
2025-10-08 11:27:59,475 [INFO] research.api_clients: Unified search: 5 total \u2192 5 unique
2025-10-08 11:27:59,478 [INFO] research.bibtex_generator: Generated 2 BibTeX entries
2025-10-08 11:27:59,478 [INFO] research.checkpoint_manager: Recorded result for CODE-IMPL-006: success (2 citations in 609.34s)
2025-10-08 11:27:59,478 [INFO] __main__: Completed CODE-IMPL-006: 2 citations in 609.34s
2025-10-08 11:27:59,478 [INFO] __main__: Processing CODE-IMPL-040: ...
2025-10-08 11:27:59,478 [DEBUG] __main__: Generated 1 queries for CODE-IMPL-040
2025-10-08 11:28:00,057 [WARNING] research.api_clients: Rate limit exceeded, backing off...
2025-10-08 11:28:00,167 [INFO] research.api_clients: ArXiv: Found 0 papers for ''
2025-10-08 11:28:01,134 [INFO] research.api_clients: CrossRef: Found 5 papers for ''
2025-10-08 11:29:00,940 [ERROR] research.api_clients: Semantic Scholar API error: 400, message='Bad Request', url='https://api.semanticscholar.org/graph/v1/paper/search?query=&limit=5&fields=title,authors,year,abstract,citationCount,venue,externalIds,url'
2025-10-08 11:29:00,943 [INFO] research.api_clients: Unified search: 5 total \u2192 5 unique
2025-10-08 11:29:00,945 [INFO] research.bibtex_generator: Generated 2 BibTeX entries
2025-10-08 11:29:00,946 [INFO] research.checkpoint_manager: Recorded result for CODE-IMPL-040: success (2 citations in 61.47s)
2025-10-08 11:29:00,946 [INFO] __main__: Completed CODE-IMPL-040: 2 citations in 61.47s
2025-10-08 11:29:00,946 [INFO] __main__: Processing CODE-IMPL-041: ...
2025-10-08 11:29:00,946 [DEBUG] __main__: Generated 1 queries for CODE-IMPL-041
2025-10-08 11:29:01,507 [WARNING] research.api_clients: Rate limit exceeded, backing off...
2025-10-08 11:29:01,714 [INFO] research.api_clients: ArXiv: Found 0 papers for ''
2025-10-08 11:29:02,510 [INFO] research.api_clients: CrossRef: Found 5 papers for ''
2025-10-08 11:30:02,402 [WARNING] research.api_clients: Rate limit exceeded, backing off...
2025-10-08 11:31:03,280 [ERROR] research.api_clients: Semantic Scholar API error: 400, message='Bad Request', url='https://api.semanticscholar.org/graph/v1/paper/search?query=&limit=5&fields=title,authors,year,abstract,citationCount,venue,externalIds,url'
2025-10-08 11:31:03,280 [INFO] research.api_clients: Unified search: 5 total \u2192 5 unique
2025-10-08 11:31:03,282 [INFO] research.bibtex_generator: Generated 2 BibTeX entries
2025-10-08 11:31:03,282 [INFO] research.checkpoint_manager: Recorded result for CODE-IMPL-041: success (2 citations in 122.34s)
2025-10-08 11:31:03,282 [INFO] __main__: Completed CODE-IMPL-041: 2 citations in 122.34s
2025-10-08 11:31:03,282 [INFO] __main__: Processing CODE-IMPL-042: ...
2025-10-08 11:31:03,282 [DEBUG] __main__: Generated 1 queries for CODE-IMPL-042
2025-10-08 11:31:03,854 [ERROR] research.api_clients: Semantic Scholar API error: 400, message='Bad Request', url='https://api.semanticscholar.org/graph/v1/paper/search?query=&limit=5&fields=title,authors,year,abstract,citationCount,venue,externalIds,url'
2025-10-08 11:31:03,987 [INFO] research.api_clients: ArXiv: Found 0 papers for ''
2025-10-08 11:31:11,099 [INFO] research.api_clients: CrossRef: Found 5 papers for ''
2025-10-08 11:31:11,100 [INFO] research.api_clients: Unified search: 5 total \u2192 5 unique
2025-10-08 11:31:11,102 [INFO] research.bibtex_generator: Generated 2 BibTeX entries
2025-10-08 11:31:11,102 [INFO] research.checkpoint_manager: Recorded result for CODE-IMPL-042: success (2 citations in 7.82s)
2025-10-08 11:31:11,102 [INFO] __main__: Completed CODE-IMPL-042: 2 citations in 7.82s
2025-10-08 11:31:11,102 [INFO] __main__: Processing CODE-IMPL-043: ...
2025-10-08 11:31:11,102 [DEBUG] __main__: Generated 1 queries for CODE-IMPL-043
2025-10-08 11:31:11,537 [INFO] research.api_clients: ArXiv: Found 0 papers for ''
2025-10-08 11:31:11,674 [ERROR] research.api_clients: Semantic Scholar API error: 400, message='Bad Request', url='https://api.semanticscholar.org/graph/v1/paper/search?query=&limit=5&fields=title,authors,year,abstract,citationCount,venue,externalIds,url'
2025-10-08 11:31:11,791 [INFO] research.api_clients: CrossRef: Found 5 papers for ''
2025-10-08 11:31:11,791 [INFO] research.api_clients: Unified search: 5 total \u2192 5 unique
2025-10-08 11:31:11,800 [INFO] research.bibtex_generator: Generated 2 BibTeX entries
2025-10-08 11:31:11,800 [INFO] research.checkpoint_manager: Recorded result for CODE-IMPL-043: success (2 citations in 0.70s)
2025-10-08 11:31:11,800 [INFO] __main__: Completed CODE-IMPL-043: 2 citations in 0.70s
2025-10-08 11:31:11,800 [INFO] __main__: Processing CODE-IMPL-098: ...
2025-10-08 11:31:11,800 [DEBUG] __main__: Generated 1 queries for CODE-IMPL-098
2025-10-08 11:31:12,101 [ERROR] research.api_clients: Semantic Scholar API error: 400, message='Bad Request', url='https://api.semanticscholar.org/graph/v1/paper/search?query=&limit=5&fields=title,authors,year,abstract,citationCount,venue,externalIds,url'
2025-10-08 11:31:12,235 [INFO] research.api_clients: ArXiv: Found 0 papers for ''
2025-10-08 11:31:13,422 [INFO] research.api_clients: CrossRef: Found 5 papers for ''
2025-10-08 11:31:13,422 [INFO] research.api_clients: Unified search: 5 total \u2192 5 unique
2025-10-08 11:31:13,422 [INFO] research.bibtex_generator: Generated 2 BibTeX entries
2025-10-08 11:31:13,422 [INFO] research.checkpoint_manager: Recorded result for CODE-IMPL-098: success (2 citations in 1.62s)
2025-10-08 11:31:13,422 [INFO] __main__: Completed CODE-IMPL-098: 2 citations in 1.62s
2025-10-08 11:31:13,422 [INFO] __main__: Processing CODE-IMPL-099: ...
2025-10-08 11:31:13,422 [DEBUG] __main__: Generated 1 queries for CODE-IMPL-099
2025-10-08 11:31:13,892 [INFO] research.api_clients: ArXiv: Found 0 papers for ''
2025-10-08 11:31:14,002 [ERROR] research.api_clients: Semantic Scholar API error: 400, message='Bad Request', url='https://api.semanticscholar.org/graph/v1/paper/search?query=&limit=5&fields=title,authors,year,abstract,citationCount,venue,externalIds,url'
2025-10-08 11:31:14,009 [INFO] research.api_clients: CrossRef: Found 5 papers for ''
2025-10-08 11:31:14,010 [INFO] research.api_clients: Unified search: 5 total \u2192 5 unique
2025-10-08 11:31:14,012 [INFO] research.bibtex_generator: Generated 2 BibTeX entries
2025-10-08 11:31:14,012 [INFO] research.checkpoint_manager: Recorded result for CODE-IMPL-099: success (2 citations in 0.59s)
2025-10-08 11:31:14,012 [INFO] __main__: Completed CODE-IMPL-099: 2 citations in 0.59s
2025-10-08 11:31:14,012 [INFO] __main__: Processing CODE-IMPL-102: ...
2025-10-08 11:31:14,012 [DEBUG] __main__: Generated 1 queries for CODE-IMPL-102
2025-10-08 11:31:14,340 [ERROR] research.api_clients: Semantic Scholar API error: 400, message='Bad Request', url='https://api.semanticscholar.org/graph/v1/paper/search?query=&limit=5&fields=title,authors,year,abstract,citationCount,venue,externalIds,url'
2025-10-08 11:31:14,450 [INFO] research.api_clients: ArXiv: Found 0 papers for ''
2025-10-08 11:31:14,740 [INFO] research.api_clients: CrossRef: Found 5 papers for ''
2025-10-08 11:31:14,741 [INFO] research.api_clients: Unified search: 5 total \u2192 5 unique
2025-10-08 11:31:14,742 [INFO] research.bibtex_generator: Generated 2 BibTeX entries
2025-10-08 11:31:14,742 [INFO] research.checkpoint_manager: Recorded result for CODE-IMPL-102: success (2 citations in 0.73s)
2025-10-08 11:31:14,742 [INFO] __main__: Completed CODE-IMPL-102: 2 citations in 0.73s
2025-10-08 11:31:14,742 [INFO] __main__: Processing CODE-IMPL-103: ...
2025-10-08 11:31:14,742 [DEBUG] __main__: Generated 1 queries for CODE-IMPL-103
2025-10-08 11:31:15,180 [INFO] research.api_clients: ArXiv: Found 0 papers for ''
2025-10-08 11:31:15,322 [ERROR] research.api_clients: Semantic Scholar API error: 400, message='Bad Request', url='https://api.semanticscholar.org/graph/v1/paper/search?query=&limit=5&fields=title,authors,year,abstract,citationCount,venue,externalIds,url'
2025-10-08 11:31:15,554 [INFO] research.api_clients: CrossRef: Found 5 papers for ''
2025-10-08 11:31:15,558 [INFO] research.api_clients: Unified search: 5 total \u2192 5 unique
2025-10-08 11:31:15,560 [INFO] research.bibtex_generator: Generated 2 BibTeX entries
2025-10-08 11:31:15,560 [INFO] research.checkpoint_manager: Recorded result for CODE-IMPL-103: success (2 citations in 0.82s)
2025-10-08 11:31:15,560 [INFO] __main__: Completed CODE-IMPL-103: 2 citations in 0.82s
2025-10-08 11:31:15,560 [INFO] __main__: Processing CODE-IMPL-104: ...
2025-10-08 11:31:15,560 [DEBUG] __main__: Generated 1 queries for CODE-IMPL-104
2025-10-08 11:31:15,988 [INFO] research.api_clients: ArXiv: Found 0 papers for ''
2025-10-08 11:31:16,069 [INFO] research.api_clients: CrossRef: Found 5 papers for ''
2025-10-08 11:31:16,135 [ERROR] research.api_clients: Semantic Scholar API error: 400, message='Bad Request', url='https://api.semanticscholar.org/graph/v1/paper/search?query=&limit=5&fields=title,authors,year,abstract,citationCount,venue,externalIds,url'
2025-10-08 11:31:16,137 [INFO] research.api_clients: Unified search: 5 total \u2192 5 unique
2025-10-08 11:31:16,140 [INFO] research.bibtex_generator: Generated 2 BibTeX entries
2025-10-08 11:31:16,140 [INFO] research.checkpoint_manager: Recorded result for CODE-IMPL-104: success (2 citations in 0.58s)
2025-10-08 11:31:16,140 [INFO] __main__: Completed CODE-IMPL-104: 2 citations in 0.58s
2025-10-08 11:31:16,140 [INFO] __main__: Processing CODE-IMPL-116: ...
2025-10-08 11:31:16,140 [DEBUG] __main__: Generated 1 queries for CODE-IMPL-116
2025-10-08 11:31:16,556 [INFO] research.api_clients: ArXiv: Found 0 papers for ''
2025-10-08 11:31:16,702 [ERROR] research.api_clients: Semantic Scholar API error: 400, message='Bad Request', url='https://api.semanticscholar.org/graph/v1/paper/search?query=&limit=5&fields=title,authors,year,abstract,citationCount,venue,externalIds,url'
2025-10-08 11:31:16,812 [INFO] research.api_clients: CrossRef: Found 5 papers for ''
2025-10-08 11:31:16,812 [INFO] research.api_clients: Unified search: 5 total \u2192 5 unique
2025-10-08 11:31:16,816 [INFO] research.bibtex_generator: Generated 2 BibTeX entries
2025-10-08 11:31:16,816 [INFO] research.checkpoint_manager: Recorded result for CODE-IMPL-116: success (2 citations in 0.68s)
2025-10-08 11:31:16,816 [INFO] __main__: Completed CODE-IMPL-116: 2 citations in 0.68s
2025-10-08 11:31:16,816 [INFO] __main__: Processing CODE-IMPL-176: ...
2025-10-08 11:31:16,816 [DEBUG] __main__: Generated 1 queries for CODE-IMPL-176
2025-10-08 11:31:17,126 [WARNING] research.api_clients: Rate limit exceeded, backing off...
2025-10-08 11:31:17,290 [INFO] research.api_clients: ArXiv: Found 0 papers for ''
2025-10-08 11:31:17,401 [INFO] research.api_clients: CrossRef: Found 5 papers for ''
2025-10-08 11:32:18,042 [ERROR] research.api_clients: Semantic Scholar API error: 400, message='Bad Request', url='https://api.semanticscholar.org/graph/v1/paper/search?query=&limit=5&fields=title,authors,year,abstract,citationCount,venue,externalIds,url'
2025-10-08 11:32:18,049 [INFO] research.api_clients: Unified search: 5 total \u2192 5 unique
2025-10-08 11:32:18,050 [INFO] research.bibtex_generator: Generated 2 BibTeX entries
2025-10-08 11:32:18,050 [INFO] research.checkpoint_manager: Recorded result for CODE-IMPL-176: success (2 citations in 61.23s)
2025-10-08 11:32:18,050 [INFO] __main__: Completed CODE-IMPL-176: 2 citations in 61.23s
2025-10-08 11:32:18,050 [INFO] __main__: Processing CODE-IMPL-177: ...
2025-10-08 11:32:18,050 [DEBUG] __main__: Generated 1 queries for CODE-IMPL-177
2025-10-08 11:32:18,600 [WARNING] research.api_clients: Rate limit exceeded, backing off...
2025-10-08 11:32:18,770 [INFO] research.api_clients: ArXiv: Found 0 papers for ''
2025-10-08 11:32:19,952 [INFO] research.api_clients: CrossRef: Found 5 papers for ''
2025-10-08 11:33:19,507 [ERROR] research.api_clients: Semantic Scholar API error: 400, message='Bad Request', url='https://api.semanticscholar.org/graph/v1/paper/search?query=&limit=5&fields=title,authors,year,abstract,citationCount,venue,externalIds,url'
2025-10-08 11:33:19,512 [INFO] research.api_clients: Unified search: 5 total \u2192 5 unique
2025-10-08 11:33:19,517 [INFO] research.bibtex_generator: Generated 2 BibTeX entries
2025-10-08 11:33:19,517 [INFO] research.checkpoint_manager: Recorded result for CODE-IMPL-177: success (2 citations in 61.47s)
2025-10-08 11:33:19,517 [INFO] __main__: Completed CODE-IMPL-177: 2 citations in 61.47s
2025-10-08 11:33:19,517 [INFO] __main__: Processing CODE-IMPL-197: ...
2025-10-08 11:33:19,517 [DEBUG] __main__: Generated 1 queries for CODE-IMPL-197
2025-10-08 11:33:20,113 [ERROR] research.api_clients: Semantic Scholar API error: 400, message='Bad Request', url='https://api.semanticscholar.org/graph/v1/paper/search?query=&limit=5&fields=title,authors,year,abstract,citationCount,venue,externalIds,url'
2025-10-08 11:33:20,250 [INFO] research.api_clients: ArXiv: Found 0 papers for ''
2025-10-08 11:33:20,776 [INFO] research.api_clients: CrossRef: Found 5 papers for ''
2025-10-08 11:33:20,777 [INFO] research.api_clients: Unified search: 5 total \u2192 5 unique
2025-10-08 11:33:20,779 [INFO] research.bibtex_generator: Generated 2 BibTeX entries
2025-10-08 11:33:20,780 [INFO] research.checkpoint_manager: Recorded result for CODE-IMPL-197: success (2 citations in 1.26s)
2025-10-08 11:33:20,780 [INFO] __main__: Completed CODE-IMPL-197: 2 citations in 1.26s
2025-10-08 11:33:20,780 [INFO] __main__: Processing CODE-IMPL-200: ...
2025-10-08 11:33:20,780 [DEBUG] __main__: Generated 1 queries for CODE-IMPL-200
2025-10-08 11:33:21,195 [INFO] research.api_clients: ArXiv: Found 0 papers for ''
2025-10-08 11:33:21,313 [INFO] research.api_clients: CrossRef: Found 5 papers for ''
2025-10-08 11:33:21,340 [WARNING] research.api_clients: Rate limit exceeded, backing off...
2025-10-08 11:34:22,230 [WARNING] research.api_clients: Rate limit exceeded, backing off...
2025-10-08 11:35:23,127 [ERROR] research.api_clients: Semantic Scholar API error: 400, message='Bad Request', url='https://api.semanticscholar.org/graph/v1/paper/search?query=&limit=5&fields=title,authors,year,abstract,citationCount,venue,externalIds,url'
2025-10-08 11:35:23,129 [INFO] research.api_clients: Unified search: 5 total \u2192 5 unique
2025-10-08 11:35:23,133 [INFO] research.bibtex_generator: Generated 2 BibTeX entries
2025-10-08 11:35:23,133 [INFO] research.checkpoint_manager: Recorded result for CODE-IMPL-200: success (2 citations in 122.35s)
2025-10-08 11:35:23,133 [INFO] __main__: Completed CODE-IMPL-200: 2 citations in 122.35s
2025-10-08 11:35:23,133 [INFO] __main__: Processing CODE-IMPL-202: ...
2025-10-08 11:35:23,133 [DEBUG] __main__: Generated 1 queries for CODE-IMPL-202
2025-10-08 11:35:23,715 [WARNING] research.api_clients: Rate limit exceeded, backing off...
2025-10-08 11:35:23,881 [INFO] research.api_clients: ArXiv: Found 0 papers for ''
2025-10-08 11:35:24,331 [INFO] research.api_clients: CrossRef: Found 5 papers for ''
2025-10-08 11:36:24,608 [WARNING] research.api_clients: Rate limit exceeded, backing off...
2025-10-08 11:37:25,588 [WARNING] research.api_clients: Rate limit exceeded, backing off...
2025-10-08 11:38:26,483 [WARNING] research.api_clients: Rate limit exceeded, backing off...
2025-10-08 11:39:27,350 [ERROR] research.api_clients: Semantic Scholar API error: 400, message='Bad Request', url='https://api.semanticscholar.org/graph/v1/paper/search?query=&limit=5&fields=title,authors,year,abstract,citationCount,venue,externalIds,url'
2025-10-08 11:39:27,352 [INFO] research.api_clients: Unified search: 5 total \u2192 5 unique
2025-10-08 11:39:27,353 [INFO] research.bibtex_generator: Generated 2 BibTeX entries
2025-10-08 11:39:27,353 [INFO] research.checkpoint_manager: Recorded result for CODE-IMPL-202: success (2 citations in 244.22s)
2025-10-08 11:39:27,355 [INFO] __main__: Completed CODE-IMPL-202: 2 citations in 244.22s
2025-10-08 11:39:27,355 [INFO] __main__: Processing CODE-IMPL-203: ...
2025-10-08 11:39:27,355 [DEBUG] __main__: Generated 1 queries for CODE-IMPL-203
2025-10-08 11:39:27,922 [WARNING] research.api_clients: Rate limit exceeded, backing off...
2025-10-08 11:39:28,040 [INFO] research.api_clients: ArXiv: Found 0 papers for ''
2025-10-08 11:39:28,971 [INFO] research.api_clients: CrossRef: Found 5 papers for ''
2025-10-08 11:40:28,800 [WARNING] research.api_clients: Rate limit exceeded, backing off...
2025-10-08 11:41:29,676 [ERROR] research.api_clients: Semantic Scholar API error: 400, message='Bad Request', url='https://api.semanticscholar.org/graph/v1/paper/search?query=&limit=5&fields=title,authors,year,abstract,citationCount,venue,externalIds,url'
2025-10-08 11:41:29,679 [INFO] research.api_clients: Unified search: 5 total \u2192 5 unique
2025-10-08 11:41:29,680 [INFO] research.bibtex_generator: Generated 2 BibTeX entries
2025-10-08 11:41:29,680 [INFO] research.checkpoint_manager: Recorded result for CODE-IMPL-203: success (2 citations in 122.33s)
2025-10-08 11:41:29,680 [INFO] __main__: Completed CODE-IMPL-203: 2 citations in 122.33s
2025-10-08 11:41:29,680 [INFO] __main__: Processing CODE-IMPL-253: ...
2025-10-08 11:41:29,680 [DEBUG] __main__: Generated 1 queries for CODE-IMPL-253
2025-10-08 11:41:30,260 [WARNING] research.api_clients: Rate limit exceeded, backing off...
2025-10-08 11:41:30,417 [INFO] research.api_clients: ArXiv: Found 0 papers for ''
2025-10-08 11:41:30,845 [INFO] research.api_clients: CrossRef: Found 5 papers for ''
2025-10-08 11:42:31,134 [WARNING] research.api_clients: Rate limit exceeded, backing off...
2025-10-08 11:43:33,057 [ERROR] research.api_clients: Semantic Scholar API error: 400, message='Bad Request', url='https://api.semanticscholar.org/graph/v1/paper/search?query=&limit=5&fields=title,authors,year,abstract,citationCount,venue,externalIds,url'
2025-10-08 11:43:33,058 [INFO] research.api_clients: Unified search: 5 total \u2192 5 unique
2025-10-08 11:43:33,061 [INFO] research.bibtex_generator: Generated 2 BibTeX entries
2025-10-08 11:43:33,061 [INFO] research.checkpoint_manager: Recorded result for CODE-IMPL-253: success (2 citations in 123.38s)
2025-10-08 11:43:33,061 [INFO] __main__: Completed CODE-IMPL-253: 2 citations in 123.38s
2025-10-08 11:43:33,062 [INFO] __main__: Processing CODE-IMPL-418: ...
2025-10-08 11:43:33,062 [DEBUG] __main__: Generated 1 queries for CODE-IMPL-418
2025-10-08 11:43:33,644 [ERROR] research.api_clients: Semantic Scholar API error: 400, message='Bad Request', url='https://api.semanticscholar.org/graph/v1/paper/search?query=&limit=5&fields=title,authors,year,abstract,citationCount,venue,externalIds,url'
2025-10-08 11:43:33,788 [INFO] research.api_clients: ArXiv: Found 0 papers for ''
2025-10-08 11:43:34,870 [INFO] research.api_clients: CrossRef: Found 5 papers for ''
2025-10-08 11:43:34,872 [INFO] research.api_clients: Unified search: 5 total \u2192 5 unique
2025-10-08 11:43:34,874 [INFO] research.bibtex_generator: Generated 2 BibTeX entries
2025-10-08 11:43:34,875 [INFO] research.checkpoint_manager: Recorded result for CODE-IMPL-418: success (2 citations in 1.81s)
2025-10-08 11:43:34,875 [INFO] __main__: Completed CODE-IMPL-418: 2 citations in 1.81s
2025-10-08 11:43:34,875 [INFO] __main__: Processing CODE-IMPL-419: ...
2025-10-08 11:43:34,875 [DEBUG] __main__: Generated 1 queries for CODE-IMPL-419
2025-10-08 11:43:35,282 [INFO] research.api_clients: ArXiv: Found 0 papers for ''
2025-10-08 11:43:35,377 [INFO] research.api_clients: CrossRef: Found 5 papers for ''
2025-10-08 11:43:35,441 [ERROR] research.api_clients: Semantic Scholar API error: 400, message='Bad Request', url='https://api.semanticscholar.org/graph/v1/paper/search?query=&limit=5&fields=title,authors,year,abstract,citationCount,venue,externalIds,url'
2025-10-08 11:43:35,443 [INFO] research.api_clients: Unified search: 5 total \u2192 5 unique
2025-10-08 11:43:35,444 [INFO] research.bibtex_generator: Generated 2 BibTeX entries
2025-10-08 11:43:35,444 [INFO] research.checkpoint_manager: Recorded result for CODE-IMPL-419: success (2 citations in 0.57s)
2025-10-08 11:43:35,444 [INFO] __main__: Completed CODE-IMPL-419: 2 citations in 0.57s
2025-10-08 11:43:35,444 [INFO] __main__: Processing CODE-IMPL-425: ...
2025-10-08 11:43:35,444 [DEBUG] __main__: Generated 1 queries for CODE-IMPL-425
2025-10-08 11:43:35,860 [INFO] research.api_clients: ArXiv: Found 0 papers for ''
2025-10-08 11:43:35,896 [INFO] research.api_clients: CrossRef: Found 5 papers for ''
2025-10-08 11:43:36,017 [WARNING] research.api_clients: Rate limit exceeded, backing off...
2025-10-08 11:44:36,921 [ERROR] research.api_clients: Semantic Scholar API error: 400, message='Bad Request', url='https://api.semanticscholar.org/graph/v1/paper/search?query=&limit=5&fields=title,authors,year,abstract,citationCount,venue,externalIds,url'
2025-10-08 11:44:36,925 [INFO] research.api_clients: Unified search: 5 total \u2192 5 unique
2025-10-08 11:44:36,926 [INFO] research.bibtex_generator: Generated 2 BibTeX entries
2025-10-08 11:44:36,926 [INFO] research.checkpoint_manager: Recorded result for CODE-IMPL-425: success (2 citations in 61.48s)
2025-10-08 11:44:36,926 [INFO] __main__: Completed CODE-IMPL-425: 2 citations in 61.48s
2025-10-08 11:44:36,926 [INFO] __main__: Processing CODE-IMPL-445: ...
2025-10-08 11:44:36,926 [DEBUG] __main__: Generated 1 queries for CODE-IMPL-445
2025-10-08 11:44:37,502 [ERROR] research.api_clients: Semantic Scholar API error: 400, message='Bad Request', url='https://api.semanticscholar.org/graph/v1/paper/search?query=&limit=5&fields=title,authors,year,abstract,citationCount,venue,externalIds,url'
2025-10-08 11:44:37,650 [INFO] research.api_clients: ArXiv: Found 0 papers for ''
2025-10-08 11:44:39,361 [INFO] research.api_clients: CrossRef: Found 5 papers for ''
2025-10-08 11:44:39,363 [INFO] research.api_clients: Unified search: 5 total \u2192 5 unique
2025-10-08 11:44:39,365 [INFO] research.bibtex_generator: Generated 2 BibTeX entries
2025-10-08 11:44:39,365 [INFO] research.checkpoint_manager: Recorded result for CODE-IMPL-445: success (2 citations in 2.44s)
2025-10-08 11:44:39,365 [INFO] __main__: Completed CODE-IMPL-445: 2 citations in 2.44s
2025-10-08 11:44:39,366 [INFO] __main__: Processing CODE-IMPL-511: ...
2025-10-08 11:44:39,366 [DEBUG] __main__: Generated 1 queries for CODE-IMPL-511
2025-10-08 11:44:39,663 [WARNING] research.api_clients: Rate limit exceeded, backing off...
2025-10-08 11:44:39,768 [INFO] research.api_clients: ArXiv: Found 0 papers for ''
2025-10-08 11:44:40,261 [INFO] research.api_clients: CrossRef: Found 5 papers for ''
2025-10-08 11:45:56,007 [ERROR] research.api_clients: Semantic Scholar API error: 400, message='Bad Request', url='https://api.semanticscholar.org/graph/v1/paper/search?query=&limit=5&fields=title,authors,year,abstract,citationCount,venue,externalIds,url'
2025-10-08 11:45:56,010 [INFO] research.api_clients: Unified search: 5 total \u2192 5 unique
2025-10-08 11:45:56,028 [INFO] research.bibtex_generator: Generated 2 BibTeX entries
2025-10-08 11:45:56,028 [INFO] research.checkpoint_manager: Recorded result for CODE-IMPL-511: success (2 citations in 76.66s)
2025-10-08 11:45:56,028 [INFO] __main__: Completed CODE-IMPL-511: 2 citations in 76.66s
2025-10-08 11:45:56,040 [INFO] __main__: Processing CODE-IMPL-513: ...
2025-10-08 11:45:56,042 [DEBUG] __main__: Generated 1 queries for CODE-IMPL-513
2025-10-08 11:45:56,583 [ERROR] research.api_clients: Semantic Scholar API error: 400, message='Bad Request', url='https://api.semanticscholar.org/graph/v1/paper/search?query=&limit=5&fields=title,authors,year,abstract,citationCount,venue,externalIds,url'
2025-10-08 11:45:56,781 [INFO] research.api_clients: ArXiv: Found 0 papers for ''
2025-10-08 11:45:57,227 [INFO] research.api_clients: CrossRef: Found 5 papers for ''
2025-10-08 11:45:57,231 [INFO] research.api_clients: Unified search: 5 total \u2192 5 unique
2025-10-08 11:45:57,303 [INFO] research.bibtex_generator: Generated 2 BibTeX entries
2025-10-08 11:45:57,303 [INFO] research.checkpoint_manager: Recorded result for CODE-IMPL-513: success (2 citations in 1.26s)
2025-10-08 11:45:57,304 [INFO] __main__: Completed CODE-IMPL-513: 2 citations in 1.26s
2025-10-08 11:45:57,304 [INFO] __main__: Processing CODE-IMPL-514: ...
2025-10-08 11:45:57,304 [DEBUG] __main__: Generated 1 queries for CODE-IMPL-514
2025-10-08 11:45:57,702 [INFO] research.api_clients: ArXiv: Found 0 papers for ''
2025-10-08 11:45:57,778 [INFO] research.api_clients: CrossRef: Found 5 papers for ''
2025-10-08 11:45:57,900 [ERROR] research.api_clients: Semantic Scholar API error: 400, message='Bad Request', url='https://api.semanticscholar.org/graph/v1/paper/search?query=&limit=5&fields=title,authors,year,abstract,citationCount,venue,externalIds,url'
2025-10-08 11:45:57,902 [INFO] research.api_clients: Unified search: 5 total \u2192 5 unique
2025-10-08 11:45:57,956 [INFO] research.bibtex_generator: Generated 2 BibTeX entries
2025-10-08 11:45:57,956 [INFO] research.checkpoint_manager: Recorded result for CODE-IMPL-514: success (2 citations in 0.65s)
2025-10-08 11:45:57,956 [INFO] __main__: Completed CODE-IMPL-514: 2 citations in 0.65s
2025-10-08 11:45:57,956 [INFO] __main__: Processing CODE-IMPL-515: ...
2025-10-08 11:45:57,957 [DEBUG] __main__: Generated 1 queries for CODE-IMPL-515
2025-10-08 11:45:58,321 [INFO] research.api_clients: ArXiv: Found 0 papers for ''
2025-10-08 11:45:58,514 [WARNING] research.api_clients: Rate limit exceeded, backing off...
2025-10-08 11:45:58,884 [INFO] research.api_clients: CrossRef: Found 5 papers for ''
2025-10-08 11:46:59,262 [WARNING] research.api_clients: Rate limit exceeded, backing off...
2025-10-08 11:48:00,025 [WARNING] research.api_clients: Rate limit exceeded, backing off...
2025-10-08 11:49:00,805 [WARNING] research.api_clients: Rate limit exceeded, backing off...
2025-10-08 11:50:01,583 [WARNING] research.api_clients: Rate limit exceeded, backing off...
2025-10-08 11:51:02,511 [WARNING] research.api_clients: Rate limit exceeded, backing off...
2025-10-08 11:52:03,280 [WARNING] research.api_clients: Rate limit exceeded, backing off...
2025-10-08 11:53:04,028 [WARNING] research.api_clients: Rate limit exceeded, backing off...
2025-10-08 11:54:04,531 [ERROR] research.api_clients: Semantic Scholar API error: 400, message='Bad Request', url='https://api.semanticscholar.org/graph/v1/paper/search?query=&limit=5&fields=title,authors,year,abstract,citationCount,venue,externalIds,url'
2025-10-08 11:54:04,534 [INFO] research.api_clients: Unified search: 5 total \u2192 5 unique
2025-10-08 11:54:04,537 [INFO] research.bibtex_generator: Generated 2 BibTeX entries
2025-10-08 11:54:04,538 [INFO] research.checkpoint_manager: Recorded result for CODE-IMPL-515: success (2 citations in 486.58s)
2025-10-08 11:54:04,538 [INFO] __main__: Completed CODE-IMPL-515: 2 citations in 486.58s
2025-10-08 11:54:04,718 [INFO] research.checkpoint_manager: Checkpoint saved: session_20251008_071902_checkpoint_0038.json (100.0% complete)
2025-10-08 11:54:04,721 [INFO] research.bibtex_generator: Saved 76 entries to artifacts\research\enhanced_bibliography.bib
2025-10-08 11:54:04,738 [INFO] __main__: Research complete: 76 citations generated

======================================================================
RESEARCH PIPELINE COMPLETE
======================================================================
Session ID:          session_20251008_071902
Claims Processed:    38 / 38
Successful:          38
Citations Generated: 76

Outputs:
  BibTeX:  artifacts\research\enhanced_bibliography.bib
  Results: artifacts\research\research_results.json
======================================================================
