2025-10-08 10:48:16,226 [INFO] __main__: Loaded 72 claims for research
2025-10-08 10:48:16,226 [INFO] research.checkpoint_manager: Created research session: session_20251008_071816
2025-10-08 10:48:16,227 [INFO] research.checkpoint_manager: Queued 72 claims for processing
2025-10-08 10:48:16,227 [INFO] __main__: Processing CODE-IMPL-001: ...
2025-10-08 10:48:16,232 [DEBUG] __main__: Generated 1 queries for CODE-IMPL-001
2025-10-08 10:48:17,023 [INFO] research.api_clients: ArXiv: Found 0 papers for ''
2025-10-08 10:48:17,161 [WARNING] research.api_clients: Rate limit exceeded, backing off...
2025-10-08 10:48:28,201 [INFO] research.api_clients: CrossRef: Found 5 papers for ''
2025-10-08 10:49:18,079 [ERROR] research.api_clients: Semantic Scholar API error: 400, message='Bad Request', url='https://api.semanticscholar.org/graph/v1/paper/search?query=&limit=5&fields=title,authors,year,abstract,citationCount,venue,externalIds,url'
2025-10-08 10:49:18,086 [INFO] research.api_clients: Unified search: 5 total \u2192 5 unique
2025-10-08 10:49:18,090 [INFO] research.bibtex_generator: Generated 2 BibTeX entries
2025-10-08 10:49:18,091 [INFO] research.checkpoint_manager: Recorded result for CODE-IMPL-001: success (2 citations in 61.86s)
2025-10-08 10:49:18,091 [INFO] __main__: Completed CODE-IMPL-001: 2 citations in 61.86s
2025-10-08 10:49:18,091 [INFO] __main__: Processing CODE-IMPL-002: ...
2025-10-08 10:49:18,091 [DEBUG] __main__: Generated 1 queries for CODE-IMPL-002
2025-10-08 10:49:18,664 [ERROR] research.api_clients: Semantic Scholar API error: 400, message='Bad Request', url='https://api.semanticscholar.org/graph/v1/paper/search?query=&limit=5&fields=title,authors,year,abstract,citationCount,venue,externalIds,url'
2025-10-08 10:49:18,815 [INFO] research.api_clients: ArXiv: Found 0 papers for ''
2025-10-08 10:49:19,661 [INFO] research.api_clients: CrossRef: Found 5 papers for ''
2025-10-08 10:49:19,665 [INFO] research.api_clients: Unified search: 5 total \u2192 5 unique
2025-10-08 10:49:19,669 [INFO] research.bibtex_generator: Generated 2 BibTeX entries
2025-10-08 10:49:19,669 [INFO] research.checkpoint_manager: Recorded result for CODE-IMPL-002: success (2 citations in 1.58s)
2025-10-08 10:49:19,669 [INFO] __main__: Completed CODE-IMPL-002: 2 citations in 1.58s
2025-10-08 10:49:19,669 [INFO] __main__: Processing CODE-IMPL-003: ...
2025-10-08 10:49:19,670 [DEBUG] __main__: Generated 1 queries for CODE-IMPL-003
2025-10-08 10:49:20,003 [ERROR] research.api_clients: Semantic Scholar API error: 400, message='Bad Request', url='https://api.semanticscholar.org/graph/v1/paper/search?query=&limit=5&fields=title,authors,year,abstract,citationCount,venue,externalIds,url'
2025-10-08 10:49:20,101 [INFO] research.api_clients: ArXiv: Found 0 papers for ''
2025-10-08 10:49:20,385 [INFO] research.api_clients: CrossRef: Found 5 papers for ''
2025-10-08 10:49:20,390 [INFO] research.api_clients: Unified search: 5 total \u2192 5 unique
2025-10-08 10:49:20,394 [INFO] research.bibtex_generator: Generated 2 BibTeX entries
2025-10-08 10:49:20,395 [INFO] research.checkpoint_manager: Recorded result for CODE-IMPL-003: success (2 citations in 0.73s)
2025-10-08 10:49:20,395 [INFO] __main__: Completed CODE-IMPL-003: 2 citations in 0.73s
2025-10-08 10:49:20,395 [INFO] __main__: Processing CODE-IMPL-004: ...
2025-10-08 10:49:20,396 [DEBUG] __main__: Generated 1 queries for CODE-IMPL-004
2025-10-08 10:49:20,699 [WARNING] research.api_clients: Rate limit exceeded, backing off...
2025-10-08 10:49:20,841 [INFO] research.api_clients: ArXiv: Found 0 papers for ''
2025-10-08 10:49:20,877 [INFO] research.api_clients: CrossRef: Found 5 papers for ''
2025-10-08 10:50:21,562 [ERROR] research.api_clients: Semantic Scholar API error: 400, message='Bad Request', url='https://api.semanticscholar.org/graph/v1/paper/search?query=&limit=5&fields=title,authors,year,abstract,citationCount,venue,externalIds,url'
2025-10-08 10:50:21,564 [INFO] research.api_clients: Unified search: 5 total \u2192 5 unique
2025-10-08 10:50:21,566 [INFO] research.bibtex_generator: Generated 2 BibTeX entries
2025-10-08 10:50:21,566 [INFO] research.checkpoint_manager: Recorded result for CODE-IMPL-004: success (2 citations in 61.17s)
2025-10-08 10:50:21,567 [INFO] __main__: Completed CODE-IMPL-004: 2 citations in 61.17s
2025-10-08 10:50:21,567 [INFO] __main__: Processing CODE-IMPL-005: ...
2025-10-08 10:50:21,567 [DEBUG] __main__: Generated 1 queries for CODE-IMPL-005
2025-10-08 10:50:22,133 [WARNING] research.api_clients: Rate limit exceeded, backing off...
2025-10-08 10:50:22,322 [INFO] research.api_clients: ArXiv: Found 0 papers for ''
2025-10-08 10:50:22,727 [INFO] research.api_clients: CrossRef: Found 5 papers for ''
2025-10-08 10:51:23,029 [WARNING] research.api_clients: Rate limit exceeded, backing off...
2025-10-08 10:52:23,878 [WARNING] research.api_clients: Rate limit exceeded, backing off...
2025-10-08 10:53:24,776 [ERROR] research.api_clients: Semantic Scholar API error: 400, message='Bad Request', url='https://api.semanticscholar.org/graph/v1/paper/search?query=&limit=5&fields=title,authors,year,abstract,citationCount,venue,externalIds,url'
2025-10-08 10:53:24,777 [INFO] research.api_clients: Unified search: 5 total \u2192 5 unique
2025-10-08 10:53:24,780 [INFO] research.bibtex_generator: Generated 2 BibTeX entries
2025-10-08 10:53:24,780 [INFO] research.checkpoint_manager: Recorded result for CODE-IMPL-005: success (2 citations in 183.21s)
2025-10-08 10:53:24,780 [INFO] __main__: Completed CODE-IMPL-005: 2 citations in 183.21s
2025-10-08 10:53:24,780 [INFO] __main__: Processing CODE-IMPL-007: ...
2025-10-08 10:53:24,780 [DEBUG] __main__: Generated 1 queries for CODE-IMPL-007
2025-10-08 10:53:25,333 [ERROR] research.api_clients: Semantic Scholar API error: 400, message='Bad Request', url='https://api.semanticscholar.org/graph/v1/paper/search?query=&limit=5&fields=title,authors,year,abstract,citationCount,venue,externalIds,url'
2025-10-08 10:53:25,487 [INFO] research.api_clients: ArXiv: Found 0 papers for ''
2025-10-08 10:53:25,914 [INFO] research.api_clients: CrossRef: Found 5 papers for ''
2025-10-08 10:53:25,917 [INFO] research.api_clients: Unified search: 5 total \u2192 5 unique
2025-10-08 10:53:25,920 [INFO] research.bibtex_generator: Generated 2 BibTeX entries
2025-10-08 10:53:25,920 [INFO] research.checkpoint_manager: Recorded result for CODE-IMPL-007: success (2 citations in 1.14s)
2025-10-08 10:53:25,920 [INFO] __main__: Completed CODE-IMPL-007: 2 citations in 1.14s
2025-10-08 10:53:25,920 [INFO] __main__: Processing CODE-IMPL-008: ...
2025-10-08 10:53:25,920 [DEBUG] __main__: Generated 1 queries for CODE-IMPL-008
2025-10-08 10:53:26,346 [INFO] research.api_clients: ArXiv: Found 0 papers for ''
2025-10-08 10:53:26,392 [INFO] research.api_clients: CrossRef: Found 5 papers for ''
2025-10-08 10:53:26,486 [ERROR] research.api_clients: Semantic Scholar API error: 400, message='Bad Request', url='https://api.semanticscholar.org/graph/v1/paper/search?query=&limit=5&fields=title,authors,year,abstract,citationCount,venue,externalIds,url'
2025-10-08 10:53:26,488 [INFO] research.api_clients: Unified search: 5 total \u2192 5 unique
2025-10-08 10:53:26,490 [INFO] research.bibtex_generator: Generated 2 BibTeX entries
2025-10-08 10:53:26,490 [INFO] research.checkpoint_manager: Recorded result for CODE-IMPL-008: success (2 citations in 0.57s)
2025-10-08 10:53:26,490 [INFO] __main__: Completed CODE-IMPL-008: 2 citations in 0.57s
2025-10-08 10:53:26,490 [INFO] __main__: Processing CODE-IMPL-010: ...
2025-10-08 10:53:26,490 [DEBUG] __main__: Generated 1 queries for CODE-IMPL-010
2025-10-08 10:53:26,997 [INFO] research.api_clients: CrossRef: Found 5 papers for ''
2025-10-08 10:53:27,022 [INFO] research.api_clients: ArXiv: Found 0 papers for ''
2025-10-08 10:53:27,090 [WARNING] research.api_clients: Rate limit exceeded, backing off...
2025-10-08 10:54:28,028 [ERROR] research.api_clients: Semantic Scholar API error: 400, message='Bad Request', url='https://api.semanticscholar.org/graph/v1/paper/search?query=&limit=5&fields=title,authors,year,abstract,citationCount,venue,externalIds,url'
2025-10-08 10:54:28,030 [INFO] research.api_clients: Unified search: 5 total \u2192 5 unique
2025-10-08 10:54:28,032 [INFO] research.bibtex_generator: Generated 2 BibTeX entries
2025-10-08 10:54:28,032 [INFO] research.checkpoint_manager: Recorded result for CODE-IMPL-010: success (2 citations in 61.54s)
2025-10-08 10:54:28,032 [INFO] __main__: Completed CODE-IMPL-010: 2 citations in 61.54s
2025-10-08 10:54:28,032 [INFO] __main__: Processing CODE-IMPL-011: ...
2025-10-08 10:54:28,032 [DEBUG] __main__: Generated 1 queries for CODE-IMPL-011
2025-10-08 10:54:28,602 [ERROR] research.api_clients: Semantic Scholar API error: 400, message='Bad Request', url='https://api.semanticscholar.org/graph/v1/paper/search?query=&limit=5&fields=title,authors,year,abstract,citationCount,venue,externalIds,url'
2025-10-08 10:54:28,743 [INFO] research.api_clients: ArXiv: Found 0 papers for ''
2025-10-08 10:54:29,282 [INFO] research.api_clients: CrossRef: Found 5 papers for ''
2025-10-08 10:54:29,284 [INFO] research.api_clients: Unified search: 5 total \u2192 5 unique
2025-10-08 10:54:29,286 [INFO] research.bibtex_generator: Generated 2 BibTeX entries
2025-10-08 10:54:29,286 [INFO] research.checkpoint_manager: Recorded result for CODE-IMPL-011: success (2 citations in 1.25s)
2025-10-08 10:54:29,286 [INFO] __main__: Completed CODE-IMPL-011: 2 citations in 1.25s
2025-10-08 10:54:29,286 [INFO] __main__: Processing CODE-IMPL-012: ...
2025-10-08 10:54:29,286 [DEBUG] __main__: Generated 1 queries for CODE-IMPL-012
2025-10-08 10:54:29,720 [INFO] research.api_clients: ArXiv: Found 0 papers for ''
2025-10-08 10:54:29,779 [INFO] research.api_clients: CrossRef: Found 5 papers for ''
2025-10-08 10:54:29,860 [ERROR] research.api_clients: Semantic Scholar API error: 400, message='Bad Request', url='https://api.semanticscholar.org/graph/v1/paper/search?query=&limit=5&fields=title,authors,year,abstract,citationCount,venue,externalIds,url'
2025-10-08 10:54:29,864 [INFO] research.api_clients: Unified search: 5 total \u2192 5 unique
2025-10-08 10:54:29,867 [INFO] research.bibtex_generator: Generated 2 BibTeX entries
2025-10-08 10:54:29,867 [INFO] research.checkpoint_manager: Recorded result for CODE-IMPL-012: success (2 citations in 0.58s)
2025-10-08 10:54:29,867 [INFO] __main__: Completed CODE-IMPL-012: 2 citations in 0.58s
2025-10-08 10:54:29,868 [INFO] __main__: Processing CODE-IMPL-013: ...
2025-10-08 10:54:29,868 [DEBUG] __main__: Generated 1 queries for CODE-IMPL-013
2025-10-08 10:54:30,167 [WARNING] research.api_clients: Rate limit exceeded, backing off...
2025-10-08 10:54:30,282 [INFO] research.api_clients: ArXiv: Found 0 papers for ''
2025-10-08 10:54:31,898 [INFO] research.api_clients: CrossRef: Found 5 papers for ''
2025-10-08 10:55:31,061 [ERROR] research.api_clients: Semantic Scholar API error: 400, message='Bad Request', url='https://api.semanticscholar.org/graph/v1/paper/search?query=&limit=5&fields=title,authors,year,abstract,citationCount,venue,externalIds,url'
2025-10-08 10:55:31,063 [INFO] research.api_clients: Unified search: 5 total \u2192 5 unique
2025-10-08 10:55:31,065 [INFO] research.bibtex_generator: Generated 2 BibTeX entries
2025-10-08 10:55:31,065 [INFO] research.checkpoint_manager: Recorded result for CODE-IMPL-013: success (2 citations in 61.20s)
2025-10-08 10:55:31,065 [INFO] __main__: Completed CODE-IMPL-013: 2 citations in 61.20s
2025-10-08 10:55:31,065 [INFO] __main__: Processing CODE-IMPL-014: ...
2025-10-08 10:55:31,065 [DEBUG] __main__: Generated 1 queries for CODE-IMPL-014
2025-10-08 10:55:31,646 [ERROR] research.api_clients: Semantic Scholar API error: 400, message='Bad Request', url='https://api.semanticscholar.org/graph/v1/paper/search?query=&limit=5&fields=title,authors,year,abstract,citationCount,venue,externalIds,url'
2025-10-08 10:55:31,773 [INFO] research.api_clients: ArXiv: Found 0 papers for ''
2025-10-08 10:55:32,280 [INFO] research.api_clients: CrossRef: Found 5 papers for ''
2025-10-08 10:55:32,281 [INFO] research.api_clients: Unified search: 5 total \u2192 5 unique
2025-10-08 10:55:32,282 [INFO] research.bibtex_generator: Generated 2 BibTeX entries
2025-10-08 10:55:32,282 [INFO] research.checkpoint_manager: Recorded result for CODE-IMPL-014: success (2 citations in 1.22s)
2025-10-08 10:55:32,282 [INFO] __main__: Completed CODE-IMPL-014: 2 citations in 1.22s
2025-10-08 10:55:32,282 [INFO] __main__: Processing CODE-IMPL-015: ...
2025-10-08 10:55:32,282 [DEBUG] __main__: Generated 1 queries for CODE-IMPL-015
2025-10-08 10:55:32,568 [WARNING] research.api_clients: Rate limit exceeded, backing off...
2025-10-08 10:55:32,673 [INFO] research.api_clients: ArXiv: Found 0 papers for ''
2025-10-08 10:55:32,780 [INFO] research.api_clients: CrossRef: Found 5 papers for ''
2025-10-08 10:56:33,457 [WARNING] research.api_clients: Rate limit exceeded, backing off...
2025-10-08 10:57:34,394 [WARNING] research.api_clients: Rate limit exceeded, backing off...
2025-10-08 10:58:35,297 [WARNING] research.api_clients: Rate limit exceeded, backing off...
2025-10-08 10:59:36,249 [ERROR] research.api_clients: Semantic Scholar API error: 400, message='Bad Request', url='https://api.semanticscholar.org/graph/v1/paper/search?query=&limit=5&fields=title,authors,year,abstract,citationCount,venue,externalIds,url'
2025-10-08 10:59:36,251 [INFO] research.api_clients: Unified search: 5 total \u2192 5 unique
2025-10-08 10:59:36,252 [INFO] research.bibtex_generator: Generated 2 BibTeX entries
2025-10-08 10:59:36,252 [INFO] research.checkpoint_manager: Recorded result for CODE-IMPL-015: success (2 citations in 243.97s)
2025-10-08 10:59:36,252 [INFO] __main__: Completed CODE-IMPL-015: 2 citations in 243.97s
2025-10-08 10:59:36,252 [INFO] __main__: Processing CODE-IMPL-016: ...
2025-10-08 10:59:36,253 [DEBUG] __main__: Generated 1 queries for CODE-IMPL-016
2025-10-08 10:59:36,812 [WARNING] research.api_clients: Rate limit exceeded, backing off...
2025-10-08 10:59:36,951 [INFO] research.api_clients: ArXiv: Found 0 papers for ''
2025-10-08 10:59:37,412 [INFO] research.api_clients: CrossRef: Found 5 papers for ''
2025-10-08 11:00:37,681 [ERROR] research.api_clients: Semantic Scholar API error: 400, message='Bad Request', url='https://api.semanticscholar.org/graph/v1/paper/search?query=&limit=5&fields=title,authors,year,abstract,citationCount,venue,externalIds,url'
2025-10-08 11:00:37,686 [INFO] research.api_clients: Unified search: 5 total \u2192 5 unique
2025-10-08 11:00:37,691 [INFO] research.bibtex_generator: Generated 2 BibTeX entries
2025-10-08 11:00:37,691 [INFO] research.checkpoint_manager: Recorded result for CODE-IMPL-016: success (2 citations in 61.44s)
2025-10-08 11:00:37,691 [INFO] __main__: Completed CODE-IMPL-016: 2 citations in 61.44s
2025-10-08 11:00:37,691 [INFO] __main__: Processing CODE-IMPL-018: ...
2025-10-08 11:00:37,691 [DEBUG] __main__: Generated 1 queries for CODE-IMPL-018
2025-10-08 11:00:38,251 [WARNING] research.api_clients: Rate limit exceeded, backing off...
2025-10-08 11:00:38,496 [INFO] research.api_clients: ArXiv: Found 0 papers for ''
2025-10-08 11:00:38,948 [INFO] research.api_clients: CrossRef: Found 5 papers for ''
2025-10-08 11:01:39,122 [WARNING] research.api_clients: Rate limit exceeded, backing off...
2025-10-08 11:02:40,031 [ERROR] research.api_clients: Semantic Scholar API error: 400, message='Bad Request', url='https://api.semanticscholar.org/graph/v1/paper/search?query=&limit=5&fields=title,authors,year,abstract,citationCount,venue,externalIds,url'
2025-10-08 11:02:40,033 [INFO] research.api_clients: Unified search: 5 total \u2192 5 unique
2025-10-08 11:02:40,034 [INFO] research.bibtex_generator: Generated 2 BibTeX entries
2025-10-08 11:02:40,035 [INFO] research.checkpoint_manager: Recorded result for CODE-IMPL-018: success (2 citations in 122.34s)
2025-10-08 11:02:40,035 [INFO] __main__: Completed CODE-IMPL-018: 2 citations in 122.34s
2025-10-08 11:02:40,035 [INFO] __main__: Processing CODE-IMPL-019: ...
2025-10-08 11:02:40,035 [DEBUG] __main__: Generated 1 queries for CODE-IMPL-019
2025-10-08 11:02:40,732 [ERROR] research.api_clients: Semantic Scholar API error: 400, message='Bad Request', url='https://api.semanticscholar.org/graph/v1/paper/search?query=&limit=5&fields=title,authors,year,abstract,citationCount,venue,externalIds,url'
2025-10-08 11:02:40,879 [INFO] research.api_clients: ArXiv: Found 0 papers for ''
2025-10-08 11:02:41,471 [INFO] research.api_clients: CrossRef: Found 5 papers for ''
2025-10-08 11:02:41,472 [INFO] research.api_clients: Unified search: 5 total \u2192 5 unique
2025-10-08 11:02:41,473 [INFO] research.bibtex_generator: Generated 2 BibTeX entries
2025-10-08 11:02:41,473 [INFO] research.checkpoint_manager: Recorded result for CODE-IMPL-019: success (2 citations in 1.44s)
2025-10-08 11:02:41,473 [INFO] __main__: Completed CODE-IMPL-019: 2 citations in 1.44s
2025-10-08 11:02:41,473 [INFO] __main__: Processing CODE-IMPL-020: ...
2025-10-08 11:02:41,473 [DEBUG] __main__: Generated 1 queries for CODE-IMPL-020
2025-10-08 11:02:41,903 [INFO] research.api_clients: ArXiv: Found 0 papers for ''
2025-10-08 11:02:42,042 [ERROR] research.api_clients: Semantic Scholar API error: 400, message='Bad Request', url='https://api.semanticscholar.org/graph/v1/paper/search?query=&limit=5&fields=title,authors,year,abstract,citationCount,venue,externalIds,url'
2025-10-08 11:02:42,583 [INFO] research.api_clients: CrossRef: Found 5 papers for ''
2025-10-08 11:02:42,584 [INFO] research.api_clients: Unified search: 5 total \u2192 5 unique
2025-10-08 11:02:42,587 [INFO] research.bibtex_generator: Generated 2 BibTeX entries
2025-10-08 11:02:42,587 [INFO] research.checkpoint_manager: Recorded result for CODE-IMPL-020: success (2 citations in 1.11s)
2025-10-08 11:02:42,587 [INFO] __main__: Completed CODE-IMPL-020: 2 citations in 1.11s
2025-10-08 11:02:42,587 [INFO] __main__: Processing CODE-IMPL-021: ...
2025-10-08 11:02:42,587 [DEBUG] __main__: Generated 1 queries for CODE-IMPL-021
2025-10-08 11:02:42,889 [ERROR] research.api_clients: Semantic Scholar API error: 400, message='Bad Request', url='https://api.semanticscholar.org/graph/v1/paper/search?query=&limit=5&fields=title,authors,year,abstract,citationCount,venue,externalIds,url'
2025-10-08 11:02:43,024 [INFO] research.api_clients: ArXiv: Found 0 papers for ''
2025-10-08 11:02:43,162 [INFO] research.api_clients: CrossRef: Found 5 papers for ''
2025-10-08 11:02:43,164 [INFO] research.api_clients: Unified search: 5 total \u2192 5 unique
2025-10-08 11:02:43,165 [INFO] research.bibtex_generator: Generated 2 BibTeX entries
2025-10-08 11:02:43,165 [INFO] research.checkpoint_manager: Recorded result for CODE-IMPL-021: success (2 citations in 0.58s)
2025-10-08 11:02:43,165 [INFO] __main__: Completed CODE-IMPL-021: 2 citations in 0.58s
2025-10-08 11:02:43,165 [INFO] __main__: Processing CODE-IMPL-022: ...
2025-10-08 11:02:43,165 [DEBUG] __main__: Generated 1 queries for CODE-IMPL-022
2025-10-08 11:02:43,471 [ERROR] research.api_clients: Semantic Scholar API error: 400, message='Bad Request', url='https://api.semanticscholar.org/graph/v1/paper/search?query=&limit=5&fields=title,authors,year,abstract,citationCount,venue,externalIds,url'
2025-10-08 11:02:43,588 [INFO] research.api_clients: ArXiv: Found 0 papers for ''
2025-10-08 11:02:44,238 [INFO] research.api_clients: CrossRef: Found 5 papers for ''
2025-10-08 11:02:44,241 [INFO] research.api_clients: Unified search: 5 total \u2192 5 unique
2025-10-08 11:02:44,243 [INFO] research.bibtex_generator: Generated 2 BibTeX entries
2025-10-08 11:02:44,243 [INFO] research.checkpoint_manager: Recorded result for CODE-IMPL-022: success (2 citations in 1.08s)
2025-10-08 11:02:44,243 [INFO] __main__: Completed CODE-IMPL-022: 2 citations in 1.08s
2025-10-08 11:02:44,243 [INFO] __main__: Processing CODE-IMPL-023: ...
2025-10-08 11:02:44,243 [DEBUG] __main__: Generated 1 queries for CODE-IMPL-023
2025-10-08 11:02:44,542 [ERROR] research.api_clients: Semantic Scholar API error: 400, message='Bad Request', url='https://api.semanticscholar.org/graph/v1/paper/search?query=&limit=5&fields=title,authors,year,abstract,citationCount,venue,externalIds,url'
2025-10-08 11:02:44,674 [INFO] research.api_clients: ArXiv: Found 0 papers for ''
2025-10-08 11:02:44,808 [INFO] research.api_clients: CrossRef: Found 5 papers for ''
2025-10-08 11:02:44,809 [INFO] research.api_clients: Unified search: 5 total \u2192 5 unique
2025-10-08 11:02:44,810 [INFO] research.bibtex_generator: Generated 2 BibTeX entries
2025-10-08 11:02:44,810 [INFO] research.checkpoint_manager: Recorded result for CODE-IMPL-023: success (2 citations in 0.57s)
2025-10-08 11:02:44,810 [INFO] __main__: Completed CODE-IMPL-023: 2 citations in 0.57s
2025-10-08 11:02:44,810 [INFO] __main__: Processing CODE-IMPL-024: ...
2025-10-08 11:02:44,810 [DEBUG] __main__: Generated 1 queries for CODE-IMPL-024
2025-10-08 11:02:45,231 [INFO] research.api_clients: ArXiv: Found 0 papers for ''
2025-10-08 11:02:45,369 [WARNING] research.api_clients: Rate limit exceeded, backing off...
2025-10-08 11:02:45,595 [INFO] research.api_clients: CrossRef: Found 5 papers for ''
2025-10-08 11:03:46,243 [ERROR] research.api_clients: Semantic Scholar API error: 400, message='Bad Request', url='https://api.semanticscholar.org/graph/v1/paper/search?query=&limit=5&fields=title,authors,year,abstract,citationCount,venue,externalIds,url'
2025-10-08 11:03:46,246 [INFO] research.api_clients: Unified search: 5 total \u2192 5 unique
2025-10-08 11:03:46,247 [INFO] research.bibtex_generator: Generated 2 BibTeX entries
2025-10-08 11:03:46,247 [INFO] research.checkpoint_manager: Recorded result for CODE-IMPL-024: success (2 citations in 61.44s)
2025-10-08 11:03:46,247 [INFO] __main__: Completed CODE-IMPL-024: 2 citations in 61.44s
2025-10-08 11:03:46,247 [INFO] __main__: Processing CODE-IMPL-025: ...
2025-10-08 11:03:46,247 [DEBUG] __main__: Generated 1 queries for CODE-IMPL-025
2025-10-08 11:03:46,543 [WARNING] research.api_clients: Rate limit exceeded, backing off...
2025-10-08 11:03:46,973 [INFO] research.api_clients: ArXiv: Found 0 papers for ''
2025-10-08 11:03:47,425 [INFO] research.api_clients: CrossRef: Found 5 papers for ''
2025-10-08 11:04:47,478 [ERROR] research.api_clients: Semantic Scholar API error: 400, message='Bad Request', url='https://api.semanticscholar.org/graph/v1/paper/search?query=&limit=5&fields=title,authors,year,abstract,citationCount,venue,externalIds,url'
2025-10-08 11:04:47,480 [INFO] research.api_clients: Unified search: 5 total \u2192 5 unique
2025-10-08 11:04:47,483 [INFO] research.bibtex_generator: Generated 2 BibTeX entries
2025-10-08 11:04:47,483 [INFO] research.checkpoint_manager: Recorded result for CODE-IMPL-025: success (2 citations in 61.24s)
2025-10-08 11:04:47,483 [INFO] __main__: Completed CODE-IMPL-025: 2 citations in 61.24s
2025-10-08 11:04:47,484 [INFO] __main__: Processing CODE-IMPL-026: ...
2025-10-08 11:04:47,484 [DEBUG] __main__: Generated 1 queries for CODE-IMPL-026
2025-10-08 11:04:48,045 [ERROR] research.api_clients: Semantic Scholar API error: 400, message='Bad Request', url='https://api.semanticscholar.org/graph/v1/paper/search?query=&limit=5&fields=title,authors,year,abstract,citationCount,venue,externalIds,url'
2025-10-08 11:04:48,218 [INFO] research.api_clients: ArXiv: Found 0 papers for ''
2025-10-08 11:04:49,184 [INFO] research.api_clients: CrossRef: Found 5 papers for ''
2025-10-08 11:04:49,186 [INFO] research.api_clients: Unified search: 5 total \u2192 5 unique
2025-10-08 11:04:49,189 [INFO] research.bibtex_generator: Generated 2 BibTeX entries
2025-10-08 11:04:49,190 [INFO] research.checkpoint_manager: Recorded result for CODE-IMPL-026: success (2 citations in 1.70s)
2025-10-08 11:04:49,190 [INFO] __main__: Completed CODE-IMPL-026: 2 citations in 1.70s
2025-10-08 11:04:49,190 [INFO] __main__: Processing CODE-IMPL-027: ...
2025-10-08 11:04:49,190 [DEBUG] __main__: Generated 1 queries for CODE-IMPL-027
2025-10-08 11:04:49,612 [INFO] research.api_clients: ArXiv: Found 0 papers for ''
2025-10-08 11:04:49,773 [ERROR] research.api_clients: Semantic Scholar API error: 400, message='Bad Request', url='https://api.semanticscholar.org/graph/v1/paper/search?query=&limit=5&fields=title,authors,year,abstract,citationCount,venue,externalIds,url'
2025-10-08 11:04:49,821 [INFO] research.api_clients: CrossRef: Found 5 papers for ''
2025-10-08 11:04:49,823 [INFO] research.api_clients: Unified search: 5 total \u2192 5 unique
2025-10-08 11:04:49,825 [INFO] research.bibtex_generator: Generated 2 BibTeX entries
2025-10-08 11:04:49,825 [INFO] research.checkpoint_manager: Recorded result for CODE-IMPL-027: success (2 citations in 0.64s)
2025-10-08 11:04:49,825 [INFO] __main__: Completed CODE-IMPL-027: 2 citations in 0.64s
2025-10-08 11:04:49,825 [INFO] __main__: Processing CODE-IMPL-028: ...
2025-10-08 11:04:49,825 [DEBUG] __main__: Generated 1 queries for CODE-IMPL-028
2025-10-08 11:04:50,274 [INFO] research.api_clients: ArXiv: Found 0 papers for ''
2025-10-08 11:04:50,418 [ERROR] research.api_clients: Semantic Scholar API error: 400, message='Bad Request', url='https://api.semanticscholar.org/graph/v1/paper/search?query=&limit=5&fields=title,authors,year,abstract,citationCount,venue,externalIds,url'
2025-10-08 11:04:50,432 [INFO] research.api_clients: CrossRef: Found 5 papers for ''
2025-10-08 11:04:50,437 [INFO] research.api_clients: Unified search: 5 total \u2192 5 unique
2025-10-08 11:04:50,441 [INFO] research.bibtex_generator: Generated 2 BibTeX entries
2025-10-08 11:04:50,442 [INFO] research.checkpoint_manager: Recorded result for CODE-IMPL-028: success (2 citations in 0.62s)
2025-10-08 11:04:50,443 [INFO] __main__: Completed CODE-IMPL-028: 2 citations in 0.62s
2025-10-08 11:04:50,443 [INFO] __main__: Processing CODE-IMPL-029: ...
2025-10-08 11:04:50,444 [DEBUG] __main__: Generated 1 queries for CODE-IMPL-029
2025-10-08 11:04:50,902 [INFO] research.api_clients: ArXiv: Found 0 papers for ''
2025-10-08 11:04:50,998 [WARNING] research.api_clients: Rate limit exceeded, backing off...
2025-10-08 11:04:51,402 [INFO] research.api_clients: CrossRef: Found 5 papers for ''
2025-10-08 11:05:51,847 [ERROR] research.api_clients: Semantic Scholar API error: 400, message='Bad Request', url='https://api.semanticscholar.org/graph/v1/paper/search?query=&limit=5&fields=title,authors,year,abstract,citationCount,venue,externalIds,url'
2025-10-08 11:05:51,849 [INFO] research.api_clients: Unified search: 5 total \u2192 5 unique
2025-10-08 11:05:51,853 [INFO] research.bibtex_generator: Generated 2 BibTeX entries
2025-10-08 11:05:51,853 [INFO] research.checkpoint_manager: Recorded result for CODE-IMPL-029: success (2 citations in 61.41s)
2025-10-08 11:05:51,853 [INFO] __main__: Completed CODE-IMPL-029: 2 citations in 61.41s
2025-10-08 11:05:51,853 [INFO] __main__: Processing CODE-IMPL-030: ...
2025-10-08 11:05:51,855 [DEBUG] __main__: Generated 1 queries for CODE-IMPL-030
2025-10-08 11:05:52,415 [WARNING] research.api_clients: Rate limit exceeded, backing off...
2025-10-08 11:05:52,601 [INFO] research.api_clients: ArXiv: Found 0 papers for ''
2025-10-08 11:05:53,044 [INFO] research.api_clients: CrossRef: Found 5 papers for ''
2025-10-08 11:06:53,258 [WARNING] research.api_clients: Rate limit exceeded, backing off...
2025-10-08 11:07:54,148 [ERROR] research.api_clients: Semantic Scholar API error: 400, message='Bad Request', url='https://api.semanticscholar.org/graph/v1/paper/search?query=&limit=5&fields=title,authors,year,abstract,citationCount,venue,externalIds,url'
2025-10-08 11:07:54,150 [INFO] research.api_clients: Unified search: 5 total \u2192 5 unique
2025-10-08 11:07:54,152 [INFO] research.bibtex_generator: Generated 2 BibTeX entries
2025-10-08 11:07:54,152 [INFO] research.checkpoint_manager: Recorded result for CODE-IMPL-030: success (2 citations in 122.30s)
2025-10-08 11:07:54,152 [INFO] __main__: Completed CODE-IMPL-030: 2 citations in 122.30s
2025-10-08 11:07:54,152 [INFO] __main__: Processing CODE-IMPL-031: ...
2025-10-08 11:07:54,152 [DEBUG] __main__: Generated 1 queries for CODE-IMPL-031
2025-10-08 11:07:54,724 [WARNING] research.api_clients: Rate limit exceeded, backing off...
2025-10-08 11:07:54,875 [INFO] research.api_clients: ArXiv: Found 0 papers for ''
2025-10-08 11:07:55,545 [INFO] research.api_clients: CrossRef: Found 5 papers for ''
2025-10-08 11:08:55,621 [ERROR] research.api_clients: Semantic Scholar API error: 400, message='Bad Request', url='https://api.semanticscholar.org/graph/v1/paper/search?query=&limit=5&fields=title,authors,year,abstract,citationCount,venue,externalIds,url'
2025-10-08 11:08:55,624 [INFO] research.api_clients: Unified search: 5 total \u2192 5 unique
2025-10-08 11:08:55,628 [INFO] research.bibtex_generator: Generated 2 BibTeX entries
2025-10-08 11:08:55,629 [INFO] research.checkpoint_manager: Recorded result for CODE-IMPL-031: success (2 citations in 61.48s)
2025-10-08 11:08:55,629 [INFO] __main__: Completed CODE-IMPL-031: 2 citations in 61.48s
2025-10-08 11:08:55,629 [INFO] __main__: Processing CODE-IMPL-032: ...
2025-10-08 11:08:55,629 [DEBUG] __main__: Generated 1 queries for CODE-IMPL-032
2025-10-08 11:08:56,218 [WARNING] research.api_clients: Rate limit exceeded, backing off...
2025-10-08 11:08:56,420 [INFO] research.api_clients: ArXiv: Found 0 papers for ''
2025-10-08 11:08:56,866 [INFO] research.api_clients: CrossRef: Found 5 papers for ''
2025-10-08 11:09:56,837 [ERROR] research.api_clients: Semantic Scholar API error: 400, message='Bad Request', url='https://api.semanticscholar.org/graph/v1/paper/search?query=&limit=5&fields=title,authors,year,abstract,citationCount,venue,externalIds,url'
2025-10-08 11:09:56,838 [INFO] research.api_clients: Unified search: 5 total \u2192 5 unique
2025-10-08 11:09:56,839 [INFO] research.bibtex_generator: Generated 2 BibTeX entries
2025-10-08 11:09:56,839 [INFO] research.checkpoint_manager: Recorded result for CODE-IMPL-032: success (2 citations in 61.21s)
2025-10-08 11:09:56,840 [INFO] __main__: Completed CODE-IMPL-032: 2 citations in 61.21s
2025-10-08 11:09:56,840 [INFO] __main__: Processing CODE-IMPL-033: ...
2025-10-08 11:09:56,840 [DEBUG] __main__: Generated 1 queries for CODE-IMPL-033
2025-10-08 11:09:57,391 [WARNING] research.api_clients: Rate limit exceeded, backing off...
2025-10-08 11:09:57,575 [INFO] research.api_clients: ArXiv: Found 0 papers for ''
2025-10-08 11:09:58,087 [INFO] research.api_clients: CrossRef: Found 5 papers for ''
2025-10-08 11:10:58,285 [ERROR] research.api_clients: Semantic Scholar API error: 400, message='Bad Request', url='https://api.semanticscholar.org/graph/v1/paper/search?query=&limit=5&fields=title,authors,year,abstract,citationCount,venue,externalIds,url'
2025-10-08 11:10:58,287 [INFO] research.api_clients: Unified search: 5 total \u2192 5 unique
2025-10-08 11:10:58,288 [INFO] research.bibtex_generator: Generated 2 BibTeX entries
2025-10-08 11:10:58,288 [INFO] research.checkpoint_manager: Recorded result for CODE-IMPL-033: success (2 citations in 61.45s)
2025-10-08 11:10:58,288 [INFO] __main__: Completed CODE-IMPL-033: 2 citations in 61.45s
2025-10-08 11:10:58,288 [INFO] __main__: Processing CODE-IMPL-034: ...
2025-10-08 11:10:58,288 [DEBUG] __main__: Generated 1 queries for CODE-IMPL-034
2025-10-08 11:10:58,863 [ERROR] research.api_clients: Semantic Scholar API error: 400, message='Bad Request', url='https://api.semanticscholar.org/graph/v1/paper/search?query=&limit=5&fields=title,authors,year,abstract,citationCount,venue,externalIds,url'
2025-10-08 11:10:58,975 [INFO] research.api_clients: ArXiv: Found 0 papers for ''
2025-10-08 11:10:59,823 [INFO] research.api_clients: CrossRef: Found 5 papers for ''
2025-10-08 11:10:59,824 [INFO] research.api_clients: Unified search: 5 total \u2192 5 unique
2025-10-08 11:10:59,826 [INFO] research.bibtex_generator: Generated 2 BibTeX entries
2025-10-08 11:10:59,826 [INFO] research.checkpoint_manager: Recorded result for CODE-IMPL-034: success (2 citations in 1.54s)
2025-10-08 11:10:59,826 [INFO] __main__: Completed CODE-IMPL-034: 2 citations in 1.54s
2025-10-08 11:10:59,826 [INFO] __main__: Processing CODE-IMPL-035: ...
2025-10-08 11:10:59,826 [DEBUG] __main__: Generated 1 queries for CODE-IMPL-035
2025-10-08 11:11:00,115 [WARNING] research.api_clients: Rate limit exceeded, backing off...
2025-10-08 11:11:00,224 [INFO] research.api_clients: ArXiv: Found 0 papers for ''
2025-10-08 11:11:00,301 [INFO] research.api_clients: CrossRef: Found 5 papers for ''
2025-10-08 11:12:01,547 [WARNING] research.api_clients: Rate limit exceeded, backing off...
2025-10-08 11:13:02,429 [WARNING] research.api_clients: Rate limit exceeded, backing off...
2025-10-08 11:14:03,481 [WARNING] research.api_clients: Rate limit exceeded, backing off...
2025-10-08 11:15:04,367 [ERROR] research.api_clients: Semantic Scholar API error: 400, message='Bad Request', url='https://api.semanticscholar.org/graph/v1/paper/search?query=&limit=5&fields=title,authors,year,abstract,citationCount,venue,externalIds,url'
2025-10-08 11:15:04,368 [INFO] research.api_clients: Unified search: 5 total \u2192 5 unique
2025-10-08 11:15:04,370 [INFO] research.bibtex_generator: Generated 2 BibTeX entries
2025-10-08 11:15:04,370 [INFO] research.checkpoint_manager: Recorded result for CODE-IMPL-035: success (2 citations in 244.54s)
2025-10-08 11:15:04,370 [INFO] __main__: Completed CODE-IMPL-035: 2 citations in 244.54s
2025-10-08 11:15:04,370 [INFO] __main__: Processing CODE-IMPL-036: ...
2025-10-08 11:15:04,370 [DEBUG] __main__: Generated 1 queries for CODE-IMPL-036
2025-10-08 11:15:04,655 [WARNING] research.api_clients: Rate limit exceeded, backing off...
2025-10-08 11:15:05,061 [INFO] research.api_clients: ArXiv: Found 0 papers for ''
2025-10-08 11:15:05,695 [INFO] research.api_clients: CrossRef: Found 5 papers for ''
2025-10-08 11:16:05,556 [WARNING] research.api_clients: Rate limit exceeded, backing off...
2025-10-08 11:17:06,597 [WARNING] research.api_clients: Rate limit exceeded, backing off...
2025-10-08 11:18:08,483 [WARNING] research.api_clients: Rate limit exceeded, backing off...
2025-10-08 11:19:09,373 [WARNING] research.api_clients: Rate limit exceeded, backing off...
2025-10-08 11:20:10,290 [WARNING] research.api_clients: Rate limit exceeded, backing off...
2025-10-08 11:21:11,191 [WARNING] research.api_clients: Rate limit exceeded, backing off...
2025-10-08 11:22:12,123 [WARNING] research.api_clients: Rate limit exceeded, backing off...
2025-10-08 11:23:13,031 [ERROR] research.api_clients: Semantic Scholar API error: 400, message='Bad Request', url='https://api.semanticscholar.org/graph/v1/paper/search?query=&limit=5&fields=title,authors,year,abstract,citationCount,venue,externalIds,url'
2025-10-08 11:23:13,034 [INFO] research.api_clients: Unified search: 5 total \u2192 5 unique
2025-10-08 11:23:13,036 [INFO] research.bibtex_generator: Generated 2 BibTeX entries
2025-10-08 11:23:13,036 [INFO] research.checkpoint_manager: Recorded result for CODE-IMPL-036: success (2 citations in 488.67s)
2025-10-08 11:23:13,036 [INFO] __main__: Completed CODE-IMPL-036: 2 citations in 488.67s
2025-10-08 11:23:13,036 [INFO] __main__: Processing CODE-IMPL-037: ...
2025-10-08 11:23:13,036 [DEBUG] __main__: Generated 1 queries for CODE-IMPL-037
2025-10-08 11:23:13,603 [WARNING] research.api_clients: Rate limit exceeded, backing off...
2025-10-08 11:23:13,771 [INFO] research.api_clients: ArXiv: Found 0 papers for ''
2025-10-08 11:23:14,148 [INFO] research.api_clients: CrossRef: Found 5 papers for ''
2025-10-08 11:24:14,217 [WARNING] research.api_clients: Rate limit exceeded, backing off...
2025-10-08 11:25:15,113 [WARNING] research.api_clients: Rate limit exceeded, backing off...
2025-10-08 11:26:16,048 [WARNING] research.api_clients: Rate limit exceeded, backing off...
2025-10-08 11:27:16,950 [WARNING] research.api_clients: Rate limit exceeded, backing off...
2025-10-08 11:28:17,820 [WARNING] research.api_clients: Rate limit exceeded, backing off...
2025-10-08 11:29:18,734 [ERROR] research.api_clients: Semantic Scholar API error: 400, message='Bad Request', url='https://api.semanticscholar.org/graph/v1/paper/search?query=&limit=5&fields=title,authors,year,abstract,citationCount,venue,externalIds,url'
2025-10-08 11:29:18,737 [INFO] research.api_clients: Unified search: 5 total \u2192 5 unique
2025-10-08 11:29:18,740 [INFO] research.bibtex_generator: Generated 2 BibTeX entries
2025-10-08 11:29:18,740 [INFO] research.checkpoint_manager: Recorded result for CODE-IMPL-037: success (2 citations in 365.70s)
2025-10-08 11:29:18,740 [INFO] __main__: Completed CODE-IMPL-037: 2 citations in 365.70s
2025-10-08 11:29:18,740 [INFO] __main__: Processing CODE-IMPL-038: ...
2025-10-08 11:29:18,740 [DEBUG] __main__: Generated 1 queries for CODE-IMPL-038
2025-10-08 11:29:19,307 [WARNING] research.api_clients: Rate limit exceeded, backing off...
2025-10-08 11:29:19,455 [INFO] research.api_clients: ArXiv: Found 0 papers for ''
2025-10-08 11:29:19,922 [INFO] research.api_clients: CrossRef: Found 5 papers for ''
2025-10-08 11:30:20,190 [WARNING] research.api_clients: Rate limit exceeded, backing off...
2025-10-08 11:31:21,099 [ERROR] research.api_clients: Semantic Scholar API error: 400, message='Bad Request', url='https://api.semanticscholar.org/graph/v1/paper/search?query=&limit=5&fields=title,authors,year,abstract,citationCount,venue,externalIds,url'
2025-10-08 11:31:21,100 [INFO] research.api_clients: Unified search: 5 total \u2192 5 unique
2025-10-08 11:31:21,102 [INFO] research.bibtex_generator: Generated 2 BibTeX entries
2025-10-08 11:31:21,102 [INFO] research.checkpoint_manager: Recorded result for CODE-IMPL-038: success (2 citations in 122.36s)
2025-10-08 11:31:21,102 [INFO] __main__: Completed CODE-IMPL-038: 2 citations in 122.36s
2025-10-08 11:31:21,102 [INFO] __main__: Processing CODE-IMPL-039: ...
2025-10-08 11:31:21,102 [DEBUG] __main__: Generated 1 queries for CODE-IMPL-039
2025-10-08 11:31:21,710 [WARNING] research.api_clients: Rate limit exceeded, backing off...
2025-10-08 11:31:21,860 [INFO] research.api_clients: ArXiv: Found 0 papers for ''
2025-10-08 11:31:22,410 [INFO] research.api_clients: CrossRef: Found 5 papers for ''
2025-10-08 11:32:22,619 [WARNING] research.api_clients: Rate limit exceeded, backing off...
2025-10-08 11:33:23,531 [ERROR] research.api_clients: Semantic Scholar API error: 400, message='Bad Request', url='https://api.semanticscholar.org/graph/v1/paper/search?query=&limit=5&fields=title,authors,year,abstract,citationCount,venue,externalIds,url'
2025-10-08 11:33:23,533 [INFO] research.api_clients: Unified search: 5 total \u2192 5 unique
2025-10-08 11:33:23,535 [INFO] research.bibtex_generator: Generated 2 BibTeX entries
2025-10-08 11:33:23,536 [INFO] research.checkpoint_manager: Recorded result for CODE-IMPL-039: success (2 citations in 122.43s)
2025-10-08 11:33:23,536 [INFO] __main__: Completed CODE-IMPL-039: 2 citations in 122.43s
2025-10-08 11:33:23,536 [INFO] __main__: Processing CODE-IMPL-044: ...
2025-10-08 11:33:23,536 [DEBUG] __main__: Generated 1 queries for CODE-IMPL-044
2025-10-08 11:33:24,132 [ERROR] research.api_clients: Semantic Scholar API error: 400, message='Bad Request', url='https://api.semanticscholar.org/graph/v1/paper/search?query=&limit=5&fields=title,authors,year,abstract,citationCount,venue,externalIds,url'
2025-10-08 11:33:24,336 [INFO] research.api_clients: ArXiv: Found 0 papers for ''
2025-10-08 11:33:24,799 [INFO] research.api_clients: CrossRef: Found 5 papers for ''
2025-10-08 11:33:24,802 [INFO] research.api_clients: Unified search: 5 total \u2192 5 unique
2025-10-08 11:33:24,804 [INFO] research.bibtex_generator: Generated 2 BibTeX entries
2025-10-08 11:33:24,804 [INFO] research.checkpoint_manager: Recorded result for CODE-IMPL-044: success (2 citations in 1.27s)
2025-10-08 11:33:24,804 [INFO] __main__: Completed CODE-IMPL-044: 2 citations in 1.27s
2025-10-08 11:33:24,804 [INFO] __main__: Processing CODE-IMPL-045: ...
2025-10-08 11:33:24,804 [DEBUG] __main__: Generated 1 queries for CODE-IMPL-045
2025-10-08 11:33:25,261 [INFO] research.api_clients: CrossRef: Found 5 papers for ''
2025-10-08 11:33:25,262 [INFO] research.api_clients: ArXiv: Found 0 papers for ''
2025-10-08 11:33:25,382 [WARNING] research.api_clients: Rate limit exceeded, backing off...
2025-10-08 11:34:26,274 [WARNING] research.api_clients: Rate limit exceeded, backing off...
2025-10-08 11:35:27,185 [ERROR] research.api_clients: Semantic Scholar API error: 400, message='Bad Request', url='https://api.semanticscholar.org/graph/v1/paper/search?query=&limit=5&fields=title,authors,year,abstract,citationCount,venue,externalIds,url'
2025-10-08 11:35:27,187 [INFO] research.api_clients: Unified search: 5 total \u2192 5 unique
2025-10-08 11:35:27,190 [INFO] research.bibtex_generator: Generated 2 BibTeX entries
2025-10-08 11:35:27,190 [INFO] research.checkpoint_manager: Recorded result for CODE-IMPL-045: success (2 citations in 122.39s)
2025-10-08 11:35:27,190 [INFO] __main__: Completed CODE-IMPL-045: 2 citations in 122.39s
2025-10-08 11:35:27,190 [INFO] __main__: Processing CODE-IMPL-046: ...
2025-10-08 11:35:27,191 [DEBUG] __main__: Generated 1 queries for CODE-IMPL-046
2025-10-08 11:35:27,791 [ERROR] research.api_clients: Semantic Scholar API error: 400, message='Bad Request', url='https://api.semanticscholar.org/graph/v1/paper/search?query=&limit=5&fields=title,authors,year,abstract,citationCount,venue,externalIds,url'
2025-10-08 11:35:27,910 [INFO] research.api_clients: ArXiv: Found 0 papers for ''
2025-10-08 11:35:28,618 [INFO] research.api_clients: CrossRef: Found 5 papers for ''
2025-10-08 11:35:28,621 [INFO] research.api_clients: Unified search: 5 total \u2192 5 unique
2025-10-08 11:35:28,623 [INFO] research.bibtex_generator: Generated 2 BibTeX entries
2025-10-08 11:35:28,623 [INFO] research.checkpoint_manager: Recorded result for CODE-IMPL-046: success (2 citations in 1.43s)
2025-10-08 11:35:28,623 [INFO] __main__: Completed CODE-IMPL-046: 2 citations in 1.43s
2025-10-08 11:35:28,623 [INFO] __main__: Processing CODE-IMPL-047: ...
2025-10-08 11:35:28,623 [DEBUG] __main__: Generated 1 queries for CODE-IMPL-047
2025-10-08 11:35:29,048 [INFO] research.api_clients: ArXiv: Found 0 papers for ''
2025-10-08 11:35:29,198 [ERROR] research.api_clients: Semantic Scholar API error: 400, message='Bad Request', url='https://api.semanticscholar.org/graph/v1/paper/search?query=&limit=5&fields=title,authors,year,abstract,citationCount,venue,externalIds,url'
2025-10-08 11:35:29,243 [INFO] research.api_clients: CrossRef: Found 5 papers for ''
2025-10-08 11:35:29,245 [INFO] research.api_clients: Unified search: 5 total \u2192 5 unique
2025-10-08 11:35:29,249 [INFO] research.bibtex_generator: Generated 2 BibTeX entries
2025-10-08 11:35:29,249 [INFO] research.checkpoint_manager: Recorded result for CODE-IMPL-047: success (2 citations in 0.63s)
2025-10-08 11:35:29,249 [INFO] __main__: Completed CODE-IMPL-047: 2 citations in 0.63s
2025-10-08 11:35:29,249 [INFO] __main__: Processing CODE-IMPL-048: ...
2025-10-08 11:35:29,249 [DEBUG] __main__: Generated 1 queries for CODE-IMPL-048
2025-10-08 11:35:29,690 [INFO] research.api_clients: ArXiv: Found 0 papers for ''
2025-10-08 11:35:29,884 [ERROR] research.api_clients: Semantic Scholar API error: 400, message='Bad Request', url='https://api.semanticscholar.org/graph/v1/paper/search?query=&limit=5&fields=title,authors,year,abstract,citationCount,venue,externalIds,url'
2025-10-08 11:35:29,908 [INFO] research.api_clients: CrossRef: Found 5 papers for ''
2025-10-08 11:35:29,910 [INFO] research.api_clients: Unified search: 5 total \u2192 5 unique
2025-10-08 11:35:29,915 [INFO] research.bibtex_generator: Generated 2 BibTeX entries
2025-10-08 11:35:29,915 [INFO] research.checkpoint_manager: Recorded result for CODE-IMPL-048: success (2 citations in 0.67s)
2025-10-08 11:35:29,915 [INFO] __main__: Completed CODE-IMPL-048: 2 citations in 0.67s
2025-10-08 11:35:29,915 [INFO] __main__: Processing CODE-IMPL-050: ...
2025-10-08 11:35:29,916 [DEBUG] __main__: Generated 1 queries for CODE-IMPL-050
2025-10-08 11:35:30,311 [INFO] research.api_clients: ArXiv: Found 0 papers for ''
2025-10-08 11:35:30,469 [ERROR] research.api_clients: Semantic Scholar API error: 400, message='Bad Request', url='https://api.semanticscholar.org/graph/v1/paper/search?query=&limit=5&fields=title,authors,year,abstract,citationCount,venue,externalIds,url'
2025-10-08 11:35:30,500 [INFO] research.api_clients: CrossRef: Found 5 papers for ''
2025-10-08 11:35:30,503 [INFO] research.api_clients: Unified search: 5 total \u2192 5 unique
2025-10-08 11:35:30,505 [INFO] research.bibtex_generator: Generated 2 BibTeX entries
2025-10-08 11:35:30,505 [INFO] research.checkpoint_manager: Recorded result for CODE-IMPL-050: success (2 citations in 0.59s)
2025-10-08 11:35:30,506 [INFO] __main__: Completed CODE-IMPL-050: 2 citations in 0.59s
2025-10-08 11:35:30,506 [INFO] __main__: Processing CODE-IMPL-051: ...
2025-10-08 11:35:30,506 [DEBUG] __main__: Generated 1 queries for CODE-IMPL-051
2025-10-08 11:35:30,956 [INFO] research.api_clients: ArXiv: Found 0 papers for ''
2025-10-08 11:35:31,050 [INFO] research.api_clients: CrossRef: Found 5 papers for ''
2025-10-08 11:35:31,068 [WARNING] research.api_clients: Rate limit exceeded, backing off...
2025-10-08 11:36:31,947 [WARNING] research.api_clients: Rate limit exceeded, backing off...
2025-10-08 11:37:32,815 [ERROR] research.api_clients: Semantic Scholar API error: 400, message='Bad Request', url='https://api.semanticscholar.org/graph/v1/paper/search?query=&limit=5&fields=title,authors,year,abstract,citationCount,venue,externalIds,url'
2025-10-08 11:37:32,818 [INFO] research.api_clients: Unified search: 5 total \u2192 5 unique
2025-10-08 11:37:32,820 [INFO] research.bibtex_generator: Generated 2 BibTeX entries
2025-10-08 11:37:32,820 [INFO] research.checkpoint_manager: Recorded result for CODE-IMPL-051: success (2 citations in 122.31s)
2025-10-08 11:37:32,820 [INFO] __main__: Completed CODE-IMPL-051: 2 citations in 122.31s
2025-10-08 11:37:32,821 [INFO] __main__: Processing CODE-IMPL-052: ...
2025-10-08 11:37:32,821 [DEBUG] __main__: Generated 1 queries for CODE-IMPL-052
2025-10-08 11:37:33,119 [WARNING] research.api_clients: Rate limit exceeded, backing off...
2025-10-08 11:37:33,532 [INFO] research.api_clients: ArXiv: Found 0 papers for ''
2025-10-08 11:37:34,277 [INFO] research.api_clients: CrossRef: Found 5 papers for ''
2025-10-08 11:38:34,027 [WARNING] research.api_clients: Rate limit exceeded, backing off...
2025-10-08 11:39:34,922 [WARNING] research.api_clients: Rate limit exceeded, backing off...
2025-10-08 11:40:35,820 [ERROR] research.api_clients: Semantic Scholar API error: 400, message='Bad Request', url='https://api.semanticscholar.org/graph/v1/paper/search?query=&limit=5&fields=title,authors,year,abstract,citationCount,venue,externalIds,url'
2025-10-08 11:40:35,820 [INFO] research.api_clients: Unified search: 5 total \u2192 5 unique
2025-10-08 11:40:35,827 [INFO] research.bibtex_generator: Generated 2 BibTeX entries
2025-10-08 11:40:35,827 [INFO] research.checkpoint_manager: Recorded result for CODE-IMPL-052: success (2 citations in 183.01s)
2025-10-08 11:40:35,827 [INFO] __main__: Completed CODE-IMPL-052: 2 citations in 183.01s
2025-10-08 11:40:35,827 [INFO] __main__: Processing CODE-IMPL-053: ...
2025-10-08 11:40:35,827 [DEBUG] __main__: Generated 1 queries for CODE-IMPL-053
2025-10-08 11:40:36,430 [ERROR] research.api_clients: Semantic Scholar API error: 400, message='Bad Request', url='https://api.semanticscholar.org/graph/v1/paper/search?query=&limit=5&fields=title,authors,year,abstract,citationCount,venue,externalIds,url'
2025-10-08 11:40:36,590 [INFO] research.api_clients: ArXiv: Found 0 papers for ''
2025-10-08 11:40:37,030 [INFO] research.api_clients: CrossRef: Found 5 papers for ''
2025-10-08 11:40:37,040 [INFO] research.api_clients: Unified search: 5 total \u2192 5 unique
2025-10-08 11:40:37,042 [INFO] research.bibtex_generator: Generated 2 BibTeX entries
2025-10-08 11:40:37,042 [INFO] research.checkpoint_manager: Recorded result for CODE-IMPL-053: success (2 citations in 1.21s)
2025-10-08 11:40:37,042 [INFO] __main__: Completed CODE-IMPL-053: 2 citations in 1.21s
2025-10-08 11:40:37,042 [INFO] __main__: Processing CODE-IMPL-054: ...
2025-10-08 11:40:37,042 [DEBUG] __main__: Generated 1 queries for CODE-IMPL-054
2025-10-08 11:40:37,471 [INFO] research.api_clients: ArXiv: Found 0 papers for ''
2025-10-08 11:40:37,500 [INFO] research.api_clients: CrossRef: Found 5 papers for ''
2025-10-08 11:40:37,611 [ERROR] research.api_clients: Semantic Scholar API error: 400, message='Bad Request', url='https://api.semanticscholar.org/graph/v1/paper/search?query=&limit=5&fields=title,authors,year,abstract,citationCount,venue,externalIds,url'
2025-10-08 11:40:37,611 [INFO] research.api_clients: Unified search: 5 total \u2192 5 unique
2025-10-08 11:40:37,613 [INFO] research.bibtex_generator: Generated 2 BibTeX entries
2025-10-08 11:40:37,613 [INFO] research.checkpoint_manager: Recorded result for CODE-IMPL-054: success (2 citations in 0.57s)
2025-10-08 11:40:37,613 [INFO] __main__: Completed CODE-IMPL-054: 2 citations in 0.57s
2025-10-08 11:40:37,613 [INFO] __main__: Processing CODE-IMPL-055: ...
2025-10-08 11:40:37,613 [DEBUG] __main__: Generated 1 queries for CODE-IMPL-055
2025-10-08 11:40:38,190 [WARNING] research.api_clients: Rate limit exceeded, backing off...
2025-10-08 11:40:38,302 [INFO] research.api_clients: ArXiv: Found 0 papers for ''
2025-10-08 11:40:38,810 [INFO] research.api_clients: CrossRef: Found 5 papers for ''
2025-10-08 11:41:39,155 [WARNING] research.api_clients: Rate limit exceeded, backing off...
2025-10-08 11:42:40,025 [WARNING] research.api_clients: Rate limit exceeded, backing off...
2025-10-08 11:43:40,876 [WARNING] research.api_clients: Rate limit exceeded, backing off...
2025-10-08 11:44:41,508 [ERROR] research.api_clients: Semantic Scholar API error: 400, message='Bad Request', url='https://api.semanticscholar.org/graph/v1/paper/search?query=&limit=5&fields=title,authors,year,abstract,citationCount,venue,externalIds,url'
2025-10-08 11:44:41,511 [INFO] research.api_clients: Unified search: 5 total \u2192 5 unique
2025-10-08 11:44:41,514 [INFO] research.bibtex_generator: Generated 2 BibTeX entries
2025-10-08 11:44:41,514 [INFO] research.checkpoint_manager: Recorded result for CODE-IMPL-055: success (2 citations in 243.90s)
2025-10-08 11:44:41,514 [INFO] __main__: Completed CODE-IMPL-055: 2 citations in 243.90s
2025-10-08 11:44:41,514 [INFO] __main__: Processing CODE-IMPL-056: ...
2025-10-08 11:44:41,514 [DEBUG] __main__: Generated 1 queries for CODE-IMPL-056
2025-10-08 11:44:41,824 [WARNING] research.api_clients: Rate limit exceeded, backing off...
2025-10-08 11:44:42,219 [INFO] research.api_clients: ArXiv: Found 0 papers for ''
2025-10-08 11:44:42,769 [INFO] research.api_clients: CrossRef: Found 5 papers for ''
2025-10-08 11:45:57,660 [ERROR] research.api_clients: Semantic Scholar API error: 400, message='Bad Request', url='https://api.semanticscholar.org/graph/v1/paper/search?query=&limit=5&fields=title,authors,year,abstract,citationCount,venue,externalIds,url'
2025-10-08 11:45:57,664 [INFO] research.api_clients: Unified search: 5 total \u2192 5 unique
2025-10-08 11:45:57,679 [INFO] research.bibtex_generator: Generated 2 BibTeX entries
2025-10-08 11:45:57,679 [INFO] research.checkpoint_manager: Recorded result for CODE-IMPL-056: success (2 citations in 76.16s)
2025-10-08 11:45:57,679 [INFO] __main__: Completed CODE-IMPL-056: 2 citations in 76.16s
2025-10-08 11:45:57,679 [INFO] __main__: Processing CODE-IMPL-057: ...
2025-10-08 11:45:57,680 [DEBUG] __main__: Generated 1 queries for CODE-IMPL-057
2025-10-08 11:45:58,255 [WARNING] research.api_clients: Rate limit exceeded, backing off...
2025-10-08 11:45:58,364 [INFO] research.api_clients: ArXiv: Found 0 papers for ''
2025-10-08 11:45:59,125 [INFO] research.api_clients: CrossRef: Found 5 papers for ''
2025-10-08 11:46:59,004 [WARNING] research.api_clients: Rate limit exceeded, backing off...
2025-10-08 11:47:59,798 [WARNING] research.api_clients: Rate limit exceeded, backing off...
2025-10-08 11:49:00,618 [ERROR] research.api_clients: Semantic Scholar API error: 400, message='Bad Request', url='https://api.semanticscholar.org/graph/v1/paper/search?query=&limit=5&fields=title,authors,year,abstract,citationCount,venue,externalIds,url'
2025-10-08 11:49:00,620 [INFO] research.api_clients: Unified search: 5 total \u2192 5 unique
2025-10-08 11:49:00,622 [INFO] research.bibtex_generator: Generated 2 BibTeX entries
2025-10-08 11:49:00,622 [INFO] research.checkpoint_manager: Recorded result for CODE-IMPL-057: success (2 citations in 182.94s)
2025-10-08 11:49:00,622 [INFO] __main__: Completed CODE-IMPL-057: 2 citations in 182.94s
2025-10-08 11:49:00,624 [INFO] __main__: Processing CODE-IMPL-058: ...
2025-10-08 11:49:00,624 [DEBUG] __main__: Generated 1 queries for CODE-IMPL-058
2025-10-08 11:49:01,159 [ERROR] research.api_clients: Semantic Scholar API error: 400, message='Bad Request', url='https://api.semanticscholar.org/graph/v1/paper/search?query=&limit=5&fields=title,authors,year,abstract,citationCount,venue,externalIds,url'
2025-10-08 11:49:01,235 [INFO] research.api_clients: ArXiv: Found 0 papers for ''
2025-10-08 11:49:01,936 [INFO] research.api_clients: CrossRef: Found 5 papers for ''
2025-10-08 11:49:01,936 [INFO] research.api_clients: Unified search: 5 total \u2192 5 unique
2025-10-08 11:49:01,941 [INFO] research.bibtex_generator: Generated 2 BibTeX entries
2025-10-08 11:49:01,941 [INFO] research.checkpoint_manager: Recorded result for CODE-IMPL-058: success (2 citations in 1.32s)
2025-10-08 11:49:01,941 [INFO] __main__: Completed CODE-IMPL-058: 2 citations in 1.32s
2025-10-08 11:49:02,001 [INFO] research.checkpoint_manager: Checkpoint saved: session_20251008_071816_checkpoint_0050.json (69.4% complete)
2025-10-08 11:49:02,001 [INFO] __main__: Processing CODE-IMPL-059: ...
2025-10-08 11:49:02,001 [DEBUG] __main__: Generated 1 queries for CODE-IMPL-059
2025-10-08 11:49:02,325 [INFO] research.api_clients: ArXiv: Found 0 papers for ''
2025-10-08 11:49:02,522 [INFO] research.api_clients: CrossRef: Found 5 papers for ''
2025-10-08 11:49:02,544 [ERROR] research.api_clients: Semantic Scholar API error: 400, message='Bad Request', url='https://api.semanticscholar.org/graph/v1/paper/search?query=&limit=5&fields=title,authors,year,abstract,citationCount,venue,externalIds,url'
2025-10-08 11:49:02,548 [INFO] research.api_clients: Unified search: 5 total \u2192 5 unique
2025-10-08 11:49:02,552 [INFO] research.bibtex_generator: Generated 2 BibTeX entries
2025-10-08 11:49:02,552 [INFO] research.checkpoint_manager: Recorded result for CODE-IMPL-059: success (2 citations in 0.55s)
2025-10-08 11:49:02,552 [INFO] __main__: Completed CODE-IMPL-059: 2 citations in 0.55s
2025-10-08 11:49:02,552 [INFO] __main__: Processing CODE-IMPL-060: ...
2025-10-08 11:49:02,552 [DEBUG] __main__: Generated 1 queries for CODE-IMPL-060
2025-10-08 11:49:02,891 [INFO] research.api_clients: ArXiv: Found 0 papers for ''
2025-10-08 11:49:02,942 [INFO] research.api_clients: CrossRef: Found 5 papers for ''
2025-10-08 11:49:03,078 [WARNING] research.api_clients: Rate limit exceeded, backing off...
2025-10-08 11:50:03,831 [ERROR] research.api_clients: Semantic Scholar API error: 400, message='Bad Request', url='https://api.semanticscholar.org/graph/v1/paper/search?query=&limit=5&fields=title,authors,year,abstract,citationCount,venue,externalIds,url'
2025-10-08 11:50:03,832 [INFO] research.api_clients: Unified search: 5 total \u2192 5 unique
2025-10-08 11:50:03,832 [INFO] research.bibtex_generator: Generated 2 BibTeX entries
2025-10-08 11:50:03,832 [INFO] research.checkpoint_manager: Recorded result for CODE-IMPL-060: success (2 citations in 61.28s)
2025-10-08 11:50:03,832 [INFO] __main__: Completed CODE-IMPL-060: 2 citations in 61.28s
2025-10-08 11:50:03,832 [INFO] __main__: Processing CODE-IMPL-061: ...
2025-10-08 11:50:03,832 [DEBUG] __main__: Generated 1 queries for CODE-IMPL-061
2025-10-08 11:50:04,354 [WARNING] research.api_clients: Rate limit exceeded, backing off...
2025-10-08 11:50:04,361 [INFO] research.api_clients: ArXiv: Found 0 papers for ''
2025-10-08 11:50:04,951 [INFO] research.api_clients: CrossRef: Found 5 papers for ''
2025-10-08 11:51:04,856 [WARNING] research.api_clients: Rate limit exceeded, backing off...
2025-10-08 11:52:05,359 [ERROR] research.api_clients: Semantic Scholar API error: 400, message='Bad Request', url='https://api.semanticscholar.org/graph/v1/paper/search?query=&limit=5&fields=title,authors,year,abstract,citationCount,venue,externalIds,url'
2025-10-08 11:52:05,361 [INFO] research.api_clients: Unified search: 5 total \u2192 5 unique
2025-10-08 11:52:05,364 [INFO] research.bibtex_generator: Generated 2 BibTeX entries
2025-10-08 11:52:05,364 [INFO] research.checkpoint_manager: Recorded result for CODE-IMPL-061: success (2 citations in 121.53s)
2025-10-08 11:52:05,364 [INFO] __main__: Completed CODE-IMPL-061: 2 citations in 121.53s
2025-10-08 11:52:05,364 [INFO] __main__: Processing CODE-IMPL-062: ...
2025-10-08 11:52:05,364 [DEBUG] __main__: Generated 1 queries for CODE-IMPL-062
2025-10-08 11:52:05,900 [WARNING] research.api_clients: Rate limit exceeded, backing off...
2025-10-08 11:52:05,986 [INFO] research.api_clients: ArXiv: Found 0 papers for ''
2025-10-08 11:52:06,772 [INFO] research.api_clients: CrossRef: Found 5 papers for ''
2025-10-08 11:53:06,763 [WARNING] research.api_clients: Rate limit exceeded, backing off...
2025-10-08 11:54:07,526 [ERROR] research.api_clients: Semantic Scholar API error: 400, message='Bad Request', url='https://api.semanticscholar.org/graph/v1/paper/search?query=&limit=5&fields=title,authors,year,abstract,citationCount,venue,externalIds,url'
2025-10-08 11:54:07,530 [INFO] research.api_clients: Unified search: 5 total \u2192 5 unique
2025-10-08 11:54:07,534 [INFO] research.bibtex_generator: Generated 2 BibTeX entries
2025-10-08 11:54:07,534 [INFO] research.checkpoint_manager: Recorded result for CODE-IMPL-062: success (2 citations in 122.17s)
2025-10-08 11:54:07,534 [INFO] __main__: Completed CODE-IMPL-062: 2 citations in 122.17s
2025-10-08 11:54:07,534 [INFO] __main__: Processing CODE-IMPL-063: ...
2025-10-08 11:54:07,534 [DEBUG] __main__: Generated 1 queries for CODE-IMPL-063
2025-10-08 11:54:08,066 [WARNING] research.api_clients: Rate limit exceeded, backing off...
2025-10-08 11:54:08,071 [INFO] research.api_clients: ArXiv: Found 0 papers for ''
2025-10-08 11:54:08,514 [INFO] research.api_clients: CrossRef: Found 5 papers for ''
2025-10-08 11:55:08,837 [ERROR] research.api_clients: Semantic Scholar API error: 400, message='Bad Request', url='https://api.semanticscholar.org/graph/v1/paper/search?query=&limit=5&fields=title,authors,year,abstract,citationCount,venue,externalIds,url'
2025-10-08 11:55:08,840 [INFO] research.api_clients: Unified search: 5 total \u2192 5 unique
2025-10-08 11:55:08,841 [INFO] research.bibtex_generator: Generated 2 BibTeX entries
2025-10-08 11:55:08,841 [INFO] research.checkpoint_manager: Recorded result for CODE-IMPL-063: success (2 citations in 61.31s)
2025-10-08 11:55:08,841 [INFO] __main__: Completed CODE-IMPL-063: 2 citations in 61.31s
2025-10-08 11:55:08,841 [INFO] __main__: Processing CODE-IMPL-064: ...
2025-10-08 11:55:08,841 [DEBUG] __main__: Generated 1 queries for CODE-IMPL-064
2025-10-08 11:55:09,355 [INFO] research.api_clients: ArXiv: Found 0 papers for ''
2025-10-08 11:55:09,381 [ERROR] research.api_clients: Semantic Scholar API error: 400, message='Bad Request', url='https://api.semanticscholar.org/graph/v1/paper/search?query=&limit=5&fields=title,authors,year,abstract,citationCount,venue,externalIds,url'
2025-10-08 11:55:09,910 [INFO] research.api_clients: CrossRef: Found 5 papers for ''
2025-10-08 11:55:09,920 [INFO] research.api_clients: Unified search: 5 total \u2192 5 unique
2025-10-08 11:55:09,921 [INFO] research.bibtex_generator: Generated 2 BibTeX entries
2025-10-08 11:55:09,922 [INFO] research.checkpoint_manager: Recorded result for CODE-IMPL-064: success (2 citations in 1.08s)
2025-10-08 11:55:09,922 [INFO] __main__: Completed CODE-IMPL-064: 2 citations in 1.08s
2025-10-08 11:55:09,922 [INFO] __main__: Processing CODE-IMPL-066: ...
2025-10-08 11:55:09,922 [DEBUG] __main__: Generated 1 queries for CODE-IMPL-066
2025-10-08 11:55:10,194 [ERROR] research.api_clients: Semantic Scholar API error: 400, message='Bad Request', url='https://api.semanticscholar.org/graph/v1/paper/search?query=&limit=5&fields=title,authors,year,abstract,citationCount,venue,externalIds,url'
2025-10-08 11:55:10,233 [INFO] research.api_clients: ArXiv: Found 0 papers for ''
2025-10-08 11:55:10,381 [INFO] research.api_clients: CrossRef: Found 5 papers for ''
2025-10-08 11:55:10,386 [INFO] research.api_clients: Unified search: 5 total \u2192 5 unique
2025-10-08 11:55:10,390 [INFO] research.bibtex_generator: Generated 2 BibTeX entries
2025-10-08 11:55:10,390 [INFO] research.checkpoint_manager: Recorded result for CODE-IMPL-066: success (2 citations in 0.47s)
2025-10-08 11:55:10,390 [INFO] __main__: Completed CODE-IMPL-066: 2 citations in 0.47s
2025-10-08 11:55:10,390 [INFO] __main__: Processing CODE-IMPL-068: ...
2025-10-08 11:55:10,390 [DEBUG] __main__: Generated 1 queries for CODE-IMPL-068
2025-10-08 11:55:10,712 [INFO] research.api_clients: ArXiv: Found 0 papers for ''
2025-10-08 11:55:10,851 [INFO] research.api_clients: CrossRef: Found 5 papers for ''
2025-10-08 11:55:10,911 [WARNING] research.api_clients: Rate limit exceeded, backing off...
2025-10-08 11:56:11,508 [ERROR] research.api_clients: Semantic Scholar API error: 400, message='Bad Request', url='https://api.semanticscholar.org/graph/v1/paper/search?query=&limit=5&fields=title,authors,year,abstract,citationCount,venue,externalIds,url'
2025-10-08 11:56:11,511 [INFO] research.api_clients: Unified search: 5 total \u2192 5 unique
2025-10-08 11:56:11,518 [INFO] research.bibtex_generator: Generated 2 BibTeX entries
2025-10-08 11:56:11,518 [INFO] research.checkpoint_manager: Recorded result for CODE-IMPL-068: success (2 citations in 61.13s)
2025-10-08 11:56:11,518 [INFO] __main__: Completed CODE-IMPL-068: 2 citations in 61.13s
2025-10-08 11:56:11,518 [INFO] __main__: Processing CODE-IMPL-069: ...
2025-10-08 11:56:11,519 [DEBUG] __main__: Generated 1 queries for CODE-IMPL-069
2025-10-08 11:56:12,062 [INFO] research.api_clients: ArXiv: Found 0 papers for ''
2025-10-08 11:56:12,062 [ERROR] research.api_clients: Semantic Scholar API error: 400, message='Bad Request', url='https://api.semanticscholar.org/graph/v1/paper/search?query=&limit=5&fields=title,authors,year,abstract,citationCount,venue,externalIds,url'
2025-10-08 11:56:12,553 [INFO] research.api_clients: CrossRef: Found 5 papers for ''
2025-10-08 11:56:12,556 [INFO] research.api_clients: Unified search: 5 total \u2192 5 unique
2025-10-08 11:56:12,558 [INFO] research.bibtex_generator: Generated 2 BibTeX entries
2025-10-08 11:56:12,558 [INFO] research.checkpoint_manager: Recorded result for CODE-IMPL-069: success (2 citations in 1.04s)
2025-10-08 11:56:12,560 [INFO] __main__: Completed CODE-IMPL-069: 2 citations in 1.04s
2025-10-08 11:56:12,560 [INFO] __main__: Processing CODE-IMPL-070: ...
2025-10-08 11:56:12,560 [DEBUG] __main__: Generated 1 queries for CODE-IMPL-070
2025-10-08 11:56:12,841 [ERROR] research.api_clients: Semantic Scholar API error: 400, message='Bad Request', url='https://api.semanticscholar.org/graph/v1/paper/search?query=&limit=5&fields=title,authors,year,abstract,citationCount,venue,externalIds,url'
2025-10-08 11:56:12,870 [INFO] research.api_clients: ArXiv: Found 0 papers for ''
2025-10-08 11:56:12,971 [INFO] research.api_clients: CrossRef: Found 5 papers for ''
2025-10-08 11:56:12,971 [INFO] research.api_clients: Unified search: 5 total \u2192 5 unique
2025-10-08 11:56:12,978 [INFO] research.bibtex_generator: Generated 2 BibTeX entries
2025-10-08 11:56:12,978 [INFO] research.checkpoint_manager: Recorded result for CODE-IMPL-070: success (2 citations in 0.42s)
2025-10-08 11:56:12,978 [INFO] __main__: Completed CODE-IMPL-070: 2 citations in 0.42s
2025-10-08 11:56:12,978 [INFO] __main__: Processing CODE-IMPL-071: ...
2025-10-08 11:56:12,978 [DEBUG] __main__: Generated 1 queries for CODE-IMPL-071
2025-10-08 11:56:13,242 [ERROR] research.api_clients: Semantic Scholar API error: 400, message='Bad Request', url='https://api.semanticscholar.org/graph/v1/paper/search?query=&limit=5&fields=title,authors,year,abstract,citationCount,venue,externalIds,url'
2025-10-08 11:56:13,290 [INFO] research.api_clients: ArXiv: Found 0 papers for ''
2025-10-08 11:56:13,481 [INFO] research.api_clients: CrossRef: Found 5 papers for ''
2025-10-08 11:56:13,484 [INFO] research.api_clients: Unified search: 5 total \u2192 5 unique
2025-10-08 11:56:13,486 [INFO] research.bibtex_generator: Generated 2 BibTeX entries
2025-10-08 11:56:13,488 [INFO] research.checkpoint_manager: Recorded result for CODE-IMPL-071: success (2 citations in 0.51s)
2025-10-08 11:56:13,488 [INFO] __main__: Completed CODE-IMPL-071: 2 citations in 0.51s
2025-10-08 11:56:13,488 [INFO] __main__: Processing CODE-IMPL-072: ...
2025-10-08 11:56:13,488 [DEBUG] __main__: Generated 1 queries for CODE-IMPL-072
2025-10-08 11:56:13,752 [ERROR] research.api_clients: Semantic Scholar API error: 400, message='Bad Request', url='https://api.semanticscholar.org/graph/v1/paper/search?query=&limit=5&fields=title,authors,year,abstract,citationCount,venue,externalIds,url'
2025-10-08 11:56:13,796 [INFO] research.api_clients: ArXiv: Found 0 papers for ''
2025-10-08 11:56:13,934 [INFO] research.api_clients: CrossRef: Found 5 papers for ''
2025-10-08 11:56:13,934 [INFO] research.api_clients: Unified search: 5 total \u2192 5 unique
2025-10-08 11:56:13,937 [INFO] research.bibtex_generator: Generated 2 BibTeX entries
2025-10-08 11:56:13,937 [INFO] research.checkpoint_manager: Recorded result for CODE-IMPL-072: success (2 citations in 0.45s)
2025-10-08 11:56:13,937 [INFO] __main__: Completed CODE-IMPL-072: 2 citations in 0.45s
2025-10-08 11:56:13,937 [INFO] __main__: Processing CODE-IMPL-073: ...
2025-10-08 11:56:13,937 [DEBUG] __main__: Generated 1 queries for CODE-IMPL-073
2025-10-08 11:56:14,242 [INFO] research.api_clients: ArXiv: Found 0 papers for ''
2025-10-08 11:56:14,371 [INFO] research.api_clients: CrossRef: Found 5 papers for ''
2025-10-08 11:56:14,472 [ERROR] research.api_clients: Semantic Scholar API error: 400, message='Bad Request', url='https://api.semanticscholar.org/graph/v1/paper/search?query=&limit=5&fields=title,authors,year,abstract,citationCount,venue,externalIds,url'
2025-10-08 11:56:14,475 [INFO] research.api_clients: Unified search: 5 total \u2192 5 unique
2025-10-08 11:56:14,477 [INFO] research.bibtex_generator: Generated 2 BibTeX entries
2025-10-08 11:56:14,477 [INFO] research.checkpoint_manager: Recorded result for CODE-IMPL-073: success (2 citations in 0.54s)
2025-10-08 11:56:14,477 [INFO] __main__: Completed CODE-IMPL-073: 2 citations in 0.54s
2025-10-08 11:56:14,477 [INFO] __main__: Processing CODE-IMPL-074: ...
2025-10-08 11:56:14,477 [DEBUG] __main__: Generated 1 queries for CODE-IMPL-074
2025-10-08 11:56:14,741 [ERROR] research.api_clients: Semantic Scholar API error: 400, message='Bad Request', url='https://api.semanticscholar.org/graph/v1/paper/search?query=&limit=5&fields=title,authors,year,abstract,citationCount,venue,externalIds,url'
2025-10-08 11:56:14,781 [INFO] research.api_clients: ArXiv: Found 0 papers for ''
2025-10-08 11:56:14,948 [INFO] research.api_clients: CrossRef: Found 5 papers for ''
2025-10-08 11:56:14,951 [INFO] research.api_clients: Unified search: 5 total \u2192 5 unique
2025-10-08 11:56:14,953 [INFO] research.bibtex_generator: Generated 2 BibTeX entries
2025-10-08 11:56:14,953 [INFO] research.checkpoint_manager: Recorded result for CODE-IMPL-074: success (2 citations in 0.48s)
2025-10-08 11:56:14,955 [INFO] __main__: Completed CODE-IMPL-074: 2 citations in 0.48s
2025-10-08 11:56:14,955 [INFO] __main__: Processing CODE-IMPL-075: ...
2025-10-08 11:56:14,955 [DEBUG] __main__: Generated 1 queries for CODE-IMPL-075
2025-10-08 11:56:15,218 [ERROR] research.api_clients: Semantic Scholar API error: 400, message='Bad Request', url='https://api.semanticscholar.org/graph/v1/paper/search?query=&limit=5&fields=title,authors,year,abstract,citationCount,venue,externalIds,url'
2025-10-08 11:56:15,262 [INFO] research.api_clients: ArXiv: Found 0 papers for ''
2025-10-08 11:56:15,372 [INFO] research.api_clients: CrossRef: Found 5 papers for ''
2025-10-08 11:56:15,376 [INFO] research.api_clients: Unified search: 5 total \u2192 5 unique
2025-10-08 11:56:15,380 [INFO] research.bibtex_generator: Generated 2 BibTeX entries
2025-10-08 11:56:15,380 [INFO] research.checkpoint_manager: Recorded result for CODE-IMPL-075: success (2 citations in 0.43s)
2025-10-08 11:56:15,380 [INFO] __main__: Completed CODE-IMPL-075: 2 citations in 0.43s
2025-10-08 11:56:15,380 [INFO] __main__: Processing CODE-IMPL-077: ...
2025-10-08 11:56:15,380 [DEBUG] __main__: Generated 1 queries for CODE-IMPL-077
2025-10-08 11:56:15,641 [WARNING] research.api_clients: Rate limit exceeded, backing off...
2025-10-08 11:56:15,692 [INFO] research.api_clients: ArXiv: Found 0 papers for ''
2025-10-08 11:56:15,871 [INFO] research.api_clients: CrossRef: Found 5 papers for ''
2025-10-08 11:57:16,389 [WARNING] research.api_clients: Rate limit exceeded, backing off...
2025-10-08 11:58:17,152 [WARNING] research.api_clients: Rate limit exceeded, backing off...
2025-10-08 11:59:17,912 [ERROR] research.api_clients: Semantic Scholar API error: 400, message='Bad Request', url='https://api.semanticscholar.org/graph/v1/paper/search?query=&limit=5&fields=title,authors,year,abstract,citationCount,venue,externalIds,url'
2025-10-08 11:59:17,915 [INFO] research.api_clients: Unified search: 5 total \u2192 5 unique
2025-10-08 11:59:17,921 [INFO] research.bibtex_generator: Generated 2 BibTeX entries
2025-10-08 11:59:17,922 [INFO] research.checkpoint_manager: Recorded result for CODE-IMPL-077: success (2 citations in 182.54s)
2025-10-08 11:59:17,922 [INFO] __main__: Completed CODE-IMPL-077: 2 citations in 182.54s
2025-10-08 11:59:17,922 [INFO] __main__: Processing CODE-IMPL-078: ...
2025-10-08 11:59:17,922 [DEBUG] __main__: Generated 1 queries for CODE-IMPL-078
2025-10-08 11:59:18,457 [INFO] research.api_clients: ArXiv: Found 0 papers for ''
2025-10-08 11:59:18,465 [WARNING] research.api_clients: Rate limit exceeded, backing off...
2025-10-08 11:59:19,444 [INFO] research.api_clients: CrossRef: Found 5 papers for ''
2025-10-08 12:00:19,276 [ERROR] research.api_clients: Semantic Scholar API error: 400, message='Bad Request', url='https://api.semanticscholar.org/graph/v1/paper/search?query=&limit=5&fields=title,authors,year,abstract,citationCount,venue,externalIds,url'
2025-10-08 12:00:19,280 [INFO] research.api_clients: Unified search: 5 total \u2192 5 unique
2025-10-08 12:00:19,281 [INFO] research.bibtex_generator: Generated 2 BibTeX entries
2025-10-08 12:00:19,281 [INFO] research.checkpoint_manager: Recorded result for CODE-IMPL-078: success (2 citations in 61.36s)
2025-10-08 12:00:19,281 [INFO] __main__: Completed CODE-IMPL-078: 2 citations in 61.36s
2025-10-08 12:00:19,281 [INFO] __main__: Processing CODE-IMPL-079: ...
2025-10-08 12:00:19,281 [DEBUG] __main__: Generated 1 queries for CODE-IMPL-079
2025-10-08 12:00:19,808 [INFO] research.api_clients: ArXiv: Found 0 papers for ''
2025-10-08 12:00:19,810 [ERROR] research.api_clients: Semantic Scholar API error: 400, message='Bad Request', url='https://api.semanticscholar.org/graph/v1/paper/search?query=&limit=5&fields=title,authors,year,abstract,citationCount,venue,externalIds,url'
2025-10-08 12:00:20,901 [INFO] research.api_clients: CrossRef: Found 5 papers for ''
2025-10-08 12:00:20,903 [INFO] research.api_clients: Unified search: 5 total \u2192 5 unique
2025-10-08 12:00:20,905 [INFO] research.bibtex_generator: Generated 2 BibTeX entries
2025-10-08 12:00:20,906 [INFO] research.checkpoint_manager: Recorded result for CODE-IMPL-079: success (2 citations in 1.62s)
2025-10-08 12:00:20,906 [INFO] __main__: Completed CODE-IMPL-079: 2 citations in 1.62s
2025-10-08 12:00:20,906 [INFO] __main__: Processing CODE-IMPL-080: ...
2025-10-08 12:00:20,906 [DEBUG] __main__: Generated 1 queries for CODE-IMPL-080
2025-10-08 12:00:21,219 [INFO] research.api_clients: ArXiv: Found 0 papers for ''
2025-10-08 12:00:21,450 [ERROR] research.api_clients: Semantic Scholar API error: 400, message='Bad Request', url='https://api.semanticscholar.org/graph/v1/paper/search?query=&limit=5&fields=title,authors,year,abstract,citationCount,venue,externalIds,url'
2025-10-08 12:00:22,095 [INFO] research.api_clients: CrossRef: Found 5 papers for ''
2025-10-08 12:00:22,098 [INFO] research.api_clients: Unified search: 5 total \u2192 5 unique
2025-10-08 12:00:22,101 [INFO] research.bibtex_generator: Generated 2 BibTeX entries
2025-10-08 12:00:22,101 [INFO] research.checkpoint_manager: Recorded result for CODE-IMPL-080: success (2 citations in 1.20s)
2025-10-08 12:00:22,102 [INFO] __main__: Completed CODE-IMPL-080: 2 citations in 1.20s
2025-10-08 12:00:22,102 [INFO] __main__: Processing CODE-IMPL-081: ...
2025-10-08 12:00:22,102 [DEBUG] __main__: Generated 1 queries for CODE-IMPL-081
2025-10-08 12:00:22,795 [INFO] research.api_clients: CrossRef: Found 5 papers for ''
2025-10-08 12:00:22,823 [WARNING] research.api_clients: Rate limit exceeded, backing off...
2025-10-08 12:00:22,906 [INFO] research.api_clients: ArXiv: Found 0 papers for ''
2025-10-08 12:01:23,588 [WARNING] research.api_clients: Rate limit exceeded, backing off...
2025-10-08 12:02:24,348 [WARNING] research.api_clients: Rate limit exceeded, backing off...
2025-10-08 12:03:25,887 [WARNING] research.api_clients: Rate limit exceeded, backing off...
2025-10-08 12:04:27,721 [WARNING] research.api_clients: Rate limit exceeded, backing off...
2025-10-08 12:05:28,205 [WARNING] research.api_clients: Rate limit exceeded, backing off...
2025-10-08 12:06:28,955 [WARNING] research.api_clients: Rate limit exceeded, backing off...
2025-10-08 12:07:29,695 [WARNING] research.api_clients: Rate limit exceeded, backing off...
2025-10-08 12:08:30,197 [WARNING] research.api_clients: Rate limit exceeded, backing off...
2025-10-08 12:09:30,949 [WARNING] research.api_clients: Rate limit exceeded, backing off...
2025-10-08 12:10:31,484 [WARNING] research.api_clients: Rate limit exceeded, backing off...
2025-10-08 12:11:32,243 [WARNING] research.api_clients: Rate limit exceeded, backing off...
2025-10-08 12:12:33,008 [WARNING] research.api_clients: Rate limit exceeded, backing off...
2025-10-08 12:13:33,774 [ERROR] research.api_clients: Semantic Scholar API error: 400, message='Bad Request', url='https://api.semanticscholar.org/graph/v1/paper/search?query=&limit=5&fields=title,authors,year,abstract,citationCount,venue,externalIds,url'
2025-10-08 12:13:33,778 [INFO] research.api_clients: Unified search: 5 total \u2192 5 unique
2025-10-08 12:13:33,782 [INFO] research.bibtex_generator: Generated 2 BibTeX entries
2025-10-08 12:13:33,783 [INFO] research.checkpoint_manager: Recorded result for CODE-IMPL-081: success (2 citations in 791.68s)
2025-10-08 12:13:33,783 [INFO] __main__: Completed CODE-IMPL-081: 2 citations in 791.68s
2025-10-08 12:13:33,783 [INFO] __main__: Processing CODE-IMPL-082: ...
2025-10-08 12:13:33,783 [DEBUG] __main__: Generated 1 queries for CODE-IMPL-082
2025-10-08 12:13:34,315 [ERROR] research.api_clients: Semantic Scholar API error: 400, message='Bad Request', url='https://api.semanticscholar.org/graph/v1/paper/search?query=&limit=5&fields=title,authors,year,abstract,citationCount,venue,externalIds,url'
2025-10-08 12:13:34,331 [INFO] research.api_clients: ArXiv: Found 0 papers for ''
2025-10-08 12:13:34,815 [INFO] research.api_clients: CrossRef: Found 5 papers for ''
2025-10-08 12:13:34,816 [INFO] research.api_clients: Unified search: 5 total \u2192 5 unique
2025-10-08 12:13:34,817 [INFO] research.bibtex_generator: Generated 2 BibTeX entries
2025-10-08 12:13:34,817 [INFO] research.checkpoint_manager: Recorded result for CODE-IMPL-082: success (2 citations in 1.03s)
2025-10-08 12:13:34,817 [INFO] __main__: Completed CODE-IMPL-082: 2 citations in 1.03s
2025-10-08 12:13:34,817 [INFO] __main__: Processing CODE-IMPL-083: ...
2025-10-08 12:13:34,817 [DEBUG] __main__: Generated 1 queries for CODE-IMPL-083
2025-10-08 12:13:35,085 [ERROR] research.api_clients: Semantic Scholar API error: 400, message='Bad Request', url='https://api.semanticscholar.org/graph/v1/paper/search?query=&limit=5&fields=title,authors,year,abstract,citationCount,venue,externalIds,url'
2025-10-08 12:13:35,135 [INFO] research.api_clients: ArXiv: Found 0 papers for ''
2025-10-08 12:13:35,233 [INFO] research.api_clients: CrossRef: Found 5 papers for ''
2025-10-08 12:13:35,234 [INFO] research.api_clients: Unified search: 5 total \u2192 5 unique
2025-10-08 12:13:35,236 [INFO] research.bibtex_generator: Generated 2 BibTeX entries
2025-10-08 12:13:35,236 [INFO] research.checkpoint_manager: Recorded result for CODE-IMPL-083: success (2 citations in 0.42s)
2025-10-08 12:13:35,236 [INFO] __main__: Completed CODE-IMPL-083: 2 citations in 0.42s
2025-10-08 12:13:35,299 [INFO] research.checkpoint_manager: Checkpoint saved: session_20251008_071816_checkpoint_0072.json (100.0% complete)
2025-10-08 12:13:35,309 [INFO] research.bibtex_generator: Saved 144 entries to artifacts\research\enhanced_bibliography.bib
2025-10-08 12:13:35,386 [INFO] __main__: Research complete: 144 citations generated

======================================================================
RESEARCH PIPELINE COMPLETE
======================================================================
Session ID:          session_20251008_071816
Claims Processed:    72 / 72
Successful:          72
Citations Generated: 144

Outputs:
  BibTeX:  artifacts\research\enhanced_bibliography.bib
  Results: artifacts\research\research_results.json
======================================================================
