2025-10-08 10:01:08,922 [INFO] __main__: Loaded 11 claims for research
2025-10-08 10:01:08,923 [INFO] research.checkpoint_manager: Created research session: session_20251008_063108
2025-10-08 10:01:08,923 [INFO] research.checkpoint_manager: Queued 11 claims for processing
2025-10-08 10:01:08,923 [INFO] __main__: Processing FORMAL-THEOREM-001: Hysteresis with deadband $\delta$ prevents oscillation for r...
2025-10-08 10:01:09,724 [INFO] research.api_clients: ArXiv: Found 5 papers for 'Hysteresis deadband prevents oscillation for residuals bounded derivative.'
2025-10-08 10:01:09,839 [WARNING] research.api_clients: Rate limit exceeded, backing off...
2025-10-08 10:01:09,912 [INFO] research.api_clients: CrossRef: Found 5 papers for 'Hysteresis deadband prevents oscillation for residuals bounded derivative.'
2025-10-08 10:02:10,720 [WARNING] research.api_clients: Rate limit exceeded, backing off...
2025-10-08 10:03:11,773 [INFO] research.api_clients: Semantic Scholar: Found 0 papers for 'Hysteresis deadband prevents oscillation for residuals bounded derivative.'
2025-10-08 10:03:11,801 [INFO] research.api_clients: Unified search: 10 total \u2192 9 unique
2025-10-08 10:03:11,813 [INFO] research.bibtex_generator: Generated 2 BibTeX entries
2025-10-08 10:03:11,813 [INFO] research.checkpoint_manager: Recorded result for FORMAL-THEOREM-001: success (2 citations in 122.89s)
2025-10-08 10:03:11,813 [INFO] __main__: Completed FORMAL-THEOREM-001: 2 citations in 122.89s
2025-10-08 10:03:11,815 [INFO] __main__: Processing FORMAL-THEOREM-004: The PSO-optimized gains ensure global asymptotic stability o...
2025-10-08 10:03:12,504 [INFO] research.api_clients: ArXiv: Found 5 papers for 'particle swarm optimization gain'
2025-10-08 10:03:12,750 [INFO] research.api_clients: CrossRef: Found 5 papers for 'particle swarm optimization gain'
2025-10-08 10:03:12,878 [INFO] research.api_clients: Semantic Scholar: Found 5 papers for 'particle swarm optimization gain'
2025-10-08 10:03:12,918 [INFO] research.api_clients: Unified search: 15 total \u2192 15 unique
2025-10-08 10:03:13,180 [INFO] research.api_clients: CrossRef: Found 5 papers for 'particle swarm optimization asymptotic'
2025-10-08 10:03:13,343 [INFO] research.api_clients: ArXiv: Found 5 papers for 'particle swarm optimization asymptotic'
2025-10-08 10:03:14,060 [INFO] research.api_clients: Semantic Scholar: Found 5 papers for 'particle swarm optimization asymptotic'
2025-10-08 10:03:14,115 [INFO] research.api_clients: Unified search: 15 total \u2192 14 unique
2025-10-08 10:03:14,158 [INFO] research.bibtex_generator: Generated 2 BibTeX entries
2025-10-08 10:03:14,159 [INFO] research.checkpoint_manager: Recorded result for FORMAL-THEOREM-004: success (2 citations in 2.34s)
2025-10-08 10:03:14,159 [INFO] __main__: Completed FORMAL-THEOREM-004: 2 citations in 2.34s
2025-10-08 10:03:14,159 [INFO] __main__: Processing FORMAL-THEOREM-005: The PSO-optimized gains maintain Lyapunov stability for the ...
2025-10-08 10:03:14,459 [INFO] research.api_clients: CrossRef: Found 5 papers for 'particle swarm optimization Lyapunov'
2025-10-08 10:03:14,584 [INFO] research.api_clients: ArXiv: Found 5 papers for 'particle swarm optimization Lyapunov'
2025-10-08 10:03:14,715 [WARNING] research.api_clients: Rate limit exceeded, backing off...
2025-10-08 10:04:15,691 [WARNING] research.api_clients: Rate limit exceeded, backing off...
2025-10-08 10:05:16,589 [WARNING] research.api_clients: Rate limit exceeded, backing off...
2025-10-08 10:06:17,488 [WARNING] research.api_clients: Rate limit exceeded, backing off...
2025-10-08 10:07:18,980 [INFO] research.api_clients: Semantic Scholar: Found 5 papers for 'particle swarm optimization Lyapunov'
2025-10-08 10:07:19,044 [INFO] research.api_clients: Unified search: 15 total \u2192 15 unique
2025-10-08 10:07:19,752 [INFO] research.api_clients: ArXiv: Found 5 papers for 'particle swarm optimization gain'
2025-10-08 10:07:19,994 [INFO] research.api_clients: CrossRef: Found 5 papers for 'particle swarm optimization gain'
2025-10-08 10:07:20,208 [INFO] research.api_clients: Semantic Scholar: Found 5 papers for 'particle swarm optimization gain'
2025-10-08 10:07:20,285 [INFO] research.api_clients: Unified search: 15 total \u2192 15 unique
2025-10-08 10:07:20,357 [INFO] research.bibtex_generator: Generated 2 BibTeX entries
2025-10-08 10:07:20,357 [INFO] research.checkpoint_manager: Recorded result for FORMAL-THEOREM-005: success (2 citations in 246.20s)
2025-10-08 10:07:20,357 [INFO] __main__: Completed FORMAL-THEOREM-005: 2 citations in 246.20s
2025-10-08 10:07:20,358 [INFO] __main__: Processing FORMAL-THEOREM-008: The particle converges to a stable trajectory if:...
2025-10-08 10:07:20,624 [INFO] research.api_clients: CrossRef: Found 5 papers for 'particle converges stable trajectory if:'
2025-10-08 10:07:20,810 [INFO] research.api_clients: ArXiv: Found 0 papers for 'particle converges stable trajectory if:'
2025-10-08 10:07:20,924 [WARNING] research.api_clients: Rate limit exceeded, backing off...
2025-10-08 10:08:21,760 [WARNING] research.api_clients: Rate limit exceeded, backing off...
2025-10-08 10:09:22,871 [INFO] research.api_clients: Semantic Scholar: Found 5 papers for 'particle converges stable trajectory if:'
2025-10-08 10:09:22,894 [INFO] research.api_clients: Unified search: 10 total \u2192 9 unique
2025-10-08 10:09:22,905 [INFO] research.bibtex_generator: Generated 2 BibTeX entries
2025-10-08 10:09:22,905 [INFO] research.checkpoint_manager: Recorded result for FORMAL-THEOREM-008: success (2 citations in 122.55s)
2025-10-08 10:09:22,905 [INFO] __main__: Completed FORMAL-THEOREM-008: 2 citations in 122.55s
2025-10-08 10:09:22,905 [INFO] __main__: Processing FORMAL-THEOREM-010: Under the stability condition and with decreasing inertia we...
2025-10-08 10:09:23,704 [INFO] research.api_clients: ArXiv: Found 5 papers for 'particle swarm optimization stability'
2025-10-08 10:09:23,892 [INFO] research.api_clients: CrossRef: Found 5 papers for 'particle swarm optimization stability'
2025-10-08 10:09:24,249 [INFO] research.api_clients: Semantic Scholar: Found 5 papers for 'particle swarm optimization stability'
2025-10-08 10:09:24,321 [INFO] research.api_clients: Unified search: 15 total \u2192 13 unique
2025-10-08 10:09:24,571 [INFO] research.api_clients: CrossRef: Found 5 papers for 'stability'
2025-10-08 10:09:24,758 [INFO] research.api_clients: ArXiv: Found 5 papers for 'stability'
2025-10-08 10:09:25,134 [INFO] research.api_clients: Semantic Scholar: Found 5 papers for 'stability'
2025-10-08 10:09:25,185 [INFO] research.api_clients: Unified search: 15 total \u2192 11 unique
2025-10-08 10:09:25,218 [INFO] research.bibtex_generator: Generated 2 BibTeX entries
2025-10-08 10:09:25,218 [INFO] research.checkpoint_manager: Recorded result for FORMAL-THEOREM-010: success (2 citations in 2.31s)
2025-10-08 10:09:25,218 [INFO] __main__: Completed FORMAL-THEOREM-010: 2 citations in 2.31s
2025-10-08 10:09:25,218 [INFO] __main__: Processing FORMAL-THEOREM-016: If all sliding surface parameters $c_i > 0$, then the slidin...
2025-10-08 10:09:25,813 [INFO] research.api_clients: CrossRef: Found 5 papers for 'sliding mode control exponentially stable'
2025-10-08 10:09:26,124 [INFO] research.api_clients: ArXiv: Found 5 papers for 'sliding mode control exponentially stable'
2025-10-08 10:09:26,362 [INFO] research.api_clients: Semantic Scholar: Found 5 papers for 'sliding mode control exponentially stable'
2025-10-08 10:09:26,432 [INFO] research.api_clients: Unified search: 15 total \u2192 13 unique
2025-10-08 10:09:27,166 [INFO] research.api_clients: ArXiv: Found 5 papers for 'sliding mode control sliding surface'
2025-10-08 10:09:27,166 [INFO] research.api_clients: CrossRef: Found 5 papers for 'sliding mode control sliding surface'
2025-10-08 10:09:27,512 [INFO] research.api_clients: Semantic Scholar: Found 5 papers for 'sliding mode control sliding surface'
2025-10-08 10:09:27,613 [INFO] research.api_clients: Unified search: 15 total \u2192 13 unique
2025-10-08 10:09:27,657 [INFO] research.bibtex_generator: Generated 2 BibTeX entries
2025-10-08 10:09:27,657 [INFO] research.checkpoint_manager: Recorded result for FORMAL-THEOREM-016: success (2 citations in 2.44s)
2025-10-08 10:09:27,657 [INFO] __main__: Completed FORMAL-THEOREM-016: 2 citations in 2.44s
2025-10-08 10:09:27,657 [INFO] __main__: Processing FORMAL-THEOREM-019: Under the reaching condition {eq}`eq:reaching_condition`, th...
2025-10-08 10:09:28,123 [INFO] research.api_clients: ArXiv: Found 5 papers for 'sliding mode control sliding surface'
2025-10-08 10:09:28,220 [WARNING] research.api_clients: Rate limit exceeded, backing off...
2025-10-08 10:09:28,648 [INFO] research.api_clients: CrossRef: Found 5 papers for 'sliding mode control sliding surface'
2025-10-08 10:10:34,732 [INFO] research.api_clients: Semantic Scholar: Found 5 papers for 'sliding mode control sliding surface'
2025-10-08 10:10:34,827 [INFO] research.api_clients: Unified search: 15 total \u2192 13 unique
2025-10-08 10:10:35,770 [INFO] research.api_clients: CrossRef: Found 5 papers for 'sliding mode control reaching condition'
2025-10-08 10:10:35,813 [INFO] research.api_clients: ArXiv: Found 5 papers for 'sliding mode control reaching condition'
2025-10-08 10:10:36,324 [INFO] research.api_clients: Semantic Scholar: Found 5 papers for 'sliding mode control reaching condition'
2025-10-08 10:10:36,399 [INFO] research.api_clients: Unified search: 15 total \u2192 15 unique
2025-10-08 10:10:36,437 [INFO] research.bibtex_generator: Generated 2 BibTeX entries
2025-10-08 10:10:36,437 [INFO] research.checkpoint_manager: Recorded result for FORMAL-THEOREM-019: success (2 citations in 68.78s)
2025-10-08 10:10:36,437 [INFO] __main__: Completed FORMAL-THEOREM-019: 2 citations in 68.78s
2025-10-08 10:10:36,437 [INFO] __main__: Processing FORMAL-THEOREM-020: The classical SMC law {eq}`eq:classical_smc_structure` with ...
2025-10-08 10:10:36,726 [INFO] research.api_clients: CrossRef: Found 5 papers for 'classical sliding mode control switching gain'
2025-10-08 10:10:37,015 [WARNING] research.api_clients: Rate limit exceeded, backing off...
2025-10-08 10:10:37,127 [INFO] research.api_clients: ArXiv: Found 5 papers for 'classical sliding mode control switching gain'
2025-10-08 10:11:39,299 [INFO] research.api_clients: Semantic Scholar: Found 5 papers for 'classical sliding mode control switching gain'
2025-10-08 10:11:39,383 [INFO] research.api_clients: Unified search: 15 total \u2192 15 unique
2025-10-08 10:11:40,352 [INFO] research.api_clients: CrossRef: Found 5 papers for 'classical sliding mode control sliding surface'
2025-10-08 10:11:40,395 [INFO] research.api_clients: Semantic Scholar: Found 5 papers for 'classical sliding mode control sliding surface'
2025-10-08 10:11:40,416 [INFO] research.api_clients: ArXiv: Found 5 papers for 'classical sliding mode control sliding surface'
2025-10-08 10:11:40,465 [INFO] research.api_clients: Unified search: 15 total \u2192 14 unique
2025-10-08 10:11:40,500 [INFO] research.bibtex_generator: Generated 2 BibTeX entries
2025-10-08 10:11:40,500 [INFO] research.checkpoint_manager: Recorded result for FORMAL-THEOREM-020: success (2 citations in 64.06s)
2025-10-08 10:11:40,501 [INFO] __main__: Completed FORMAL-THEOREM-020: 2 citations in 64.06s
2025-10-08 10:11:40,501 [INFO] __main__: Processing FORMAL-THEOREM-021: The super-twisting algorithm ensures finite-time convergence...
2025-10-08 10:11:40,943 [INFO] research.api_clients: ArXiv: Found 5 papers for 'super-twisting algorithm finite-time'
2025-10-08 10:11:40,988 [INFO] research.api_clients: CrossRef: Found 5 papers for 'super-twisting algorithm finite-time'
2025-10-08 10:11:41,668 [INFO] research.api_clients: Semantic Scholar: Found 5 papers for 'super-twisting algorithm finite-time'
2025-10-08 10:11:41,750 [INFO] research.api_clients: Unified search: 15 total \u2192 14 unique
2025-10-08 10:11:42,038 [INFO] research.api_clients: CrossRef: Found 5 papers for 'super-twisting algorithm convergence'
2025-10-08 10:11:42,179 [INFO] research.api_clients: ArXiv: Found 5 papers for 'super-twisting algorithm convergence'
2025-10-08 10:11:42,641 [INFO] research.api_clients: Semantic Scholar: Found 5 papers for 'super-twisting algorithm convergence'
2025-10-08 10:11:42,709 [INFO] research.api_clients: Unified search: 15 total \u2192 13 unique
2025-10-08 10:11:42,761 [INFO] research.bibtex_generator: Generated 2 BibTeX entries
2025-10-08 10:11:42,761 [INFO] research.checkpoint_manager: Recorded result for FORMAL-THEOREM-021: success (2 citations in 2.26s)
2025-10-08 10:11:42,763 [INFO] __main__: Completed FORMAL-THEOREM-021: 2 citations in 2.26s
2025-10-08 10:11:42,763 [INFO] __main__: Processing FORMAL-THEOREM-022: The adaptive control law {eq}`eq:adaptive_smc_law` ensures:...
2025-10-08 10:11:43,033 [INFO] research.api_clients: CrossRef: Found 5 papers for 'control law'
2025-10-08 10:11:43,174 [INFO] research.api_clients: ArXiv: Found 5 papers for 'control law'
2025-10-08 10:11:43,785 [INFO] research.api_clients: Semantic Scholar: Found 5 papers for 'control law'
2025-10-08 10:11:43,850 [INFO] research.api_clients: Unified search: 15 total \u2192 14 unique
2025-10-08 10:11:43,871 [INFO] research.bibtex_generator: Generated 2 BibTeX entries
2025-10-08 10:11:43,871 [INFO] research.checkpoint_manager: Recorded result for FORMAL-THEOREM-022: success (2 citations in 1.11s)
2025-10-08 10:11:43,871 [INFO] __main__: Completed FORMAL-THEOREM-022: 2 citations in 1.11s
2025-10-08 10:11:43,871 [INFO] __main__: Processing FORMAL-THEOREM-023: With the boundary layer method, the tracking error is ultima...
2025-10-08 10:11:44,174 [WARNING] research.api_clients: Rate limit exceeded, backing off...
2025-10-08 10:11:44,226 [INFO] research.api_clients: CrossRef: Found 5 papers for 'sliding mode boundary layer ultimately bounded'
2025-10-08 10:11:44,727 [INFO] research.api_clients: ArXiv: Found 5 papers for 'sliding mode boundary layer ultimately bounded'
2025-10-08 10:12:45,811 [INFO] research.api_clients: Semantic Scholar: Found 5 papers for 'sliding mode boundary layer ultimately bounded'
2025-10-08 10:12:45,911 [INFO] research.api_clients: Unified search: 15 total \u2192 15 unique
2025-10-08 10:12:46,857 [INFO] research.api_clients: ArXiv: Found 5 papers for 'sliding mode boundary layer tracking error'
2025-10-08 10:12:47,039 [INFO] research.api_clients: CrossRef: Found 5 papers for 'sliding mode boundary layer tracking error'
2025-10-08 10:12:47,400 [INFO] research.api_clients: Semantic Scholar: Found 5 papers for 'sliding mode boundary layer tracking error'
2025-10-08 10:12:47,670 [INFO] research.api_clients: Unified search: 15 total \u2192 14 unique
2025-10-08 10:12:47,732 [INFO] research.bibtex_generator: Generated 2 BibTeX entries
2025-10-08 10:12:47,736 [INFO] research.checkpoint_manager: Recorded result for FORMAL-THEOREM-023: success (2 citations in 63.86s)
2025-10-08 10:12:47,736 [INFO] __main__: Completed FORMAL-THEOREM-023: 2 citations in 63.86s
2025-10-08 10:12:47,765 [INFO] research.checkpoint_manager: Checkpoint saved: session_20251008_063108_checkpoint_0011.json (100.0% complete)
2025-10-08 10:12:47,769 [INFO] research.bibtex_generator: Saved 22 entries to artifacts\research\enhanced_bibliography.bib
2025-10-08 10:12:47,793 [INFO] __main__: Research complete: 22 citations generated

======================================================================
RESEARCH PIPELINE COMPLETE
======================================================================
Session ID:          session_20251008_063108
Claims Processed:    11 / 11
Successful:          11
Citations Generated: 22

Outputs:
  BibTeX:  artifacts\research\enhanced_bibliography.bib
  Results: artifacts\research\research_results.json
======================================================================
