2025-12-16 09:54:54,005 - INFO - Progress tracker initialized for job 94b45598
2025-12-16 09:54:54,005 - INFO - ================================================================================
2025-12-16 09:54:54,006 - INFO - MT-8: Reproducibility Test
2025-12-16 09:54:54,006 - INFO - Random Seed: 42
2025-12-16 09:54:54,006 - INFO - Particles: 30, Iterations: 50
2025-12-16 09:54:54,006 - INFO - Save Prefix: mt8_repro_seed42
2025-12-16 09:54:54,006 - INFO - ================================================================================
2025-12-16 09:54:54,118 - INFO - Configuration loaded from sources: ENV > .env > config.yaml
2025-12-16 09:54:54,119 - INFO - Configuration loaded (baseline gains from controller_defaults)
2025-12-16 09:54:54,120 - INFO - Dynamics model initialized
2025-12-16 09:54:54,120 - INFO - 
Optimizing 1 controller(s):
2025-12-16 09:54:54,120 - INFO -   - classical_smc
2025-12-16 09:54:54,127 - INFO - 
================================================================================
2025-12-16 09:54:54,131 - INFO - Optimizing: classical_smc (Robust PSO, Seed=42)
2025-12-16 09:54:54,133 - INFO - ================================================================================
2025-12-16 09:54:54,133 - INFO -   Particles: 30, Iterations: 50, Seed: 42
2025-12-16 09:54:54,135 - INFO -   [OK] Random seed set: 42
2025-12-16 09:54:54,136 - INFO -   Gain bounds: [2.0, 30.0] (×6)
2025-12-16 09:54:54,136 - INFO -   Evaluating baseline gains...
D:\Projects\main\src\plant\core\state_validation.py:171: UserWarning: State vector was modified during sanitization
  warnings.warn("State vector was modified during sanitization", UserWarning)
2025-12-16 09:54:56,499 - INFO -     Baseline robust fitness: 9.1450
2025-12-16 09:54:56,652 - __main__ - INFO -   Starting PSO optimization with seed 42...
2025-12-16 09:55:01,719 - __main__ - INFO -     Evaluated 5/30 particles...
2025-12-16 09:55:08,917 - __main__ - INFO -     Evaluated 10/30 particles...
2025-12-16 09:55:15,865 - __main__ - INFO -     Evaluated 15/30 particles...
2025-12-16 09:55:20,816 - __main__ - INFO -     Evaluated 20/30 particles...
2025-12-16 09:55:26,098 - __main__ - INFO -     Evaluated 25/30 particles...
2025-12-16 09:55:32,759 - __main__ - INFO -     Evaluated 30/30 particles...
2025-12-16 09:55:37,711 - __main__ - INFO -     Evaluated 5/30 particles...
2025-12-16 09:55:42,961 - __main__ - INFO -     Evaluated 10/30 particles...
2025-12-16 09:55:50,766 - __main__ - INFO -     Evaluated 15/30 particles...
2025-12-16 09:55:56,824 - __main__ - INFO -     Evaluated 20/30 particles...
2025-12-16 09:56:02,533 - __main__ - INFO -     Evaluated 25/30 particles...
2025-12-16 09:56:07,611 - __main__ - INFO -     Evaluated 30/30 particles...
2025-12-16 09:56:16,212 - __main__ - INFO -     Evaluated 5/30 particles...
2025-12-16 09:56:21,224 - __main__ - INFO -     Evaluated 10/30 particles...
2025-12-16 09:56:25,965 - __main__ - INFO -     Evaluated 15/30 particles...
2025-12-16 09:56:32,698 - __main__ - INFO -     Evaluated 20/30 particles...
2025-12-16 09:56:38,844 - __main__ - INFO -     Evaluated 25/30 particles...
2025-12-16 09:56:42,539 - __main__ - INFO -     Evaluated 30/30 particles...
2025-12-16 09:56:46,664 - __main__ - INFO -     Evaluated 5/30 particles...
2025-12-16 09:56:51,754 - __main__ - INFO -     Evaluated 10/30 particles...
2025-12-16 09:56:56,639 - __main__ - INFO -     Evaluated 15/30 particles...
2025-12-16 09:57:01,203 - __main__ - INFO -     Evaluated 20/30 particles...
2025-12-16 09:57:05,333 - __main__ - INFO -     Evaluated 25/30 particles...
2025-12-16 09:57:08,704 - __main__ - INFO -     Evaluated 30/30 particles...
2025-12-16 09:57:11,950 - __main__ - INFO -     Evaluated 5/30 particles...
2025-12-16 09:57:15,394 - __main__ - INFO -     Evaluated 10/30 particles...
2025-12-16 09:57:20,320 - __main__ - INFO -     Evaluated 15/30 particles...
2025-12-16 09:57:24,998 - __main__ - INFO -     Evaluated 20/30 particles...
2025-12-16 09:57:28,216 - __main__ - INFO -     Evaluated 25/30 particles...
2025-12-16 09:57:32,227 - __main__ - INFO -     Evaluated 30/30 particles...
2025-12-16 09:57:35,491 - __main__ - INFO -     Evaluated 5/30 particles...
2025-12-16 09:57:38,686 - __main__ - INFO -     Evaluated 10/30 particles...
2025-12-16 09:57:41,694 - __main__ - INFO -     Evaluated 15/30 particles...
2025-12-16 09:57:44,783 - __main__ - INFO -     Evaluated 20/30 particles...
2025-12-16 09:57:48,334 - __main__ - INFO -     Evaluated 25/30 particles...
2025-12-16 09:57:52,069 - __main__ - INFO -     Evaluated 30/30 particles...
2025-12-16 09:57:55,580 - __main__ - INFO -     Evaluated 5/30 particles...
2025-12-16 09:57:58,985 - __main__ - INFO -     Evaluated 10/30 particles...
2025-12-16 09:58:02,020 - __main__ - INFO -     Evaluated 15/30 particles...
2025-12-16 09:58:05,244 - __main__ - INFO -     Evaluated 20/30 particles...
2025-12-16 09:58:08,986 - __main__ - INFO -     Evaluated 25/30 particles...
2025-12-16 09:58:12,629 - __main__ - INFO -     Evaluated 30/30 particles...
2025-12-16 09:58:15,857 - __main__ - INFO -     Evaluated 5/30 particles...
2025-12-16 09:58:19,624 - __main__ - INFO -     Evaluated 10/30 particles...
2025-12-16 09:58:23,539 - __main__ - INFO -     Evaluated 15/30 particles...
2025-12-16 09:58:27,315 - __main__ - INFO -     Evaluated 20/30 particles...
2025-12-16 09:58:31,900 - __main__ - INFO -     Evaluated 25/30 particles...
2025-12-16 09:58:35,448 - __main__ - INFO -     Evaluated 30/30 particles...
2025-12-16 09:58:38,998 - __main__ - INFO -     Evaluated 5/30 particles...
2025-12-16 09:58:42,362 - __main__ - INFO -     Evaluated 10/30 particles...
2025-12-16 09:58:45,578 - __main__ - INFO -     Evaluated 15/30 particles...
2025-12-16 09:58:49,378 - __main__ - INFO -     Evaluated 20/30 particles...
2025-12-16 09:58:52,562 - __main__ - INFO -     Evaluated 25/30 particles...
2025-12-16 09:58:55,929 - __main__ - INFO -     Evaluated 30/30 particles...
2025-12-16 09:58:59,912 - __main__ - INFO -     Evaluated 5/30 particles...
2025-12-16 09:59:03,289 - __main__ - INFO -     Evaluated 10/30 particles...
2025-12-16 09:59:06,995 - __main__ - INFO -     Evaluated 15/30 particles...
2025-12-16 09:59:11,068 - __main__ - INFO -     Evaluated 20/30 particles...
2025-12-16 09:59:15,095 - __main__ - INFO -     Evaluated 25/30 particles...
2025-12-16 09:59:19,351 - __main__ - INFO -     Evaluated 30/30 particles...
2025-12-16 09:59:23,219 - __main__ - INFO -     Evaluated 5/30 particles...
2025-12-16 09:59:26,600 - __main__ - INFO -     Evaluated 10/30 particles...
2025-12-16 09:59:30,848 - __main__ - INFO -     Evaluated 15/30 particles...
2025-12-16 09:59:34,070 - __main__ - INFO -     Evaluated 20/30 particles...
2025-12-16 09:59:37,540 - __main__ - INFO -     Evaluated 25/30 particles...
2025-12-16 09:59:41,283 - __main__ - INFO -     Evaluated 30/30 particles...
2025-12-16 09:59:44,532 - __main__ - INFO -     Evaluated 5/30 particles...
2025-12-16 09:59:47,892 - __main__ - INFO -     Evaluated 10/30 particles...
2025-12-16 09:59:51,264 - __main__ - INFO -     Evaluated 15/30 particles...
2025-12-16 09:59:54,550 - __main__ - INFO -     Evaluated 20/30 particles...
2025-12-16 09:59:57,928 - __main__ - INFO -     Evaluated 25/30 particles...
2025-12-16 10:00:01,167 - __main__ - INFO -     Evaluated 30/30 particles...
2025-12-16 10:00:05,590 - __main__ - INFO -     Evaluated 5/30 particles...
2025-12-16 10:00:09,483 - __main__ - INFO -     Evaluated 10/30 particles...
2025-12-16 10:00:13,422 - __main__ - INFO -     Evaluated 15/30 particles...
2025-12-16 10:00:16,765 - __main__ - INFO -     Evaluated 20/30 particles...
2025-12-16 10:00:20,245 - __main__ - INFO -     Evaluated 25/30 particles...
2025-12-16 10:00:24,519 - __main__ - INFO -     Evaluated 30/30 particles...
2025-12-16 10:00:28,858 - __main__ - INFO -     Evaluated 5/30 particles...
2025-12-16 10:00:32,456 - __main__ - INFO -     Evaluated 10/30 particles...
2025-12-16 10:00:36,279 - __main__ - INFO -     Evaluated 15/30 particles...
2025-12-16 10:00:39,457 - __main__ - INFO -     Evaluated 20/30 particles...
2025-12-16 10:00:43,868 - __main__ - INFO -     Evaluated 25/30 particles...
2025-12-16 10:00:47,953 - __main__ - INFO -     Evaluated 30/30 particles...
2025-12-16 10:00:51,914 - __main__ - INFO -     Evaluated 5/30 particles...
2025-12-16 10:00:55,523 - __main__ - INFO -     Evaluated 10/30 particles...
2025-12-16 10:00:59,359 - __main__ - INFO -     Evaluated 15/30 particles...
2025-12-16 10:01:02,810 - __main__ - INFO -     Evaluated 20/30 particles...
2025-12-16 10:01:06,034 - __main__ - INFO -     Evaluated 25/30 particles...
2025-12-16 10:01:09,993 - __main__ - INFO -     Evaluated 30/30 particles...
2025-12-16 10:01:14,014 - __main__ - INFO -     Evaluated 5/30 particles...
2025-12-16 10:01:17,276 - __main__ - INFO -     Evaluated 10/30 particles...
2025-12-16 10:01:21,285 - __main__ - INFO -     Evaluated 15/30 particles...
2025-12-16 10:01:24,946 - __main__ - INFO -     Evaluated 20/30 particles...
2025-12-16 10:01:28,833 - __main__ - INFO -     Evaluated 25/30 particles...
2025-12-16 10:01:32,426 - __main__ - INFO -     Evaluated 30/30 particles...
2025-12-16 10:01:35,731 - __main__ - INFO -     Evaluated 5/30 particles...
2025-12-16 10:01:38,785 - __main__ - INFO -     Evaluated 10/30 particles...
2025-12-16 10:01:41,909 - __main__ - INFO -     Evaluated 15/30 particles...
2025-12-16 10:01:44,913 - __main__ - INFO -     Evaluated 20/30 particles...
2025-12-16 10:01:48,443 - __main__ - INFO -     Evaluated 25/30 particles...
2025-12-16 10:01:51,316 - __main__ - INFO -     Evaluated 30/30 particles...
2025-12-16 10:01:55,036 - __main__ - INFO -     Evaluated 5/30 particles...
2025-12-16 10:01:58,708 - __main__ - INFO -     Evaluated 10/30 particles...
2025-12-16 10:02:01,797 - __main__ - INFO -     Evaluated 15/30 particles...
2025-12-16 10:02:04,729 - __main__ - INFO -     Evaluated 20/30 particles...
2025-12-16 10:02:08,017 - __main__ - INFO -     Evaluated 25/30 particles...
2025-12-16 10:02:11,218 - __main__ - INFO -     Evaluated 30/30 particles...
2025-12-16 10:02:14,404 - __main__ - INFO -     Evaluated 5/30 particles...
2025-12-16 10:02:18,378 - __main__ - INFO -     Evaluated 10/30 particles...
2025-12-16 10:02:21,532 - __main__ - INFO -     Evaluated 15/30 particles...
2025-12-16 10:02:24,571 - __main__ - INFO -     Evaluated 20/30 particles...
2025-12-16 10:02:27,602 - __main__ - INFO -     Evaluated 25/30 particles...
2025-12-16 10:02:31,303 - __main__ - INFO -     Evaluated 30/30 particles...
2025-12-16 10:02:34,480 - __main__ - INFO -     Evaluated 5/30 particles...
2025-12-16 10:02:37,561 - __main__ - INFO -     Evaluated 10/30 particles...
2025-12-16 10:02:41,281 - __main__ - INFO -     Evaluated 15/30 particles...
2025-12-16 10:02:44,589 - __main__ - INFO -     Evaluated 20/30 particles...
2025-12-16 10:02:47,900 - __main__ - INFO -     Evaluated 25/30 particles...
2025-12-16 10:02:51,014 - __main__ - INFO -     Evaluated 30/30 particles...
2025-12-16 10:02:54,244 - __main__ - INFO -     Evaluated 5/30 particles...
2025-12-16 10:02:57,662 - __main__ - INFO -     Evaluated 10/30 particles...
2025-12-16 10:03:00,968 - __main__ - INFO -     Evaluated 15/30 particles...
2025-12-16 10:03:04,416 - __main__ - INFO -     Evaluated 20/30 particles...
2025-12-16 10:03:07,785 - __main__ - INFO -     Evaluated 25/30 particles...
2025-12-16 10:03:10,805 - __main__ - INFO -     Evaluated 30/30 particles...
2025-12-16 10:03:14,096 - __main__ - INFO -     Evaluated 5/30 particles...
2025-12-16 10:03:17,906 - __main__ - INFO -     Evaluated 10/30 particles...
2025-12-16 10:03:21,749 - __main__ - INFO -     Evaluated 15/30 particles...
2025-12-16 10:03:25,281 - __main__ - INFO -     Evaluated 20/30 particles...
2025-12-16 10:03:29,485 - __main__ - INFO -     Evaluated 25/30 particles...
2025-12-16 10:03:32,476 - __main__ - INFO -     Evaluated 30/30 particles...
2025-12-16 10:03:35,927 - __main__ - INFO -     Evaluated 5/30 particles...
2025-12-16 10:03:39,455 - __main__ - INFO -     Evaluated 10/30 particles...
2025-12-16 10:03:43,628 - __main__ - INFO -     Evaluated 15/30 particles...
2025-12-16 10:03:47,539 - __main__ - INFO -     Evaluated 20/30 particles...
2025-12-16 10:03:51,122 - __main__ - INFO -     Evaluated 25/30 particles...
2025-12-16 10:03:54,096 - __main__ - INFO -     Evaluated 30/30 particles...
2025-12-16 10:03:57,511 - __main__ - INFO -     Evaluated 5/30 particles...
2025-12-16 10:04:00,832 - __main__ - INFO -     Evaluated 10/30 particles...
2025-12-16 10:04:03,913 - __main__ - INFO -     Evaluated 15/30 particles...
2025-12-16 10:04:07,180 - __main__ - INFO -     Evaluated 20/30 particles...
2025-12-16 10:04:10,487 - __main__ - INFO -     Evaluated 25/30 particles...
2025-12-16 10:04:14,010 - __main__ - INFO -     Evaluated 30/30 particles...
2025-12-16 10:04:17,036 - __main__ - INFO -     Evaluated 5/30 particles...
2025-12-16 10:04:20,289 - __main__ - INFO -     Evaluated 10/30 particles...
2025-12-16 10:04:24,041 - __main__ - INFO -     Evaluated 15/30 particles...
2025-12-16 10:04:27,132 - __main__ - INFO -     Evaluated 20/30 particles...
2025-12-16 10:04:31,058 - __main__ - INFO -     Evaluated 25/30 particles...
2025-12-16 10:04:34,264 - __main__ - INFO -     Evaluated 30/30 particles...
2025-12-16 10:04:37,861 - __main__ - INFO -     Evaluated 5/30 particles...
2025-12-16 10:04:41,989 - __main__ - INFO -     Evaluated 10/30 particles...
2025-12-16 10:04:45,875 - __main__ - INFO -     Evaluated 15/30 particles...
2025-12-16 10:04:49,129 - __main__ - INFO -     Evaluated 20/30 particles...
2025-12-16 10:04:52,608 - __main__ - INFO -     Evaluated 25/30 particles...
2025-12-16 10:04:55,893 - __main__ - INFO -     Evaluated 30/30 particles...
2025-12-16 10:04:59,090 - __main__ - INFO -     Evaluated 5/30 particles...
2025-12-16 10:05:02,189 - __main__ - INFO -     Evaluated 10/30 particles...
2025-12-16 10:05:05,535 - __main__ - INFO -     Evaluated 15/30 particles...
2025-12-16 10:05:09,807 - __main__ - INFO -     Evaluated 20/30 particles...
2025-12-16 10:05:13,178 - __main__ - INFO -     Evaluated 25/30 particles...
2025-12-16 10:05:16,287 - __main__ - INFO -     Evaluated 30/30 particles...
2025-12-16 10:05:19,620 - __main__ - INFO -     Evaluated 5/30 particles...
2025-12-16 10:05:22,804 - __main__ - INFO -     Evaluated 10/30 particles...
2025-12-16 10:05:26,989 - __main__ - INFO -     Evaluated 15/30 particles...
2025-12-16 10:05:30,531 - __main__ - INFO -     Evaluated 20/30 particles...
2025-12-16 10:05:33,705 - __main__ - INFO -     Evaluated 25/30 particles...
2025-12-16 10:05:36,862 - __main__ - INFO -     Evaluated 30/30 particles...
2025-12-16 10:05:40,026 - __main__ - INFO -     Evaluated 5/30 particles...
2025-12-16 10:05:43,442 - __main__ - INFO -     Evaluated 10/30 particles...
2025-12-16 10:05:46,749 - __main__ - INFO -     Evaluated 15/30 particles...
2025-12-16 10:05:50,394 - __main__ - INFO -     Evaluated 20/30 particles...
2025-12-16 10:05:54,297 - __main__ - INFO -     Evaluated 25/30 particles...
2025-12-16 10:05:57,225 - __main__ - INFO -     Evaluated 30/30 particles...
2025-12-16 10:06:00,752 - __main__ - INFO -     Evaluated 5/30 particles...
2025-12-16 10:06:03,854 - __main__ - INFO -     Evaluated 10/30 particles...
2025-12-16 10:06:07,102 - __main__ - INFO -     Evaluated 15/30 particles...
2025-12-16 10:06:10,832 - __main__ - INFO -     Evaluated 20/30 particles...
2025-12-16 10:06:13,884 - __main__ - INFO -     Evaluated 25/30 particles...
2025-12-16 10:06:16,711 - __main__ - INFO -     Evaluated 30/30 particles...
2025-12-16 10:06:19,853 - __main__ - INFO -     Evaluated 5/30 particles...
2025-12-16 10:06:23,149 - __main__ - INFO -     Evaluated 10/30 particles...
2025-12-16 10:06:26,398 - __main__ - INFO -     Evaluated 15/30 particles...
2025-12-16 10:06:30,056 - __main__ - INFO -     Evaluated 20/30 particles...
2025-12-16 10:06:34,339 - __main__ - INFO -     Evaluated 25/30 particles...
2025-12-16 10:06:37,276 - __main__ - INFO -     Evaluated 30/30 particles...
2025-12-16 10:06:41,464 - __main__ - INFO -     Evaluated 5/30 particles...
2025-12-16 10:06:45,088 - __main__ - INFO -     Evaluated 10/30 particles...
2025-12-16 10:06:49,162 - __main__ - INFO -     Evaluated 15/30 particles...
2025-12-16 10:06:52,378 - __main__ - INFO -     Evaluated 20/30 particles...
2025-12-16 10:06:55,512 - __main__ - INFO -     Evaluated 25/30 particles...
2025-12-16 10:06:58,591 - __main__ - INFO -     Evaluated 30/30 particles...
2025-12-16 10:07:02,043 - __main__ - INFO -     Evaluated 5/30 particles...
2025-12-16 10:07:05,627 - __main__ - INFO -     Evaluated 10/30 particles...
2025-12-16 10:07:09,543 - __main__ - INFO -     Evaluated 15/30 particles...
2025-12-16 10:07:12,677 - __main__ - INFO -     Evaluated 20/30 particles...
2025-12-16 10:07:19,284 - __main__ - INFO -     Evaluated 25/30 particles...
2025-12-16 10:07:23,708 - __main__ - INFO -     Evaluated 30/30 particles...
2025-12-16 10:07:27,956 - __main__ - INFO -     Evaluated 5/30 particles...
2025-12-16 10:07:33,723 - __main__ - INFO -     Evaluated 10/30 particles...
2025-12-16 10:07:37,709 - __main__ - INFO -     Evaluated 15/30 particles...
2025-12-16 10:07:42,618 - __main__ - INFO -     Evaluated 20/30 particles...
2025-12-16 10:07:47,187 - __main__ - INFO -     Evaluated 25/30 particles...
2025-12-16 10:07:52,026 - __main__ - INFO -     Evaluated 30/30 particles...
2025-12-16 10:07:56,468 - __main__ - INFO -     Evaluated 5/30 particles...
2025-12-16 10:08:00,633 - __main__ - INFO -     Evaluated 10/30 particles...
2025-12-16 10:08:06,113 - __main__ - INFO -     Evaluated 15/30 particles...
2025-12-16 10:08:11,853 - __main__ - INFO -     Evaluated 20/30 particles...
2025-12-16 10:08:16,004 - __main__ - INFO -     Evaluated 25/30 particles...
2025-12-16 10:08:20,661 - __main__ - INFO -     Evaluated 30/30 particles...
2025-12-16 10:08:25,101 - __main__ - INFO -     Evaluated 5/30 particles...
2025-12-16 10:08:29,979 - __main__ - INFO -     Evaluated 10/30 particles...
2025-12-16 10:08:34,514 - __main__ - INFO -     Evaluated 15/30 particles...
2025-12-16 10:08:38,519 - __main__ - INFO -     Evaluated 20/30 particles...
2025-12-16 10:08:42,317 - __main__ - INFO -     Evaluated 25/30 particles...
2025-12-16 10:08:47,072 - __main__ - INFO -     Evaluated 30/30 particles...
2025-12-16 10:08:51,420 - __main__ - INFO -     Evaluated 5/30 particles...
2025-12-16 10:08:55,501 - __main__ - INFO -     Evaluated 10/30 particles...
2025-12-16 10:09:00,261 - __main__ - INFO -     Evaluated 15/30 particles...
2025-12-16 10:09:04,860 - __main__ - INFO -     Evaluated 20/30 particles...
2025-12-16 10:09:08,508 - __main__ - INFO -     Evaluated 25/30 particles...
2025-12-16 10:09:12,323 - __main__ - INFO -     Evaluated 30/30 particles...
2025-12-16 10:09:16,580 - __main__ - INFO -     Evaluated 5/30 particles...
2025-12-16 10:09:20,491 - __main__ - INFO -     Evaluated 10/30 particles...
2025-12-16 10:09:23,958 - __main__ - INFO -     Evaluated 15/30 particles...
2025-12-16 10:09:27,373 - __main__ - INFO -     Evaluated 20/30 particles...
2025-12-16 10:09:31,830 - __main__ - INFO -     Evaluated 25/30 particles...
2025-12-16 10:09:35,388 - __main__ - INFO -     Evaluated 30/30 particles...
2025-12-16 10:09:39,357 - __main__ - INFO -     Evaluated 5/30 particles...
2025-12-16 10:09:42,865 - __main__ - INFO -     Evaluated 10/30 particles...
2025-12-16 10:09:46,510 - __main__ - INFO -     Evaluated 15/30 particles...
2025-12-16 10:09:50,643 - __main__ - INFO -     Evaluated 20/30 particles...
2025-12-16 10:09:54,771 - __main__ - INFO -     Evaluated 25/30 particles...
2025-12-16 10:09:58,420 - __main__ - INFO -     Evaluated 30/30 particles...
2025-12-16 10:10:02,818 - __main__ - INFO -     Evaluated 5/30 particles...
2025-12-16 10:10:07,100 - __main__ - INFO -     Evaluated 10/30 particles...
2025-12-16 10:10:10,880 - __main__ - INFO -     Evaluated 15/30 particles...
2025-12-16 10:10:15,283 - __main__ - INFO -     Evaluated 20/30 particles...
2025-12-16 10:10:20,280 - __main__ - INFO -     Evaluated 25/30 particles...
2025-12-16 10:10:23,953 - __main__ - INFO -     Evaluated 30/30 particles...
2025-12-16 10:10:27,767 - __main__ - INFO -     Evaluated 5/30 particles...
2025-12-16 10:10:32,512 - __main__ - INFO -     Evaluated 10/30 particles...
2025-12-16 10:10:36,388 - __main__ - INFO -     Evaluated 15/30 particles...
2025-12-16 10:10:40,175 - __main__ - INFO -     Evaluated 20/30 particles...
2025-12-16 10:10:43,869 - __main__ - INFO -     Evaluated 25/30 particles...
2025-12-16 10:10:47,472 - __main__ - INFO -     Evaluated 30/30 particles...
2025-12-16 10:10:53,124 - __main__ - INFO -     Evaluated 5/30 particles...
2025-12-16 10:10:57,724 - __main__ - INFO -     Evaluated 10/30 particles...
2025-12-16 10:11:02,253 - __main__ - INFO -     Evaluated 15/30 particles...
2025-12-16 10:11:06,816 - __main__ - INFO -     Evaluated 20/30 particles...
2025-12-16 10:11:11,252 - __main__ - INFO -     Evaluated 25/30 particles...
2025-12-16 10:11:15,566 - __main__ - INFO -     Evaluated 30/30 particles...
2025-12-16 10:11:19,640 - __main__ - INFO -     Evaluated 5/30 particles...
2025-12-16 10:11:23,488 - __main__ - INFO -     Evaluated 10/30 particles...
2025-12-16 10:11:27,695 - __main__ - INFO -     Evaluated 15/30 particles...
2025-12-16 10:11:32,028 - __main__ - INFO -     Evaluated 20/30 particles...
2025-12-16 10:11:36,500 - __main__ - INFO -     Evaluated 25/30 particles...
2025-12-16 10:11:40,731 - __main__ - INFO -     Evaluated 30/30 particles...
2025-12-16 10:11:44,888 - __main__ - INFO -     Evaluated 5/30 particles...
2025-12-16 10:11:48,866 - __main__ - INFO -     Evaluated 10/30 particles...
2025-12-16 10:11:53,416 - __main__ - INFO -     Evaluated 15/30 particles...
2025-12-16 10:11:57,324 - __main__ - INFO -     Evaluated 20/30 particles...
2025-12-16 10:12:01,179 - __main__ - INFO -     Evaluated 25/30 particles...
2025-12-16 10:12:05,245 - __main__ - INFO -     Evaluated 30/30 particles...
2025-12-16 10:12:09,442 - __main__ - INFO -     Evaluated 5/30 particles...
2025-12-16 10:12:13,556 - __main__ - INFO -     Evaluated 10/30 particles...
2025-12-16 10:12:17,396 - __main__ - INFO -     Evaluated 15/30 particles...
2025-12-16 10:12:21,086 - __main__ - INFO -     Evaluated 20/30 particles...
2025-12-16 10:12:25,030 - __main__ - INFO -     Evaluated 25/30 particles...
2025-12-16 10:12:29,885 - __main__ - INFO -     Evaluated 30/30 particles...
2025-12-16 10:12:33,998 - __main__ - INFO -     Evaluated 5/30 particles...
2025-12-16 10:12:37,662 - __main__ - INFO -     Evaluated 10/30 particles...
2025-12-16 10:12:41,525 - __main__ - INFO -     Evaluated 15/30 particles...
2025-12-16 10:12:45,345 - __main__ - INFO -     Evaluated 20/30 particles...
2025-12-16 10:12:49,707 - __main__ - INFO -     Evaluated 25/30 particles...
2025-12-16 10:12:54,238 - __main__ - INFO -     Evaluated 30/30 particles...
2025-12-16 10:12:58,392 - __main__ - INFO -     Evaluated 5/30 particles...
2025-12-16 10:13:02,426 - __main__ - INFO -     Evaluated 10/30 particles...
2025-12-16 10:13:07,560 - __main__ - INFO -     Evaluated 15/30 particles...
2025-12-16 10:13:11,680 - __main__ - INFO -     Evaluated 20/30 particles...
2025-12-16 10:13:15,458 - __main__ - INFO -     Evaluated 25/30 particles...
2025-12-16 10:13:21,173 - __main__ - INFO -     Evaluated 30/30 particles...
2025-12-16 10:13:26,458 - __main__ - INFO -     Evaluated 5/30 particles...
2025-12-16 10:13:32,281 - __main__ - INFO -     Evaluated 10/30 particles...
2025-12-16 10:13:37,641 - __main__ - INFO -     Evaluated 15/30 particles...
2025-12-16 10:13:41,894 - __main__ - INFO -     Evaluated 20/30 particles...
2025-12-16 10:13:45,756 - __main__ - INFO -     Evaluated 25/30 particles...
2025-12-16 10:13:49,643 - __main__ - INFO -     Evaluated 30/30 particles...
2025-12-16 10:13:54,638 - __main__ - INFO -     Evaluated 5/30 particles...
2025-12-16 10:13:58,696 - __main__ - INFO -     Evaluated 10/30 particles...
2025-12-16 10:14:03,551 - __main__ - INFO -     Evaluated 15/30 particles...
2025-12-16 10:14:09,612 - __main__ - INFO -     Evaluated 20/30 particles...
2025-12-16 10:14:16,305 - __main__ - INFO -     Evaluated 25/30 particles...
2025-12-16 10:14:22,413 - __main__ - INFO -     Evaluated 30/30 particles...
2025-12-16 10:14:27,840 - __main__ - INFO -     Evaluated 5/30 particles...
2025-12-16 10:14:34,974 - __main__ - INFO -     Evaluated 10/30 particles...
2025-12-16 10:14:41,595 - __main__ - INFO -     Evaluated 15/30 particles...
2025-12-16 10:14:49,006 - __main__ - INFO -     Evaluated 20/30 particles...
2025-12-16 10:14:54,187 - __main__ - INFO -     Evaluated 25/30 particles...
2025-12-16 10:14:58,017 - __main__ - INFO -     Evaluated 30/30 particles...
2025-12-16 10:14:58,020 - __main__ - INFO -   [OK] PSO complete!
2025-12-16 10:14:58,021 - __main__ - INFO -     Best robust fitness: 8.9115
2025-12-16 10:14:58,021 - __main__ - INFO -     Improvement: 2.6%
2025-12-16 10:14:58,021 - __main__ - INFO -     Optimized gains: ['24.699', '8.347', '5.659', '3.202', '4.621', '0.094']
2025-12-16 10:14:59,942 - __main__ - INFO -   [OK] Saved gains: optimization_results\mt8_repro_seed42_classical_smc.json
2025-12-16 10:14:59,942 - __main__ - INFO - 
================================================================================
2025-12-16 10:14:59,942 - __main__ - INFO - Saving optimization summary...
2025-12-16 10:14:59,942 - __main__ - INFO - ================================================================================
2025-12-16 10:14:59,944 - __main__ - INFO - [OK] Saved summary: optimization_results\mt8_repro_seed42_summary.json
2025-12-16 10:14:59,948 - root - INFO - Job 94b45598 marked as complete
2025-12-16 10:14:59,948 - __main__ - INFO - 
================================================================================
2025-12-16 10:14:59,949 - __main__ - INFO - REPRODUCIBILITY TEST SUMMARY (Seed=42)
2025-12-16 10:14:59,949 - __main__ - INFO - ================================================================================
2025-12-16 10:14:59,949 - __main__ - INFO - 
Controller                     Baseline Cost   Optimized Cost  Improvement
2025-12-16 10:14:59,949 - __main__ - INFO - --------------------------------------------------------------------------------
2025-12-16 10:14:59,949 - __main__ - INFO - classical_smc                  9.1450          8.9115             2.6%
2025-12-16 10:14:59,949 - __main__ - INFO - 
Average Improvement: 2.55%
2025-12-16 10:14:59,949 - __main__ - INFO - ================================================================================
2025-12-16 10:14:59,949 - __main__ - INFO - [OK] Reproducibility test complete!
