\BOOKMARK [1][-]{section.0}{\376\377\000I\000n\000t\000r\000o\000d\000u\000c\000t\000i\000o\000n}{}% 1
\BOOKMARK [2][-]{subsection.0.0}{\376\377\000M\000o\000t\000i\000v\000a\000t\000i\000o\000n\000\040\000a\000n\000d\000\040\000B\000a\000c\000k\000g\000r\000o\000u\000n\000d}{section.0}% 2
\BOOKMARK [2][-]{subsection.0.0}{\376\377\000R\000e\000s\000e\000a\000r\000c\000h\000\040\000G\000a\000p\000s}{section.0}% 3
\BOOKMARK [2][-]{subsection.0.0}{\376\377\000C\000o\000n\000t\000r\000i\000b\000u\000t\000i\000o\000n\000s}{section.0}% 4
\BOOKMARK [1][-]{section.0}{\376\377\000S\000y\000s\000t\000e\000m\000\040\000M\000o\000d\000e\000l\000\040\000a\000n\000d\000\040\000P\000r\000o\000b\000l\000e\000m\000\040\000F\000o\000r\000m\000u\000l\000a\000t\000i\000o\000n}{}% 5
\BOOKMARK [2][-]{subsection.0.0}{\376\377\000D\000o\000u\000b\000l\000e\000-\000I\000n\000v\000e\000r\000t\000e\000d\000\040\000P\000e\000n\000d\000u\000l\000u\000m\000\040\000D\000y\000n\000a\000m\000i\000c\000s}{section.0}% 6
\BOOKMARK [2][-]{subsection.0.0}{\376\377\000C\000o\000n\000t\000r\000o\000l\000\040\000O\000b\000j\000e\000c\000t\000i\000v\000e}{section.0}% 7
\BOOKMARK [1][-]{section.0}{\376\377\000C\000o\000n\000t\000r\000o\000l\000l\000e\000r\000\040\000D\000e\000s\000i\000g\000n}{}% 8
\BOOKMARK [2][-]{subsection.0.0}{\376\377\000C\000l\000a\000s\000s\000i\000c\000a\000l\000\040\000S\000l\000i\000d\000i\000n\000g\000\040\000M\000o\000d\000e\000\040\000C\000o\000n\000t\000r\000o\000l}{section.0}% 9
\BOOKMARK [2][-]{subsection.0.0}{\376\377\000S\000u\000p\000e\000r\000-\000T\000w\000i\000s\000t\000i\000n\000g\000\040\000A\000l\000g\000o\000r\000i\000t\000h\000m\000\040\000\050\000S\000T\000A\000\051}{section.0}% 10
\BOOKMARK [2][-]{subsection.0.0}{\376\377\000A\000d\000a\000p\000t\000i\000v\000e\000\040\000S\000M\000C}{section.0}% 11
\BOOKMARK [2][-]{subsection.0.0}{\376\377\000H\000y\000b\000r\000i\000d\000\040\000A\000d\000a\000p\000t\000i\000v\000e\000\040\000S\000T\000A\000-\000S\000M\000C}{section.0}% 12
\BOOKMARK [1][-]{section.0}{\376\377\000L\000y\000a\000p\000u\000n\000o\000v\000\040\000S\000t\000a\000b\000i\000l\000i\000t\000y\000\040\000A\000n\000a\000l\000y\000s\000i\000s}{}% 13
\BOOKMARK [2][-]{subsection.0.0}{\376\377\000C\000l\000a\000s\000s\000i\000c\000a\000l\000\040\000S\000M\000C\000\040\000S\000t\000a\000b\000i\000l\000i\000t\000y}{section.0}% 14
\BOOKMARK [2][-]{subsection.0.0}{\376\377\000S\000T\000A\000\040\000F\000i\000n\000i\000t\000e\000-\000T\000i\000m\000e\000\040\000C\000o\000n\000v\000e\000r\000g\000e\000n\000c\000e}{section.0}% 15
\BOOKMARK [2][-]{subsection.0.0}{\376\377\000A\000d\000a\000p\000t\000i\000v\000e\000\040\000S\000M\000C\000\040\000B\000o\000u\000n\000d\000e\000d\000n\000e\000s\000s}{section.0}% 16
\BOOKMARK [1][-]{section.0}{\376\377\000P\000S\000O\000\040\000O\000p\000t\000i\000m\000i\000z\000a\000t\000i\000o\000n\000\040\000M\000e\000t\000h\000o\000d\000o\000l\000o\000g\000y}{}% 17
\BOOKMARK [2][-]{subsection.0.0}{\376\377\000F\000i\000t\000n\000e\000s\000s\000\040\000F\000u\000n\000c\000t\000i\000o\000n}{section.0}% 18
\BOOKMARK [2][-]{subsection.0.0}{\376\377\000P\000S\000O\000\040\000A\000l\000g\000o\000r\000i\000t\000h\000m}{section.0}% 19
\BOOKMARK [1][-]{section.0}{\376\377\000E\000x\000p\000e\000r\000i\000m\000e\000n\000t\000a\000l\000\040\000R\000e\000s\000u\000l\000t\000s}{}% 20
\BOOKMARK [2][-]{subsection.0.0}{\376\377\000C\000o\000m\000p\000u\000t\000a\000t\000i\000o\000n\000a\000l\000\040\000E\000f\000f\000i\000c\000i\000e\000n\000c\000y}{section.0}% 21
\BOOKMARK [2][-]{subsection.0.0}{\376\377\000T\000r\000a\000n\000s\000i\000e\000n\000t\000\040\000R\000e\000s\000p\000o\000n\000s\000e}{section.0}% 22
\BOOKMARK [2][-]{subsection.0.0}{\376\377\000C\000h\000a\000t\000t\000e\000r\000i\000n\000g\000\040\000A\000n\000a\000l\000y\000s\000i\000s}{section.0}% 23
\BOOKMARK [1][-]{section.0}{\376\377\000R\000o\000b\000u\000s\000t\000n\000e\000s\000s\000\040\000A\000n\000a\000l\000y\000s\000i\000s}{}% 24
\BOOKMARK [2][-]{subsection.0.0}{\376\377\000M\000o\000d\000e\000l\000\040\000U\000n\000c\000e\000r\000t\000a\000i\000n\000t\000y\000\040\000T\000o\000l\000e\000r\000a\000n\000c\000e}{section.0}% 25
\BOOKMARK [2][-]{subsection.0.0}{\376\377\000P\000S\000O\000\040\000G\000e\000n\000e\000r\000a\000l\000i\000z\000a\000t\000i\000o\000n\000\040\000F\000a\000i\000l\000u\000r\000e}{section.0}% 26
\BOOKMARK [1][-]{section.0}{\376\377\000D\000i\000s\000c\000u\000s\000s\000i\000o\000n}{}% 27
\BOOKMARK [2][-]{subsection.0.0}{\376\377\000C\000o\000n\000t\000r\000o\000l\000l\000e\000r\000\040\000S\000e\000l\000e\000c\000t\000i\000o\000n\000\040\000G\000u\000i\000d\000e\000l\000i\000n\000e\000s}{section.0}% 28
\BOOKMARK [2][-]{subsection.0.0}{\376\377\000K\000e\000y\000\040\000T\000r\000a\000d\000e\000o\000f\000f\000s}{section.0}% 29
\BOOKMARK [1][-]{section.0}{\376\377\000C\000o\000n\000c\000l\000u\000s\000i\000o\000n\000s}{}% 30
