This is pdfTeX, Version 3.141592653-2.6-1.40.25 (MiKTeX 24.1) (preloaded format=pdflatex.fmt)
 restricted \write18 enabled.
entering extended mode
(main.tex
LaTeX2e <2023-11-01> patch level 1
L3 programming layer <2024-01-04>
(C:\Program Files\MiKTeX\tex/latex/base\article.cls
Document Class: article 2023/05/17 v1.4n Standard LaTeX document class
(C:\Program Files\MiKTeX\tex/latex/base\size12.clo)) (preamble.tex
(C:\Users\SadeQ\AppData\Roaming\MiKTeX\tex/latex/geometry\geometry.sty
(C:\Program Files\MiKTeX\tex/latex/graphics\keyval.sty)
(C:\Program Files\MiKTeX\tex/generic/iftex\ifvtex.sty
(C:\Program Files\MiKTeX\tex/generic/iftex\iftex.sty))
(C:\Users\SadeQ\AppData\Roaming\MiKTeX\tex/latex/geometry\geometry.cfg))
(C:\Program Files\MiKTeX\tex/latex/base\inputenc.sty)
(C:\Program Files\MiKTeX\tex/latex/base\fontenc.sty)
(C:\Program Files\MiKTeX\tex/latex/lm\lmodern.sty)
(C:\Program Files\MiKTeX\tex/latex/amsmath\amsmath.sty
For additional information on amsmath, use the `?' option.
(C:\Program Files\MiKTeX\tex/latex/amsmath\amstext.sty
(C:\Program Files\MiKTeX\tex/latex/amsmath\amsgen.sty))
(C:\Program Files\MiKTeX\tex/latex/amsmath\amsbsy.sty)
(C:\Program Files\MiKTeX\tex/latex/amsmath\amsopn.sty))
(C:\Program Files\MiKTeX\tex/latex/amsfonts\amsfonts.sty)
(C:\Program Files\MiKTeX\tex/latex/amsfonts\amssymb.sty)
(C:\Users\SadeQ\AppData\Roaming\MiKTeX\tex/latex/mathtools\mathtools.sty
(C:\Program Files\MiKTeX\tex/latex/tools\calc.sty)
(C:\Users\SadeQ\AppData\Roaming\MiKTeX\tex/latex/mathtools\mhsetup.sty))
(C:\Program Files\MiKTeX\tex/latex/graphics\graphicx.sty
(C:\Program Files\MiKTeX\tex/latex/graphics\graphics.sty
(C:\Program Files\MiKTeX\tex/latex/graphics\trig.sty)
(C:\Program Files\MiKTeX\tex/latex/graphics-cfg\graphics.cfg)
(C:\Program Files\MiKTeX\tex/latex/graphics-def\pdftex.def)))
(C:\Users\SadeQ\AppData\Roaming\MiKTeX\tex/latex/float\float.sty)
(C:\Users\SadeQ\AppData\Roaming\MiKTeX\tex/latex/caption\caption.sty
(C:\Users\SadeQ\AppData\Roaming\MiKTeX\tex/latex/caption\caption3.sty))
(C:\Users\SadeQ\AppData\Roaming\MiKTeX\tex/latex/caption\subcaption.sty)
(C:\Users\SadeQ\AppData\Roaming\MiKTeX\tex/latex/booktabs\booktabs.sty)
(C:\Users\SadeQ\AppData\Roaming\MiKTeX\tex/latex/multirow\multirow.sty)
(C:\Program Files\MiKTeX\tex/latex/tools\array.sty)
(C:\Users\SadeQ\AppData\Roaming\MiKTeX\tex/latex/pdflscape\pdflscape.sty
(C:\Users\SadeQ\AppData\Roaming\MiKTeX\tex/latex/pdflscape\pdflscape-nometadata
.sty (C:\Program Files\MiKTeX\tex/latex/graphics\lscape.sty)))
(C:\Users\SadeQ\AppData\Roaming\MiKTeX\tex/latex/algorithm2e\algorithm2e.sty
(C:\Program Files\MiKTeX\tex/latex/base\ifthen.sty)
(C:\Users\SadeQ\AppData\Roaming\MiKTeX\tex/latex/ifoddpage\ifoddpage.sty)
(C:\Program Files\MiKTeX\tex/latex/tools\xspace.sty)
(C:\Users\SadeQ\AppData\Roaming\MiKTeX\tex/latex/relsize\relsize.sty))
(C:\Program Files\MiKTeX\tex/latex/listings\listings.sty
(C:\Program Files\MiKTeX\tex/latex/listings\lstmisc.sty)
(C:\Program Files\MiKTeX\tex/latex/listings\listings.cfg))
(C:\Program Files\MiKTeX\tex/latex/xcolor\xcolor.sty
(C:\Program Files\MiKTeX\tex/latex/graphics-cfg\color.cfg)
(C:\Program Files\MiKTeX\tex/latex/graphics\mathcolor.ltx))
(C:\Users\SadeQ\AppData\Roaming\MiKTeX\tex/latex/natbib\natbib.sty)
(C:\Program Files\MiKTeX\tex/latex/hyperref\hyperref.sty
! Undefined control sequence.
l.108 \IfFormatAtLeastT
                       {2025-11-01}

! LaTeX Error: Missing \begin{document}.

See the LaTeX manual or LaTeX Companion for explanation.
Type  H <return>  for immediate help.
 ...                                              
                                                  
l.108 \IfFormatAtLeastT{2
                         025-11-01}
! Undefined control sequence.
l.110    \IfDocumentMetadataT
                             
(C:\Users\SadeQ\AppData\Roaming\MiKTeX\tex/latex/kvsetkeys\kvsetkeys.sty)
(C:\Users\SadeQ\AppData\Roaming\MiKTeX\tex/generic/kvdefinekeys\kvdefinekeys.st
y) (C:\Users\SadeQ\AppData\Roaming\MiKTeX\tex/generic/pdfescape\pdfescape.sty
(C:\Users\SadeQ\AppData\Roaming\MiKTeX\tex/generic/ltxcmds\ltxcmds.sty)
(C:\Program Files\MiKTeX\tex/generic/pdftexcmds\pdftexcmds.sty
(C:\Users\SadeQ\AppData\Roaming\MiKTeX\tex/generic/infwarerr\infwarerr.sty)))
(C:\Users\SadeQ\AppData\Roaming\MiKTeX\tex/latex/hycolor\hycolor.sty)
(C:\Program Files\MiKTeX\tex/latex/hyperref\nameref.sty
(C:\Users\SadeQ\AppData\Roaming\MiKTeX\tex/latex/refcount\refcount.sty)
(C:\Users\SadeQ\AppData\Roaming\MiKTeX\tex/generic/gettitlestring\gettitlestrin
g.sty (C:\Users\SadeQ\AppData\Roaming\MiKTeX\tex/latex/kvoptions\kvoptions.sty
Overfull \hbox (387.27676pt too wide) in paragraph at lines 108--45
[]\T1/cmr/m/n/12 2025-11-01                                                    
                                                                               
                                                                               
                                                             
))) (C:\Program Files\MiKTeX\tex/latex/etoolbox\etoolbox.sty)
(C:\Users\SadeQ\AppData\Roaming\MiKTeX\tex/generic/stringenc\stringenc.sty)
(C:\Program Files\MiKTeX\tex/latex/hyperref\pd1enc.def)
(C:\Users\SadeQ\AppData\Roaming\MiKTeX\tex/generic/intcalc\intcalc.sty)
(C:\Program Files\MiKTeX\tex/latex/hyperref\puenc.def)
! Undefined control sequence.
l.4109 \IfDocumentMetadataT
                           
(C:\Program Files\MiKTeX\tex/latex/url\url.sty)
(C:\Users\SadeQ\AppData\Roaming\MiKTeX\tex/generic/bitset\bitset.sty
(C:\Users\SadeQ\AppData\Roaming\MiKTeX\tex/generic/bigintcalc\bigintcalc.sty)))
(C:\Program Files\MiKTeX\tex/latex/hyperref\hpdftex.def
(C:\Users\SadeQ\AppData\Roaming\MiKTeX\tex/latex/rerunfilecheck\rerunfilecheck.
sty
(C:\Users\SadeQ\AppData\Roaming\MiKTeX\tex/generic/uniquecounter\uniquecounter.
sty))) (C:\Users\SadeQ\AppData\Roaming\MiKTeX\tex/latex/fancyhdr\fancyhdr.sty)
(C:\Users\SadeQ\AppData\Roaming\MiKTeX\tex/latex/siunitx\siunitx.sty
(C:\Users\SadeQ\AppData\Roaming\MiKTeX\tex/latex/translations\translations.sty)
) (C:\Users\SadeQ\AppData\Roaming\MiKTeX\tex/latex/nomencl\nomencl.sty
(C:\Program Files\MiKTeX\tex/latex/xkeyval\xkeyval.sty
(C:\Program Files\MiKTeX\tex/generic/xkeyval\xkeyval.tex
(C:\Program Files\MiKTeX\tex/generic/xkeyval\xkvutils.tex)))
(C:\Users\SadeQ\AppData\Roaming\MiKTeX\tex/latex/koma-script\tocbasic.sty
(C:\Users\SadeQ\AppData\Roaming\MiKTeX\tex/latex/koma-script\scrbase.sty
(C:\Users\SadeQ\AppData\Roaming\MiKTeX\tex/latex/koma-script\scrlfile.sty
(C:\Users\SadeQ\AppData\Roaming\MiKTeX\tex/latex/koma-script\scrlfile-hook.sty
(C:\Users\SadeQ\AppData\Roaming\MiKTeX\tex/latex/koma-script\scrlogo.sty))))))
(C:\Users\SadeQ\AppData\Roaming\MiKTeX\tex/latex/amscls\amsthm.sty)
(C:\Program Files\MiKTeX\tex/latex/pgf/frontendlayer\tikz.sty
(C:\Program Files\MiKTeX\tex/latex/pgf/basiclayer\pgf.sty
(C:\Program Files\MiKTeX\tex/latex/pgf/utilities\pgfrcs.sty
(C:\Program Files\MiKTeX\tex/generic/pgf/utilities\pgfutil-common.tex)
(C:\Program Files\MiKTeX\tex/generic/pgf/utilities\pgfutil-latex.def)
(C:\Program Files\MiKTeX\tex/generic/pgf/utilities\pgfrcs.code.tex
(C:\Program Files\MiKTeX\tex/generic/pgf\pgf.revision.tex)))
(C:\Program Files\MiKTeX\tex/latex/pgf/basiclayer\pgfcore.sty
(C:\Program Files\MiKTeX\tex/latex/pgf/systemlayer\pgfsys.sty
(C:\Program Files\MiKTeX\tex/generic/pgf/systemlayer\pgfsys.code.tex
(C:\Program Files\MiKTeX\tex/generic/pgf/utilities\pgfkeys.code.tex
(C:\Program Files\MiKTeX\tex/generic/pgf/utilities\pgfkeyslibraryfiltered.code.
tex)) (C:\Program Files\MiKTeX\tex/generic/pgf/systemlayer\pgf.cfg)
(C:\Program Files\MiKTeX\tex/generic/pgf/systemlayer\pgfsys-pdftex.def
(C:\Program Files\MiKTeX\tex/generic/pgf/systemlayer\pgfsys-common-pdf.def)))
(C:\Program Files\MiKTeX\tex/generic/pgf/systemlayer\pgfsyssoftpath.code.tex)
(C:\Program Files\MiKTeX\tex/generic/pgf/systemlayer\pgfsysprotocol.code.tex))
(C:\Program Files\MiKTeX\tex/generic/pgf/basiclayer\pgfcore.code.tex
(C:\Program Files\MiKTeX\tex/generic/pgf/math\pgfmath.code.tex
(C:\Program Files\MiKTeX\tex/generic/pgf/math\pgfmathutil.code.tex)
(C:\Program Files\MiKTeX\tex/generic/pgf/math\pgfmathparser.code.tex)
(C:\Program Files\MiKTeX\tex/generic/pgf/math\pgfmathfunctions.code.tex)
(C:\Program Files\MiKTeX\tex/generic/pgf/math\pgfmathfunctions.basic.code.tex)
(C:\Program Files\MiKTeX\tex/generic/pgf/math\pgfmathfunctions.trigonometric.co
de.tex)
(C:\Program Files\MiKTeX\tex/generic/pgf/math\pgfmathfunctions.random.code.tex)

(C:\Program Files\MiKTeX\tex/generic/pgf/math\pgfmathfunctions.comparison.code.
tex)
(C:\Program Files\MiKTeX\tex/generic/pgf/math\pgfmathfunctions.base.code.tex)
(C:\Program Files\MiKTeX\tex/generic/pgf/math\pgfmathfunctions.round.code.tex)
(C:\Program Files\MiKTeX\tex/generic/pgf/math\pgfmathfunctions.misc.code.tex)
(C:\Program Files\MiKTeX\tex/generic/pgf/math\pgfmathfunctions.integerarithmeti
cs.code.tex) (C:\Program Files\MiKTeX\tex/generic/pgf/math\pgfmathcalc.code.tex
) (C:\Program Files\MiKTeX\tex/generic/pgf/math\pgfmathfloat.code.tex))
(C:\Program Files\MiKTeX\tex/generic/pgf/math\pgfint.code.tex)
(C:\Program Files\MiKTeX\tex/generic/pgf/basiclayer\pgfcorepoints.code.tex)
(C:\Program Files\MiKTeX\tex/generic/pgf/basiclayer\pgfcorepathconstruct.code.t
ex)
(C:\Program Files\MiKTeX\tex/generic/pgf/basiclayer\pgfcorepathusage.code.tex)
(C:\Program Files\MiKTeX\tex/generic/pgf/basiclayer\pgfcorescopes.code.tex)
(C:\Program Files\MiKTeX\tex/generic/pgf/basiclayer\pgfcoregraphicstate.code.te
x)
(C:\Program Files\MiKTeX\tex/generic/pgf/basiclayer\pgfcoretransformations.code
.tex) (C:\Program Files\MiKTeX\tex/generic/pgf/basiclayer\pgfcorequick.code.tex
) (C:\Program Files\MiKTeX\tex/generic/pgf/basiclayer\pgfcoreobjects.code.tex)
(C:\Program Files\MiKTeX\tex/generic/pgf/basiclayer\pgfcorepathprocessing.code.
tex) (C:\Program Files\MiKTeX\tex/generic/pgf/basiclayer\pgfcorearrows.code.tex
) (C:\Program Files\MiKTeX\tex/generic/pgf/basiclayer\pgfcoreshade.code.tex)
(C:\Program Files\MiKTeX\tex/generic/pgf/basiclayer\pgfcoreimage.code.tex)
(C:\Program Files\MiKTeX\tex/generic/pgf/basiclayer\pgfcoreexternal.code.tex)
(C:\Program Files\MiKTeX\tex/generic/pgf/basiclayer\pgfcorelayers.code.tex)
(C:\Program Files\MiKTeX\tex/generic/pgf/basiclayer\pgfcoretransparency.code.te
x) (C:\Program Files\MiKTeX\tex/generic/pgf/basiclayer\pgfcorepatterns.code.tex
) (C:\Program Files\MiKTeX\tex/generic/pgf/basiclayer\pgfcorerdf.code.tex)))
(C:\Program Files\MiKTeX\tex/generic/pgf/modules\pgfmoduleshapes.code.tex)
(C:\Program Files\MiKTeX\tex/generic/pgf/modules\pgfmoduleplot.code.tex)
(C:\Program Files\MiKTeX\tex/latex/pgf/compatibility\pgfcomp-version-0-65.sty)
(C:\Program Files\MiKTeX\tex/latex/pgf/compatibility\pgfcomp-version-1-18.sty))
 (C:\Program Files\MiKTeX\tex/latex/pgf/utilities\pgffor.sty
(C:\Program Files\MiKTeX\tex/latex/pgf/utilities\pgfkeys.sty
(C:\Program Files\MiKTeX\tex/generic/pgf/utilities\pgfkeys.code.tex))
(C:\Program Files\MiKTeX\tex/latex/pgf/math\pgfmath.sty
(C:\Program Files\MiKTeX\tex/generic/pgf/math\pgfmath.code.tex))
(C:\Program Files\MiKTeX\tex/generic/pgf/utilities\pgffor.code.tex))
(C:\Program Files\MiKTeX\tex/generic/pgf/frontendlayer/tikz\tikz.code.tex
(C:\Program Files\MiKTeX\tex/generic/pgf/libraries\pgflibraryplothandlers.code.
tex) (C:\Program Files\MiKTeX\tex/generic/pgf/modules\pgfmodulematrix.code.tex)

(C:\Program Files\MiKTeX\tex/generic/pgf/frontendlayer/tikz/libraries\tikzlibra
rytopaths.code.tex)))
(C:\Program Files\MiKTeX\tex/generic/pgf/frontendlayer/tikz/libraries\tikzlibra
ryarrows.code.tex
(C:\Program Files\MiKTeX\tex/generic/pgf/libraries\pgflibraryarrows.code.tex))
(C:\Program Files\MiKTeX\tex/generic/pgf/frontendlayer/tikz/libraries\tikzlibra
ryshapes.code.tex
(C:\Program Files\MiKTeX\tex/generic/pgf/frontendlayer/tikz/libraries\tikzlibra
ryshapes.geometric.code.tex
(C:\Program Files\MiKTeX\tex/generic/pgf/libraries/shapes\pgflibraryshapes.geom
etric.code.tex))
(C:\Program Files\MiKTeX\tex/generic/pgf/frontendlayer/tikz/libraries\tikzlibra
ryshapes.misc.code.tex
(C:\Program Files\MiKTeX\tex/generic/pgf/libraries/shapes\pgflibraryshapes.misc
.code.tex))
(C:\Program Files\MiKTeX\tex/generic/pgf/frontendlayer/tikz/libraries\tikzlibra
ryshapes.symbols.code.tex
(C:\Program Files\MiKTeX\tex/generic/pgf/libraries/shapes\pgflibraryshapes.symb
ols.code.tex))
(C:\Program Files\MiKTeX\tex/generic/pgf/frontendlayer/tikz/libraries\tikzlibra
ryshapes.arrows.code.tex
(C:\Program Files\MiKTeX\tex/generic/pgf/libraries/shapes\pgflibraryshapes.arro
ws.code.tex))
(C:\Program Files\MiKTeX\tex/generic/pgf/frontendlayer/tikz/libraries\tikzlibra
ryshapes.callouts.code.tex
(C:\Program Files\MiKTeX\tex/generic/pgf/libraries/shapes\pgflibraryshapes.call
outs.code.tex))
(C:\Program Files\MiKTeX\tex/generic/pgf/frontendlayer/tikz/libraries\tikzlibra
ryshapes.multipart.code.tex
(C:\Program Files\MiKTeX\tex/generic/pgf/libraries/shapes\pgflibraryshapes.mult
ipart.code.tex)))
(C:\Program Files\MiKTeX\tex/generic/pgf/frontendlayer/tikz/libraries\tikzlibra
rypositioning.code.tex)
(C:\Program Files\MiKTeX\tex/generic/pgf/frontendlayer/tikz/libraries\tikzlibra
rycalc.code.tex)) (metadata.tex) (C:\Program Files\MiKTeX\tex/latex/lm\t1lmr.fd
) (C:\Program Files\MiKTeX\tex/latex/l3backend\l3backend-pdftex.def) (main.aux)
*geometry* driver: auto-detecting
*geometry* detected driver: pdftex
(C:\Program Files\MiKTeX\tex/context/base/mkii\supp-pdf.mkii
[Loading MPS to PDF converter (version 2006.09.02).]
) (C:\Program Files\MiKTeX\tex/latex/epstopdf-pkg\epstopdf-base.sty
(C:\Program Files\MiKTeX\tex/latex/00miktex\epstopdf-sys.cfg)) (main.out)
(main.out)
(C:\Users\SadeQ\AppData\Roaming\MiKTeX\tex/latex/translations/dicts\translation
s-basic-dictionary-english.trsl) [1{C:/Users/SadeQ/AppData/Local/MiKTeX/fonts/m
ap/pdftex/pdftex.map}{C:/Program Files/MiKTeX/fonts/enc/dvips/lm/lm-ec.enc}]
(C:\Program Files\MiKTeX\tex/latex/lm\ot1lmr.fd)
(C:\Program Files\MiKTeX\tex/latex/lm\omllmm.fd)
(C:\Program Files\MiKTeX\tex/latex/lm\omslmsy.fd)
(C:\Program Files\MiKTeX\tex/latex/lm\omxlmex.fd)
(C:\Program Files\MiKTeX\tex/latex/amsfonts\umsa.fd)
(C:\Program Files\MiKTeX\tex/latex/amsfonts\umsb.fd) [2]
(front/abstract_report.tex) [3{C:/Program Files/MiKTeX/fonts/enc/dvips/lm/lm-ma
thsy.enc}] (main.toc [4]) [5] (main.lof) [6] (main.lot) [7]
(report/section1_introduction.tex
! Undefined control sequence.
<argument> \H@refstepcounter 
                             {section}\bool_lazy_and:nnT {\l__hyp_target_cre...
l.1 \section{Introduction}
                          
! Undefined control sequence.
<argument> \H@refstepcounter 
                             {subsection}\bool_lazy_and:nnT {\l__hyp_target_...
l.6 \subsection{Motivation}
                           
! Undefined control sequence.
<argument> \H@refstepcounter 
                             {subsection}\bool_lazy_and:nnT {\l__hyp_target_...
l.9 \subsection{Problem Statement}
                                  
! Undefined control sequence.
<argument> \H@refstepcounter 
                             {subsection}\bool_lazy_and:nnT {\l__hyp_target_...
l.12 \subsection{Literature Review}
                                   
! Undefined control sequence.
<argument> \H@refstepcounter 
                             {subsubsection}\bool_lazy_and:nnT {\l__hyp_targ...
l.14 \subsubsection{Inverted Pendulum Control}
                                              
! Undefined control sequence.
<argument> \H@refstepcounter 
                             {subsubsection}\bool_lazy_and:nnT {\l__hyp_targ...
l.17 ...bsection{Sliding Mode Control Development}
                                                  

Package natbib Warning: Citation `Levant2007' on page 8 undefined on input line
 20.

! Undefined control sequence.
<argument> \H@refstepcounter 
                             {subsubsection}\bool_lazy_and:nnT {\l__hyp_targ...
l.24 ...tion{Optimization-Based Controller Tuning}
                                                  
[8
pdfTeX warning (ext4): destination with the same identifier (name{subsection.0.
0}) has been already used, duplicate ignored
<argument> ...shipout:D \box_use:N \l_shipout_box 
                                                  \__shipout_drop_firstpage_...
l.28 
     
pdfTeX warning (ext4): destination with the same identifier (name{subsection.0.
0}) has been already used, duplicate ignored
<argument> ...shipout:D \box_use:N \l_shipout_box 
                                                  \__shipout_drop_firstpage_...
l.28 
     
pdfTeX warning (ext4): destination with the same identifier (name{subsubsection
.0.0.0}) has been already used, duplicate ignored
<argument> ...shipout:D \box_use:N \l_shipout_box 
                                                  \__shipout_drop_firstpage_...
l.28 
     
pdfTeX warning (ext4): destination with the same identifier (name{subsubsection
.0.0.0}) has been already used, duplicate ignored
<argument> ...shipout:D \box_use:N \l_shipout_box 
                                                  \__shipout_drop_firstpage_...
l.28 
     ]
! Undefined control sequence.
<argument> \H@refstepcounter 
                             {subsubsection}\bool_lazy_and:nnT {\l__hyp_targ...
l.29 \subsubsection{Gap in Literature}
                                      

pdfTeX warning (ext4): destination with the same identifier (name{subsubsection
.0.0.0}) has been already used, duplicate ignored
<to be read again> 
                   \relax 
l.29 \subsubsection{Gap in Literature}
                                      
(C:\Program Files\MiKTeX\tex/latex/lm\ts1lmr.fd)
! Undefined control sequence.
<argument> \H@refstepcounter 
                             {subsection}\bool_lazy_and:nnT {\l__hyp_target_...
l.40 \subsection{Contributions}
                               

pdfTeX warning (ext4): destination with the same identifier (name{subsection.0.
0}) has been already used, duplicate ignored
<to be read again> 
                   \relax 
l.40 \subsection{Contributions}
                               
! Undefined control sequence.
<argument> \H@refstepcounter 
                             {subsection}\bool_lazy_and:nnT {\l__hyp_target_...
l.50 \subsection{Objectives}
                            

pdfTeX warning (ext4): destination with the same identifier (name{subsection.0.
0}) has been already used, duplicate ignored
<to be read again> 
                   \relax 
l.50 \subsection{Objectives}
                            
! Undefined control sequence.
<argument> \H@refstepcounter 
                             {subsection}\bool_lazy_and:nnT {\l__hyp_target_...
l.58 \subsection{Report Organization}
                                     

pdfTeX warning (ext4): destination with the same identifier (name{subsection.0.
0}) has been already used, duplicate ignored
<to be read again> 
                   \relax 
l.58 \subsection{Report Organization}
                                     

Package hyperref Warning: Suppressing empty link on input line 59.


Package hyperref Warning: Suppressing empty link on input line 59.


Package hyperref Warning: Suppressing empty link on input line 59.


Package hyperref Warning: Suppressing empty link on input line 59.


Package hyperref Warning: Suppressing empty link on input line 59.

) (report/section2_system_model.tex
! Undefined control sequence.
<argument> \H@refstepcounter 
                             {section}\bool_lazy_and:nnT {\l__hyp_target_cre...
l.1 \section{System Model and Problem Formulation}
                                                  

pdfTeX warning (ext4): destination with the same identifier (name{section.0}) h
as been already used, duplicate ignored
<to be read again> 
                   \relax 
l.1 \section{System Model and Problem Formulation}
                                                  
! Undefined control sequence.
<argument> \H@refstepcounter 
                             {subsection}\bool_lazy_and:nnT {\l__hyp_target_...
l.6 \subsection{Physical Description}
                                     

pdfTeX warning (ext4): destination with the same identifier (name{subsection.0.
0}) has been already used, duplicate ignored
<to be read again> 
                   \relax 
l.6 \subsection{Physical Description}
                                      [9{C:/Program Files/MiKTeX/fonts/enc/dvip
s/lm/lm-ts1.enc}]
! Undefined control sequence.
<argument> \H@refstepcounter 
                             {subsection}\bool_lazy_and:nnT {\l__hyp_target_...
l.16 \subsection{System Challenges}
                                   

pdfTeX warning (ext4): destination with the same identifier (name{subsection.0.
0}) has been already used, duplicate ignored
<to be read again> 
                   \relax 
l.16 \subsection{System Challenges}
                                   
! Undefined control sequence.
<argument> \H@refstepcounter 
                             {subsection}\bool_lazy_and:nnT {\l__hyp_target_...
l.27 \subsection{State-Space Representation}
                                            

pdfTeX warning (ext4): destination with the same identifier (name{subsection.0.
0}) has been already used, duplicate ignored
<to be read again> 
                   \relax 
l.27 \subsection{State-Space Representation}
                                            
! Undefined control sequence.
<argument> \H@refstepcounter 
                             {equation}\bool_lazy_and:nnT {\l__hyp_target_cr...
l.29 \begin{equation}
                     
! Undefined control sequence.
<argument> \H@refstepcounter 
                             {equation}\bool_lazy_and:nnT {\l__hyp_target_cr...
l.35 \begin{equation}
                     
! Undefined control sequence.
<argument> \H@refstepcounter 
                             {subsection}\bool_lazy_and:nnT {\l__hyp_target_...
l.42 \subsection{Control Objectives}
                                    

pdfTeX warning (ext4): destination with the same identifier (name{subsection.0.
0}) has been already used, duplicate ignored
<to be read again> 
                   \relax 
l.42 \subsection{Control Objectives}
                                    
! Undefined control sequence.
<argument> \H@refstepcounter 
                             {\@listctr }\bool_lazy_and:nnT {\l__hyp_target_...
l.44 \item S
            tabilization: $\lim_{t \to \infty} [\theta_1(t), \theta_2(t)] = ...

! Undefined control sequence.
<argument> \H@refstepcounter 
                             {\@listctr }\bool_lazy_and:nnT {\l__hyp_target_...
l.45 \item C
            art regulation: $|x(t)| \leq x_{max}$
! Undefined control sequence.
<argument> \H@refstepcounter 
                             {\@listctr }\bool_lazy_and:nnT {\l__hyp_target_...
l.46 \item B
            ounded control effort: $|u(t)| \leq u_{max}$
) (report/section3_controllers.tex
! Undefined control sequence.
<argument> \H@refstepcounter 
                             {section}\bool_lazy_and:nnT {\l__hyp_target_cre...
l.1 \section{Sliding Mode Controller Design}
                                            

pdfTeX warning (ext4): destination with the same identifier (name{section.0}) h
as been already used, duplicate ignored
<to be read again> 
                   \relax 
l.1 \section{Sliding Mode Controller Design}
                                            
! Undefined control sequence.
<argument> \H@refstepcounter 
                             {subsection}\bool_lazy_and:nnT {\l__hyp_target_...
l.6 \subsection{Classical SMC}
                              

pdfTeX warning (ext4): destination with the same identifier (name{subsection.0.
0}) has been already used, duplicate ignored
<to be read again> 
                   \relax 
l.6 \subsection{Classical SMC}
                              
! Undefined control sequence.
<argument> \H@refstepcounter 
                             {equation}\bool_lazy_and:nnT {\l__hyp_target_cr...
l.8 \begin{equation}
                    
[10{C:/Program Files/MiKTeX/fonts/enc/dvips/lm/lm-mathit.enc}{C:/Program Files/
MiKTeX/fonts/enc/dvips/lm/lm-rm.enc}
pdfTeX warning (ext4): destination with the same identifier (name{equation.0.0}
) has been already used, duplicate ignored
<argument> ...shipout:D \box_use:N \l_shipout_box 
                                                  \__shipout_drop_firstpage_...
l.11 \end{equation}
                   ]
! Undefined control sequence.
<argument> \H@refstepcounter 
                             {equation}\bool_lazy_and:nnT {\l__hyp_target_cr...
l.16 \begin{equation}
                     

pdfTeX warning (ext4): destination with the same identifier (name{equation.0.0}
) has been already used, duplicate ignored
<to be read again> 
                   \relax 
l.16 \begin{equation}
                     
pdfTeX warning (ext4): destination with the same identifier (name{equation.0.0}
) has been already used, duplicate ignored
<to be read again> 
                   \relax 
l.16 \begin{equation}
                     
pdfTeX warning (ext4): destination with the same identifier (name{equation.0.0}
) has been already used, duplicate ignored
<to be read again> 
                   \relax 
l.16 \begin{equation}
                     
pdfTeX warning (ext4): destination with the same identifier (name{equation.0.0}
) has been already used, duplicate ignored
<to be read again> 
                   \relax 
l.16 \begin{equation}
                     
! Undefined control sequence.
<argument> \H@refstepcounter 
                             {equation}\bool_lazy_and:nnT {\l__hyp_target_cr...
l.24 \begin{equation}
                     

pdfTeX warning (ext4): destination with the same identifier (name{equation.0.0}
) has been already used, duplicate ignored
<to be read again> 
                   \relax 
l.24 \begin{equation}
                     
pdfTeX warning (ext4): destination with the same identifier (name{equation.0.0}
) has been already used, duplicate ignored
<to be read again> 
                   \relax 
l.24 \begin{equation}
                     
pdfTeX warning (ext4): destination with the same identifier (name{equation.0.0}
) has been already used, duplicate ignored
<to be read again> 
                   \relax 
l.24 \begin{equation}
                     
pdfTeX warning (ext4): destination with the same identifier (name{equation.0.0}
) has been already used, duplicate ignored
<to be read again> 
                   \relax 
l.24 \begin{equation}
                     
! Undefined control sequence.
<argument> \H@refstepcounter 
                             {subsection}\bool_lazy_and:nnT {\l__hyp_target_...
l.31 ...ection{Super-Twisting Algorithm (STA-SMC)}
                                                  

pdfTeX warning (ext4): destination with the same identifier (name{subsection.0.
0}) has been already used, duplicate ignored
<to be read again> 
                   \relax 
l.31 ...ection{Super-Twisting Algorithm (STA-SMC)}
                                                  
! Undefined control sequence.
<argument> \H@refstepcounter 
                             {equation}\bool_lazy_and:nnT {\l__hyp_target_cr...
l.33 \begin{equation}
                     

pdfTeX warning (ext4): destination with the same identifier (name{equation.0.0}
) has been already used, duplicate ignored
<to be read again> 
                   \relax 
l.33 \begin{equation}
                     
pdfTeX warning (ext4): destination with the same identifier (name{equation.0.0}
) has been already used, duplicate ignored
<to be read again> 
                   \relax 
l.33 \begin{equation}
                     
pdfTeX warning (ext4): destination with the same identifier (name{equation.0.0}
) has been already used, duplicate ignored
<to be read again> 
                   \relax 
l.33 \begin{equation}
                     
pdfTeX warning (ext4): destination with the same identifier (name{equation.0.0}
) has been already used, duplicate ignored
<to be read again> 
                   \relax 
l.33 \begin{equation}
                     
! Undefined control sequence.
<argument> \H@refstepcounter 
                             {equation}\bool_lazy_and:nnT {\l__hyp_target_cr...
l.41 \begin{equation}
                     

pdfTeX warning (ext4): destination with the same identifier (name{equation.0.0}
) has been already used, duplicate ignored
<to be read again> 
                   \relax 
l.41 \begin{equation}
                     
pdfTeX warning (ext4): destination with the same identifier (name{equation.0.0}
) has been already used, duplicate ignored
<to be read again> 
                   \relax 
l.41 \begin{equation}
                     
pdfTeX warning (ext4): destination with the same identifier (name{equation.0.0}
) has been already used, duplicate ignored
<to be read again> 
                   \relax 
l.41 \begin{equation}
                     
pdfTeX warning (ext4): destination with the same identifier (name{equation.0.0}
) has been already used, duplicate ignored
<to be read again> 
                   \relax 
l.41 \begin{equation}
                     
! Undefined control sequence.
<argument> \H@refstepcounter 
                             {subsection}\bool_lazy_and:nnT {\l__hyp_target_...
l.48 \subsection{Adaptive SMC}
                              

pdfTeX warning (ext4): destination with the same identifier (name{subsection.0.
0}) has been already used, duplicate ignored
<to be read again> 
                   \relax 
l.48 \subsection{Adaptive SMC}
                              
! Undefined control sequence.
<argument> \H@refstepcounter 
                             {equation}\bool_lazy_and:nnT {\l__hyp_target_cr...
l.50 \begin{equation}
                     

pdfTeX warning (ext4): destination with the same identifier (name{equation.0.0}
) has been already used, duplicate ignored
<to be read again> 
                   \relax 
l.50 \begin{equation}
                     
pdfTeX warning (ext4): destination with the same identifier (name{equation.0.0}
) has been already used, duplicate ignored
<to be read again> 
                   \relax 
l.50 \begin{equation}
                     
pdfTeX warning (ext4): destination with the same identifier (name{equation.0.0}
) has been already used, duplicate ignored
<to be read again> 
                   \relax 
l.50 \begin{equation}
                     
pdfTeX warning (ext4): destination with the same identifier (name{equation.0.0}
) has been already used, duplicate ignored
<to be read again> 
                   \relax 
l.50 \begin{equation}
                     
! Undefined control sequence.
<argument> \H@refstepcounter 
                             {equation}\bool_lazy_and:nnT {\l__hyp_target_cr...
l.58 \begin{equation}
                     

pdfTeX warning (ext4): destination with the same identifier (name{equation.0.0}
) has been already used, duplicate ignored
<to be read again> 
                   \relax 
l.58 \begin{equation}
                     
pdfTeX warning (ext4): destination with the same identifier (name{equation.0.0}
) has been already used, duplicate ignored
<to be read again> 
                   \relax 
l.58 \begin{equation}
                     
pdfTeX warning (ext4): destination with the same identifier (name{equation.0.0}
) has been already used, duplicate ignored
<to be read again> 
                   \relax 
l.58 \begin{equation}
                     
pdfTeX warning (ext4): destination with the same identifier (name{equation.0.0}
) has been already used, duplicate ignored
<to be read again> 
                   \relax 
l.58 \begin{equation}
                     
! Undefined control sequence.
<argument> \H@refstepcounter 
                             {subsection}\bool_lazy_and:nnT {\l__hyp_target_...
l.65 \subsection{Hybrid Adaptive STA-SMC}
                                         

pdfTeX warning (ext4): destination with the same identifier (name{subsection.0.
0}) has been already used, duplicate ignored
<to be read again> 
                   \relax 
l.65 \subsection{Hybrid Adaptive STA-SMC}
                                         
! Undefined control sequence.
<argument> \H@refstepcounter 
                             {equation}\bool_lazy_and:nnT {\l__hyp_target_cr...
l.67 \begin{equation}
                     

pdfTeX warning (ext4): destination with the same identifier (name{equation.0.0}
) has been already used, duplicate ignored
<to be read again> 
                   \relax 
l.67 \begin{equation}
                     
pdfTeX warning (ext4): destination with the same identifier (name{equation.0.0}
) has been already used, duplicate ignored
<to be read again> 
                   \relax 
l.67 \begin{equation}
                     
pdfTeX warning (ext4): destination with the same identifier (name{equation.0.0}
) has been already used, duplicate ignored
<to be read again> 
                   \relax 
l.67 \begin{equation}
                     
pdfTeX warning (ext4): destination with the same identifier (name{equation.0.0}
) has been already used, duplicate ignored
<to be read again> 
                   \relax 
l.67 \begin{equation}
                      [11
pdfTeX warning (ext4): destination with the same identifier (name{equation.0.0}
) has been already used, duplicate ignored
<argument> ...shipout:D \box_use:N \l_shipout_box 
                                                  \__shipout_drop_firstpage_...
l.70 \end{equation}
                   {C:/Program Files/MiKTeX/fonts/enc/dvips/lm/lm-mathex.enc}]
! Undefined control sequence.
<argument> \H@refstepcounter 
                             {equation}\bool_lazy_and:nnT {\l__hyp_target_cr...
l.73 \begin{equation}
                     

pdfTeX warning (ext4): destination with the same identifier (name{equation.0.0}
) has been already used, duplicate ignored
<to be read again> 
                   \relax 
l.73 \begin{equation}
                     
pdfTeX warning (ext4): destination with the same identifier (name{equation.0.0}
) has been already used, duplicate ignored
<to be read again> 
                   \relax 
l.73 \begin{equation}
                     
pdfTeX warning (ext4): destination with the same identifier (name{equation.0.0}
) has been already used, duplicate ignored
<to be read again> 
                   \relax 
l.73 \begin{equation}
                     
pdfTeX warning (ext4): destination with the same identifier (name{equation.0.0}
) has been already used, duplicate ignored
<to be read again> 
                   \relax 
l.73 \begin{equation}
                     ) (report/section4_pso.tex
! Undefined control sequence.
<argument> \H@refstepcounter 
                             {section}\bool_lazy_and:nnT {\l__hyp_target_cre...
l.1 \section{PSO-Based Gain Optimization}
                                         

pdfTeX warning (ext4): destination with the same identifier (name{section.0}) h
as been already used, duplicate ignored
<to be read again> 
                   \relax 
l.1 \section{PSO-Based Gain Optimization}
                                         
! Undefined control sequence.
<argument> \H@refstepcounter 
                             {subsection}\bool_lazy_and:nnT {\l__hyp_target_...
l.6 \subsection{Optimization Problem}
                                     

pdfTeX warning (ext4): destination with the same identifier (name{subsection.0.
0}) has been already used, duplicate ignored
<to be read again> 
                   \relax 
l.6 \subsection{Optimization Problem}
                                     
! Undefined control sequence.
<argument> \H@refstepcounter 
                             {equation}\bool_lazy_and:nnT {\l__hyp_target_cr...
l.8 \begin{equation}
                    

pdfTeX warning (ext4): destination with the same identifier (name{equation.0.0}
) has been already used, duplicate ignored
<to be read again> 
                   \relax 
l.8 \begin{equation}
                    
pdfTeX warning (ext4): destination with the same identifier (name{equation.0.0}
) has been already used, duplicate ignored
<to be read again> 
                   \relax 
l.8 \begin{equation}
                    
pdfTeX warning (ext4): destination with the same identifier (name{equation.0.0}
) has been already used, duplicate ignored
<to be read again> 
                   \relax 
l.8 \begin{equation}
                    
pdfTeX warning (ext4): destination with the same identifier (name{equation.0.0}
) has been already used, duplicate ignored
<to be read again> 
                   \relax 
l.8 \begin{equation}
                    
! Undefined control sequence.
<argument> \H@refstepcounter 
                             {subsection}\bool_lazy_and:nnT {\l__hyp_target_...
l.15 \subsection{PSO Algorithm}
                               

pdfTeX warning (ext4): destination with the same identifier (name{subsection.0.
0}) has been already used, duplicate ignored
<to be read again> 
                   \relax 
l.15 \subsection{PSO Algorithm}
                               
! Undefined control sequence.
<argument> \H@refstepcounter 
                             {equation}\bool_lazy_and:nnT {\l__hyp_target_cr...
l.23 \end{align}
                

pdfTeX warning (ext4): destination with the same identifier (name{equation.0.0}
) has been already used, duplicate ignored
<to be read again> 
                   \relax 
l.23 \end{align}
                
! Undefined control sequence.
<argument> \H@refstepcounter 
                             {equation}\bool_lazy_and:nnT {\l__hyp_target_cr...
l.23 \end{align}
                

pdfTeX warning (ext4): destination with the same identifier (name{equation.0.0}
) has been already used, duplicate ignored
<to be read again> 
                   \relax 
l.23 \end{align}
                
! Undefined control sequence.
<argument> \H@refstepcounter 
                             {subsection}\bool_lazy_and:nnT {\l__hyp_target_...
l.38 \subsection{Implementation}
                                

pdfTeX warning (ext4): destination with the same identifier (name{subsection.0.
0}) has been already used, duplicate ignored
<to be read again> 
                   \relax 
l.38 \subsection{Implementation}
                                 [12]
! Undefined control sequence.
<argument> \H@refstepcounter 
                             {subsection}\bool_lazy_and:nnT {\l__hyp_target_...
l.49 \subsection{Optimization Results}
                                      

pdfTeX warning (ext4): destination with the same identifier (name{subsection.0.
0}) has been already used, duplicate ignored
<to be read again> 
                   \relax 
l.49 \subsection{Optimization Results}
                                      

Package caption Warning: \label without proper reference on input line 29.
See the caption package documentation for explanation.


LaTeX Warning: Reference `fig:pso_convergence' on page 13 undefined on input li
ne 58.


Package hyperref Warning: Suppressing empty link on input line 58.

) (report/section5_results.tex
! Undefined control sequence.
<argument> \H@refstepcounter 
                             {section}\bool_lazy_and:nnT {\l__hyp_target_cre...
l.1 ...imulation Results and Performance Analysis}
                                                  

pdfTeX warning (ext4): destination with the same identifier (name{section.0}) h
as been already used, duplicate ignored
<to be read again> 
                   \relax 
l.1 ...imulation Results and Performance Analysis}
                                                  
Overfull \hbox (11.01549pt too wide) in paragraph at lines 1--1
[]\T1/lmr/m/n/12 section[][]\T1/lmr/bx/n/17.28 Simulation Re-sults and Per-for-
mance Anal-
! Undefined control sequence.
<argument> \H@refstepcounter 
                             {subsection}\bool_lazy_and:nnT {\l__hyp_target_...
l.6 \subsection{Baseline Comparison}
                                    

pdfTeX warning (ext4): destination with the same identifier (name{subsection.0.
0}) has been already used, duplicate ignored
<to be read again> 
                   \relax 
l.6 \subsection{Baseline Comparison}
                                    

Package caption Warning: \label without proper reference on input line 7.
See the caption package documentation for explanation.


LaTeX Warning: Reference `tab:baseline' on page 13 undefined on input line 9.

(tables/baseline.tex
! Undefined control sequence.
\caption@refstepcounter@ ->\H@refstepcounter 
                                             
l.6 \caption{
             Baseline Performance Comparison}

Overfull \hbox (407.64606pt too wide) in paragraph at lines 8--21
 [][] 
)

Package caption Warning: \label without proper reference on input line 19.
See the caption package documentation for explanation.


LaTeX Warning: Reference `fig:settling_time' on page 13 undefined on input line
 13.

! Undefined control sequence.
\caption@refstepcounter@ ->\H@refstepcounter 
                                             
l.18 \caption{
              Settling time comparison for all controllers}
! Undefined control sequence.
<argument> \H@refstepcounter 
                             {subsection}\bool_lazy_and:nnT {\l__hyp_target_...
l.22 \subsection{PSO-Optimized Performance}
                                           

pdfTeX warning (ext4): destination with the same identifier (name{subsection.0.
0}) has been already used, duplicate ignored
<to be read again> 
                   \relax 
l.22 \subsection{PSO-Optimized Performance}
                                           

Package caption Warning: \label without proper reference on input line 29.
See the caption package documentation for explanation.


LaTeX Warning: Reference `fig:pso_convergence' on page 13 undefined on input li
ne 23.

! Undefined control sequence.
\caption@refstepcounter@ ->\H@refstepcounter 
                                             
l.28 \caption{
              PSO cost function convergence over iterations}

Package caption Warning: \label without proper reference on input line 38.
See the caption package documentation for explanation.


LaTeX Warning: Reference `fig:overshoot' on page 13 undefined on input line 32.



Package caption Warning: \label without proper reference on input line 45.
See the caption package documentation for explanation.


LaTeX Warning: Reference `fig:energy' on page 13 undefined on input line 32.

! Undefined control sequence.
\caption@refstepcounter@ ->\H@refstepcounter 
                                             
l.37 \caption{
              Overshoot comparison across controllers}
! Undefined control sequence.
\caption@refstepcounter@ ->\H@refstepcounter 
                                             
l.44 \caption{
              Total energy consumption comparison}
[13] [14 <./figures/fig_settling_time_comparison.pdf>] [15 <./figures/fig_pso_c
onvergence.pdf> <./figures/fig_overshoot_comparison.pdf>]

Package caption Warning: \label without proper reference on input line 59.
See the caption package documentation for explanation.


LaTeX Warning: Reference `fig:chattering' on page 16 undefined on input line 53
.

! Undefined control sequence.
\caption@refstepcounter@ ->\H@refstepcounter 
                                             
l.58 \caption{
              Chattering amplitude comparison}
! Undefined control sequence.
<argument> \H@refstepcounter 
                             {subsection}\bool_lazy_and:nnT {\l__hyp_target_...
l.62 \subsection{Robustness Analysis}
                                     

pdfTeX warning (ext4): destination with the same identifier (name{subsection.0.
0}) has been already used, duplicate ignored
<to be read again> 
                   \relax 
l.62 \subsection{Robustness Analysis}
                                     

Package caption Warning: \label without proper reference on input line 83.
See the caption package documentation for explanation.


LaTeX Warning: Reference `fig:robustness' on page 16 undefined on input line 72
.


Package caption Warning: \label without proper reference on input line 83.
See the caption package documentation for explanation.


LaTeX Warning: Reference `fig:robustness' on page 16 undefined on input line 77
.


Package caption Warning: \label without proper reference on input line 90.
See the caption package documentation for explanation.


LaTeX Warning: Reference `fig:radar' on page 16 undefined on input line 77.

[16 <./figures/fig_energy_consumption.pdf>]
! Undefined control sequence.
\caption@refstepcounter@ ->\H@refstepcounter 
                                             
l.82 \caption{
              Robustness comparison under model uncertainty}
! Undefined control sequence.
\caption@refstepcounter@ ->\H@refstepcounter 
                                             
l.89 \caption{
              Multi-metric performance radar chart}
! Undefined control sequence.
<argument> \H@refstepcounter 
                             {subsection}\bool_lazy_and:nnT {\l__hyp_target_...
l.93 \subsection{Time-Domain Analysis}
                                      

pdfTeX warning (ext4): destination with the same identifier (name{subsection.0.
0}) has been already used, duplicate ignored
<to be read again> 
                   \relax 
l.93 \subsection{Time-Domain Analysis}
                                      

Package caption Warning: \label without proper reference on input line 100.
See the caption package documentation for explanation.


LaTeX Warning: Reference `fig:timeseries' on page 17 undefined on input line 94
.

! Undefined control sequence.
\caption@refstepcounter@ ->\H@refstepcounter 
                                             
l.99 \caption{
              Time-domain response comparison}
! Undefined control sequence.
<argument> \H@refstepcounter 
                             {subsection}\bool_lazy_and:nnT {\l__hyp_target_...
l.103 \subsection{Computational Efficiency}
                                           

pdfTeX warning (ext4): destination with the same identifier (name{subsection.0.
0}) has been already used, duplicate ignored
<to be read again> 
                   \relax 
l.103 \subsection{Computational Efficiency}
                                           ) (report/section6_conclusion.tex
! Undefined control sequence.
<argument> \H@refstepcounter 
                             {section}\bool_lazy_and:nnT {\l__hyp_target_cre...
l.1 \section{Conclusion and Future Work}
                                        

pdfTeX warning (ext4): destination with the same identifier (name{section.0}) h
as been already used, duplicate ignored
<to be read again> 
                   \relax 
l.1 \section{Conclusion and Future Work}
                                        
! Undefined control sequence.
<argument> \H@refstepcounter 
                             {subsection}\bool_lazy_and:nnT {\l__hyp_target_...
l.4 \subsection{Summary}
                        

pdfTeX warning (ext4): destination with the same identifier (name{subsection.0.
0}) has been already used, duplicate ignored
<to be read again> 
                   \relax 
l.4 \subsection{Summary}
                        
! Undefined control sequence.
<argument> \H@refstepcounter 
                             {subsection}\bool_lazy_and:nnT {\l__hyp_target_...
l.15 \subsection{Contributions}
                               

pdfTeX warning (ext4): destination with the same identifier (name{subsection.0.
0}) has been already used, duplicate ignored
<to be read again> 
                   \relax 
l.15 \subsection{Contributions}
                               
! Undefined control sequence.
<argument> \H@refstepcounter 
                             {\@listctr }\bool_lazy_and:nnT {\l__hyp_target_...
l.17 \item I
            mplemented and benchmarked 7 SMC variants
[17 <./figures/fig_chattering_amplitude.pdf>] [18 <./figures/fig_robustness_com
parison.pdf> <./figures/fig_performance_radar.pdf>]
! Undefined control sequence.
<argument> \H@refstepcounter 
                             {\@listctr }\bool_lazy_and:nnT {\l__hyp_target_...
l.18 \item D
            eveloped PSO-based automatic gain tuning framework
! Undefined control sequence.
<argument> \H@refstepcounter 
                             {\@listctr }\bool_lazy_and:nnT {\l__hyp_target_...
l.19 \item V
            alidated robustness under realistic uncertainty conditions
! Undefined control sequence.
<argument> \H@refstepcounter 
                             {\@listctr }\bool_lazy_and:nnT {\l__hyp_target_...
l.20 \item P
            rovided open-source implementation for reproducibility
! Undefined control sequence.
<argument> \H@refstepcounter 
                             {subsection}\bool_lazy_and:nnT {\l__hyp_target_...
l.23 \subsection{Limitations}
                             

pdfTeX warning (ext4): destination with the same identifier (name{subsection.0.
0}) has been already used, duplicate ignored
<to be read again> 
                   \relax 
l.23 \subsection{Limitations}
                             
! Undefined control sequence.
<argument> \H@refstepcounter 
                             {subsection}\bool_lazy_and:nnT {\l__hyp_target_...
l.38 \subsection{Practical Considerations}
                                          

pdfTeX warning (ext4): destination with the same identifier (name{subsection.0.
0}) has been already used, duplicate ignored
<to be read again> 
                   \relax 
l.38 \subsection{Practical Considerations}
                                           [19 <./figures/fig_time_series_respo
nse.pdf>]
! Undefined control sequence.
<argument> \H@refstepcounter 
                             {subsection}\bool_lazy_and:nnT {\l__hyp_target_...
l.63 \subsection{Future Work}
                             

pdfTeX warning (ext4): destination with the same identifier (name{subsection.0.
0}) has been already used, duplicate ignored
<to be read again> 
                   \relax 
l.63 \subsection{Future Work}
                             ) (main.bbl [20]) (report/appendix_code.tex
! Undefined control sequence.
<argument> \H@refstepcounter 
                             {section}\bool_lazy_and:nnT {\l__hyp_target_cre...
l.1 \section{Controller Implementation}
                                       
! Undefined control sequence.
<argument> \H@refstepcounter 
                             {subsection}\bool_lazy_and:nnT {\l__hyp_target_...
l.4 \subsection{Classical SMC Implementation}
                                             
(C:\Program Files\MiKTeX\tex/latex/listings\lstlang1.sty)
! Undefined control sequence.
<argument> \H@refstepcounter 
                             {lstlisting}\bool_lazy_and:nnT {\l__hyp_target_...
l.5 ...e=Python, caption=Classical SMC Controller]
                                                  
(C:\Program Files\MiKTeX\tex/latex/lm\t1lmtt.fd)
! Undefined control sequence.
<argument> \H@refstepcounter 
                             {lstnumber}\bool_lazy_and:nnT {\l__hyp_target_c...
l.6 def 
        compute_control(self, state, last_control, history):
! Undefined control sequence.
<argument> \H@refstepcounter 
                             {lstnumber}\bool_lazy_and:nnT {\l__hyp_target_c...
l.7     """
           Classical SMC control computation."""
! Undefined control sequence.
<argument> \H@refstepcounter 
                             {lstnumber}\bool_lazy_and:nnT {\l__hyp_target_c...
l.8     s 
          = self.compute_sliding_variable(state)
! Undefined control sequence.
<argument> \H@refstepcounter 
                             {lstnumber}\bool_lazy_and:nnT {\l__hyp_target_c...
l.9     u 
          = -self.gains * np.sign(s)
! Undefined control sequence.
<argument> \H@refstepcounter 
                             {lstnumber}\bool_lazy_and:nnT {\l__hyp_target_c...
l.10     return 
                self.saturate(u)
! Undefined control sequence.
<argument> \H@refstepcounter 
                             {subsection}\bool_lazy_and:nnT {\l__hyp_target_...
l.13 \subsection{PSO Optimization}
                                  
! Undefined control sequence.
<argument> \H@refstepcounter 
                             {lstlisting}\bool_lazy_and:nnT {\l__hyp_target_...
l.14 ...[language=Python, caption=PSO Gain Tuning]
                                                  
! Undefined control sequence.
<argument> \H@refstepcounter 
                             {lstnumber}\bool_lazy_and:nnT {\l__hyp_target_c...
l.15 optimizer 
               = PSOTuner(
! Undefined control sequence.
<argument> \H@refstepcounter 
                             {lstnumber}\bool_lazy_and:nnT {\l__hyp_target_c...
l.16     bounds=
                gain_bounds,
! Undefined control sequence.
<argument> \H@refstepcounter 
                             {lstnumber}\bool_lazy_and:nnT {\l__hyp_target_c...
l.17     swarm_size=
                    30,
! Undefined control sequence.
<argument> \H@refstepcounter 
                             {lstnumber}\bool_lazy_and:nnT {\l__hyp_target_c...
l.18     max_iter=
                  100,
! Undefined control sequence.
<argument> \H@refstepcounter 
                             {lstnumber}\bool_lazy_and:nnT {\l__hyp_target_c...
l.19     cost_function=
                       evaluate_performance
! Undefined control sequence.
<argument> \H@refstepcounter 
                             {lstnumber}\bool_lazy_and:nnT {\l__hyp_target_c...
l.20 )
      
! Undefined control sequence.
<argument> \H@refstepcounter 
                             {lstnumber}\bool_lazy_and:nnT {\l__hyp_target_c...
l.21 optimal_gains,
                    best_cost = optimizer.optimize()
) (report/appendix_b_lyapunov.tex
! Undefined control sequence.
<argument> \H@refstepcounter 
                             {section}\bool_lazy_and:nnT {\l__hyp_target_cre...
l.1 \section{Lyapunov Stability Proofs}
                                       

Package hyperref Warning: Suppressing empty link on input line 4.

! Undefined control sequence.
<argument> \H@refstepcounter 
                             {subsection}\bool_lazy_and:nnT {\l__hyp_target_...
l.8 \subsection{Classical SMC Stability Proof}
                                              
! Undefined control sequence.
<argument> \H@refstepcounter 
                             {equation}\bool_lazy_and:nnT {\l__hyp_target_cr...
l.12 \begin{equation}
                     
[21
pdfTeX warning (ext4): destination with the same identifier (name{lstnumber.0.0
}) has been already used, duplicate ignored
<argument> ...shipout:D \box_use:N \l_shipout_box 
                                                  \__shipout_drop_firstpage_...
l.14 \end{equation}
                   
pdfTeX warning (ext4): destination with the same identifier (name{lstnumber.0.0
}) has been already used, duplicate ignored
<argument> ...shipout:D \box_use:N \l_shipout_box 
                                                  \__shipout_drop_firstpage_...
l.14 \end{equation}
                   
pdfTeX warning (ext4): destination with the same identifier (name{lstnumber.0.0
}) has been already used, duplicate ignored
<argument> ...shipout:D \box_use:N \l_shipout_box 
                                                  \__shipout_drop_firstpage_...
l.14 \end{equation}
                   
pdfTeX warning (ext4): destination with the same identifier (name{lstnumber.0.0
}) has been already used, duplicate ignored
<argument> ...shipout:D \box_use:N \l_shipout_box 
                                                  \__shipout_drop_firstpage_...
l.14 \end{equation}
                   
pdfTeX warning (ext4): destination with the same identifier (name{subsection.Al
ph0.0}) has been already used, duplicate ignored
<argument> ...shipout:D \box_use:N \l_shipout_box 
                                                  \__shipout_drop_firstpage_...
l.14 \end{equation}
                   
pdfTeX warning (ext4): destination with the same identifier (name{lstlisting.0}
) has been already used, duplicate ignored
<argument> ...shipout:D \box_use:N \l_shipout_box 
                                                  \__shipout_drop_firstpage_...
l.14 \end{equation}
                   
pdfTeX warning (ext4): destination with the same identifier (name{lstnumber.0.0
}) has been already used, duplicate ignored
<argument> ...shipout:D \box_use:N \l_shipout_box 
                                                  \__shipout_drop_firstpage_...
l.14 \end{equation}
                   
pdfTeX warning (ext4): destination with the same identifier (name{lstnumber.0.0
}) has been already used, duplicate ignored
<argument> ...shipout:D \box_use:N \l_shipout_box 
                                                  \__shipout_drop_firstpage_...
l.14 \end{equation}
                   
pdfTeX warning (ext4): destination with the same identifier (name{lstnumber.0.0
}) has been already used, duplicate ignored
<argument> ...shipout:D \box_use:N \l_shipout_box 
                                                  \__shipout_drop_firstpage_...
l.14 \end{equation}
                   
pdfTeX warning (ext4): destination with the same identifier (name{lstnumber.0.0
}) has been already used, duplicate ignored
<argument> ...shipout:D \box_use:N \l_shipout_box 
                                                  \__shipout_drop_firstpage_...
l.14 \end{equation}
                   
pdfTeX warning (ext4): destination with the same identifier (name{lstnumber.0.0
}) has been already used, duplicate ignored
<argument> ...shipout:D \box_use:N \l_shipout_box 
                                                  \__shipout_drop_firstpage_...
l.14 \end{equation}
                   
pdfTeX warning (ext4): destination with the same identifier (name{lstnumber.0.0
}) has been already used, duplicate ignored
<argument> ...shipout:D \box_use:N \l_shipout_box 
                                                  \__shipout_drop_firstpage_...
l.14 \end{equation}
                   
pdfTeX warning (ext4): destination with the same identifier (name{lstnumber.0.0
}) has been already used, duplicate ignored
<argument> ...shipout:D \box_use:N \l_shipout_box 
                                                  \__shipout_drop_firstpage_...
l.14 \end{equation}
                   
pdfTeX warning (ext4): destination with the same identifier (name{appendix.Alph
0}) has been already used, duplicate ignored
<argument> ...shipout:D \box_use:N \l_shipout_box 
                                                  \__shipout_drop_firstpage_...
l.14 \end{equation}
                   ]
! Undefined control sequence.
<argument> \H@refstepcounter 
                             {equation}\bool_lazy_and:nnT {\l__hyp_target_cr...
l.16 \begin{equation}
                     
! Undefined control sequence.
<argument> \H@refstepcounter 
                             {\@listctr }\bool_lazy_and:nnT {\l__hyp_target_...
l.21 \item F
            inite-time convergence to the sliding surface $\{s=0\}$
! Undefined control sequence.
<argument> \H@refstepcounter 
                             {\@listctr }\bool_lazy_and:nnT {\l__hyp_target_...
l.22 \item E
            xponential convergence on the sliding surface
! Undefined control sequence.
<argument> \H@refstepcounter 
                             {equation}\bool_lazy_and:nnT {\l__hyp_target_cr...
l.32 \begin{equation}
                     
! Undefined control sequence.
<argument> \H@refstepcounter 
                             {equation}\bool_lazy_and:nnT {\l__hyp_target_cr...
l.37 \begin{equation}
                     
! Undefined control sequence.
<argument> \H@refstepcounter 
                             {equation}\bool_lazy_and:nnT {\l__hyp_target_cr...
l.47 \end{align}
                
! Undefined control sequence.
<argument> \H@refstepcounter 
                             {equation}\bool_lazy_and:nnT {\l__hyp_target_cr...
l.47 \end{align}
                
! Undefined control sequence.
<argument> \H@refstepcounter 
                             {equation}\bool_lazy_and:nnT {\l__hyp_target_cr...
l.50 \begin{equation}
                     
! Undefined control sequence.
<argument> \H@refstepcounter 
                             {equation}\bool_lazy_and:nnT {\l__hyp_target_cr...
l.56 \begin{equation}
                     
! Undefined control sequence.
<argument> \H@refstepcounter 
                             {subsection}\bool_lazy_and:nnT {\l__hyp_target_...
l.62 ...-Twisting Algorithm (STA) Stability Proof}
                                                  

pdfTeX warning (ext4): destination with the same identifier (name{subsection.Al
ph0.0}) has been already used, duplicate ignored
<to be read again> 
                   \relax 
l.62 ...-Twisting Algorithm (STA) Stability Proof}
                                                  
Overfull \hbox (10.25969pt too wide) in paragraph at lines 62--62
[]\T1/lmr/m/n/12 subsection[][]\T1/lmr/bx/n/14.4 Super-Twisting Al-go-rithm (ST
A) Sta-bil-ity Proof 
! Undefined control sequence.
<argument> \H@refstepcounter 
                             {equation}\bool_lazy_and:nnT {\l__hyp_target_cr...
l.69 \end{align}
                
! Undefined control sequence.
<argument> \H@refstepcounter 
                             {equation}\bool_lazy_and:nnT {\l__hyp_target_cr...
l.69 \end{align}
                
! Undefined control sequence.
<argument> \H@refstepcounter 
                             {\@listctr }\bool_lazy_and:nnT {\l__hyp_target_...
l.72 \item $
            |\ddot{s}| \leq L$ (Lipschitz disturbance)
! Undefined control sequence.
<argument> \H@refstepcounter 
                             {\@listctr }\bool_lazy_and:nnT {\l__hyp_target_...
l.73 \item $
            K_1 > 2\sqrt{2L/\beta}$
! Undefined control sequence.
<argument> \H@refstepcounter 
                             {\@listctr }\bool_lazy_and:nnT {\l__hyp_target_...
l.74 \item $
            K_2 > L/\beta$
[22
pdfTeX warning (ext4): destination with the same identifier (name{subsection.Al
ph0.0}) has been already used, duplicate ignored
<argument> ...shipout:D \box_use:N \l_shipout_box 
                                                  \__shipout_drop_firstpage_...
l.78 \textbf{Proof:}
                    
pdfTeX warning (ext4): destination with the same identifier (name{equation.Alph
0.0}) has been already used, duplicate ignored
<argument> ...shipout:D \box_use:N \l_shipout_box 
                                                  \__shipout_drop_firstpage_...
l.78 \textbf{Proof:}
                    
pdfTeX warning (ext4): destination with the same identifier (name{equation.Alph
0.0}) has been already used, duplicate ignored
<argument> ...shipout:D \box_use:N \l_shipout_box 
                                                  \__shipout_drop_firstpage_...
l.78 \textbf{Proof:}
                    
pdfTeX warning (ext4): destination with the same identifier (name{equation.Alph
0.0}) has been already used, duplicate ignored
<argument> ...shipout:D \box_use:N \l_shipout_box 
                                                  \__shipout_drop_firstpage_...
l.78 \textbf{Proof:}
                    
pdfTeX warning (ext4): destination with the same identifier (name{equation.Alph
0.0}) has been already used, duplicate ignored
<argument> ...shipout:D \box_use:N \l_shipout_box 
                                                  \__shipout_drop_firstpage_...
l.78 \textbf{Proof:}
                    
pdfTeX warning (ext4): destination with the same identifier (name{equation.Alph
0.0}) has been already used, duplicate ignored
<argument> ...shipout:D \box_use:N \l_shipout_box 
                                                  \__shipout_drop_firstpage_...
l.78 \textbf{Proof:}
                    
pdfTeX warning (ext4): destination with the same identifier (name{equation.Alph
0.0}) has been already used, duplicate ignored
<argument> ...shipout:D \box_use:N \l_shipout_box 
                                                  \__shipout_drop_firstpage_...
l.78 \textbf{Proof:}
                    
pdfTeX warning (ext4): destination with the same identifier (name{equation.Alph
0.0}) has been already used, duplicate ignored
<argument> ...shipout:D \box_use:N \l_shipout_box 
                                                  \__shipout_drop_firstpage_...
l.78 \textbf{Proof:}
                    ]
! Undefined control sequence.
<argument> \H@refstepcounter 
                             {equation}\bool_lazy_and:nnT {\l__hyp_target_cr...
l.82 \begin{equation}
                     

pdfTeX warning (ext4): destination with the same identifier (name{equation.Alph
0.0}) has been already used, duplicate ignored
<to be read again> 
                   \relax 
l.82 \begin{equation}
                     
pdfTeX warning (ext4): destination with the same identifier (name{equation.Alph
0.0}) has been already used, duplicate ignored
<to be read again> 
                   \relax 
l.82 \begin{equation}
                     
pdfTeX warning (ext4): destination with the same identifier (name{equation.Alph
0.0}) has been already used, duplicate ignored
<to be read again> 
                   \relax 
l.82 \begin{equation}
                     
pdfTeX warning (ext4): destination with the same identifier (name{equation.Alph
0.0}) has been already used, duplicate ignored
<to be read again> 
                   \relax 
l.82 \begin{equation}
                     
! Undefined control sequence.
<argument> \H@refstepcounter 
                             {equation}\bool_lazy_and:nnT {\l__hyp_target_cr...
l.89 \begin{equation}
                     

pdfTeX warning (ext4): destination with the same identifier (name{equation.Alph
0.0}) has been already used, duplicate ignored
<to be read again> 
                   \relax 
l.89 \begin{equation}
                     
pdfTeX warning (ext4): destination with the same identifier (name{equation.Alph
0.0}) has been already used, duplicate ignored
<to be read again> 
                   \relax 
l.89 \begin{equation}
                     
pdfTeX warning (ext4): destination with the same identifier (name{equation.Alph
0.0}) has been already used, duplicate ignored
<to be read again> 
                   \relax 
l.89 \begin{equation}
                     
pdfTeX warning (ext4): destination with the same identifier (name{equation.Alph
0.0}) has been already used, duplicate ignored
<to be read again> 
                   \relax 
l.89 \begin{equation}
                     

Package natbib Warning: Citation `Levant2007' on page 23 undefined on input lin
e 93.

! Undefined control sequence.
<argument> \H@refstepcounter 
                             {equation}\bool_lazy_and:nnT {\l__hyp_target_cr...
l.94 \begin{equation}
                     

pdfTeX warning (ext4): destination with the same identifier (name{equation.Alph
0.0}) has been already used, duplicate ignored
<to be read again> 
                   \relax 
l.94 \begin{equation}
                     
pdfTeX warning (ext4): destination with the same identifier (name{equation.Alph
0.0}) has been already used, duplicate ignored
<to be read again> 
                   \relax 
l.94 \begin{equation}
                     
pdfTeX warning (ext4): destination with the same identifier (name{equation.Alph
0.0}) has been already used, duplicate ignored
<to be read again> 
                   \relax 
l.94 \begin{equation}
                     
pdfTeX warning (ext4): destination with the same identifier (name{equation.Alph
0.0}) has been already used, duplicate ignored
<to be read again> 
                   \relax 
l.94 \begin{equation}
                     
! Undefined control sequence.
<argument> \H@refstepcounter 
                             {equation}\bool_lazy_and:nnT {\l__hyp_target_cr...
l.101 \begin{equation}
                      

pdfTeX warning (ext4): destination with the same identifier (name{equation.Alph
0.0}) has been already used, duplicate ignored
<to be read again> 
                   \relax 
l.101 \begin{equation}
                      
pdfTeX warning (ext4): destination with the same identifier (name{equation.Alph
0.0}) has been already used, duplicate ignored
<to be read again> 
                   \relax 
l.101 \begin{equation}
                      
pdfTeX warning (ext4): destination with the same identifier (name{equation.Alph
0.0}) has been already used, duplicate ignored
<to be read again> 
                   \relax 
l.101 \begin{equation}
                      
pdfTeX warning (ext4): destination with the same identifier (name{equation.Alph
0.0}) has been already used, duplicate ignored
<to be read again> 
                   \relax 
l.101 \begin{equation}
                      
! Undefined control sequence.
<argument> \H@refstepcounter 
                             {subsection}\bool_lazy_and:nnT {\l__hyp_target_...
l.107 \subsection{Adaptive SMC Stability Proof}
                                               

pdfTeX warning (ext4): destination with the same identifier (name{subsection.Al
ph0.0}) has been already used, duplicate ignored
<to be read again> 
                   \relax 
l.107 \subsection{Adaptive SMC Stability Proof}
                                               
! Undefined control sequence.
<argument> \H@refstepcounter 
                             {equation}\bool_lazy_and:nnT {\l__hyp_target_cr...
l.111 \begin{equation}
                      

pdfTeX warning (ext4): destination with the same identifier (name{equation.Alph
0.0}) has been already used, duplicate ignored
<to be read again> 
                   \relax 
l.111 \begin{equation}
                      
pdfTeX warning (ext4): destination with the same identifier (name{equation.Alph
0.0}) has been already used, duplicate ignored
<to be read again> 
                   \relax 
l.111 \begin{equation}
                      
pdfTeX warning (ext4): destination with the same identifier (name{equation.Alph
0.0}) has been already used, duplicate ignored
<to be read again> 
                   \relax 
l.111 \begin{equation}
                      
pdfTeX warning (ext4): destination with the same identifier (name{equation.Alph
0.0}) has been already used, duplicate ignored
<to be read again> 
                   \relax 
l.111 \begin{equation}
                      
! Undefined control sequence.
<argument> \H@refstepcounter 
                             {equation}\bool_lazy_and:nnT {\l__hyp_target_cr...
l.115 \begin{equation}
                      

pdfTeX warning (ext4): destination with the same identifier (name{equation.Alph
0.0}) has been already used, duplicate ignored
<to be read again> 
                   \relax 
l.115 \begin{equation}
                      
pdfTeX warning (ext4): destination with the same identifier (name{equation.Alph
0.0}) has been already used, duplicate ignored
<to be read again> 
                   \relax 
l.115 \begin{equation}
                      
pdfTeX warning (ext4): destination with the same identifier (name{equation.Alph
0.0}) has been already used, duplicate ignored
<to be read again> 
                   \relax 
l.115 \begin{equation}
                      
pdfTeX warning (ext4): destination with the same identifier (name{equation.Alph
0.0}) has been already used, duplicate ignored
<to be read again> 
                   \relax 
l.115 \begin{equation}
                      
! Undefined control sequence.
<argument> \H@refstepcounter 
                             {\@listctr }\bool_lazy_and:nnT {\l__hyp_target_...
l.120 \item T
             he sliding variable $s(t)$ converges to zero asymptotically
! Undefined control sequence.
<argument> \H@refstepcounter 
                             {\@listctr }\bool_lazy_and:nnT {\l__hyp_target_...
l.121 \item T
             he adaptive gain $K(t)$ remains bounded
[23
pdfTeX warning (ext4): destination with the same identifier (name{equation.Alph
0.0}) has been already used, duplicate ignored
<argument> ...shipout:D \box_use:N \l_shipout_box 
                                                  \__shipout_drop_firstpage_...
l.126 ...tit{Step 1: Augmented Lyapunov function.}
                                                  
pdfTeX warning (ext4): destination with the same identifier (name{equation.Alph
0.0}) has been already used, duplicate ignored
<argument> ...shipout:D \box_use:N \l_shipout_box 
                                                  \__shipout_drop_firstpage_...
l.126 ...tit{Step 1: Augmented Lyapunov function.}
                                                  ]
! Undefined control sequence.
<argument> \H@refstepcounter 
                             {equation}\bool_lazy_and:nnT {\l__hyp_target_cr...
l.128 \begin{equation}
                      

pdfTeX warning (ext4): destination with the same identifier (name{equation.Alph
0.0}) has been already used, duplicate ignored
<to be read again> 
                   \relax 
l.128 \begin{equation}
                      
pdfTeX warning (ext4): destination with the same identifier (name{equation.Alph
0.0}) has been already used, duplicate ignored
<to be read again> 
                   \relax 
l.128 \begin{equation}
                      
pdfTeX warning (ext4): destination with the same identifier (name{equation.Alph
0.0}) has been already used, duplicate ignored
<to be read again> 
                   \relax 
l.128 \begin{equation}
                      
pdfTeX warning (ext4): destination with the same identifier (name{equation.Alph
0.0}) has been already used, duplicate ignored
<to be read again> 
                   \relax 
l.128 \begin{equation}
                      
! Undefined control sequence.
<argument> \H@refstepcounter 
                             {equation}\bool_lazy_and:nnT {\l__hyp_target_cr...
l.135 \begin{equation}
                      

pdfTeX warning (ext4): destination with the same identifier (name{equation.Alph
0.0}) has been already used, duplicate ignored
<to be read again> 
                   \relax 
l.135 \begin{equation}
                      
pdfTeX warning (ext4): destination with the same identifier (name{equation.Alph
0.0}) has been already used, duplicate ignored
<to be read again> 
                   \relax 
l.135 \begin{equation}
                      
pdfTeX warning (ext4): destination with the same identifier (name{equation.Alph
0.0}) has been already used, duplicate ignored
<to be read again> 
                   \relax 
l.135 \begin{equation}
                      
pdfTeX warning (ext4): destination with the same identifier (name{equation.Alph
0.0}) has been already used, duplicate ignored
<to be read again> 
                   \relax 
l.135 \begin{equation}
                      
! Undefined control sequence.
<argument> \H@refstepcounter 
                             {equation}\bool_lazy_and:nnT {\l__hyp_target_cr...
l.140 \begin{equation}
                      

pdfTeX warning (ext4): destination with the same identifier (name{equation.Alph
0.0}) has been already used, duplicate ignored
<to be read again> 
                   \relax 
l.140 \begin{equation}
                      
pdfTeX warning (ext4): destination with the same identifier (name{equation.Alph
0.0}) has been already used, duplicate ignored
<to be read again> 
                   \relax 
l.140 \begin{equation}
                      
pdfTeX warning (ext4): destination with the same identifier (name{equation.Alph
0.0}) has been already used, duplicate ignored
<to be read again> 
                   \relax 
l.140 \begin{equation}
                      
pdfTeX warning (ext4): destination with the same identifier (name{equation.Alph
0.0}) has been already used, duplicate ignored
<to be read again> 
                   \relax 
l.140 \begin{equation}
                      
! Undefined control sequence.
<argument> \H@refstepcounter 
                             {subsection}\bool_lazy_and:nnT {\l__hyp_target_...
l.149 ...{Hybrid Adaptive-STA SMC Stability Proof}
                                                  

pdfTeX warning (ext4): destination with the same identifier (name{subsection.Al
ph0.0}) has been already used, duplicate ignored
<to be read again> 
                   \relax 
l.149 ...{Hybrid Adaptive-STA SMC Stability Proof}
                                                  
! Undefined control sequence.
<argument> \H@refstepcounter 
                             {equation}\bool_lazy_and:nnT {\l__hyp_target_cr...
l.158 \end{align}
                 

pdfTeX warning (ext4): destination with the same identifier (name{equation.Alph
0.0}) has been already used, duplicate ignored
<to be read again> 
                   \relax 
l.158 \end{align}
                 
! Undefined control sequence.
<argument> \H@refstepcounter 
                             {equation}\bool_lazy_and:nnT {\l__hyp_target_cr...
l.158 \end{align}
                 

pdfTeX warning (ext4): destination with the same identifier (name{equation.Alph
0.0}) has been already used, duplicate ignored
<to be read again> 
                   \relax 
l.158 \end{align}
                 
! Undefined control sequence.
<argument> \H@refstepcounter 
                             {equation}\bool_lazy_and:nnT {\l__hyp_target_cr...
l.158 \end{align}
                 

pdfTeX warning (ext4): destination with the same identifier (name{equation.Alph
0.0}) has been already used, duplicate ignored
<to be read again> 
                   \relax 
l.158 \end{align}
                 
! Undefined control sequence.
<argument> \H@refstepcounter 
                             {equation}\bool_lazy_and:nnT {\l__hyp_target_cr...
l.158 \end{align}
                 

pdfTeX warning (ext4): destination with the same identifier (name{equation.Alph
0.0}) has been already used, duplicate ignored
<to be read again> 
                   \relax 
l.158 \end{align}
                 
! Undefined control sequence.
<argument> \H@refstepcounter 
                             {equation}\bool_lazy_and:nnT {\l__hyp_target_cr...
l.165 \begin{equation}
                      

pdfTeX warning (ext4): destination with the same identifier (name{equation.Alph
0.0}) has been already used, duplicate ignored
<to be read again> 
                   \relax 
l.165 \begin{equation}
                      
pdfTeX warning (ext4): destination with the same identifier (name{equation.Alph
0.0}) has been already used, duplicate ignored
<to be read again> 
                   \relax 
l.165 \begin{equation}
                      
pdfTeX warning (ext4): destination with the same identifier (name{equation.Alph
0.0}) has been already used, duplicate ignored
<to be read again> 
                   \relax 
l.165 \begin{equation}
                      
pdfTeX warning (ext4): destination with the same identifier (name{equation.Alph
0.0}) has been already used, duplicate ignored
<to be read again> 
                   \relax 
l.165 \begin{equation}
                      
! Undefined control sequence.
<argument> \H@refstepcounter 
                             {equation}\bool_lazy_and:nnT {\l__hyp_target_cr...
l.170 \begin{equation}
                      

pdfTeX warning (ext4): destination with the same identifier (name{equation.Alph
0.0}) has been already used, duplicate ignored
<to be read again> 
                   \relax 
l.170 \begin{equation}
                      
pdfTeX warning (ext4): destination with the same identifier (name{equation.Alph
0.0}) has been already used, duplicate ignored
<to be read again> 
                   \relax 
l.170 \begin{equation}
                      
pdfTeX warning (ext4): destination with the same identifier (name{equation.Alph
0.0}) has been already used, duplicate ignored
<to be read again> 
                   \relax 
l.170 \begin{equation}
                      
pdfTeX warning (ext4): destination with the same identifier (name{equation.Alph
0.0}) has been already used, duplicate ignored
<to be read again> 
                   \relax 
l.170 \begin{equation}
                      
! Undefined control sequence.
<argument> \H@refstepcounter 
                             {subsection}\bool_lazy_and:nnT {\l__hyp_target_...
l.175 \subsection{Summary Table}
                                

pdfTeX warning (ext4): destination with the same identifier (name{subsection.Al
ph0.0}) has been already used, duplicate ignored
<to be read again> 
                   \relax 
l.175 \subsection{Summary Table}
                                

Package caption Warning: \label without proper reference on input line 182.
See the caption package documentation for explanation.


LaTeX Warning: Reference `tab:lyapunov_summary' on page 24 undefined on input l
ine 177.

! Undefined control sequence.
\caption@refstepcounter@ ->\H@refstepcounter 
                                             
l.181 \caption{
               Lyapunov Stability Summary for All Controllers}

Overfull \hbox (109.17482pt too wide) in paragraph at lines 183--200
 [][] 
[24]
! Undefined control sequence.
<argument> \H@refstepcounter 
                             {subsection}\bool_lazy_and:nnT {\l__hyp_target_...
l.202 \subsection{Validation Requirements}
                                          

pdfTeX warning (ext4): destination with the same identifier (name{subsection.Al
ph0.0}) has been already used, duplicate ignored
<to be read again> 
                   \relax 
l.202 \subsection{Validation Requirements}
                                          

Package hyperref Warning: Suppressing empty link on input line 213.

)

Package natbib Warning: There were undefined citations.

[25] (main.aux)

LaTeX Warning: There were undefined references.

 )
(see the transcript file for additional information) <C:\Users\SadeQ\AppData\Lo
cal\MiKTeX\fonts/pk/ljfour/jknappen/ec/dpi600\ecrm1200.pk><C:/Program Files/MiK
TeX/fonts/type1/public/lm/lmbx10.pfb><C:/Program Files/MiKTeX/fonts/type1/publi
c/lm/lmbx12.pfb><C:/Program Files/MiKTeX/fonts/type1/public/lm/lmex10.pfb><C:/P
rogram Files/MiKTeX/fonts/type1/public/lm/lmmi12.pfb><C:/Program Files/MiKTeX/f
onts/type1/public/lm/lmmi8.pfb><C:/Program Files/MiKTeX/fonts/type1/public/lm/l
mr10.pfb><C:/Program Files/MiKTeX/fonts/type1/public/lm/lmr12.pfb><C:/Program F
iles/MiKTeX/fonts/type1/public/lm/lmr6.pfb><C:/Program Files/MiKTeX/fonts/type1
/public/lm/lmr8.pfb><C:/Program Files/MiKTeX/fonts/type1/public/lm/lmri12.pfb><
C:/Program Files/MiKTeX/fonts/type1/public/lm/lmsy10.pfb><C:/Program Files/MiKT
eX/fonts/type1/public/lm/lmsy8.pfb><C:/Program Files/MiKTeX/fonts/type1/public/
lm/lmtt10.pfb><C:/Program Files/MiKTeX/fonts/type1/public/amsfonts/symbols/msbm
10.pfb>
Output written on main.pdf (25 pages, 481634 bytes).
Transcript written on main.log.
pdflatex: major issue: So far, you have not checked for updates as a MiKTeX user.
