\BOOKMARK [0][-]{chapter*.1}{\376\377\000A\000b\000s\000t\000r\000a\000c\000t}{}% 1
\BOOKMARK [0][-]{chapter*.2}{\376\377\000A\000c\000k\000n\000o\000w\000l\000e\000d\000g\000m\000e\000n\000t\000s}{}% 2
\BOOKMARK [0][-]{chapter*.6}{\376\377\000N\000o\000m\000e\000n\000c\000l\000a\000t\000u\000r\000e}{}% 3
\BOOKMARK [0][-]{chapter.0}{\376\377\000I\000n\000t\000r\000o\000d\000u\000c\000t\000i\000o\000n}{}% 4
\BOOKMARK [1][-]{section.0.0}{\376\377\000M\000o\000t\000i\000v\000a\000t\000i\000o\000n}{chapter.0}% 5
\BOOKMARK [1][-]{section.0.0}{\376\377\000O\000b\000j\000e\000c\000t\000i\000v\000e\000s}{chapter.0}% 6
\BOOKMARK [0][-]{chapter.0}{\376\377\000L\000i\000t\000e\000r\000a\000t\000u\000r\000e\000\040\000R\000e\000v\000i\000e\000w}{}% 7
\BOOKMARK [0][-]{chapter.0}{\376\377\000C\000h\000a\000p\000t\000e\000r\000\040\0000\0003}{}% 8
\BOOKMARK [0][-]{chapter.0}{\376\377\000C\000h\000a\000p\000t\000e\000r\000\040\0000\0004}{}% 9
\BOOKMARK [0][-]{chapter.0}{\376\377\000C\000h\000a\000p\000t\000e\000r\000\040\0000\0005}{}% 10
\BOOKMARK [0][-]{chapter.0}{\376\377\000C\000h\000a\000p\000t\000e\000r\000\040\0000\0006}{}% 11
\BOOKMARK [0][-]{chapter.0}{\376\377\000C\000h\000a\000p\000t\000e\000r\000\040\0000\0007}{}% 12
\BOOKMARK [0][-]{chapter.0}{\376\377\000C\000h\000a\000p\000t\000e\000r\000\040\0000\0008}{}% 13
\BOOKMARK [0][-]{chapter.0}{\376\377\000C\000h\000a\000p\000t\000e\000r\000\040\0000\0009}{}% 14
\BOOKMARK [0][-]{chapter.0}{\376\377\000C\000h\000a\000p\000t\000e\000r\000\040\0001\0000}{}% 15
\BOOKMARK [0][-]{chapter.0}{\376\377\000C\000h\000a\000p\000t\000e\000r\000\040\0001\0001}{}% 16
\BOOKMARK [0][-]{chapter.0}{\376\377\000C\000h\000a\000p\000t\000e\000r\000\040\0001\0002}{}% 17
\BOOKMARK [0][-]{chapter.0}{\376\377\000C\000h\000a\000p\000t\000e\000r\000\040\0001\0003}{}% 18
\BOOKMARK [0][-]{chapter.0}{\376\377\000C\000h\000a\000p\000t\000e\000r\000\040\0001\0004}{}% 19
\BOOKMARK [0][-]{chapter.0}{\376\377\000C\000h\000a\000p\000t\000e\000r\000\040\0001\0005}{}% 20
\BOOKMARK [0][-]{appendix.Alph0}{\376\377\000L\000y\000a\000p\000u\000n\000o\000v\000\040\000S\000t\000a\000b\000i\000l\000i\000t\000y\000\040\000P\000r\000o\000o\000f\000s}{}% 21
\BOOKMARK [0][-]{appendix.Alph0}{\376\377\000C\000o\000d\000e\000\040\000L\000i\000s\000t\000i\000n\000g\000s}{}% 22
\BOOKMARK [0][-]{appendix.Alph0}{\376\377\000B\000e\000n\000c\000h\000m\000a\000r\000k\000\040\000D\000a\000t\000a}{}% 23
\BOOKMARK [0][-]{appendix.Alph0}{\376\377\000C\000o\000n\000f\000i\000g\000u\000r\000a\000t\000i\000o\000n\000\040\000F\000i\000l\000e\000s}{}% 24
